[    0s] Using BUILD_ROOT=/var/cache/obs/worker/root_12/.mount
[    0s] Using BUILD_ARCH=riscv64
[    0s] Doing kvm build in /var/cache/obs/worker/root_12/root
[    0s] 
[    0s] 
[    0s] old-cirrus4 started "build fftw3.spec" at Mon Mar 20 20:55:24 UTC 2023.
[    0s] 
[    0s] Building fftw3:gnu-openmpi4-hpc for project 'openSUSE:Factory:RISCV' repository 'standard' arch 'riscv64' srcmd5 '94c5205b88ce56d3fed4c07a4878a5cd'
[    0s] 
[    0s] processing recipe /var/cache/obs/worker/root_12/.build-srcdir/fftw3.spec ...
[    0s] running changelog2spec --target rpm --file /var/cache/obs/worker/root_12/.build-srcdir/fftw3.spec
[    0s] init_buildsystem --configdir /var/run/obs/worker/12/build/configs --cachedir /var/cache/build --prepare --buildflavor gnu-openmpi4-hpc --clean --rpmlist /var/cache/obs/worker/root_12/.build.rpmlist /var/cache/obs/worker/root_12/.build-srcdir/fftw3.spec build ...
[    0s] unpacking preinstall image openSUSE:Factory:RISCV/standard/preinstallimage-base [068b7acb454ec5ffeefe0cf546ee1d7f]
[    3s] 
[    3s] copying packages...
[    4s] reordering...cycle: libefa1 -> libibverbs1 -> libibverbs
[    4s]   breaking dependency libibverbs -> libefa1
[    4s] cycle: libibverbs1 -> libibverbs
[    4s]   breaking dependency libibverbs -> libibverbs1
[    4s] cycle: libibverbs1 -> libibverbs -> libmlx4-1
[    4s]   breaking dependency libibverbs -> libmlx4-1
[    4s] cycle: libibverbs1 -> libibverbs -> libmlx5-1
[    4s]   breaking dependency libmlx5-1 -> libibverbs1
[    4s] cycle: libpmix2 -> pmix-plugins
[    4s]   breaking dependency pmix-plugins -> libpmix2
[    4s] cycle: openmpi_4_1_4-gnu-hpc -> libopenmpi_4_1_4-gnu-hpc
[    4s]   breaking dependency libopenmpi_4_1_4-gnu-hpc -> openmpi_4_1_4-gnu-hpc
[    4s] done
[    4s] Detected virtio-serial support
[    5s] booting kvm...
[    5s] ### VM INTERACTION START ###
[    5s] Using virtio-serial support
[    5s] /usr/bin/qemu-kvm -nodefaults -no-reboot -nographic -vga none -cpu host -M pc,accel=kvm,usb=off,dump-guest-core=off,vmport=off -sandbox on -bios /usr/share/qemu/qboot.rom -object rng-random,filename=/dev/random,id=rng0 -device virtio-rng-pci,rng=rng0 -object iothread,id=io0 -runas qemu -net none -kernel /var/cache/obs/worker/root_12/.mount/boot/kernel -initrd /var/cache/obs/worker/root_12/.mount/boot/initrd -append root=/dev/disk/by-id/virtio-0 rootfstype=ext4 rootflags=noatime kvmclock mitigations=off elevator=noop nmi_watchdog=0 rw rd.driver.pre=binfmt_misc oops=panic panic=1 quiet console=hvc0 init=/.build/initvm.x86_64 -m 8192 -drive file=/var/cache/obs/worker/root_12/root,format=raw,if=none,id=disk,cache=unsafe,aio=io_uring -device virtio-blk-pci,iothread=io0,drive=disk,serial=0 -drive file=/var/cache/obs/worker/root_12/swap,format=raw,if=none,id=swap,cache=unsafe,aio=io_uring -device virtio-blk-pci,iothread=io0,drive=swap,serial=1 -device virtio-serial,max_ports=2 -device virtconsole,chardev=virtiocon0 -chardev stdio,id=virtiocon0 -chardev socket,id=monitor,server=on,wait=off,path=/var/cache/obs/worker/root_12/root.qemu/monitor -mon chardev=monitor,mode=readline -smp 4
[   11s] ### VM INTERACTION END ###
[   11s] 2nd stage started in virtual machine
[   11s] machine type: riscv64
[   12s] Linux version: 6.2.6-1-default #1 SMP PREEMPT_DYNAMIC Mon Mar 13 10:57:27 UTC 2023 (fa1a4c6)
[   12s] Increasing log level from now on...
[   12s] [    5.815078][  T369] sysrq: Changing Loglevel
[   12s] [    5.815228][  T369] sysrq: Loglevel set to 4
[   12s] Enable sysrq operations
[   12s] Setting up swapspace version 1, size = 2 GiB (2147479552 bytes)
[   12s] no label, UUID=72b470c0-47a8-4dfd-b901-7e690132a502
[   12s] swapon: /dev/vdb: found signature [pagesize=4096, signature=swap]
[   12s] swapon: /dev/vdb: pagesize=4096, swapsize=2147483648, devsize=2147483648
[   12s] swapon /dev/vdb
[   12s] WARNING: udev not running, creating extra device nodes
[   13s] logging output to //.build.log...
[   14s] processing recipe /.build-srcdir/fftw3.spec ...
[   14s] init_buildsystem --configdir /.build/configs --cachedir /var/cache/build --buildflavor gnu-openmpi4-hpc /.build-srcdir/fftw3.spec build ...
[   14s] initializing rpm db...
[   15s] querying package ids...
[   42s] [1/194] preinstalled aaa_base-84.87+git20220822.6b9f7a3-1.1
[   42s] [2/194] preinstalled aaa_base-malloccheck-84.87+git20220822.6b9f7a3-1.1
[   42s] [3/194] preinstalled attr-2.5.1-1.1
[   42s] [4/194] preinstalled bash-5.2.15-8.1
[   42s] [5/194] preinstalled bash-sh-5.2.15-8.1
[   42s] [6/194] preinstalled binutils-2.40-2.1
[   42s] [7/194] preinstalled brp-check-suse-84.87+git20221115.2f7add6-1.1
[   42s] [8/194] preinstalled build-compare-20221206T204012.bb70754-1.2
[   42s] [9/194] preinstalled build-mkbaselibs-20230314-1.1
[   42s] [10/194] preinstalled bzip2-1.0.8-5.1
[   42s] [11/194] preinstalled chkstat-1599_20230217-1.1
[   42s] [12/194] preinstalled compat-usrmerge-build-84.87-5.1
[   42s] [13/194] preinstalled compat-usrmerge-tools-84.87-5.1
[   42s] [14/194] preinstalled coreutils-9.1-5.1
[   42s] [15/194] preinstalled cpio-2.13-5.1
[   42s] [16/194] preinstalled cpp-13-1.1
[   42s] [17/194] preinstalled cpp13-13.0.1+git6669-7.1
[   42s] [18/194] cumulate crypto-policies-20210917.c9d86d1-1.1
[   42s] [19/194] preinstalled debugedit-5.0-5.1
[   42s] [20/194] preinstalled diffutils-3.9-1.1
[   42s] [21/194] preinstalled dwz-0.15-2.1
[   42s] [22/194] preinstalled elfutils-0.189-2.1
[   42s] [23/194] cumulate fdupes-2.2.1-1.1
[   42s] [24/194] preinstalled file-5.44-1.2
[   42s] [25/194] preinstalled file-magic-5.44-1.2
[   42s] [26/194] preinstalled filesystem-84.87-12.1
[   42s] [27/194] preinstalled fillup-1.42-279.1
[   42s] [28/194] preinstalled findutils-4.9.0-2.1
[   42s] [29/194] preinstalled gawk-5.2.1-2.1
[   42s] [30/194] preinstalled gcc-13-1.1
[   42s] [31/194] preinstalled gcc-PIE-13-1.1
[   42s] [32/194] preinstalled gcc13-13.0.1+git6669-7.1
[   42s] [33/194] preinstalled gcc13-PIE-13.0.1+git6669-7.1
[   42s] [34/194] preinstalled gettext-runtime-mini-0.21.1-1.1
[   42s] [35/194] preinstalled gettext-tools-mini-0.21.1-1.1
[   42s] [36/194] preinstalled glibc-2.37-1.1
[   42s] [37/194] preinstalled glibc-devel-2.37-1.1
[   42s] [38/194] preinstalled glibc-locale-base-2.37-1.1
[   42s] [39/194] preinstalled grep-3.9-1.1
[   42s] [40/194] preinstalled gzip-1.12-3.1
[   42s] [41/194] cumulate hwloc-data-2.9.0-2.1
[   42s] [42/194] preinstalled kernel-obs-build-6.2.6-1.2
[   42s] [43/194] preinstalled libacl1-2.3.1-2.1
[   42s] [44/194] preinstalled libasan8-13.0.1+git6669-7.1
[   42s] [45/194] preinstalled libasm1-0.189-2.1
[   42s] [46/194] preinstalled libatomic1-13.0.1+git6669-7.1
[   42s] [47/194] preinstalled libattr1-2.5.1-1.1
[   42s] [48/194] preinstalled libaudit1-3.0.9-1.1
[   42s] [49/194] preinstalled libblkid1-2.38.1-10.1
[   42s] [50/194] preinstalled libbz2-1-1.0.8-5.1
[   42s] [51/194] preinstalled libcap-ng0-0.8.3-1.1
[   42s] [52/194] preinstalled libcap2-2.67-1.1
[   42s] [53/194] cumulate libcbor0_10-0.10.2-1.1
[   42s] [54/194] cumulate libcom_err2-1.46.5-4.1
[   42s] [55/194] preinstalled libcrypt1-4.4.33-2.1
[   42s] [56/194] preinstalled libctf-nobfd0-2.40-2.1
[   42s] [57/194] preinstalled libctf0-2.40-2.1
[   42s] [58/194] preinstalled libdb-4_8-4.8.30-40.1
[   42s] [59/194] preinstalled libdw1-0.189-2.1
[   42s] [60/194] preinstalled libeconf0-0.5.1-1.1
[   42s] [61/194] cumulate libedit0-20210910.3.1-1.1
[   42s] [62/194] preinstalled libelf1-0.189-2.1
[   42s] [63/194] preinstalled libfdisk1-2.38.1-10.1
[   42s] [64/194] preinstalled libgcc_s1-13.0.1+git6669-7.1
[   42s] [65/194] preinstalled libgcrypt20-1.10.1-2.1
[   42s] [66/194] preinstalled libgdbm6-1.23-1.1
[   42s] [67/194] preinstalled libgdbm_compat4-1.23-1.1
[   42s] [68/194] cumulate libgfortran5-13.0.1+git6669-7.1
[   42s] [69/194] preinstalled libgmp10-6.2.1-4.1
[   42s] [70/194] preinstalled libgomp1-13.0.1+git6669-7.1
[   42s] [71/194] preinstalled libgpg-error0-1.46-1.1
[   42s] [72/194] cumulate libibumad3-42.0-2.1
[   42s] [73/194] preinstalled libisl23-0.25-1.1
[   42s] [74/194] preinstalled libitm1-13.0.1+git6669-7.1
[   42s] [75/194] cumulate libkeyutils1-1.6.3-5.1
[   42s] [76/194] preinstalled liblua5_4-5-5.4.4-8.1
[   42s] [77/194] preinstalled liblzma5-5.4.1-2.1
[   42s] [78/194] preinstalled libmagic1-5.44-1.2
[   42s] [79/194] cumulate libmca_common_dstore1-3.2.3-7.1
[   42s] [80/194] preinstalled libmount1-2.38.1-10.1
[   42s] [81/194] preinstalled libmpc3-1.3.1-1.2
[   42s] [82/194] preinstalled libmpfr6-4.2.0-1.1
[   42s] [83/194] preinstalled libncurses6-6.4.20230311-8.1
[   42s] [84/194] cumulate libnl-config-3.7.0-1.1
[   42s] [85/194] cumulate libpciaccess0-0.17-1.1
[   42s] [86/194] preinstalled libpcre2-8-0-10.42-3.2
[   42s] [87/194] preinstalled libpkgconf3-1.8.0-2.1
[   42s] [88/194] preinstalled libpopt0-1.19-1.1
[   42s] [89/194] preinstalled libreadline8-8.2-2.1
[   42s] [90/194] preinstalled librpmbuild9-4.18.0-3.2
[   42s] [91/194] preinstalled libseccomp2-2.5.4-2.1
[   42s] [92/194] preinstalled libselinux1-3.5-1.1
[   42s] [93/194] preinstalled libsemanage-conf-3.5-1.1
[   42s] [94/194] preinstalled libsemanage2-3.5-1.1
[   42s] [95/194] preinstalled libsepol2-3.5-1.1
[   42s] [96/194] preinstalled libsmartcols1-2.38.1-10.1
[   42s] [97/194] preinstalled libstdc++6-13.0.1+git6669-7.1
[   42s] [98/194] cumulate libstdc++6-devel-gcc13-13.0.1+git6669-7.1
[   42s] [99/194] preinstalled libsubid4-4.13-4.1
[   42s] [100/194] cumulate libsystemd0-mini-253.1-2.1
[   42s] [101/194] preinstalled libubsan1-13.0.1+git6669-7.1
[   42s] [102/194] cumulate libudev-mini1-253.1-2.1
[   42s] [103/194] preinstalled libutempter0-1.2.0-3.2
[   42s] [104/194] preinstalled libuuid1-2.38.1-10.1
[   42s] [105/194] cumulate libverto1-0.3.2-1.1
[   42s] [106/194] preinstalled libxcrypt-devel-4.4.33-2.1
[   42s] [107/194] cumulate libxml2-2-2.10.3-3.1
[   42s] [108/194] preinstalled libz1-1.2.13-3.1
[   42s] [109/194] preinstalled libzstd1-1.5.4-2.1
[   42s] [110/194] preinstalled linux-glibc-devel-6.2-1.1
[   42s] [111/194] preinstalled login_defs-4.13-4.1
[   42s] [112/194] preinstalled lua54-5.4.4-8.1
[   42s] [113/194] cumulate lua54-luafilesystem-1.8.0-6.1
[   42s] [114/194] cumulate lua54-luaposix-35.1-2.1
[   42s] [115/194] cumulate lua54-luaterm-0.07-8.1
[   42s] [116/194] preinstalled make-4.4.1-1.1
[   42s] [117/194] preinstalled ncurses-utils-6.4.20230311-8.1
[   42s] [118/194] cumulate openmpi4-config-4.1.4-2.1
[   42s] [119/194] preinstalled pam-1.5.2-13.1
[   42s] [120/194] preinstalled patch-2.7.6-6.1
[   42s] [121/194] preinstalled perl-5.36.0-4.1
[   42s] [122/194] preinstalled perl-base-5.36.0-4.1
[   42s] [123/194] preinstalled permissions-1599_20230217-1.1
[   42s] [124/194] preinstalled permissions-config-1599_20230217-1.1
[   42s] [125/194] preinstalled pkgconf-1.8.0-2.1
[   42s] [126/194] preinstalled pkgconf-m4-1.8.0-2.1
[   42s] [127/194] preinstalled pkgconf-pkg-config-1.8.0-2.1
[   42s] [128/194] preinstalled polkit-default-privs-1550+20230307.7f42172-1.1
[   42s] [129/194] preinstalled post-build-checks-84.87+git20230302.ff58c9e-1.1
[   42s] [130/194] preinstalled qemu-linux-user-7.1.0-54.1
[   42s] [131/194] preinstalled rpm-4.18.0-3.2
[   42s] [132/194] preinstalled rpm-build-4.18.0-3.2
[   42s] [133/194] preinstalled rpm-build-perl-4.18.0-3.2
[   42s] [134/194] preinstalled rpm-config-SUSE-20220926-1.1
[   42s] [135/194] preinstalled rpmlint-mini-2.4.0+git20230316.e10f602-9.18
[   42s] [136/194] preinstalled rpmlint-strict-2.4.0+git20230316.e10f602-1.1
[   42s] [137/194] preinstalled sed-4.9-2.1
[   42s] [138/194] preinstalled shadow-4.13-4.1
[   42s] [139/194] cumulate suse-hpc-0.5.20220525.fd76646-1.1
[   42s] [140/194] cumulate suse-module-tools-16.0.30-1.1
[   42s] [141/194] preinstalled system-group-hardware-20170617-24.1
[   42s] [142/194] cumulate system-group-kvm-20170617-24.1
[   42s] [143/194] preinstalled system-user-root-20190513-2.1
[   42s] [144/194] cumulate systemd-mini-253.1-2.1
[   42s] [145/194] preinstalled systemd-rpm-macros-19-1.1
[   42s] [146/194] preinstalled sysuser-shadow-3.1-5.1
[   42s] [147/194] preinstalled tar-1.34-10.1
[   42s] [148/194] cumulate tcl-8.6.13-4.1
[   42s] [149/194] preinstalled terminfo-base-6.4.20230311-8.1
[   42s] [150/194] preinstalled update-alternatives-1.21.8-1.1
[   42s] [151/194] preinstalled util-linux-2.38.1-10.1
[   42s] [152/194] preinstalled which-2.21-5.1
[   42s] [153/194] preinstalled xz-5.4.1-2.1
[   42s] [154/194] cumulate gcc13-c++-13.0.1+git6669-7.1
[   42s] [155/194] cumulate gcc13-fortran-13.0.1+git6669-7.1
[   42s] [156/194] cumulate libhidapi-hidraw0-0.13.1-1.1
[   42s] [157/194] cumulate libibmad5-42.0-2.1
[   42s] [158/194] cumulate libnl3-200-3.7.0-1.1
[   42s] [159/194] cumulate libopenssl3-3.0.8-2.1
[   42s] [160/194] cumulate krb5-mini-1.20.1-4.1
[   42s] [161/194] cumulate libhwloc15-2.9.0-2.1
[   42s] [162/194] cumulate lua-lmod-8.7.17-2.1
[   42s] [163/194] cumulate gcc-c++-13-1.1
[   42s] [164/194] cumulate gcc-fortran-13-1.1
[   42s] [165/194] cumulate gnu-compilers-hpc-1.4-10.2
[   42s] [166/194] cumulate libevent-2_1-7-2.1.12-3.2
[   42s] [167/194] cumulate openssh-common-8.9p1-7.3
[   42s] [168/194] cumulate kmod-30-2.2
[   42s] [169/194] cumulate libibnetdisc5-42.0-2.1
[   42s] [170/194] cumulate libfido2-1-1.13.0-1.1
[   42s] [171/194] cumulate infiniband-diags-42.0-2.1
[   42s] [172/194] cumulate udev-mini-253.1-2.1
[   42s] [173/194] cumulate gnu-compilers-hpc-devel-1.4-10.2
[   42s] [174/194] cumulate openssh-clients-8.9p1-7.3
[   42s] [175/194] cumulate openssh-server-8.9p1-7.3
[   42s] [176/194] cumulate gnu-compilers-hpc-macros-devel-1.4-10.2
[   42s] [177/194] cumulate openssh-8.9p1-7.3
[   42s] [178/194] cumulate rdma-core-42.0-2.1
[   42s] [179/194] cumulate libmlx5-1-42.0-2.1
[   42s] [180/194] cumulate pmix-plugins-3.2.3-7.1
[   42s] [181/194] cumulate libpmix2-3.2.3-7.1
[   42s] [182/194] cumulate libibverbs-42.0-2.1
[   42s] [183/194] cumulate libibverbs1-42.0-2.1
[   42s] [184/194] cumulate libefa1-42.0-2.1
[   42s] [185/194] cumulate libmlx4-1-42.0-2.1
[   42s] [186/194] cumulate librdmacm1-42.0-2.1
[   42s] [187/194] cumulate rsocket-42.0-2.1
[   42s] [188/194] cumulate libfabric1-1.16.1-2.1
[   42s] [189/194] cumulate libopenmpi_4_1_4-gnu-hpc-4.1.4-2.1
[   42s] [190/194] cumulate rdma-core-devel-42.0-2.1
[   42s] [191/194] cumulate openmpi_4_1_4-gnu-hpc-4.1.4-2.1
[   42s] [192/194] cumulate openmpi_4_1_4-gnu-hpc-devel-4.1.4-2.1
[   42s] [193/194] cumulate openmpi_4_1_4-gnu-hpc-macros-devel-4.1.4-2.1
[   42s] [194/194] cumulate openmpi4-gnu-hpc-macros-devel-4.1.4-2.1
[   42s] now installing cumulated packages
[   43s] Preparing...                          ########################################
[   43s] Updating / installing...
[   43s] libibumad3-42.0-2.1                   ########################################
[   43s] libibmad5-42.0-2.1                    ########################################
[   44s] systemd-mini-253.1-2.1                warning: group systemd-journal does not exist - using root
[   45s] ########################################
[   45s] Creating group 'systemd-journal' with GID 486.
[   45s] Creating group 'systemd-timesync' with GID 485.
[   45s] Creating user 'systemd-timesync' (systemd Time Synchronization) with UID 485 and GID 485.
[   46s] Running in chroot, ignoring command 'daemon-reexec'
[   46s] /usr/lib/tmpfiles.d/journal-nocow.conf:26: Failed to resolve specifier: uninitialized /etc/ detected, skipping.
[   46s] All rules containing unresolvable specifiers will be skipped.
[   47s] libudev-mini1-253.1-2.1               ########################################
[   47s] libcom_err2-1.46.5-4.1                ########################################
[   47s] libhidapi-hidraw0-0.13.1-1.1          ########################################
[   47s] libibnetdisc5-42.0-2.1                ########################################
[   47s] infiniband-diags-42.0-2.1             ########################################
[   49s] tcl-8.6.13-4.1                        ########################################
[   49s] /usr/bin/systemd-sysusers --replace=/usr/lib/sysusers.d/system-group-kvm.conf -
[   49s] Creating group 'kvm' with GID 36.
[   49s] system-group-kvm-20170617-24.1        ########################################
[   49s] openmpi4-config-4.1.4-2.1             ########################################
[   49s] lua54-luaterm-0.07-8.1                ########################################
[   49s] lua54-luaposix-35.1-2.1               ########################################
[   49s] lua54-luafilesystem-1.8.0-6.1         ########################################
[   50s] lua-lmod-8.7.17-2.1                   ########################################
[   50s] gnu-compilers-hpc-1.4-10.2            ########################################
[   50s] libxml2-2-2.10.3-3.1                  ########################################
[   50s] libverto1-0.3.2-1.1                   ########################################
[   50s] libsystemd0-mini-253.1-2.1            ########################################
[   68s] libstdc++6-devel-gcc13-13.0.1+git6669-########################################
[   75s] gcc13-c++-13.0.1+git6669-7.1          ########################################
[   75s] gcc-c++-13-1.1                        ########################################
[   75s] libpciaccess0-0.17-1.1                ########################################
[   75s] libnl-config-3.7.0-1.1                ########################################
[   75s] libnl3-200-3.7.0-1.1                  ########################################
[   75s] libmca_common_dstore1-3.2.3-7.1       ########################################
[   75s] libkeyutils1-1.6.3-5.1                ########################################
[   77s] krb5-mini-1.20.1-4.1                  ########################################
[   78s] Updating /etc/sysconfig/kadmind ...
[   78s] Updating /etc/sysconfig/krb5kdc ...
[   78s] libgfortran5-13.0.1+git6669-7.1       ########################################
[   91s] gcc13-fortran-13.0.1+git6669-7.1      ########################################
[   91s] gcc-fortran-13-1.1                    ########################################
[   91s] gnu-compilers-hpc-devel-1.4-10.2      ########################################
[   91s] libedit0-20210910.3.1-1.1             ########################################
[   91s] libcbor0_10-0.10.2-1.1                ########################################
[   92s] hwloc-data-2.9.0-2.1                  ########################################
[   92s] libhwloc15-2.9.0-2.1                  ########################################
[   92s] crypto-policies-20210917.c9d86d1-1.1  ########################################
[   93s] libopenssl3-3.0.8-2.1                 ########################################
[   93s] libevent-2_1-7-2.1.12-3.2             ########################################
[   94s] suse-module-tools-16.0.30-1.1         ########################################
[   94s] kmod-30-2.2                           ########################################
[   95s] openssh-common-8.9p1-7.3              ########################################
[   95s] libfido2-1-1.13.0-1.1                 ########################################
[   96s] openssh-clients-8.9p1-7.3             ########################################
[   96s] /usr/bin/systemd-sysusers --replace=/usr/lib/sysusers.d/sshd.conf -
[   96s] Creating group 'sshd' with GID 484.
[   96s] Creating user 'sshd' (SSH daemon) with UID 484 and GID 484.
[   96s] openssh-server-8.9p1-7.3              ########################################
[   97s] Updating /etc/sysconfig/ssh ...
[   97s] openssh-8.9p1-7.3                     ########################################
[   99s] udev-mini-253.1-2.1                   ########################################
[  111s] Failed to preset unit, unit remote-cryptsetup.target does not exist.
[  112s] rdma-core-42.0-2.1                    ########################################
[  112s] libmlx5-1-42.0-2.1                    ########################################
[  112s] libefa1-42.0-2.1                      ########################################
[  112s] libmlx4-1-42.0-2.1                    ########################################
[  112s] libibverbs1-42.0-2.1                  ########################################
[  112s] libibverbs-42.0-2.1                   ########################################
[  113s] librdmacm1-42.0-2.1                   ########################################
[  113s] libfabric1-1.16.1-2.1                 ########################################
[  113s] rsocket-42.0-2.1                      ########################################
[  113s] rdma-core-devel-42.0-2.1              ########################################
[  113s] pmix-plugins-3.2.3-7.1                ########################################
[  114s] libpmix2-3.2.3-7.1                    ########################################
[  115s] libopenmpi_4_1_4-gnu-hpc-4.1.4-2.1    ########################################
[  115s] openmpi_4_1_4-gnu-hpc-4.1.4-2.1       ########################################
[  115s] openmpi_4_1_4-gnu-hpc-devel-4.1.4-2.1 ########################################
[  115s] openmpi_4_1_4-gnu-hpc-macros-devel-4.1########################################
[  115s] openmpi4-gnu-hpc-macros-devel-4.1.4-2.########################################
[  115s] gnu-compilers-hpc-macros-devel-1.4-10.########################################
[  115s] suse-hpc-0.5.20220525.fd76646-1.1     ########################################
[  115s] fdupes-2.2.1-1.1                      ########################################
[  116s] regenerate-initrd-posttrans: dracut is not installed, not rebuilding the initrd
[  117s] regenerate-initrd-posttrans: dracut is not installed, not rebuilding the initrd
[  122s] now finalizing build dir...
[  122s] ... running 01-add_abuild_user_to_trusted_group
[  123s] ... running 02-set_timezone_to_utc
[  123s] ... running 03-set-permissions-secure
[  123s] ... running 11-hack_uname_version_to_kernel_version
[  127s] sh: line 1: /usr/bin/ps: No such file or directory
[  135s] -----------------------------------------------------------------
[  135s] I have the following modifications for fftw3.spec:
[  135s] 19c19
[  135s] < %global flavor @BUILD_FLAVOR@%{nil}
[  135s] ---
[  135s] > %global flavor gnu-openmpi4-hpc%{nil}
[  135s] 371c371
[  135s] < Release:        0
[  135s] ---
[  135s] > Release:        3.2
[  145s] build target is riscv64-suse-linux
[  145s] -----------------------------------------------------------------
[  145s] ----- building fftw3.spec (user abuild)
[  145s] -----------------------------------------------------------------
[  145s] -----------------------------------------------------------------
[  150s] sh: line 1: /usr/bin/ps: No such file or directory
[  151s] + exec rpmbuild -ba --define '_srcdefattr (-,root,root)' --nosignature --target=riscv64-suse-linux --define '_build_create_debug 1' --define 'disturl obs://build.opensuse.org/openSUSE:Factory:RISCV/standard/94c5205b88ce56d3fed4c07a4878a5cd-fftw3:gnu-openmpi4-hpc' /home/abuild/rpmbuild/SOURCES/fftw3.spec
[  152s] Building target platforms: riscv64-suse-linux
[  152s] Building for target riscv64-suse-linux
[  152s]  Building for gnu 
[  152s]  hpc_gnu_init 
[  159s] setting SOURCE_DATE_EPOCH=1651017600
[  159s] Executing(%prep): /usr/bin/bash -e /var/tmp/rpm-tmp.k0tCYr
[  159s] + umask 022
[  159s] + cd /home/abuild/rpmbuild/BUILD
[  159s] + cd /home/abuild/rpmbuild/BUILD
[  159s] + rm -rf fftw-3.3.10
[  159s] + /usr/lib/rpm/rpmuncompress -x /home/abuild/rpmbuild/SOURCES/fftw-3.3.10.tar.gz
[  160s] + STATUS=0
[  160s] + '[' 0 -ne 0 ']'
[  160s] + cd fftw-3.3.10
[  160s] + /usr/bin/chmod -Rf a+rX,u+w,g-w,o-w .
[  160s] + RPM_EC=0
[  160s] ++ jobs -p
[  160s] + exit 0
[  161s] Executing(%build): /usr/bin/bash -e /var/tmp/rpm-tmp.G7ZNNs
[  161s] + umask 022
[  161s] + cd /home/abuild/rpmbuild/BUILD
[  161s] + /usr/bin/rm -rf /home/abuild/rpmbuild/BUILDROOT/fftw3_3_3_10-gnu-openmpi4-hpc-3.3.10-3.2.riscv64
[  161s] ++ dirname /home/abuild/rpmbuild/BUILDROOT/fftw3_3_3_10-gnu-openmpi4-hpc-3.3.10-3.2.riscv64
[  161s] + /usr/bin/mkdir -p /home/abuild/rpmbuild/BUILDROOT
[  161s] + /usr/bin/mkdir /home/abuild/rpmbuild/BUILDROOT/fftw3_3_3_10-gnu-openmpi4-hpc-3.3.10-3.2.riscv64
[  161s] + cd fftw-3.3.10
[  161s] + ref=/usr/lib/rpm
[  161s] + mints=0
[  161s] + case $(uname -m) in
[  161s] ++ uname -m
[  161s] + mints=20160911
[  161s] + for s in guess sub
[  162s] ++ find -maxdepth 8 -name config.guess
[  162s] + for c in $(find -maxdepth 8 -name "config.$s")
[  162s] + grep -q config-patches@ ./config.guess
[  162s] ++ sed -n '/^timestamp=/{s///;s/[-'\''"]//g;p;q;}' ./config.guess
[  162s] + timestamp=20180224
[  162s] + test -n 20180224
[  162s] + test 20180224 -ge 20160911
[  162s] + for s in guess sub
[  162s] ++ find -maxdepth 8 -name config.sub
[  162s] + for c in $(find -maxdepth 8 -name "config.$s")
[  162s] + grep -q config-patches@ ./config.sub
[  162s] ++ sed -n '/^timestamp=/{s///;s/[-'\''"]//g;p;q;}' ./config.sub
[  162s] + timestamp=20180222
[  162s] + test -n 20180222
[  162s] + test 20180222 -ge 20160911
[  162s] + module purge
[  162s] + '[' -z '' ']'
[  162s] + case "$-" in
[  162s] + __lmod_sh_dbg=x
[  162s] + '[' -n x ']'
[  162s] + set +x
[  162s] Shell debugging temporarily silenced: export LMOD_SH_DBG_ON=1 for Lmod's output
[  163s] sh: line 1: /usr/bin/ps: No such file or directory
[  163s] Shell debugging restarted
[  163s] + unset __lmod_sh_dbg
[  163s] + return 0
[  163s] + export CC=gcc
[  163s] + CC=gcc
[  163s] + export CXX=g++
[  163s] + CXX=g++
[  163s] + export FC=gfortran
[  163s] + FC=gfortran
[  163s] + export F77=gfortran
[  163s] + F77=gfortran
[  163s] + module load gnu/13
[  163s] + '[' -z '' ']'
[  163s] + case "$-" in
[  163s] + __lmod_sh_dbg=x
[  163s] + '[' -n x ']'
[  163s] + set +x
[  163s] Shell debugging temporarily silenced: export LMOD_SH_DBG_ON=1 for Lmod's output
[  164s] sh: line 1: /usr/bin/ps: No such file or directory
[  165s] Shell debugging restarted
[  165s] + unset __lmod_sh_dbg
[  165s] + return 0
[  165s] + module load openmpi
[  165s] + '[' -z '' ']'
[  165s] + case "$-" in
[  165s] + __lmod_sh_dbg=x
[  165s] + '[' -n x ']'
[  165s] + set +x
[  165s] Shell debugging temporarily silenced: export LMOD_SH_DBG_ON=1 for Lmod's output
[  166s] sh: line 1: /usr/bin/ps: No such file or directory
[  171s] Lmod has detected the following error: The following module(s) are unknown:
[  171s] "openmpi"
[  171s] 
[  171s] Please check the spelling or version number. Also try "module spider ..."
[  171s] It is also possible your cache file is out-of-date; it may help to try:
[  171s]   $ module --ignore_cache load "openmpi"
[  171s] 
[  171s] Also make sure that all modulefiles written in TCL start with the string
[  171s] #%Module
[  171s] 
[  171s] 
[  171s] 
[  171s] Shell debugging restarted
[  171s] + unset __lmod_sh_dbg
[  171s] + return 1
[  172s] error: Bad exit status from /var/tmp/rpm-tmp.G7ZNNs (%build)
[  172s] 
[  172s] RPM build errors:
[  172s]     Bad exit status from /var/tmp/rpm-tmp.G7ZNNs (%build)
[  172s] ### VM INTERACTION START ###
[  172s] [0;1;38;5;185mFailed to write wtmp record, ignoring: Read-only file system[0m
[  172s] [0;1;38;5;185mFailed to write utmp record: Read-only file system[0m
[  172s] Powering off.
[  172s] [  166.702788][ T3292] reboot: Power down
[  173s] ### VM INTERACTION END ###
[  173s] 
[  173s] old-cirrus4 failed "build fftw3.spec" at Mon Mar 20 20:58:17 UTC 2023.
[  173s] 
