[    0s] Using BUILD_ROOT=/var/cache/obs/worker/root_6/.mount
[    0s] Using BUILD_ARCH=riscv64
[    0s] Doing kvm build in /var/cache/obs/worker/root_6/root
[    0s] 
[    0s] 
[    0s] old-cirrus3 started "build fftw3.spec" at Mon Mar 20 13:16:36 UTC 2023.
[    0s] 
[    0s] Building fftw3:gnu-mvapich2-hpc for project 'openSUSE:Factory:RISCV' repository 'standard' arch 'riscv64' srcmd5 '94c5205b88ce56d3fed4c07a4878a5cd'
[    0s] 
[    0s] processing recipe /var/cache/obs/worker/root_6/.build-srcdir/fftw3.spec ...
[    1s] running changelog2spec --target rpm --file /var/cache/obs/worker/root_6/.build-srcdir/fftw3.spec
[    1s] init_buildsystem --configdir /var/run/obs/worker/6/build/configs --cachedir /var/cache/build --prepare --buildflavor gnu-mvapich2-hpc --clean --rpmlist /var/cache/obs/worker/root_6/.build.rpmlist /var/cache/obs/worker/root_6/.build-srcdir/fftw3.spec build ...
[    1s] unpacking preinstall image openSUSE:Factory:RISCV/standard/preinstallimage-base [068b7acb454ec5ffeefe0cf546ee1d7f]
[    4s] 
[    4s] copying packages...
[    5s] reordering...cycle: libefa1 -> libibverbs1 -> libibverbs
[    5s]   breaking dependency libibverbs -> libefa1
[    5s] cycle: libibverbs1 -> libibverbs
[    5s]   breaking dependency libibverbs -> libibverbs1
[    5s] cycle: libibverbs1 -> libibverbs -> libmlx4-1
[    5s]   breaking dependency libibverbs -> libmlx4-1
[    5s] cycle: libibverbs1 -> libibverbs -> libmlx5-1
[    5s]   breaking dependency libmlx5-1 -> libibverbs1
[    5s] done
[    5s] Detected virtio-serial support
[    6s] booting kvm...
[    6s] ### VM INTERACTION START ###
[    6s] Using virtio-serial support
[    6s] /usr/bin/qemu-kvm -nodefaults -no-reboot -nographic -vga none -cpu host -M pc,accel=kvm,usb=off,dump-guest-core=off,vmport=off -sandbox on -bios /usr/share/qemu/qboot.rom -object rng-random,filename=/dev/random,id=rng0 -device virtio-rng-pci,rng=rng0 -object iothread,id=io0 -runas qemu -net none -kernel /var/cache/obs/worker/root_6/.mount/boot/kernel -initrd /var/cache/obs/worker/root_6/.mount/boot/initrd -append root=/dev/disk/by-id/virtio-0 rootfstype=ext4 rootflags=noatime kvmclock mitigations=off elevator=noop nmi_watchdog=0 rw rd.driver.pre=binfmt_misc oops=panic panic=1 quiet console=hvc0 init=/.build/initvm.x86_64 -m 8192 -drive file=/var/cache/obs/worker/root_6/root,format=raw,if=none,id=disk,cache=unsafe,aio=io_uring -device virtio-blk-pci,iothread=io0,drive=disk,serial=0 -drive file=/var/cache/obs/worker/root_6/swap,format=raw,if=none,id=swap,cache=unsafe,aio=io_uring -device virtio-blk-pci,iothread=io0,drive=swap,serial=1 -device virtio-serial,max_ports=2 -device virtconsole,chardev=virtiocon0 -chardev stdio,id=virtiocon0 -chardev socket,id=monitor,server=on,wait=off,path=/var/cache/obs/worker/root_6/root.qemu/monitor -mon chardev=monitor,mode=readline -smp 4
[   12s] ### VM INTERACTION END ###
[   12s] 2nd stage started in virtual machine
[   12s] machine type: riscv64
[   12s] Linux version: 6.2.6-1-default #1 SMP PREEMPT_DYNAMIC Mon Mar 13 10:57:27 UTC 2023 (fa1a4c6)
[   12s] Increasing log level from now on...
[   12s] [    5.686538][  T370] sysrq: Changing Loglevel
[   12s] [    5.686692][  T370] sysrq: Loglevel set to 4
[   12s] Enable sysrq operations
[   13s] Setting up swapspace version 1, size = 2 GiB (2147479552 bytes)
[   13s] no label, UUID=e6045e0e-5aef-4fd5-9bdc-d62caf467ac7
[   13s] swapon: /dev/vdb: found signature [pagesize=4096, signature=swap]
[   13s] swapon: /dev/vdb: pagesize=4096, swapsize=2147483648, devsize=2147483648
[   13s] swapon /dev/vdb
[   13s] WARNING: udev not running, creating extra device nodes
[   14s] logging output to //.build.log...
[   14s] processing recipe /.build-srcdir/fftw3.spec ...
[   14s] init_buildsystem --configdir /.build/configs --cachedir /var/cache/build --buildflavor gnu-mvapich2-hpc /.build-srcdir/fftw3.spec build ...
[   15s] initializing rpm db...
[   16s] querying package ids...
[   43s] [1/170] preinstalled aaa_base-84.87+git20220822.6b9f7a3-1.1
[   43s] [2/170] preinstalled aaa_base-malloccheck-84.87+git20220822.6b9f7a3-1.1
[   43s] [3/170] preinstalled attr-2.5.1-1.1
[   43s] [4/170] preinstalled bash-5.2.15-8.1
[   43s] [5/170] preinstalled bash-sh-5.2.15-8.1
[   43s] [6/170] preinstalled binutils-2.40-2.1
[   43s] [7/170] preinstalled brp-check-suse-84.87+git20221115.2f7add6-1.1
[   43s] [8/170] preinstalled build-compare-20221206T204012.bb70754-1.2
[   43s] [9/170] preinstalled build-mkbaselibs-20230314-1.1
[   43s] [10/170] preinstalled bzip2-1.0.8-5.1
[   43s] [11/170] preinstalled chkstat-1599_20230217-1.1
[   43s] [12/170] preinstalled compat-usrmerge-build-84.87-5.1
[   43s] [13/170] preinstalled compat-usrmerge-tools-84.87-5.1
[   43s] [14/170] preinstalled coreutils-9.1-5.1
[   43s] [15/170] preinstalled cpio-2.13-5.1
[   43s] [16/170] preinstalled cpp-13-1.1
[   43s] [17/170] preinstalled cpp13-13.0.1+git6669-7.1
[   43s] [18/170] cumulate crypto-policies-20210917.c9d86d1-1.1
[   43s] [19/170] preinstalled debugedit-5.0-5.1
[   43s] [20/170] preinstalled diffutils-3.9-1.1
[   43s] [21/170] preinstalled dwz-0.15-2.1
[   43s] [22/170] preinstalled elfutils-0.189-2.1
[   43s] [23/170] cumulate fdupes-2.2.1-1.1
[   43s] [24/170] preinstalled file-5.44-1.2
[   43s] [25/170] preinstalled file-magic-5.44-1.2
[   43s] [26/170] preinstalled filesystem-84.87-12.1
[   43s] [27/170] preinstalled fillup-1.42-279.1
[   43s] [28/170] preinstalled findutils-4.9.0-2.1
[   43s] [29/170] preinstalled gawk-5.2.1-2.1
[   43s] [30/170] preinstalled gcc-13-1.1
[   43s] [31/170] preinstalled gcc-PIE-13-1.1
[   43s] [32/170] preinstalled gcc13-13.0.1+git6669-7.1
[   43s] [33/170] preinstalled gcc13-PIE-13.0.1+git6669-7.1
[   43s] [34/170] preinstalled gettext-runtime-mini-0.21.1-1.1
[   43s] [35/170] preinstalled gettext-tools-mini-0.21.1-1.1
[   43s] [36/170] preinstalled glibc-2.37-1.1
[   43s] [37/170] preinstalled glibc-devel-2.37-1.1
[   43s] [38/170] preinstalled glibc-locale-base-2.37-1.1
[   43s] [39/170] preinstalled grep-3.9-1.1
[   43s] [40/170] preinstalled gzip-1.12-3.1
[   43s] [41/170] preinstalled kernel-obs-build-6.2.6-1.2
[   43s] [42/170] preinstalled libacl1-2.3.1-2.1
[   43s] [43/170] preinstalled libasan8-13.0.1+git6669-7.1
[   43s] [44/170] preinstalled libasm1-0.189-2.1
[   43s] [45/170] preinstalled libatomic1-13.0.1+git6669-7.1
[   43s] [46/170] preinstalled libattr1-2.5.1-1.1
[   43s] [47/170] preinstalled libaudit1-3.0.9-1.1
[   43s] [48/170] preinstalled libblkid1-2.38.1-10.1
[   43s] [49/170] preinstalled libbz2-1-1.0.8-5.1
[   43s] [50/170] preinstalled libcap-ng0-0.8.3-1.1
[   43s] [51/170] preinstalled libcap2-2.67-1.1
[   43s] [52/170] preinstalled libcrypt1-4.4.33-2.1
[   43s] [53/170] preinstalled libctf-nobfd0-2.40-2.1
[   43s] [54/170] preinstalled libctf0-2.40-2.1
[   43s] [55/170] preinstalled libdb-4_8-4.8.30-40.1
[   43s] [56/170] preinstalled libdw1-0.189-2.1
[   43s] [57/170] preinstalled libeconf0-0.5.1-1.1
[   43s] [58/170] preinstalled libelf1-0.189-2.1
[   43s] [59/170] preinstalled libfdisk1-2.38.1-10.1
[   43s] [60/170] preinstalled libgcc_s1-13.0.1+git6669-7.1
[   43s] [61/170] preinstalled libgcrypt20-1.10.1-2.1
[   43s] [62/170] preinstalled libgdbm6-1.23-1.1
[   43s] [63/170] preinstalled libgdbm_compat4-1.23-1.1
[   43s] [64/170] cumulate libgfortran5-13.0.1+git6669-7.1
[   43s] [65/170] preinstalled libgmp10-6.2.1-4.1
[   43s] [66/170] preinstalled libgomp1-13.0.1+git6669-7.1
[   43s] [67/170] preinstalled libgpg-error0-1.46-1.1
[   43s] [68/170] cumulate libibumad3-42.0-2.1
[   43s] [69/170] preinstalled libisl23-0.25-1.1
[   43s] [70/170] preinstalled libitm1-13.0.1+git6669-7.1
[   43s] [71/170] preinstalled liblua5_4-5-5.4.4-8.1
[   43s] [72/170] preinstalled liblzma5-5.4.1-2.1
[   43s] [73/170] preinstalled libmagic1-5.44-1.2
[   43s] [74/170] preinstalled libmount1-2.38.1-10.1
[   43s] [75/170] preinstalled libmpc3-1.3.1-1.2
[   43s] [76/170] preinstalled libmpfr6-4.2.0-1.1
[   43s] [77/170] preinstalled libncurses6-6.4.20230311-8.1
[   43s] [78/170] cumulate libnl-config-3.7.0-1.1
[   43s] [79/170] cumulate libnuma1-2.0.15.0.g01a39cb-1.1
[   43s] [80/170] preinstalled libpcre2-8-0-10.42-3.2
[   43s] [81/170] preinstalled libpkgconf3-1.8.0-2.1
[   43s] [82/170] preinstalled libpopt0-1.19-1.1
[   43s] [83/170] preinstalled libreadline8-8.2-2.1
[   43s] [84/170] preinstalled librpmbuild9-4.18.0-3.2
[   43s] [85/170] preinstalled libseccomp2-2.5.4-2.1
[   43s] [86/170] preinstalled libselinux1-3.5-1.1
[   43s] [87/170] preinstalled libsemanage-conf-3.5-1.1
[   43s] [88/170] preinstalled libsemanage2-3.5-1.1
[   43s] [89/170] preinstalled libsepol2-3.5-1.1
[   43s] [90/170] preinstalled libsmartcols1-2.38.1-10.1
[   43s] [91/170] preinstalled libstdc++6-13.0.1+git6669-7.1
[   43s] [92/170] cumulate libstdc++6-devel-gcc13-13.0.1+git6669-7.1
[   43s] [93/170] preinstalled libsubid4-4.13-4.1
[   43s] [94/170] preinstalled libubsan1-13.0.1+git6669-7.1
[   43s] [95/170] preinstalled libutempter0-1.2.0-3.2
[   43s] [96/170] preinstalled libuuid1-2.38.1-10.1
[   43s] [97/170] preinstalled libxcrypt-devel-4.4.33-2.1
[   43s] [98/170] preinstalled libz1-1.2.13-3.1
[   43s] [99/170] preinstalled libzstd1-1.5.4-2.1
[   43s] [100/170] preinstalled linux-glibc-devel-6.2-1.1
[   43s] [101/170] preinstalled login_defs-4.13-4.1
[   43s] [102/170] preinstalled lua54-5.4.4-8.1
[   43s] [103/170] cumulate lua54-luafilesystem-1.8.0-6.1
[   43s] [104/170] cumulate lua54-luaposix-35.1-2.1
[   43s] [105/170] cumulate lua54-luaterm-0.07-8.1
[   43s] [106/170] preinstalled make-4.4.1-1.1
[   43s] [107/170] preinstalled ncurses-utils-6.4.20230311-8.1
[   43s] [108/170] preinstalled pam-1.5.2-13.1
[   43s] [109/170] preinstalled patch-2.7.6-6.1
[   43s] [110/170] preinstalled perl-5.36.0-4.1
[   43s] [111/170] preinstalled perl-base-5.36.0-4.1
[   43s] [112/170] preinstalled permissions-1599_20230217-1.1
[   43s] [113/170] preinstalled permissions-config-1599_20230217-1.1
[   43s] [114/170] preinstalled pkgconf-1.8.0-2.1
[   43s] [115/170] preinstalled pkgconf-m4-1.8.0-2.1
[   43s] [116/170] preinstalled pkgconf-pkg-config-1.8.0-2.1
[   43s] [117/170] preinstalled polkit-default-privs-1550+20230307.7f42172-1.1
[   43s] [118/170] preinstalled post-build-checks-84.87+git20230302.ff58c9e-1.1
[   43s] [119/170] preinstalled qemu-linux-user-7.1.0-54.1
[   43s] [120/170] preinstalled rpm-4.18.0-3.2
[   43s] [121/170] preinstalled rpm-build-4.18.0-3.2
[   43s] [122/170] preinstalled rpm-build-perl-4.18.0-3.2
[   43s] [123/170] preinstalled rpm-config-SUSE-20220926-1.1
[   43s] [124/170] preinstalled rpmlint-mini-2.4.0+git20230316.e10f602-9.18
[   43s] [125/170] preinstalled rpmlint-strict-2.4.0+git20230316.e10f602-1.1
[   43s] [126/170] preinstalled sed-4.9-2.1
[   43s] [127/170] preinstalled shadow-4.13-4.1
[   43s] [128/170] cumulate suse-hpc-0.5.20220525.fd76646-1.1
[   43s] [129/170] cumulate suse-module-tools-16.0.30-1.1
[   43s] [130/170] preinstalled system-group-hardware-20170617-24.1
[   43s] [131/170] cumulate system-group-kvm-20170617-24.1
[   43s] [132/170] preinstalled system-user-root-20190513-2.1
[   43s] [133/170] cumulate systemd-mini-253.1-2.1
[   43s] [134/170] preinstalled systemd-rpm-macros-19-1.1
[   43s] [135/170] preinstalled sysuser-shadow-3.1-5.1
[   43s] [136/170] preinstalled tar-1.34-10.1
[   43s] [137/170] cumulate tcl-8.6.13-4.1
[   43s] [138/170] preinstalled terminfo-base-6.4.20230311-8.1
[   43s] [139/170] preinstalled update-alternatives-1.21.8-1.1
[   43s] [140/170] preinstalled util-linux-2.38.1-10.1
[   43s] [141/170] preinstalled which-2.21-5.1
[   43s] [142/170] preinstalled xz-5.4.1-2.1
[   43s] [143/170] cumulate gcc13-c++-13.0.1+git6669-7.1
[   43s] [144/170] cumulate gcc13-fortran-13.0.1+git6669-7.1
[   43s] [145/170] cumulate libibmad5-42.0-2.1
[   43s] [146/170] cumulate libnl3-200-3.7.0-1.1
[   43s] [147/170] cumulate libopenssl3-3.0.8-2.1
[   43s] [148/170] cumulate lua-lmod-8.7.17-2.1
[   43s] [149/170] cumulate gcc-c++-13-1.1
[   43s] [150/170] cumulate gcc-fortran-13-1.1
[   43s] [151/170] cumulate gnu-compilers-hpc-1.4-10.2
[   43s] [152/170] cumulate kmod-30-2.2
[   43s] [153/170] cumulate libibnetdisc5-42.0-2.1
[   43s] [154/170] cumulate infiniband-diags-42.0-2.1
[   43s] [155/170] cumulate udev-mini-253.1-2.1
[   43s] [156/170] cumulate gnu-compilers-hpc-devel-1.4-10.2
[   43s] [157/170] cumulate gnu-compilers-hpc-macros-devel-1.4-10.2
[   43s] [158/170] cumulate rdma-core-42.0-2.1
[   43s] [159/170] cumulate libmlx5-1-42.0-2.1
[   43s] [160/170] cumulate libibverbs-42.0-2.1
[   43s] [161/170] cumulate libibverbs1-42.0-2.1
[   43s] [162/170] cumulate libefa1-42.0-2.1
[   43s] [163/170] cumulate libmlx4-1-42.0-2.1
[   43s] [164/170] cumulate librdmacm1-42.0-2.1
[   43s] [165/170] cumulate rsocket-42.0-2.1
[   43s] [166/170] cumulate mvapich2_2_3_6-gnu-hpc-2.3.6-7.2
[   43s] [167/170] cumulate rdma-core-devel-42.0-2.1
[   43s] [168/170] cumulate mvapich2_2_3_6-gnu-hpc-devel-2.3.6-7.2
[   43s] [169/170] cumulate mvapich2_2_3_6-gnu-hpc-macros-devel-2.3.6-7.2
[   43s] [170/170] cumulate mvapich2-gnu-hpc-macros-devel-2.3.6-7.2
[   43s] now installing cumulated packages
[   44s] Preparing...                          ########################################
[   44s] Updating / installing...
[   44s] libibumad3-42.0-2.1                   ########################################
[   44s] libibmad5-42.0-2.1                    ########################################
[   44s] libgfortran5-13.0.1+git6669-7.1       ########################################
[   57s] gcc13-fortran-13.0.1+git6669-7.1      ########################################
[   57s] systemd-mini-253.1-2.1                warning: group systemd-journal does not exist - using root
[   59s] ########################################
[   59s] Creating group 'systemd-journal' with GID 486.
[   60s] Creating group 'systemd-timesync' with GID 485.
[   60s] Creating user 'systemd-timesync' (systemd Time Synchronization) with UID 485 and GID 485.
[   60s] Running in chroot, ignoring command 'daemon-reexec'
[   60s] /usr/lib/tmpfiles.d/journal-nocow.conf:26: Failed to resolve specifier: uninitialized /etc/ detected, skipping.
[   60s] All rules containing unresolvable specifiers will be skipped.
[   62s] libnuma1-2.0.15.0.g01a39cb-1.1        ########################################
[   62s] gcc-fortran-13-1.1                    ########################################
[   62s] libibnetdisc5-42.0-2.1                ########################################
[   62s] infiniband-diags-42.0-2.1             ########################################
[   64s] tcl-8.6.13-4.1                        ########################################
[   64s] /usr/bin/systemd-sysusers --replace=/usr/lib/sysusers.d/system-group-kvm.conf -
[   64s] Creating group 'kvm' with GID 36.
[   64s] system-group-kvm-20170617-24.1        ########################################
[   64s] lua54-luaterm-0.07-8.1                ########################################
[   65s] lua54-luaposix-35.1-2.1               ########################################
[   65s] lua54-luafilesystem-1.8.0-6.1         ########################################
[   65s] lua-lmod-8.7.17-2.1                   ########################################
[   65s] gnu-compilers-hpc-1.4-10.2            ########################################
[   85s] libstdc++6-devel-gcc13-13.0.1+git6669-########################################
[   92s] gcc13-c++-13.0.1+git6669-7.1          ########################################
[   92s] gcc-c++-13-1.1                        ########################################
[   92s] gnu-compilers-hpc-devel-1.4-10.2      ########################################
[   92s] libnl-config-3.7.0-1.1                ########################################
[   93s] libnl3-200-3.7.0-1.1                  ########################################
[   93s] crypto-policies-20210917.c9d86d1-1.1  ########################################
[   94s] libopenssl3-3.0.8-2.1                 ########################################
[   95s] suse-module-tools-16.0.30-1.1         ########################################
[   95s] kmod-30-2.2                           ########################################
[   97s] udev-mini-253.1-2.1                   ########################################
[  109s] Failed to preset unit, unit remote-cryptsetup.target does not exist.
[  109s] rdma-core-42.0-2.1                    ########################################
[  110s] libmlx5-1-42.0-2.1                    ########################################
[  110s] libefa1-42.0-2.1                      ########################################
[  110s] libmlx4-1-42.0-2.1                    ########################################
[  110s] libibverbs1-42.0-2.1                  ########################################
[  110s] libibverbs-42.0-2.1                   ########################################
[  110s] librdmacm1-42.0-2.1                   ########################################
[  110s] rsocket-42.0-2.1                      ########################################
[  110s] rdma-core-devel-42.0-2.1              ########################################
[  113s] mvapich2_2_3_6-gnu-hpc-2.3.6-7.2      ########################################
[  113s] mvapich2_2_3_6-gnu-hpc-devel-2.3.6-7.2########################################
[  113s] mvapich2_2_3_6-gnu-hpc-macros-devel-2.########################################
[  113s] mvapich2-gnu-hpc-macros-devel-2.3.6-7.########################################
[  113s] gnu-compilers-hpc-macros-devel-1.4-10.########################################
[  113s] suse-hpc-0.5.20220525.fd76646-1.1     ########################################
[  114s] fdupes-2.2.1-1.1                      ########################################
[  115s] regenerate-initrd-posttrans: dracut is not installed, not rebuilding the initrd
[  115s] regenerate-initrd-posttrans: dracut is not installed, not rebuilding the initrd
[  118s] now finalizing build dir...
[  118s] ... running 01-add_abuild_user_to_trusted_group
[  119s] ... running 02-set_timezone_to_utc
[  119s] ... running 03-set-permissions-secure
[  119s] ... running 11-hack_uname_version_to_kernel_version
[  123s] sh: line 1: /usr/bin/ps: No such file or directory
[  130s] -----------------------------------------------------------------
[  130s] I have the following modifications for fftw3.spec:
[  130s] 19c19
[  130s] < %global flavor @BUILD_FLAVOR@%{nil}
[  130s] ---
[  130s] > %global flavor gnu-mvapich2-hpc%{nil}
[  130s] 371c371
[  130s] < Release:        0
[  130s] ---
[  130s] > Release:        3.2
[  138s] build target is riscv64-suse-linux
[  138s] -----------------------------------------------------------------
[  138s] ----- building fftw3.spec (user abuild)
[  138s] -----------------------------------------------------------------
[  138s] -----------------------------------------------------------------
[  143s] sh: line 1: /usr/bin/ps: No such file or directory
[  144s] + exec rpmbuild -ba --define '_srcdefattr (-,root,root)' --nosignature --target=riscv64-suse-linux --define '_build_create_debug 1' --define 'disturl obs://build.opensuse.org/openSUSE:Factory:RISCV/standard/94c5205b88ce56d3fed4c07a4878a5cd-fftw3:gnu-mvapich2-hpc' /home/abuild/rpmbuild/SOURCES/fftw3.spec
[  144s] Building target platforms: riscv64-suse-linux
[  144s] Building for target riscv64-suse-linux
[  144s]  Building for gnu 
[  144s]  hpc_gnu_init 
[  151s] setting SOURCE_DATE_EPOCH=1651017600
[  151s] Executing(%prep): /usr/bin/bash -e /var/tmp/rpm-tmp.X0Zia0
[  151s] + umask 022
[  151s] + cd /home/abuild/rpmbuild/BUILD
[  151s] + cd /home/abuild/rpmbuild/BUILD
[  151s] + rm -rf fftw-3.3.10
[  151s] + /usr/lib/rpm/rpmuncompress -x /home/abuild/rpmbuild/SOURCES/fftw-3.3.10.tar.gz
[  152s] + STATUS=0
[  152s] + '[' 0 -ne 0 ']'
[  152s] + cd fftw-3.3.10
[  152s] + /usr/bin/chmod -Rf a+rX,u+w,g-w,o-w .
[  153s] + RPM_EC=0
[  153s] ++ jobs -p
[  153s] + exit 0
[  153s] Executing(%build): /usr/bin/bash -e /var/tmp/rpm-tmp.9Tvs7V
[  153s] + umask 022
[  153s] + cd /home/abuild/rpmbuild/BUILD
[  153s] + /usr/bin/rm -rf /home/abuild/rpmbuild/BUILDROOT/fftw3_3_3_10-gnu-mvapich2-hpc-3.3.10-3.2.riscv64
[  153s] ++ dirname /home/abuild/rpmbuild/BUILDROOT/fftw3_3_3_10-gnu-mvapich2-hpc-3.3.10-3.2.riscv64
[  153s] + /usr/bin/mkdir -p /home/abuild/rpmbuild/BUILDROOT
[  153s] + /usr/bin/mkdir /home/abuild/rpmbuild/BUILDROOT/fftw3_3_3_10-gnu-mvapich2-hpc-3.3.10-3.2.riscv64
[  153s] + cd fftw-3.3.10
[  153s] + ref=/usr/lib/rpm
[  153s] + mints=0
[  153s] + case $(uname -m) in
[  153s] ++ uname -m
[  154s] + mints=20160911
[  154s] + for s in guess sub
[  154s] ++ find -maxdepth 8 -name config.guess
[  154s] + for c in $(find -maxdepth 8 -name "config.$s")
[  154s] + grep -q config-patches@ ./config.guess
[  154s] ++ sed -n '/^timestamp=/{s///;s/[-'\''"]//g;p;q;}' ./config.guess
[  154s] + timestamp=20180224
[  154s] + test -n 20180224
[  154s] + test 20180224 -ge 20160911
[  154s] + for s in guess sub
[  154s] ++ find -maxdepth 8 -name config.sub
[  154s] + for c in $(find -maxdepth 8 -name "config.$s")
[  154s] + grep -q config-patches@ ./config.sub
[  154s] ++ sed -n '/^timestamp=/{s///;s/[-'\''"]//g;p;q;}' ./config.sub
[  154s] + timestamp=20180222
[  154s] + test -n 20180222
[  154s] + test 20180222 -ge 20160911
[  154s] + module purge
[  154s] + '[' -z '' ']'
[  154s] + case "$-" in
[  154s] + __lmod_sh_dbg=x
[  154s] + '[' -n x ']'
[  154s] + set +x
[  154s] Shell debugging temporarily silenced: export LMOD_SH_DBG_ON=1 for Lmod's output
[  155s] sh: line 1: /usr/bin/ps: No such file or directory
[  156s] Shell debugging restarted
[  156s] + unset __lmod_sh_dbg
[  156s] + return 0
[  156s] + export CC=gcc
[  156s] + CC=gcc
[  156s] + export CXX=g++
[  156s] + CXX=g++
[  156s] + export FC=gfortran
[  156s] + FC=gfortran
[  156s] + export F77=gfortran
[  156s] + F77=gfortran
[  156s] + module load gnu/13
[  156s] + '[' -z '' ']'
[  156s] + case "$-" in
[  156s] + __lmod_sh_dbg=x
[  156s] + '[' -n x ']'
[  156s] + set +x
[  156s] Shell debugging temporarily silenced: export LMOD_SH_DBG_ON=1 for Lmod's output
[  157s] sh: line 1: /usr/bin/ps: No such file or directory
[  158s] Shell debugging restarted
[  158s] + unset __lmod_sh_dbg
[  158s] + return 0
[  158s] + module load mvapich2
[  158s] + '[' -z '' ']'
[  158s] + case "$-" in
[  158s] + __lmod_sh_dbg=x
[  158s] + '[' -n x ']'
[  158s] + set +x
[  158s] Shell debugging temporarily silenced: export LMOD_SH_DBG_ON=1 for Lmod's output
[  159s] sh: line 1: /usr/bin/ps: No such file or directory
[  164s] Lmod has detected the following error: The following module(s) are unknown:
[  164s] "mvapich2"
[  164s] 
[  164s] Please check the spelling or version number. Also try "module spider ..."
[  164s] It is also possible your cache file is out-of-date; it may help to try:
[  164s]   $ module --ignore_cache load "mvapich2"
[  164s] 
[  164s] Also make sure that all modulefiles written in TCL start with the string
[  164s] #%Module
[  164s] 
[  164s] 
[  164s] 
[  164s] Shell debugging restarted
[  164s] + unset __lmod_sh_dbg
[  164s] + return 1
[  164s] error: Bad exit status from /var/tmp/rpm-tmp.9Tvs7V (%build)
[  164s] 
[  164s] RPM build errors:
[  164s]     Bad exit status from /var/tmp/rpm-tmp.9Tvs7V (%build)
[  164s] ### VM INTERACTION START ###
[  165s] [0;1;38;5;185mFailed to write wtmp record, ignoring: Read-only file system[0m
[  165s] [0;1;38;5;185mFailed to write utmp record: Read-only file system[0m
[  165s] Powering off.
[  165s] [  157.879672][ T2971] reboot: Power down
[  165s] ### VM INTERACTION END ###
[  165s] 
[  165s] old-cirrus3 failed "build fftw3.spec" at Mon Mar 20 13:19:21 UTC 2023.
[  165s] 
