[    0s] Using BUILD_ROOT=/var/cache/obs/worker/root_3/.mount
[    0s] Using BUILD_ARCH=riscv64
[    0s] Doing kvm build in /var/cache/obs/worker/root_3/root
[    0s] 
[    0s] 
[    0s] old-cirrus3 started "build hypre.spec" at Mon Mar 20 20:55:34 UTC 2023.
[    0s] 
[    0s] Building hypre:gnu-openmpi3-hpc for project 'openSUSE:Factory:RISCV' repository 'standard' arch 'riscv64' srcmd5 'ff86510673399c7794c2e723ccc370dd'
[    0s] 
[    0s] processing recipe /var/cache/obs/worker/root_3/.build-srcdir/hypre.spec ...
[    0s] running changelog2spec --target rpm --file /var/cache/obs/worker/root_3/.build-srcdir/hypre.spec
[    1s] init_buildsystem --configdir /var/run/obs/worker/3/build/configs --cachedir /var/cache/build --prepare --buildflavor gnu-openmpi3-hpc --clean --rpmlist /var/cache/obs/worker/root_3/.build.rpmlist /var/cache/obs/worker/root_3/.build-srcdir/hypre.spec build ...
[    1s] unpacking preinstall image openSUSE:Factory:RISCV/standard/preinstallimage-base [068b7acb454ec5ffeefe0cf546ee1d7f]
[    4s] 
[    4s] copying packages...
[    4s] reordering...cycle: python310-base -> libpython3_10-1_0
[    4s]   breaking dependency python310-base -> libpython3_10-1_0
[    4s] cycle: libefa1 -> libibverbs1 -> libibverbs
[    4s]   breaking dependency libibverbs -> libefa1
[    4s] cycle: libibverbs1 -> libibverbs
[    4s]   breaking dependency libibverbs -> libibverbs1
[    4s] cycle: libibverbs1 -> libibverbs -> libmlx4-1
[    4s]   breaking dependency libibverbs -> libmlx4-1
[    4s] cycle: libibverbs1 -> libibverbs -> libmlx5-1
[    4s]   breaking dependency libmlx5-1 -> libibverbs1
[    4s] cycle: libpmix2 -> pmix-plugins
[    4s]   breaking dependency pmix-plugins -> libpmix2
[    4s] cycle: openmpi_3_1_6-gnu-hpc -> libopenmpi_3_1_6-gnu-hpc
[    4s]   breaking dependency libopenmpi_3_1_6-gnu-hpc -> openmpi_3_1_6-gnu-hpc
[    4s] done
[    4s] Detected virtio-serial support
[    6s] booting kvm...
[    6s] ### VM INTERACTION START ###
[    6s] Using virtio-serial support
[    6s] /usr/bin/qemu-kvm -nodefaults -no-reboot -nographic -vga none -cpu host -M pc,accel=kvm,usb=off,dump-guest-core=off,vmport=off -sandbox on -bios /usr/share/qemu/qboot.rom -object rng-random,filename=/dev/random,id=rng0 -device virtio-rng-pci,rng=rng0 -object iothread,id=io0 -runas qemu -net none -kernel /var/cache/obs/worker/root_3/.mount/boot/kernel -initrd /var/cache/obs/worker/root_3/.mount/boot/initrd -append root=/dev/disk/by-id/virtio-0 rootfstype=ext4 rootflags=noatime kvmclock mitigations=off elevator=noop nmi_watchdog=0 rw rd.driver.pre=binfmt_misc oops=panic panic=1 quiet console=hvc0 init=/.build/initvm.x86_64 -m 8192 -drive file=/var/cache/obs/worker/root_3/root,format=raw,if=none,id=disk,cache=unsafe,aio=io_uring -device virtio-blk-pci,iothread=io0,drive=disk,serial=0 -drive file=/var/cache/obs/worker/root_3/swap,format=raw,if=none,id=swap,cache=unsafe,aio=io_uring -device virtio-blk-pci,iothread=io0,drive=swap,serial=1 -device virtio-serial,max_ports=2 -device virtconsole,chardev=virtiocon0 -chardev stdio,id=virtiocon0 -chardev socket,id=monitor,server=on,wait=off,path=/var/cache/obs/worker/root_3/root.qemu/monitor -mon chardev=monitor,mode=readline -smp 4
[   11s] ### VM INTERACTION END ###
[   11s] 2nd stage started in virtual machine
[   11s] machine type: riscv64
[   12s] Linux version: 6.2.6-1-default #1 SMP PREEMPT_DYNAMIC Mon Mar 13 10:57:27 UTC 2023 (fa1a4c6)
[   12s] Increasing log level from now on...
[   12s] [    5.479028][  T368] sysrq: Changing Loglevel
[   12s] [    5.479302][  T368] sysrq: Loglevel set to 4
[   12s] Enable sysrq operations
[   13s] Setting up swapspace version 1, size = 2 GiB (2147479552 bytes)
[   13s] no label, UUID=a6f5acc4-8762-4583-8436-2b6750c3517b
[   13s] swapon: /dev/vdb: found signature [pagesize=4096, signature=swap]
[   13s] swapon: /dev/vdb: pagesize=4096, swapsize=2147483648, devsize=2147483648
[   13s] swapon /dev/vdb
[   13s] WARNING: udev not running, creating extra device nodes
[   14s] logging output to //.build.log...
[   14s] processing recipe /.build-srcdir/hypre.spec ...
[   14s] init_buildsystem --configdir /.build/configs --cachedir /var/cache/build --buildflavor gnu-openmpi3-hpc /.build-srcdir/hypre.spec build ...
[   15s] initializing rpm db...
[   15s] querying package ids...
[   44s] [1/212] preinstalled aaa_base-84.87+git20220822.6b9f7a3-1.1
[   44s] [2/212] preinstalled aaa_base-malloccheck-84.87+git20220822.6b9f7a3-1.1
[   44s] [3/212] preinstalled attr-2.5.1-1.1
[   44s] [4/212] preinstalled bash-5.2.15-8.1
[   44s] [5/212] preinstalled bash-sh-5.2.15-8.1
[   44s] [6/212] preinstalled binutils-2.40-2.1
[   44s] [7/212] preinstalled brp-check-suse-84.87+git20221115.2f7add6-1.1
[   44s] [8/212] preinstalled build-compare-20221206T204012.bb70754-1.2
[   44s] [9/212] preinstalled build-mkbaselibs-20230314-1.1
[   44s] [10/212] preinstalled bzip2-1.0.8-5.1
[   44s] [11/212] preinstalled chkstat-1599_20230217-1.1
[   44s] [12/212] preinstalled compat-usrmerge-build-84.87-5.1
[   44s] [13/212] preinstalled compat-usrmerge-tools-84.87-5.1
[   44s] [14/212] preinstalled coreutils-9.1-5.1
[   44s] [15/212] preinstalled cpio-2.13-5.1
[   44s] [16/212] preinstalled cpp-13-1.1
[   44s] [17/212] preinstalled cpp13-13.0.1+git6669-7.1
[   44s] [18/212] cumulate crypto-policies-20210917.c9d86d1-1.1
[   44s] [19/212] preinstalled debugedit-5.0-5.1
[   44s] [20/212] preinstalled diffutils-3.9-1.1
[   44s] [21/212] preinstalled dwz-0.15-2.1
[   44s] [22/212] preinstalled elfutils-0.189-2.1
[   44s] [23/212] cumulate fdupes-2.2.1-1.1
[   44s] [24/212] preinstalled file-5.44-1.2
[   44s] [25/212] preinstalled file-magic-5.44-1.2
[   44s] [26/212] preinstalled filesystem-84.87-12.1
[   44s] [27/212] preinstalled fillup-1.42-279.1
[   44s] [28/212] preinstalled findutils-4.9.0-2.1
[   44s] [29/212] preinstalled gawk-5.2.1-2.1
[   44s] [30/212] preinstalled gcc-13-1.1
[   44s] [31/212] preinstalled gcc-PIE-13-1.1
[   44s] [32/212] preinstalled gcc13-13.0.1+git6669-7.1
[   44s] [33/212] preinstalled gcc13-PIE-13.0.1+git6669-7.1
[   44s] [34/212] preinstalled gettext-runtime-mini-0.21.1-1.1
[   44s] [35/212] preinstalled gettext-tools-mini-0.21.1-1.1
[   44s] [36/212] preinstalled glibc-2.37-1.1
[   44s] [37/212] preinstalled glibc-devel-2.37-1.1
[   44s] [38/212] preinstalled glibc-locale-base-2.37-1.1
[   44s] [39/212] preinstalled grep-3.9-1.1
[   44s] [40/212] preinstalled gzip-1.12-3.1
[   44s] [41/212] cumulate hwloc-data-2.9.0-2.1
[   44s] [42/212] preinstalled kernel-obs-build-6.2.6-1.2
[   44s] [43/212] preinstalled libacl1-2.3.1-2.1
[   44s] [44/212] preinstalled libasan8-13.0.1+git6669-7.1
[   44s] [45/212] preinstalled libasm1-0.189-2.1
[   44s] [46/212] preinstalled libatomic1-13.0.1+git6669-7.1
[   44s] [47/212] preinstalled libattr1-2.5.1-1.1
[   44s] [48/212] preinstalled libaudit1-3.0.9-1.1
[   44s] [49/212] preinstalled libblkid1-2.38.1-10.1
[   44s] [50/212] preinstalled libbz2-1-1.0.8-5.1
[   44s] [51/212] preinstalled libcap-ng0-0.8.3-1.1
[   44s] [52/212] preinstalled libcap2-2.67-1.1
[   44s] [53/212] cumulate libcbor0_10-0.10.2-1.1
[   44s] [54/212] cumulate libcom_err2-1.46.5-4.1
[   44s] [55/212] preinstalled libcrypt1-4.4.33-2.1
[   44s] [56/212] preinstalled libctf-nobfd0-2.40-2.1
[   44s] [57/212] preinstalled libctf0-2.40-2.1
[   44s] [58/212] preinstalled libdb-4_8-4.8.30-40.1
[   44s] [59/212] preinstalled libdw1-0.189-2.1
[   44s] [60/212] preinstalled libeconf0-0.5.1-1.1
[   44s] [61/212] cumulate libedit0-20210910.3.1-1.1
[   44s] [62/212] preinstalled libelf1-0.189-2.1
[   44s] [63/212] cumulate libexpat1-2.5.0-2.1
[   44s] [64/212] preinstalled libfdisk1-2.38.1-10.1
[   44s] [65/212] cumulate libffi8-3.4.4-1.1
[   44s] [66/212] preinstalled libgcc_s1-13.0.1+git6669-7.1
[   44s] [67/212] preinstalled libgcrypt20-1.10.1-2.1
[   44s] [68/212] preinstalled libgdbm6-1.23-1.1
[   44s] [69/212] preinstalled libgdbm_compat4-1.23-1.1
[   44s] [70/212] cumulate libgfortran5-13.0.1+git6669-7.1
[   44s] [71/212] preinstalled libgmp10-6.2.1-4.1
[   44s] [72/212] preinstalled libgomp1-13.0.1+git6669-7.1
[   44s] [73/212] preinstalled libgpg-error0-1.46-1.1
[   44s] [74/212] cumulate libibumad3-42.0-2.1
[   44s] [75/212] preinstalled libisl23-0.25-1.1
[   44s] [76/212] preinstalled libitm1-13.0.1+git6669-7.1
[   44s] [77/212] cumulate libkeyutils1-1.6.3-5.1
[   44s] [78/212] preinstalled liblua5_4-5-5.4.4-8.1
[   44s] [79/212] preinstalled liblzma5-5.4.1-2.1
[   44s] [80/212] preinstalled libmagic1-5.44-1.2
[   44s] [81/212] cumulate libmca_common_dstore1-3.2.3-7.1
[   44s] [82/212] preinstalled libmount1-2.38.1-10.1
[   44s] [83/212] preinstalled libmpc3-1.3.1-1.2
[   44s] [84/212] cumulate libmpdec3-2.5.1-2.1
[   44s] [85/212] preinstalled libmpfr6-4.2.0-1.1
[   44s] [86/212] preinstalled libncurses6-6.4.20230311-8.1
[   44s] [87/212] cumulate libnl-config-3.7.0-1.1
[   44s] [88/212] cumulate libpciaccess0-0.17-1.1
[   44s] [89/212] preinstalled libpcre2-8-0-10.42-3.2
[   44s] [90/212] preinstalled libpkgconf3-1.8.0-2.1
[   44s] [91/212] preinstalled libpopt0-1.19-1.1
[   44s] [92/212] preinstalled libreadline8-8.2-2.1
[   44s] [93/212] cumulate librhash0-1.4.3-1.1
[   44s] [94/212] preinstalled librpmbuild9-4.18.0-3.2
[   44s] [95/212] preinstalled libseccomp2-2.5.4-2.1
[   44s] [96/212] preinstalled libselinux1-3.5-1.1
[   44s] [97/212] preinstalled libsemanage-conf-3.5-1.1
[   44s] [98/212] preinstalled libsemanage2-3.5-1.1
[   44s] [99/212] preinstalled libsepol2-3.5-1.1
[   44s] [100/212] preinstalled libsmartcols1-2.38.1-10.1
[   44s] [101/212] preinstalled libstdc++6-13.0.1+git6669-7.1
[   44s] [102/212] cumulate libstdc++6-devel-gcc13-13.0.1+git6669-7.1
[   44s] [103/212] preinstalled libsubid4-4.13-4.1
[   44s] [104/212] cumulate libsystemd0-mini-253.1-2.1
[   44s] [105/212] preinstalled libubsan1-13.0.1+git6669-7.1
[   44s] [106/212] cumulate libudev-mini1-253.1-2.1
[   44s] [107/212] preinstalled libutempter0-1.2.0-3.2
[   44s] [108/212] preinstalled libuuid1-2.38.1-10.1
[   44s] [109/212] cumulate libuv1-1.44.2-3.1
[   44s] [110/212] cumulate libverto1-0.3.2-1.1
[   44s] [111/212] preinstalled libxcrypt-devel-4.4.33-2.1
[   44s] [112/212] cumulate libxml2-2-2.10.3-3.1
[   44s] [113/212] preinstalled libz1-1.2.13-3.1
[   44s] [114/212] preinstalled libzstd1-1.5.4-2.1
[   44s] [115/212] preinstalled linux-glibc-devel-6.2-1.1
[   44s] [116/212] preinstalled login_defs-4.13-4.1
[   44s] [117/212] preinstalled lua54-5.4.4-8.1
[   44s] [118/212] cumulate lua54-luafilesystem-1.8.0-6.1
[   44s] [119/212] cumulate lua54-luaposix-35.1-2.1
[   44s] [120/212] cumulate lua54-luaterm-0.07-8.1
[   44s] [121/212] preinstalled make-4.4.1-1.1
[   44s] [122/212] preinstalled ncurses-utils-6.4.20230311-8.1
[   44s] [123/212] cumulate openmpi4-config-4.1.4-2.1
[   44s] [124/212] preinstalled pam-1.5.2-13.1
[   44s] [125/212] preinstalled patch-2.7.6-6.1
[   44s] [126/212] preinstalled perl-5.36.0-4.1
[   44s] [127/212] preinstalled perl-base-5.36.0-4.1
[   44s] [128/212] preinstalled permissions-1599_20230217-1.1
[   44s] [129/212] preinstalled permissions-config-1599_20230217-1.1
[   44s] [130/212] preinstalled pkgconf-1.8.0-2.1
[   44s] [131/212] preinstalled pkgconf-m4-1.8.0-2.1
[   44s] [132/212] preinstalled pkgconf-pkg-config-1.8.0-2.1
[   44s] [133/212] preinstalled polkit-default-privs-1550+20230307.7f42172-1.1
[   44s] [134/212] preinstalled post-build-checks-84.87+git20230302.ff58c9e-1.1
[   44s] [135/212] cumulate python-rpm-macros-20230304.050c1a4-1.1
[   44s] [136/212] preinstalled qemu-linux-user-7.1.0-54.1
[   44s] [137/212] preinstalled rpm-4.18.0-3.2
[   44s] [138/212] preinstalled rpm-build-4.18.0-3.2
[   44s] [139/212] preinstalled rpm-build-perl-4.18.0-3.2
[   44s] [140/212] preinstalled rpm-config-SUSE-20220926-1.1
[   44s] [141/212] preinstalled rpmlint-mini-2.4.0+git20230316.e10f602-9.18
[   44s] [142/212] preinstalled rpmlint-strict-2.4.0+git20230316.e10f602-1.1
[   44s] [143/212] preinstalled sed-4.9-2.1
[   44s] [144/212] preinstalled shadow-4.13-4.1
[   44s] [145/212] cumulate suse-hpc-0.5.20220525.fd76646-1.1
[   44s] [146/212] cumulate suse-module-tools-16.0.30-1.1
[   44s] [147/212] preinstalled system-group-hardware-20170617-24.1
[   44s] [148/212] cumulate system-group-kvm-20170617-24.1
[   44s] [149/212] preinstalled system-user-root-20190513-2.1
[   44s] [150/212] cumulate systemd-mini-253.1-2.1
[   44s] [151/212] preinstalled systemd-rpm-macros-19-1.1
[   44s] [152/212] preinstalled sysuser-shadow-3.1-5.1
[   44s] [153/212] preinstalled tar-1.34-10.1
[   44s] [154/212] cumulate tcl-8.6.13-4.1
[   44s] [155/212] preinstalled terminfo-base-6.4.20230311-8.1
[   44s] [156/212] preinstalled update-alternatives-1.21.8-1.1
[   44s] [157/212] preinstalled util-linux-2.38.1-10.1
[   44s] [158/212] preinstalled which-2.21-5.1
[   44s] [159/212] preinstalled xz-5.4.1-2.1
[   44s] [160/212] cumulate gcc13-c++-13.0.1+git6669-7.1
[   44s] [161/212] cumulate gcc13-fortran-13.0.1+git6669-7.1
[   44s] [162/212] cumulate libhidapi-hidraw0-0.13.1-1.1
[   44s] [163/212] cumulate libibmad5-42.0-2.1
[   44s] [164/212] cumulate libnl3-200-3.7.0-1.1
[   44s] [165/212] cumulate libopenssl3-3.0.8-2.1
[   44s] [166/212] cumulate krb5-mini-1.20.1-4.1
[   44s] [167/212] cumulate libhwloc15-2.9.0-2.1
[   44s] [168/212] cumulate lua-lmod-8.7.17-2.1
[   44s] [169/212] cumulate gcc-c++-13-1.1
[   44s] [170/212] cumulate gcc-fortran-13-1.1
[   44s] [171/212] cumulate gnu-compilers-hpc-1.4-10.2
[   44s] [172/212] cumulate libevent-2_1-7-2.1.12-3.2
[   44s] [173/212] cumulate openssh-common-8.9p1-7.3
[   44s] [174/212] cumulate kmod-30-2.2
[   44s] [175/212] cumulate libibnetdisc5-42.0-2.1
[   44s] [176/212] cumulate libfido2-1-1.13.0-1.1
[   44s] [177/212] cumulate libsuperlu_5_3_0-gnu-hpc-5.3.0-1.4
[   44s] [178/212] cumulate infiniband-diags-42.0-2.1
[   44s] [179/212] cumulate libopenblas_0_3_21-gnu-hpc-0.3.21-5.2
[   44s] [180/212] cumulate udev-mini-253.1-2.1
[   44s] [181/212] cumulate gnu-compilers-hpc-devel-1.4-10.2
[   44s] [182/212] cumulate openssh-clients-8.9p1-7.3
[   44s] [183/212] cumulate openssh-server-8.9p1-7.3
[   44s] [184/212] cumulate gnu-compilers-hpc-macros-devel-1.4-10.2
[   44s] [185/212] cumulate openssh-8.9p1-7.3
[   44s] [186/212] cumulate libopenblas_0_3_21-gnu-hpc-devel-0.3.21-5.2
[   44s] [187/212] cumulate rdma-core-42.0-2.1
[   44s] [188/212] cumulate libopenblas-gnu-hpc-devel-0.3.21-5.2
[   44s] [189/212] cumulate superlu_5_3_0-gnu-hpc-devel-5.3.0-1.4
[   44s] [190/212] cumulate superlu-gnu-hpc-devel-5.3.0-1.4
[   44s] [191/212] cumulate libmlx5-1-42.0-2.1
[   44s] [192/212] cumulate pmix-plugins-3.2.3-7.1
[   44s] [193/212] cumulate python310-base-3.10.10-2.1
[   44s] [194/212] cumulate libpython3_10-1_0-3.10.10-2.1
[   44s] [195/212] cumulate python310-packaging-23.0-2.1
[   44s] [196/212] cumulate libpmix2-3.2.3-7.1
[   44s] [197/212] cumulate cmake-mini-3.25.3-1.1
[   44s] [198/212] cumulate libibverbs-42.0-2.1
[   44s] [199/212] cumulate cmake-3.25.3-1.1
[   44s] [200/212] cumulate libibverbs1-42.0-2.1
[   44s] [201/212] cumulate python-rpm-packaging-20210526+a18ca48-1.2
[   44s] [202/212] cumulate libefa1-42.0-2.1
[   44s] [203/212] cumulate libmlx4-1-42.0-2.1
[   44s] [204/212] cumulate librdmacm1-42.0-2.1
[   44s] [205/212] cumulate rsocket-42.0-2.1
[   44s] [206/212] cumulate libfabric1-1.16.1-2.1
[   44s] [207/212] cumulate libopenmpi_3_1_6-gnu-hpc-3.1.6-7.1
[   44s] [208/212] cumulate rdma-core-devel-42.0-2.1
[   44s] [209/212] cumulate openmpi_3_1_6-gnu-hpc-3.1.6-7.1
[   44s] [210/212] cumulate openmpi_3_1_6-gnu-hpc-devel-3.1.6-7.1
[   44s] [211/212] cumulate openmpi_3_1_6-gnu-hpc-macros-devel-3.1.6-7.1
[   44s] [212/212] cumulate openmpi3-gnu-hpc-macros-devel-3.1.6-7.1
[   44s] now installing cumulated packages
[   45s] Preparing...                          ########################################
[   45s] Updating / installing...
[   45s] libibumad3-42.0-2.1                   ########################################
[   45s] libgfortran5-13.0.1+git6669-7.1       ########################################
[   55s] gcc13-fortran-13.0.1+git6669-7.1      ########################################
[   55s] libibmad5-42.0-2.1                    ########################################
[   55s] systemd-mini-253.1-2.1                warning: group systemd-journal does not exist - using root
[   56s] ########################################
[   57s] Creating group 'systemd-journal' with GID 486.
[   57s] Creating group 'systemd-timesync' with GID 485.
[   57s] Creating user 'systemd-timesync' (systemd Time Synchronization) with UID 485 and GID 485.
[   57s] Running in chroot, ignoring command 'daemon-reexec'
[   58s] /usr/lib/tmpfiles.d/journal-nocow.conf:26: Failed to resolve specifier: uninitialized /etc/ detected, skipping.
[   58s] All rules containing unresolvable specifiers will be skipped.
[   59s] libudev-mini1-253.1-2.1               ########################################
[   59s] libexpat1-2.5.0-2.1                   ########################################
[   59s] libcom_err2-1.46.5-4.1                ########################################
[   59s] libhidapi-hidraw0-0.13.1-1.1          ########################################
[   59s] libibnetdisc5-42.0-2.1                ########################################
[   59s] infiniband-diags-42.0-2.1             ########################################
[   59s] gcc-fortran-13-1.1                    ########################################
[   60s] tcl-8.6.13-4.1                        ########################################
[   61s] /usr/bin/systemd-sysusers --replace=/usr/lib/sysusers.d/system-group-kvm.conf -
[   61s] Creating group 'kvm' with GID 36.
[   61s] system-group-kvm-20170617-24.1        ########################################
[   61s] python-rpm-macros-20230304.050c1a4-1.1########################################
[   61s] openmpi4-config-4.1.4-2.1             ########################################
[   61s] lua54-luaterm-0.07-8.1                ########################################
[   61s] lua54-luaposix-35.1-2.1               ########################################
[   61s] lua54-luafilesystem-1.8.0-6.1         ########################################
[   61s] lua-lmod-8.7.17-2.1                   ########################################
[   61s] gnu-compilers-hpc-1.4-10.2            ########################################
[   61s] libsuperlu_5_3_0-gnu-hpc-5.3.0-1.4    ########################################
[   63s] libopenblas_0_3_21-gnu-hpc-0.3.21-5.2 ########################################
[   63s] libxml2-2-2.10.3-3.1                  ########################################
[   63s] libverto1-0.3.2-1.1                   ########################################
[   64s] libuv1-1.44.2-3.1                     ########################################
[   64s] libsystemd0-mini-253.1-2.1            ########################################
[   78s] libstdc++6-devel-gcc13-13.0.1+git6669-########################################
[   83s] gcc13-c++-13.0.1+git6669-7.1          ########################################
[   83s] gcc-c++-13-1.1                        ########################################
[   83s] gnu-compilers-hpc-devel-1.4-10.2      ########################################
[   83s] libopenblas_0_3_21-gnu-hpc-devel-0.3.2########################################
[   83s] libopenblas-gnu-hpc-devel-0.3.21-5.2  ########################################
[   83s] superlu_5_3_0-gnu-hpc-devel-5.3.0-1.4 ########################################
[   83s] librhash0-1.4.3-1.1                   ########################################
[   83s] libpciaccess0-0.17-1.1                ########################################
[   83s] libnl-config-3.7.0-1.1                ########################################
[   84s] libnl3-200-3.7.0-1.1                  ########################################
[   84s] libmpdec3-2.5.1-2.1                   ########################################
[   84s] libmca_common_dstore1-3.2.3-7.1       ########################################
[   84s] libkeyutils1-1.6.3-5.1                ########################################
[   85s] krb5-mini-1.20.1-4.1                  ########################################
[   86s] Updating /etc/sysconfig/kadmind ...
[   86s] Updating /etc/sysconfig/krb5kdc ...
[   86s] libffi8-3.4.4-1.1                     ########################################
[   86s] libedit0-20210910.3.1-1.1             ########################################
[   86s] libcbor0_10-0.10.2-1.1                ########################################
[   86s] hwloc-data-2.9.0-2.1                  ########################################
[   86s] libhwloc15-2.9.0-2.1                  ########################################
[   87s] crypto-policies-20210917.c9d86d1-1.1  ########################################
[   87s] libopenssl3-3.0.8-2.1                 ########################################
[   88s] libevent-2_1-7-2.1.12-3.2             ########################################
[   88s] libpython3_10-1_0-3.10.10-2.1         ########################################
[   94s] python310-base-3.10.10-2.1            ########################################
[   94s] suse-module-tools-16.0.30-1.1         ########################################
[   95s] kmod-30-2.2                           ########################################
[   95s] openssh-common-8.9p1-7.3              ########################################
[   95s] libfido2-1-1.13.0-1.1                 ########################################
[   96s] openssh-clients-8.9p1-7.3             ########################################
[   96s] /usr/bin/systemd-sysusers --replace=/usr/lib/sysusers.d/sshd.conf -
[   96s] Creating group 'sshd' with GID 484.
[   96s] Creating user 'sshd' (SSH daemon) with UID 484 and GID 484.
[   97s] openssh-server-8.9p1-7.3              ########################################
[   97s] Updating /etc/sysconfig/ssh ...
[   97s] openssh-8.9p1-7.3                     ########################################
[   98s] udev-mini-253.1-2.1                   ########################################
[  108s] Failed to preset unit, unit remote-cryptsetup.target does not exist.
[  108s] rdma-core-42.0-2.1                    ########################################
[  109s] libmlx5-1-42.0-2.1                    ########################################
[  109s] libefa1-42.0-2.1                      ########################################
[  109s] libmlx4-1-42.0-2.1                    ########################################
[  109s] libibverbs1-42.0-2.1                  ########################################
[  109s] libibverbs-42.0-2.1                   ########################################
[  109s] librdmacm1-42.0-2.1                   ########################################
[  109s] libfabric1-1.16.1-2.1                 ########################################
[  110s] rsocket-42.0-2.1                      ########################################
[  110s] rdma-core-devel-42.0-2.1              ########################################
[  110s] python310-packaging-23.0-2.1          ########################################
[  117s] cmake-mini-3.25.3-1.1                 ########################################
[  117s] pmix-plugins-3.2.3-7.1                ########################################
[  117s] libpmix2-3.2.3-7.1                    ########################################
[  119s] libopenmpi_3_1_6-gnu-hpc-3.1.6-7.1    ########################################
[  119s] openmpi_3_1_6-gnu-hpc-3.1.6-7.1       ########################################
[  119s] openmpi_3_1_6-gnu-hpc-devel-3.1.6-7.1 ########################################
[  119s] openmpi_3_1_6-gnu-hpc-macros-devel-3.1########################################
[  119s] openmpi3-gnu-hpc-macros-devel-3.1.6-7.########################################
[  119s] cmake-3.25.3-1.1                      ########################################
[  119s] python-rpm-packaging-20210526+a18ca48-########################################
[  119s] superlu-gnu-hpc-devel-5.3.0-1.4       ########################################
[  119s] gnu-compilers-hpc-macros-devel-1.4-10.########################################
[  119s] suse-hpc-0.5.20220525.fd76646-1.1     ########################################
[  119s] fdupes-2.2.1-1.1                      ########################################
[  120s] regenerate-initrd-posttrans: dracut is not installed, not rebuilding the initrd
[  121s] regenerate-initrd-posttrans: dracut is not installed, not rebuilding the initrd
[  127s] now finalizing build dir...
[  127s] ... running 01-add_abuild_user_to_trusted_group
[  127s] ... running 02-set_timezone_to_utc
[  127s] ... running 03-set-permissions-secure
[  128s] ... running 11-hack_uname_version_to_kernel_version
[  132s] sh: line 1: /usr/bin/ps: No such file or directory
[  139s] Warning: spec file parser line 431: can't expand %(...)
[  139s] Warning: spec file parser line 441: can't expand %(...)
[  139s] Warning: spec file parser line 451: can't expand %(...)
[  139s] Warning: spec file parser line 453: can't expand %(...)
[  139s] Warning: spec file parser line 464: can't expand %(...)
[  139s] Warning: spec file parser line 586: can't expand %(...)
[  139s] Warning: spec file parser line 587: can't expand %(...)
[  139s] Warning: spec file parser line 589: can't expand %(...)
[  139s] Warning: spec file parser line 595: can't expand %(...)
[  139s] Warning: spec file parser line 606: can't expand %(...)
[  139s] Warning: spec file parser line 609: can't expand %(...)
[  139s] Warning: spec file parser line 615: can't expand %(...)
[  139s] -----------------------------------------------------------------
[  139s] I have the following modifications for hypre.spec:
[  139s] 19c19
[  139s] < %global flavor @BUILD_FLAVOR@%{?nil}
[  139s] ---
[  139s] > %global flavor gnu-openmpi3-hpc%{?nil}
[  139s] 390c390
[  139s] < Release:        0
[  139s] ---
[  139s] > Release:        1.7
[  146s] build target is riscv64-suse-linux
[  146s] -----------------------------------------------------------------
[  146s] ----- building hypre.spec (user abuild)
[  146s] -----------------------------------------------------------------
[  146s] -----------------------------------------------------------------
[  151s] sh: line 1: /usr/bin/ps: No such file or directory
[  152s] + exec rpmbuild -ba --define '_srcdefattr (-,root,root)' --nosignature --target=riscv64-suse-linux --define '_build_create_debug 1' --define 'disturl obs://build.opensuse.org/openSUSE:Factory:RISCV/standard/ff86510673399c7794c2e723ccc370dd-hypre:gnu-openmpi3-hpc' /home/abuild/rpmbuild/SOURCES/hypre.spec
[  152s] warning: extra tokens at the end of %else directive in line 374:  %else # with hpc
[  152s] 
[  152s] Building target platforms: riscv64-suse-linux
[  152s] Building for target riscv64-suse-linux
[  152s]  Building for gnu 
[  152s]  hpc_gnu_init 
[  153s] warning: extra tokens at the end of %endif directive in line 417:  %endif # build_all
[  153s] 
[  162s] warning: extra tokens at the end of %endif directive in line 537:  %endif # build_all
[  162s] 
[  163s] warning: extra tokens at the end of %endif directive in line 600:  %endif # build_all
[  163s] 
[  164s] warning: extra tokens at the end of %endif directive in line 630:  %endif # build_all
[  164s] 
[  165s] setting SOURCE_DATE_EPOCH=1611878400
[  165s] Executing(%prep): /usr/bin/bash -e /var/tmp/rpm-tmp.6JLkQL
[  165s] + umask 022
[  165s] + cd /home/abuild/rpmbuild/BUILD
[  165s] + cd /home/abuild/rpmbuild/BUILD
[  165s] + rm -rf hypre-2.20.0
[  165s] + /usr/lib/rpm/rpmuncompress -x /home/abuild/rpmbuild/SOURCES/hypre-2.20.0.tar.gz
[  167s] + STATUS=0
[  167s] + '[' 0 -ne 0 ']'
[  167s] + cd hypre-2.20.0
[  167s] + /usr/bin/chmod -Rf a+rX,u+w,g-w,o-w .
[  167s] + echo 'Patch #0 (hypre_Makefile_examples.patch):'
[  167s] Patch #0 (hypre_Makefile_examples.patch):
[  167s] + /usr/bin/patch --no-backup-if-mismatch -f -p0 --fuzz=0
[  167s] patching file src/examples/Makefile
[  167s] Hunk #1 succeeded at 33 (offset 1 line).
[  167s] + echo 'Patch #1 (Add-library-version.patch):'
[  167s] Patch #1 (Add-library-version.patch):
[  167s] + /usr/bin/patch --no-backup-if-mismatch -f -p0 --fuzz=0
[  167s] patching file src/CMakeLists.txt
[  167s] + RPM_EC=0
[  167s] ++ jobs -p
[  167s] + exit 0
[  167s] Executing(%build): /usr/bin/bash -e /var/tmp/rpm-tmp.6ihFMb
[  167s] + umask 022
[  167s] + cd /home/abuild/rpmbuild/BUILD
[  167s] + /usr/bin/rm -rf /home/abuild/rpmbuild/BUILDROOT/hypre_2_20_0-gnu-openmpi3-hpc-2.20.0-1.7.riscv64
[  167s] ++ dirname /home/abuild/rpmbuild/BUILDROOT/hypre_2_20_0-gnu-openmpi3-hpc-2.20.0-1.7.riscv64
[  167s] + /usr/bin/mkdir -p /home/abuild/rpmbuild/BUILDROOT
[  167s] + /usr/bin/mkdir /home/abuild/rpmbuild/BUILDROOT/hypre_2_20_0-gnu-openmpi3-hpc-2.20.0-1.7.riscv64
[  167s] + cd hypre-2.20.0
[  167s] + ref=/usr/lib/rpm
[  167s] + mints=0
[  167s] + case $(uname -m) in
[  167s] ++ uname -m
[  168s] + mints=20160911
[  168s] + for s in guess sub
[  168s] ++ find -maxdepth 8 -name config.guess
[  168s] + for c in $(find -maxdepth 8 -name "config.$s")
[  168s] + grep -q config-patches@ ./src/config/config.guess
[  168s] ++ sed -n '/^timestamp=/{s///;s/[-'\''"]//g;p;q;}' ./src/config/config.guess
[  168s] + timestamp=20170302
[  168s] + test -n 20170302
[  168s] + test 20170302 -ge 20160911
[  168s] + for s in guess sub
[  168s] ++ find -maxdepth 8 -name config.sub
[  168s] + for c in $(find -maxdepth 8 -name "config.$s")
[  168s] + grep -q config-patches@ ./src/config/config.sub
[  168s] ++ sed -n '/^timestamp=/{s///;s/[-'\''"]//g;p;q;}' ./src/config/config.sub
[  168s] + timestamp=20161119
[  168s] + test -n 20161119
[  168s] + test 20161119 -ge 20160911
[  168s] + module purge
[  168s] + '[' -z '' ']'
[  168s] + case "$-" in
[  168s] + __lmod_sh_dbg=x
[  168s] + '[' -n x ']'
[  168s] + set +x
[  168s] Shell debugging temporarily silenced: export LMOD_SH_DBG_ON=1 for Lmod's output
[  169s] sh: line 1: /usr/bin/ps: No such file or directory
[  170s] Shell debugging restarted
[  170s] + unset __lmod_sh_dbg
[  170s] + return 0
[  170s] + export CC=gcc
[  170s] + CC=gcc
[  170s] + export CXX=g++
[  170s] + CXX=g++
[  170s] + export FC=gfortran
[  170s] + FC=gfortran
[  170s] + export F77=gfortran
[  170s] + F77=gfortran
[  170s] + module load gnu/13
[  170s] + '[' -z '' ']'
[  170s] + case "$-" in
[  170s] + __lmod_sh_dbg=x
[  170s] + '[' -n x ']'
[  170s] + set +x
[  170s] Shell debugging temporarily silenced: export LMOD_SH_DBG_ON=1 for Lmod's output
[  170s] sh: line 1: /usr/bin/ps: No such file or directory
[  172s] Shell debugging restarted
[  172s] + unset __lmod_sh_dbg
[  172s] + return 0
[  172s] + module load openmpi
[  172s] + '[' -z '' ']'
[  172s] + case "$-" in
[  172s] + __lmod_sh_dbg=x
[  172s] + '[' -n x ']'
[  172s] + set +x
[  172s] Shell debugging temporarily silenced: export LMOD_SH_DBG_ON=1 for Lmod's output
[  172s] sh: line 1: /usr/bin/ps: No such file or directory
[  180s] Lmod has detected the following error: The following module(s) are unknown:
[  180s] "openmpi"
[  180s] 
[  180s] Please check the spelling or version number. Also try "module spider ..."
[  180s] It is also possible your cache file is out-of-date; it may help to try:
[  180s]   $ module --ignore_cache load "openmpi"
[  180s] 
[  180s] Also make sure that all modulefiles written in TCL start with the string
[  180s] #%Module
[  180s] 
[  180s] 
[  180s] 
[  180s] Shell debugging restarted
[  180s] + unset __lmod_sh_dbg
[  180s] + return 1
[  180s] error: Bad exit status from /var/tmp/rpm-tmp.6ihFMb (%build)
[  180s] 
[  180s] RPM build warnings:
[  180s]     extra tokens at the end of %else directive in line 374:  %else # with hpc
[  180s] 
[  180s]     extra tokens at the end of %endif directive in line 417:  %endif # build_all
[  180s] 
[  180s]     extra tokens at the end of %endif directive in line 537:  %endif # build_all
[  180s] 
[  180s]     extra tokens at the end of %endif directive in line 600:  %endif # build_all
[  180s] 
[  180s]     extra tokens at the end of %endif directive in line 630:  %endif # build_all
[  180s] 
[  180s] 
[  180s] RPM build errors:
[  180s]     Bad exit status from /var/tmp/rpm-tmp.6ihFMb (%build)
[  181s] ### VM INTERACTION START ###
[  181s] [0;1;38;5;185mFailed to write wtmp record, ignoring: Read-only file system[0m
[  181s] [0;1;38;5;185mFailed to write utmp record: Read-only file system[0m
[  181s] Powering off.
[  181s] [  174.695867][ T3762] reboot: Power down
[  181s] ### VM INTERACTION END ###
[  181s] 
[  181s] old-cirrus3 failed "build hypre.spec" at Mon Mar 20 20:58:35 UTC 2023.
[  181s] 
