[    0s] Using BUILD_ROOT=/var/cache/obs/worker/root_7/.mount
[    0s] Using BUILD_ARCH=riscv64
[    0s] Doing kvm build in /var/cache/obs/worker/root_7/root
[    0s] 
[    0s] 
[    0s] lamb53 started "build hypre.spec" at Wed Mar 22 09:31:56 UTC 2023.
[    0s] 
[    0s] Building hypre:gnu-openmpi2-hpc for project 'openSUSE:Factory:RISCV' repository 'standard' arch 'riscv64' srcmd5 'ff86510673399c7794c2e723ccc370dd'
[    0s] 
[    0s] processing recipe /var/cache/obs/worker/root_7/.build-srcdir/hypre.spec ...
[    1s] running changelog2spec --target rpm --file /var/cache/obs/worker/root_7/.build-srcdir/hypre.spec
[    1s] init_buildsystem --configdir /var/run/obs/worker/7/build/configs --cachedir /var/cache/build --prepare --buildflavor gnu-openmpi2-hpc --clean --rpmlist /var/cache/obs/worker/root_7/.build.rpmlist /var/cache/obs/worker/root_7/.build-srcdir/hypre.spec build ...
[    1s] unpacking preinstall image openSUSE:Factory:RISCV/standard/preinstallimage-base [6c787d53e9e0a0301c3756e0304cf3cc]
[    4s] 
[    4s] copying packages...
[    4s] reordering...cycle: python310-base -> libpython3_10-1_0
[    4s]   breaking dependency python310-base -> libpython3_10-1_0
[    4s] cycle: libefa1 -> libibverbs1 -> libibverbs
[    4s]   breaking dependency libibverbs -> libefa1
[    4s] cycle: libibverbs1 -> libibverbs
[    4s]   breaking dependency libibverbs -> libibverbs1
[    4s] cycle: libibverbs1 -> libibverbs -> libmlx4-1
[    4s]   breaking dependency libibverbs -> libmlx4-1
[    4s] cycle: libibverbs1 -> libibverbs -> libmlx5-1
[    4s]   breaking dependency libmlx5-1 -> libibverbs1
[    4s] cycle: openmpi_2_1_6-gnu-hpc -> libopenmpi_2_1_6-gnu-hpc
[    4s]   breaking dependency libopenmpi_2_1_6-gnu-hpc -> openmpi_2_1_6-gnu-hpc
[    4s] done
[    5s] Detected virtio-serial support
[    6s] booting kvm...
[    6s] ### VM INTERACTION START ###
[    6s] Using virtio-serial support
[    6s] /usr/bin/qemu-kvm -nodefaults -no-reboot -nographic -vga none -cpu host -M pc,accel=kvm,usb=off,dump-guest-core=off,vmport=off -sandbox on -bios /usr/share/qemu/qboot.rom -object rng-random,filename=/dev/random,id=rng0 -device virtio-rng-pci,rng=rng0 -object iothread,id=io0 -runas qemu -net none -kernel /var/cache/obs/worker/root_7/.mount/boot/kernel -initrd /var/cache/obs/worker/root_7/.mount/boot/initrd -append root=/dev/disk/by-id/virtio-0 rootfstype=ext4 rootflags=noatime kvmclock mitigations=off elevator=noop nmi_watchdog=0 rw rd.driver.pre=binfmt_misc oops=panic panic=1 quiet console=hvc0 init=/.build/initvm.x86_64 -m 8192 -drive file=/var/cache/obs/worker/root_7/root,format=raw,if=none,id=disk,cache=unsafe,aio=io_uring -device virtio-blk-pci,iothread=io0,drive=disk,serial=0 -drive file=/var/cache/obs/worker/root_7/swap,format=raw,if=none,id=swap,cache=unsafe,aio=io_uring -device virtio-blk-pci,iothread=io0,drive=swap,serial=1 -device virtio-serial,max_ports=2 -device virtconsole,chardev=virtiocon0 -chardev stdio,id=virtiocon0 -chardev socket,id=monitor,server=on,wait=off,path=/var/cache/obs/worker/root_7/root.qemu/monitor -mon chardev=monitor,mode=readline -smp 8
[   11s] ### VM INTERACTION END ###
[   11s] 2nd stage started in virtual machine
[   11s] machine type: riscv64
[   12s] Linux version: 6.2.6-1-default #1 SMP PREEMPT_DYNAMIC Mon Mar 13 10:57:27 UTC 2023 (fa1a4c6)
[   12s] Increasing log level from now on...
[   12s] [    5.559121][  T410] sysrq: Changing Loglevel
[   12s] [    5.559272][  T410] sysrq: Loglevel set to 4
[   12s] Enable sysrq operations
[   12s] Setting up swapspace version 1, size = 2 GiB (2097147904 bytes)
[   12s] no label, UUID=981ecaee-04ad-46dd-b31f-1c833e237a41
[   12s] swapon: /dev/vdb: found signature [pagesize=4096, signature=swap]
[   12s] swapon: /dev/vdb: pagesize=4096, swapsize=2097152000, devsize=2097152000
[   13s] swapon /dev/vdb
[   13s] WARNING: udev not running, creating extra device nodes
[   13s] logging output to //.build.log...
[   14s] processing recipe /.build-srcdir/hypre.spec ...
[   14s] init_buildsystem --configdir /.build/configs --cachedir /var/cache/build --buildflavor gnu-openmpi2-hpc /.build-srcdir/hypre.spec build ...
[   14s] initializing rpm db...
[   15s] querying package ids...
[   44s] [1/203] preinstalled aaa_base-84.87+git20220822.6b9f7a3-1.1
[   44s] [2/203] preinstalled aaa_base-malloccheck-84.87+git20220822.6b9f7a3-1.1
[   44s] [3/203] preinstalled attr-2.5.1-1.1
[   44s] [4/203] preinstalled bash-5.2.15-8.1
[   44s] [5/203] preinstalled bash-sh-5.2.15-8.1
[   44s] [6/203] preinstalled binutils-2.40-2.1
[   44s] [7/203] preinstalled brp-check-suse-84.87+git20221115.2f7add6-1.1
[   44s] [8/203] preinstalled build-compare-20221206T204012.bb70754-1.2
[   44s] [9/203] preinstalled build-mkbaselibs-20230314-1.1
[   44s] [10/203] preinstalled bzip2-1.0.8-5.1
[   44s] [11/203] preinstalled chkstat-1599_20230217-1.1
[   44s] [12/203] preinstalled compat-usrmerge-build-84.87-5.1
[   44s] [13/203] preinstalled compat-usrmerge-tools-84.87-5.1
[   44s] [14/203] preinstalled coreutils-9.1-5.1
[   44s] [15/203] preinstalled cpio-2.13-5.1
[   44s] [16/203] preinstalled cpp-13-1.1
[   44s] [17/203] preinstalled cpp13-13.0.1+git6669-7.1
[   44s] [18/203] cumulate crypto-policies-20210917.c9d86d1-1.1
[   44s] [19/203] preinstalled debugedit-5.0-5.1
[   44s] [20/203] preinstalled diffutils-3.9-1.1
[   44s] [21/203] preinstalled dwz-0.15-2.1
[   44s] [22/203] preinstalled elfutils-0.189-2.1
[   44s] [23/203] cumulate fdupes-2.2.1-1.1
[   44s] [24/203] preinstalled file-5.44-1.2
[   44s] [25/203] preinstalled file-magic-5.44-1.2
[   44s] [26/203] preinstalled filesystem-84.87-12.1
[   44s] [27/203] preinstalled fillup-1.42-279.1
[   44s] [28/203] preinstalled findutils-4.9.0-2.1
[   44s] [29/203] preinstalled gawk-5.2.1-2.1
[   44s] [30/203] preinstalled gcc-13-1.1
[   44s] [31/203] preinstalled gcc-PIE-13-1.1
[   44s] [32/203] preinstalled gcc13-13.0.1+git6669-7.1
[   44s] [33/203] preinstalled gcc13-PIE-13.0.1+git6669-7.1
[   44s] [34/203] preinstalled gettext-runtime-mini-0.21.1-1.1
[   44s] [35/203] preinstalled gettext-tools-mini-0.21.1-1.1
[   44s] [36/203] preinstalled glibc-2.37-1.1
[   44s] [37/203] preinstalled glibc-devel-2.37-1.1
[   44s] [38/203] preinstalled glibc-locale-base-2.37-1.1
[   44s] [39/203] preinstalled grep-3.9-1.1
[   44s] [40/203] preinstalled gzip-1.12-3.1
[   44s] [41/203] preinstalled kernel-obs-build-6.2.6-1.2
[   44s] [42/203] preinstalled libacl1-2.3.1-2.1
[   44s] [43/203] preinstalled libasan8-13.0.1+git6669-7.1
[   44s] [44/203] preinstalled libasm1-0.189-2.1
[   44s] [45/203] preinstalled libatomic1-13.0.1+git6669-7.1
[   44s] [46/203] preinstalled libattr1-2.5.1-1.1
[   44s] [47/203] preinstalled libaudit1-3.0.9-1.1
[   44s] [48/203] preinstalled libblkid1-2.38.1-10.1
[   44s] [49/203] preinstalled libbz2-1-1.0.8-5.1
[   44s] [50/203] preinstalled libcap-ng0-0.8.3-1.1
[   44s] [51/203] preinstalled libcap2-2.67-1.1
[   44s] [52/203] cumulate libcbor0_10-0.10.2-1.1
[   44s] [53/203] cumulate libcom_err2-1.46.5-4.1
[   44s] [54/203] preinstalled libcrypt1-4.4.33-2.1
[   44s] [55/203] preinstalled libctf-nobfd0-2.40-2.1
[   44s] [56/203] preinstalled libctf0-2.40-2.1
[   44s] [57/203] preinstalled libdb-4_8-4.8.30-40.1
[   44s] [58/203] preinstalled libdw1-0.189-2.1
[   44s] [59/203] preinstalled libeconf0-0.5.1-1.1
[   44s] [60/203] cumulate libedit0-20210910.3.1-1.1
[   44s] [61/203] preinstalled libelf1-0.189-2.1
[   44s] [62/203] cumulate libexpat1-2.5.0-2.1
[   44s] [63/203] preinstalled libfdisk1-2.38.1-10.1
[   44s] [64/203] cumulate libffi8-3.4.4-1.1
[   44s] [65/203] preinstalled libgcc_s1-13.0.1+git6669-7.1
[   44s] [66/203] preinstalled libgcrypt20-1.10.1-2.1
[   44s] [67/203] preinstalled libgdbm6-1.23-1.1
[   44s] [68/203] preinstalled libgdbm_compat4-1.23-1.1
[   44s] [69/203] cumulate libgfortran5-13.0.1+git6669-7.1
[   44s] [70/203] preinstalled libgmp10-6.2.1-4.1
[   44s] [71/203] preinstalled libgomp1-13.0.1+git6669-7.1
[   44s] [72/203] preinstalled libgpg-error0-1.46-1.1
[   44s] [73/203] cumulate libibumad3-42.0-2.1
[   44s] [74/203] preinstalled libisl23-0.25-1.1
[   44s] [75/203] preinstalled libitm1-13.0.1+git6669-7.1
[   44s] [76/203] cumulate libkeyutils1-1.6.3-5.1
[   44s] [77/203] preinstalled liblua5_4-5-5.4.4-8.1
[   44s] [78/203] preinstalled liblzma5-5.4.1-2.1
[   44s] [79/203] preinstalled libmagic1-5.44-1.2
[   44s] [80/203] preinstalled libmount1-2.38.1-10.1
[   44s] [81/203] preinstalled libmpc3-1.3.1-1.2
[   44s] [82/203] cumulate libmpdec3-2.5.1-2.1
[   44s] [83/203] preinstalled libmpfr6-4.2.0-1.1
[   44s] [84/203] preinstalled libncurses6-6.4.20230311-8.1
[   44s] [85/203] cumulate libnl-config-3.7.0-1.1
[   44s] [86/203] preinstalled libpcre2-8-0-10.42-3.2
[   44s] [87/203] preinstalled libpkgconf3-1.8.0-2.1
[   44s] [88/203] preinstalled libpopt0-1.19-1.1
[   44s] [89/203] preinstalled libreadline8-8.2-2.1
[   44s] [90/203] cumulate librhash0-1.4.3-1.1
[   44s] [91/203] preinstalled librpmbuild9-4.18.0-4.1
[   44s] [92/203] preinstalled libseccomp2-2.5.4-2.1
[   44s] [93/203] preinstalled libselinux1-3.5-1.1
[   44s] [94/203] preinstalled libsemanage-conf-3.5-1.1
[   44s] [95/203] preinstalled libsemanage2-3.5-1.1
[   44s] [96/203] preinstalled libsepol2-3.5-1.1
[   44s] [97/203] preinstalled libsmartcols1-2.38.1-10.1
[   44s] [98/203] preinstalled libstdc++6-13.0.1+git6669-7.1
[   44s] [99/203] cumulate libstdc++6-devel-gcc13-13.0.1+git6669-7.1
[   44s] [100/203] preinstalled libsubid4-4.13-4.1
[   44s] [101/203] cumulate libsystemd0-mini-253.1-2.1
[   44s] [102/203] preinstalled libubsan1-13.0.1+git6669-7.1
[   44s] [103/203] cumulate libudev-mini1-253.1-2.1
[   44s] [104/203] preinstalled libutempter0-1.2.0-3.2
[   44s] [105/203] preinstalled libuuid1-2.38.1-10.1
[   44s] [106/203] cumulate libuv1-1.44.2-3.1
[   44s] [107/203] cumulate libverto1-0.3.2-1.1
[   44s] [108/203] preinstalled libxcrypt-devel-4.4.33-2.1
[   44s] [109/203] preinstalled libz1-1.2.13-3.1
[   44s] [110/203] preinstalled libzstd1-1.5.4-2.1
[   44s] [111/203] preinstalled linux-glibc-devel-6.2-1.1
[   44s] [112/203] preinstalled login_defs-4.13-4.1
[   44s] [113/203] preinstalled lua54-5.4.4-8.1
[   44s] [114/203] cumulate lua54-luafilesystem-1.8.0-6.1
[   44s] [115/203] cumulate lua54-luaposix-35.1-2.1
[   44s] [116/203] cumulate lua54-luaterm-0.07-8.1
[   44s] [117/203] preinstalled make-4.4.1-1.1
[   44s] [118/203] preinstalled ncurses-utils-6.4.20230311-8.1
[   44s] [119/203] cumulate openmpi4-config-4.1.4-2.1
[   44s] [120/203] preinstalled pam-1.5.2-13.1
[   44s] [121/203] preinstalled patch-2.7.6-6.1
[   44s] [122/203] preinstalled perl-5.36.0-4.1
[   44s] [123/203] preinstalled perl-base-5.36.0-4.1
[   44s] [124/203] preinstalled permissions-1599_20230217-1.1
[   44s] [125/203] preinstalled permissions-config-1599_20230217-1.1
[   44s] [126/203] preinstalled pkgconf-1.8.0-2.1
[   44s] [127/203] preinstalled pkgconf-m4-1.8.0-2.1
[   44s] [128/203] preinstalled pkgconf-pkg-config-1.8.0-2.1
[   44s] [129/203] preinstalled polkit-default-privs-1550+20230307.7f42172-1.1
[   44s] [130/203] preinstalled post-build-checks-84.87+git20230302.ff58c9e-1.1
[   44s] [131/203] cumulate python-rpm-macros-20230304.050c1a4-1.1
[   44s] [132/203] preinstalled qemu-linux-user-7.1.0-54.1
[   44s] [133/203] preinstalled rpm-4.18.0-4.1
[   44s] [134/203] preinstalled rpm-build-4.18.0-4.1
[   44s] [135/203] preinstalled rpm-build-perl-4.18.0-4.1
[   44s] [136/203] preinstalled rpm-config-SUSE-20220926-1.1
[   44s] [137/203] preinstalled rpmlint-mini-2.4.0+git20230316.e10f602-9.19
[   44s] [138/203] preinstalled rpmlint-strict-2.4.0+git20230316.e10f602-1.1
[   44s] [139/203] preinstalled sed-4.9-2.1
[   44s] [140/203] preinstalled shadow-4.13-4.1
[   44s] [141/203] cumulate suse-hpc-0.5.20220525.fd76646-1.1
[   44s] [142/203] cumulate suse-module-tools-16.0.30-1.1
[   44s] [143/203] preinstalled system-group-hardware-20170617-24.1
[   44s] [144/203] cumulate system-group-kvm-20170617-24.1
[   44s] [145/203] preinstalled system-user-root-20190513-2.1
[   44s] [146/203] cumulate systemd-mini-253.1-2.1
[   44s] [147/203] preinstalled systemd-rpm-macros-19-1.1
[   44s] [148/203] preinstalled sysuser-shadow-3.1-5.1
[   44s] [149/203] preinstalled tar-1.34-10.1
[   44s] [150/203] cumulate tcl-8.6.13-4.1
[   44s] [151/203] preinstalled terminfo-base-6.4.20230311-8.1
[   44s] [152/203] preinstalled update-alternatives-1.21.8-1.1
[   44s] [153/203] preinstalled util-linux-2.38.1-10.1
[   44s] [154/203] preinstalled which-2.21-5.1
[   44s] [155/203] preinstalled xz-5.4.1-2.1
[   44s] [156/203] cumulate gcc13-c++-13.0.1+git6669-7.1
[   44s] [157/203] cumulate gcc13-fortran-13.0.1+git6669-7.1
[   44s] [158/203] cumulate libhidapi-hidraw0-0.13.1-1.1
[   44s] [159/203] cumulate libibmad5-42.0-2.1
[   44s] [160/203] cumulate libnl3-200-3.7.0-1.1
[   44s] [161/203] cumulate libopenssl3-3.0.8-2.1
[   44s] [162/203] cumulate krb5-mini-1.20.1-4.1
[   44s] [163/203] cumulate lua-lmod-8.7.17-2.1
[   44s] [164/203] cumulate gcc-c++-13-1.1
[   44s] [165/203] cumulate gcc-fortran-13-1.1
[   44s] [166/203] cumulate gnu-compilers-hpc-1.4-10.2
[   45s] [167/203] cumulate openssh-common-8.9p1-7.3
[   45s] [168/203] cumulate kmod-30-2.2
[   45s] [169/203] cumulate libibnetdisc5-42.0-2.1
[   45s] [170/203] cumulate libfido2-1-1.13.0-1.1
[   45s] [171/203] cumulate libsuperlu_5_3_0-gnu-hpc-5.3.0-1.4
[   45s] [172/203] cumulate infiniband-diags-42.0-2.1
[   45s] [173/203] cumulate libopenblas_0_3_21-gnu-hpc-0.3.21-5.2
[   45s] [174/203] cumulate udev-mini-253.1-2.1
[   45s] [175/203] cumulate gnu-compilers-hpc-devel-1.4-10.2
[   45s] [176/203] cumulate openssh-clients-8.9p1-7.3
[   45s] [177/203] cumulate openssh-server-8.9p1-7.3
[   45s] [178/203] cumulate gnu-compilers-hpc-macros-devel-1.4-10.2
[   45s] [179/203] cumulate openssh-8.9p1-7.3
[   45s] [180/203] cumulate libopenblas_0_3_21-gnu-hpc-devel-0.3.21-5.2
[   45s] [181/203] cumulate rdma-core-42.0-2.1
[   45s] [182/203] cumulate libopenblas-gnu-hpc-devel-0.3.21-5.2
[   45s] [183/203] cumulate superlu_5_3_0-gnu-hpc-devel-5.3.0-1.4
[   45s] [184/203] cumulate superlu-gnu-hpc-devel-5.3.0-1.4
[   45s] [185/203] cumulate libmlx5-1-42.0-2.1
[   45s] [186/203] cumulate python310-base-3.10.10-2.1
[   45s] [187/203] cumulate libpython3_10-1_0-3.10.10-2.1
[   45s] [188/203] cumulate python310-packaging-23.0-2.1
[   45s] [189/203] cumulate cmake-mini-3.25.3-1.1
[   45s] [190/203] cumulate libibverbs-42.0-2.1
[   45s] [191/203] cumulate cmake-3.25.3-1.1
[   45s] [192/203] cumulate libibverbs1-42.0-2.1
[   45s] [193/203] cumulate python-rpm-packaging-20210526+a18ca48-1.2
[   45s] [194/203] cumulate libefa1-42.0-2.1
[   45s] [195/203] cumulate libmlx4-1-42.0-2.1
[   45s] [196/203] cumulate librdmacm1-42.0-2.1
[   45s] [197/203] cumulate rsocket-42.0-2.1
[   45s] [198/203] cumulate libopenmpi_2_1_6-gnu-hpc-2.1.6-14.2
[   45s] [199/203] cumulate openmpi_2_1_6-gnu-hpc-2.1.6-14.2
[   45s] [200/203] cumulate rdma-core-devel-42.0-2.1
[   45s] [201/203] cumulate openmpi_2_1_6-gnu-hpc-devel-2.1.6-14.2
[   45s] [202/203] cumulate openmpi_2_1_6-gnu-hpc-macros-devel-2.1.6-14.2
[   45s] [203/203] cumulate openmpi2-gnu-hpc-macros-devel-2.1.6-14.2
[   45s] now installing cumulated packages
[   46s] Preparing...                          ########################################
[   46s] Updating / installing...
[   46s] libibumad3-42.0-2.1                   ########################################
[   46s] libgfortran5-13.0.1+git6669-7.1       ########################################
[   57s] gcc13-fortran-13.0.1+git6669-7.1      ########################################
[   57s] libibmad5-42.0-2.1                    ########################################
[   57s] systemd-mini-253.1-2.1                warning: group systemd-journal does not exist - using root
[   58s] ########################################
[   59s] Creating group 'systemd-journal' with GID 486.
[   59s] Creating group 'systemd-timesync' with GID 485.
[   59s] Creating user 'systemd-timesync' (systemd Time Synchronization) with UID 485 and GID 485.
[   59s] Running in chroot, ignoring command 'daemon-reexec'
[   60s] /usr/lib/tmpfiles.d/journal-nocow.conf:26: Failed to resolve specifier: uninitialized /etc/ detected, skipping.
[   60s] All rules containing unresolvable specifiers will be skipped.
[   61s] libudev-mini1-253.1-2.1               ########################################
[   61s] libexpat1-2.5.0-2.1                   ########################################
[   61s] libcom_err2-1.46.5-4.1                ########################################
[   61s] libhidapi-hidraw0-0.13.1-1.1          ########################################
[   61s] libibnetdisc5-42.0-2.1                ########################################
[   61s] infiniband-diags-42.0-2.1             ########################################
[   61s] gcc-fortran-13-1.1                    ########################################
[   63s] tcl-8.6.13-4.1                        ########################################
[   63s] /usr/bin/systemd-sysusers --replace=/usr/lib/sysusers.d/system-group-kvm.conf -
[   63s] Creating group 'kvm' with GID 36.
[   63s] system-group-kvm-20170617-24.1        ########################################
[   63s] python-rpm-macros-20230304.050c1a4-1.1########################################
[   63s] openmpi4-config-4.1.4-2.1             ########################################
[   63s] lua54-luaterm-0.07-8.1                ########################################
[   63s] lua54-luaposix-35.1-2.1               ########################################
[   63s] lua54-luafilesystem-1.8.0-6.1         ########################################
[   64s] lua-lmod-8.7.17-2.1                   ########################################
[   64s] gnu-compilers-hpc-1.4-10.2            ########################################
[   64s] libsuperlu_5_3_0-gnu-hpc-5.3.0-1.4    ########################################
[   66s] libopenblas_0_3_21-gnu-hpc-0.3.21-5.2 ########################################
[   66s] libverto1-0.3.2-1.1                   ########################################
[   66s] libuv1-1.44.2-3.1                     ########################################
[   66s] libsystemd0-mini-253.1-2.1            ########################################
[   84s] libstdc++6-devel-gcc13-13.0.1+git6669-########################################
[   90s] gcc13-c++-13.0.1+git6669-7.1          ########################################
[   90s] gcc-c++-13-1.1                        ########################################
[   90s] gnu-compilers-hpc-devel-1.4-10.2      ########################################
[   90s] libopenblas_0_3_21-gnu-hpc-devel-0.3.2########################################
[   90s] libopenblas-gnu-hpc-devel-0.3.21-5.2  ########################################
[   90s] superlu_5_3_0-gnu-hpc-devel-5.3.0-1.4 ########################################
[   90s] librhash0-1.4.3-1.1                   ########################################
[   90s] libnl-config-3.7.0-1.1                ########################################
[   90s] libnl3-200-3.7.0-1.1                  ########################################
[   90s] libmpdec3-2.5.1-2.1                   ########################################
[   90s] libkeyutils1-1.6.3-5.1                ########################################
[   91s] krb5-mini-1.20.1-4.1                  ########################################
[   92s] Updating /etc/sysconfig/kadmind ...
[   92s] Updating /etc/sysconfig/krb5kdc ...
[   93s] libffi8-3.4.4-1.1                     ########################################
[   93s] libedit0-20210910.3.1-1.1             ########################################
[   93s] libcbor0_10-0.10.2-1.1                ########################################
[   93s] crypto-policies-20210917.c9d86d1-1.1  ########################################
[   94s] libopenssl3-3.0.8-2.1                 ########################################
[   95s] libpython3_10-1_0-3.10.10-2.1         ########################################
[  100s] python310-base-3.10.10-2.1            ########################################
[  101s] suse-module-tools-16.0.30-1.1         ########################################
[  101s] kmod-30-2.2                           ########################################
[  102s] openssh-common-8.9p1-7.3              ########################################
[  102s] libfido2-1-1.13.0-1.1                 ########################################
[  102s] openssh-clients-8.9p1-7.3             ########################################
[  103s] /usr/bin/systemd-sysusers --replace=/usr/lib/sysusers.d/sshd.conf -
[  103s] Creating group 'sshd' with GID 484.
[  103s] Creating user 'sshd' (SSH daemon) with UID 484 and GID 484.
[  103s] openssh-server-8.9p1-7.3              ########################################
[  103s] Updating /etc/sysconfig/ssh ...
[  104s] openssh-8.9p1-7.3                     ########################################
[  105s] udev-mini-253.1-2.1                   ########################################
[  114s] Failed to preset unit, unit remote-cryptsetup.target does not exist.
[  115s] rdma-core-42.0-2.1                    ########################################
[  115s] libmlx5-1-42.0-2.1                    ########################################
[  115s] libefa1-42.0-2.1                      ########################################
[  115s] libmlx4-1-42.0-2.1                    ########################################
[  115s] libibverbs1-42.0-2.1                  ########################################
[  116s] libibverbs-42.0-2.1                   ########################################
[  116s] librdmacm1-42.0-2.1                   ########################################
[  116s] rsocket-42.0-2.1                      ########################################
[  116s] rdma-core-devel-42.0-2.1              ########################################
[  117s] libopenmpi_2_1_6-gnu-hpc-2.1.6-14.2   ########################################
[  117s] openmpi_2_1_6-gnu-hpc-2.1.6-14.2      ########################################
[  117s] openmpi_2_1_6-gnu-hpc-devel-2.1.6-14.2########################################
[  117s] openmpi_2_1_6-gnu-hpc-macros-devel-2.1########################################
[  117s] python310-packaging-23.0-2.1          ########################################
[  125s] cmake-mini-3.25.3-1.1                 ########################################
[  125s] cmake-3.25.3-1.1                      ########################################
[  125s] python-rpm-packaging-20210526+a18ca48-########################################
[  125s] openmpi2-gnu-hpc-macros-devel-2.1.6-14########################################
[  125s] superlu-gnu-hpc-devel-5.3.0-1.4       ########################################
[  125s] gnu-compilers-hpc-macros-devel-1.4-10.########################################
[  125s] suse-hpc-0.5.20220525.fd76646-1.1     ########################################
[  125s] fdupes-2.2.1-1.1                      ########################################
[  126s] regenerate-initrd-posttrans: dracut is not installed, not rebuilding the initrd
[  127s] regenerate-initrd-posttrans: dracut is not installed, not rebuilding the initrd
[  132s] now finalizing build dir...
[  132s] ... running 01-add_abuild_user_to_trusted_group
[  132s] ... running 02-set_timezone_to_utc
[  133s] ... running 03-set-permissions-secure
[  133s] ... running 11-hack_uname_version_to_kernel_version
[  136s] sh: line 1: /usr/bin/ps: No such file or directory
[  143s] Warning: spec file parser line 431: can't expand %(...)
[  143s] Warning: spec file parser line 441: can't expand %(...)
[  143s] Warning: spec file parser line 451: can't expand %(...)
[  143s] Warning: spec file parser line 453: can't expand %(...)
[  143s] Warning: spec file parser line 464: can't expand %(...)
[  143s] Warning: spec file parser line 586: can't expand %(...)
[  143s] Warning: spec file parser line 587: can't expand %(...)
[  143s] Warning: spec file parser line 589: can't expand %(...)
[  143s] Warning: spec file parser line 595: can't expand %(...)
[  143s] Warning: spec file parser line 606: can't expand %(...)
[  143s] Warning: spec file parser line 609: can't expand %(...)
[  143s] Warning: spec file parser line 615: can't expand %(...)
[  143s] -----------------------------------------------------------------
[  143s] I have the following modifications for hypre.spec:
[  143s] 19c19
[  143s] < %global flavor @BUILD_FLAVOR@%{?nil}
[  143s] ---
[  143s] > %global flavor gnu-openmpi2-hpc%{?nil}
[  143s] 390c390
[  143s] < Release:        0
[  143s] ---
[  143s] > Release:        1.7
[  150s] build target is riscv64-suse-linux
[  150s] -----------------------------------------------------------------
[  150s] ----- building hypre.spec (user abuild)
[  150s] -----------------------------------------------------------------
[  150s] -----------------------------------------------------------------
[  154s] sh: line 1: /usr/bin/ps: No such file or directory
[  155s] + exec rpmbuild -ba --define '_srcdefattr (-,root,root)' --nosignature --target=riscv64-suse-linux --define '_build_create_debug 1' --define 'disturl obs://build.opensuse.org/openSUSE:Factory:RISCV/standard/ff86510673399c7794c2e723ccc370dd-hypre:gnu-openmpi2-hpc' /home/abuild/rpmbuild/SOURCES/hypre.spec
[  156s] warning: extra tokens at the end of %else directive in line 374:  %else # with hpc
[  156s] 
[  156s] Building target platforms: riscv64-suse-linux
[  156s] Building for target riscv64-suse-linux
[  156s]  Building for gnu 
[  156s]  hpc_gnu_init 
[  156s] warning: extra tokens at the end of %endif directive in line 417:  %endif # build_all
[  156s] 
[  164s] warning: extra tokens at the end of %endif directive in line 537:  %endif # build_all
[  164s] 
[  166s] warning: extra tokens at the end of %endif directive in line 600:  %endif # build_all
[  166s] 
[  167s] warning: extra tokens at the end of %endif directive in line 630:  %endif # build_all
[  167s] 
[  168s] setting SOURCE_DATE_EPOCH=1611878400
[  168s] Executing(%prep): /usr/bin/bash -e /var/tmp/rpm-tmp.IO1qty
[  168s] + umask 022
[  168s] + cd /home/abuild/rpmbuild/BUILD
[  168s] + cd /home/abuild/rpmbuild/BUILD
[  168s] + rm -rf hypre-2.20.0
[  168s] + /usr/lib/rpm/rpmuncompress -x /home/abuild/rpmbuild/SOURCES/hypre-2.20.0.tar.gz
[  170s] + STATUS=0
[  170s] + '[' 0 -ne 0 ']'
[  170s] + cd hypre-2.20.0
[  170s] + /usr/bin/chmod -Rf a+rX,u+w,g-w,o-w .
[  170s] + echo 'Patch #0 (hypre_Makefile_examples.patch):'
[  170s] Patch #0 (hypre_Makefile_examples.patch):
[  170s] + /usr/bin/patch --no-backup-if-mismatch -f -p0 --fuzz=0
[  170s] patching file src/examples/Makefile
[  170s] Hunk #1 succeeded at 33 (offset 1 line).
[  170s] + echo 'Patch #1 (Add-library-version.patch):'
[  170s] Patch #1 (Add-library-version.patch):
[  170s] + /usr/bin/patch --no-backup-if-mismatch -f -p0 --fuzz=0
[  170s] patching file src/CMakeLists.txt
[  170s] + RPM_EC=0
[  170s] ++ jobs -p
[  170s] + exit 0
[  170s] Executing(%build): /usr/bin/bash -e /var/tmp/rpm-tmp.JtRtZR
[  170s] + umask 022
[  170s] + cd /home/abuild/rpmbuild/BUILD
[  170s] + /usr/bin/rm -rf /home/abuild/rpmbuild/BUILDROOT/hypre_2_20_0-gnu-openmpi2-hpc-2.20.0-1.7.riscv64
[  170s] ++ dirname /home/abuild/rpmbuild/BUILDROOT/hypre_2_20_0-gnu-openmpi2-hpc-2.20.0-1.7.riscv64
[  170s] + /usr/bin/mkdir -p /home/abuild/rpmbuild/BUILDROOT
[  170s] + /usr/bin/mkdir /home/abuild/rpmbuild/BUILDROOT/hypre_2_20_0-gnu-openmpi2-hpc-2.20.0-1.7.riscv64
[  170s] + cd hypre-2.20.0
[  170s] + ref=/usr/lib/rpm
[  170s] + mints=0
[  170s] + case $(uname -m) in
[  171s] ++ uname -m
[  171s] + mints=20160911
[  171s] + for s in guess sub
[  171s] ++ find -maxdepth 8 -name config.guess
[  171s] + for c in $(find -maxdepth 8 -name "config.$s")
[  171s] + grep -q config-patches@ ./src/config/config.guess
[  171s] ++ sed -n '/^timestamp=/{s///;s/[-'\''"]//g;p;q;}' ./src/config/config.guess
[  171s] + timestamp=20170302
[  171s] + test -n 20170302
[  171s] + test 20170302 -ge 20160911
[  171s] + for s in guess sub
[  171s] ++ find -maxdepth 8 -name config.sub
[  171s] + for c in $(find -maxdepth 8 -name "config.$s")
[  171s] + grep -q config-patches@ ./src/config/config.sub
[  171s] ++ sed -n '/^timestamp=/{s///;s/[-'\''"]//g;p;q;}' ./src/config/config.sub
[  171s] + timestamp=20161119
[  171s] + test -n 20161119
[  171s] + test 20161119 -ge 20160911
[  171s] + module purge
[  171s] + '[' -z '' ']'
[  171s] + case "$-" in
[  171s] + __lmod_sh_dbg=x
[  171s] + '[' -n x ']'
[  171s] + set +x
[  171s] Shell debugging temporarily silenced: export LMOD_SH_DBG_ON=1 for Lmod's output
[  172s] sh: line 1: /usr/bin/ps: No such file or directory
[  173s] Shell debugging restarted
[  173s] + unset __lmod_sh_dbg
[  173s] + return 0
[  173s] + export CC=gcc
[  173s] + CC=gcc
[  173s] + export CXX=g++
[  173s] + CXX=g++
[  173s] + export FC=gfortran
[  173s] + FC=gfortran
[  173s] + export F77=gfortran
[  173s] + F77=gfortran
[  173s] + module load gnu/13
[  173s] + '[' -z '' ']'
[  173s] + case "$-" in
[  173s] + __lmod_sh_dbg=x
[  173s] + '[' -n x ']'
[  173s] + set +x
[  173s] Shell debugging temporarily silenced: export LMOD_SH_DBG_ON=1 for Lmod's output
[  174s] sh: line 1: /usr/bin/ps: No such file or directory
[  175s] Shell debugging restarted
[  175s] + unset __lmod_sh_dbg
[  175s] + return 0
[  175s] + module load openmpi
[  175s] + '[' -z '' ']'
[  175s] + case "$-" in
[  175s] + __lmod_sh_dbg=x
[  175s] + '[' -n x ']'
[  175s] + set +x
[  175s] Shell debugging temporarily silenced: export LMOD_SH_DBG_ON=1 for Lmod's output
[  176s] sh: line 1: /usr/bin/ps: No such file or directory
[  177s] Shell debugging restarted
[  177s] + unset __lmod_sh_dbg
[  177s] + return 0
[  177s] + module load openblas
[  177s] + '[' -z '' ']'
[  177s] + case "$-" in
[  177s] + __lmod_sh_dbg=x
[  177s] + '[' -n x ']'
[  177s] + set +x
[  177s] Shell debugging temporarily silenced: export LMOD_SH_DBG_ON=1 for Lmod's output
[  178s] sh: line 1: /usr/bin/ps: No such file or directory
[  180s] Shell debugging restarted
[  180s] + unset __lmod_sh_dbg
[  180s] + return 0
[  180s] + module load superlu
[  180s] + '[' -z '' ']'
[  180s] + case "$-" in
[  180s] + __lmod_sh_dbg=x
[  180s] + '[' -n x ']'
[  180s] + set +x
[  180s] Shell debugging temporarily silenced: export LMOD_SH_DBG_ON=1 for Lmod's output
[  180s] sh: line 1: /usr/bin/ps: No such file or directory
[  188s] Lmod has detected the following error: The following module(s) are unknown:
[  188s] "superlu"
[  188s] 
[  188s] Please check the spelling or version number. Also try "module spider ..."
[  188s] It is also possible your cache file is out-of-date; it may help to try:
[  188s]   $ module --ignore_cache load "superlu"
[  188s] 
[  188s] Also make sure that all modulefiles written in TCL start with the string
[  188s] #%Module
[  188s] 
[  188s] 
[  188s] 
[  188s] Shell debugging restarted
[  188s] + unset __lmod_sh_dbg
[  188s] + return 1
[  188s] error: Bad exit status from /var/tmp/rpm-tmp.JtRtZR (%build)
[  188s] 
[  188s] RPM build warnings:
[  188s]     extra tokens at the end of %else directive in line 374:  %else # with hpc
[  188s] 
[  188s]     extra tokens at the end of %endif directive in line 417:  %endif # build_all
[  188s] 
[  188s]     extra tokens at the end of %endif directive in line 537:  %endif # build_all
[  188s] 
[  188s]     extra tokens at the end of %endif directive in line 600:  %endif # build_all
[  188s] 
[  188s]     extra tokens at the end of %endif directive in line 630:  %endif # build_all
[  188s] 
[  188s] 
[  188s] RPM build errors:
[  188s]     Bad exit status from /var/tmp/rpm-tmp.JtRtZR (%build)
[  188s] ### VM INTERACTION START ###
[  188s] [0;1;38;5;185mFailed to write wtmp record, ignoring: Read-only file system[0m
[  188s] [0;1;38;5;185mFailed to write utmp record: Read-only file system[0m
[  188s] Powering off.
[  188s] [  182.193217][ T3792] reboot: Power down
[  189s] ### VM INTERACTION END ###
[  189s] 
[  189s] lamb53 failed "build hypre.spec" at Wed Mar 22 09:35:05 UTC 2023.
[  189s] 
