[    0s] Using BUILD_ROOT=/var/cache/obs/worker/root_8/.mount
[    0s] Using BUILD_ARCH=riscv64
[    0s] Doing kvm build in /var/cache/obs/worker/root_8/root
[    0s] 
[    0s] 
[    0s] lamb51 started "build imb.spec" at Mon Mar 20 13:16:39 UTC 2023.
[    0s] 
[    0s] Building imb:gnu-mvapich2-hpc for project 'openSUSE:Factory:RISCV' repository 'standard' arch 'riscv64' srcmd5 '94ea27b1d7823c444d25290d615e62f2'
[    0s] 
[    0s] processing recipe /var/cache/obs/worker/root_8/.build-srcdir/imb.spec ...
[    0s] running changelog2spec --target rpm --file /var/cache/obs/worker/root_8/.build-srcdir/imb.spec
[    0s] init_buildsystem --configdir /var/run/obs/worker/8/build/configs --cachedir /var/cache/build --prepare --buildflavor gnu-mvapich2-hpc --clean --rpmlist /var/cache/obs/worker/root_8/.build.rpmlist /var/cache/obs/worker/root_8/.build-srcdir/imb.spec build ...
[    1s] unpacking preinstall image openSUSE:Factory:RISCV/standard/preinstallimage-base [068b7acb454ec5ffeefe0cf546ee1d7f]
[    4s] 
[    4s] copying packages...
[    4s] reordering...cycle: libefa1 -> libibverbs1 -> libibverbs
[    4s]   breaking dependency libibverbs -> libefa1
[    4s] cycle: libibverbs1 -> libibverbs
[    4s]   breaking dependency libibverbs -> libibverbs1
[    4s] cycle: libibverbs1 -> libibverbs -> libmlx4-1
[    4s]   breaking dependency libibverbs -> libmlx4-1
[    4s] cycle: libibverbs1 -> libibverbs -> libmlx5-1
[    4s]   breaking dependency libmlx5-1 -> libibverbs1
[    4s] done
[    4s] Detected virtio-serial support
[    5s] booting kvm...
[    5s] ### VM INTERACTION START ###
[    5s] Using virtio-serial support
[    5s] /usr/bin/qemu-kvm -nodefaults -no-reboot -nographic -vga none -cpu host -M pc,accel=kvm,usb=off,dump-guest-core=off,vmport=off -sandbox on -bios /usr/share/qemu/qboot.rom -object rng-random,filename=/dev/random,id=rng0 -device virtio-rng-pci,rng=rng0 -object iothread,id=io0 -runas qemu -net none -kernel /var/cache/obs/worker/root_8/.mount/boot/kernel -initrd /var/cache/obs/worker/root_8/.mount/boot/initrd -append root=/dev/disk/by-id/virtio-0 rootfstype=ext4 rootflags=noatime kvmclock mitigations=off elevator=noop nmi_watchdog=0 rw rd.driver.pre=binfmt_misc oops=panic panic=1 quiet console=hvc0 init=/.build/initvm.x86_64 -m 8192 -drive file=/var/cache/obs/worker/root_8/root,format=raw,if=none,id=disk,cache=unsafe,aio=io_uring -device virtio-blk-pci,iothread=io0,drive=disk,serial=0 -drive file=/var/cache/obs/worker/root_8/swap,format=raw,if=none,id=swap,cache=unsafe,aio=io_uring -device virtio-blk-pci,iothread=io0,drive=swap,serial=1 -device virtio-serial,max_ports=2 -device virtconsole,chardev=virtiocon0 -chardev stdio,id=virtiocon0 -chardev socket,id=monitor,server=on,wait=off,path=/var/cache/obs/worker/root_8/root.qemu/monitor -mon chardev=monitor,mode=readline -smp 8
[   10s] ### VM INTERACTION END ###
[   10s] 2nd stage started in virtual machine
[   11s] machine type: riscv64
[   11s] Linux version: 6.2.6-1-default #1 SMP PREEMPT_DYNAMIC Mon Mar 13 10:57:27 UTC 2023 (fa1a4c6)
[   11s] Increasing log level from now on...
[   11s] [    5.302247][  T405] sysrq: Changing Loglevel
[   11s] [    5.302374][  T405] sysrq: Loglevel set to 4
[   11s] Enable sysrq operations
[   11s] Setting up swapspace version 1, size = 2 GiB (2097147904 bytes)
[   11s] no label, UUID=19244344-2e37-4519-8f05-f9946c4b9447
[   12s] swapon: /dev/vdb: found signature [pagesize=4096, signature=swap]
[   12s] swapon: /dev/vdb: pagesize=4096, swapsize=2097152000, devsize=2097152000
[   12s] swapon /dev/vdb
[   12s] WARNING: udev not running, creating extra device nodes
[   12s] logging output to //.build.log...
[   13s] processing recipe /.build-srcdir/imb.spec ...
[   13s] init_buildsystem --configdir /.build/configs --cachedir /var/cache/build --buildflavor gnu-mvapich2-hpc /.build-srcdir/imb.spec build ...
[   13s] initializing rpm db...
[   14s] querying package ids...
[   42s] [1/169] preinstalled aaa_base-84.87+git20220822.6b9f7a3-1.1
[   42s] [2/169] preinstalled aaa_base-malloccheck-84.87+git20220822.6b9f7a3-1.1
[   42s] [3/169] preinstalled attr-2.5.1-1.1
[   42s] [4/169] preinstalled bash-5.2.15-8.1
[   42s] [5/169] preinstalled bash-sh-5.2.15-8.1
[   42s] [6/169] preinstalled binutils-2.40-2.1
[   42s] [7/169] preinstalled brp-check-suse-84.87+git20221115.2f7add6-1.1
[   42s] [8/169] preinstalled build-compare-20221206T204012.bb70754-1.2
[   42s] [9/169] preinstalled build-mkbaselibs-20230314-1.1
[   42s] [10/169] preinstalled bzip2-1.0.8-5.1
[   42s] [11/169] preinstalled chkstat-1599_20230217-1.1
[   42s] [12/169] preinstalled compat-usrmerge-build-84.87-5.1
[   42s] [13/169] preinstalled compat-usrmerge-tools-84.87-5.1
[   42s] [14/169] preinstalled coreutils-9.1-5.1
[   42s] [15/169] preinstalled cpio-2.13-5.1
[   42s] [16/169] preinstalled cpp-13-1.1
[   42s] [17/169] preinstalled cpp13-13.0.1+git6669-7.1
[   42s] [18/169] cumulate crypto-policies-20210917.c9d86d1-1.1
[   42s] [19/169] preinstalled debugedit-5.0-5.1
[   42s] [20/169] preinstalled diffutils-3.9-1.1
[   42s] [21/169] preinstalled dwz-0.15-2.1
[   42s] [22/169] preinstalled elfutils-0.189-2.1
[   42s] [23/169] preinstalled file-5.44-1.2
[   42s] [24/169] preinstalled file-magic-5.44-1.2
[   42s] [25/169] preinstalled filesystem-84.87-12.1
[   42s] [26/169] preinstalled fillup-1.42-279.1
[   42s] [27/169] preinstalled findutils-4.9.0-2.1
[   42s] [28/169] preinstalled gawk-5.2.1-2.1
[   42s] [29/169] preinstalled gcc-13-1.1
[   42s] [30/169] preinstalled gcc-PIE-13-1.1
[   42s] [31/169] preinstalled gcc13-13.0.1+git6669-7.1
[   42s] [32/169] preinstalled gcc13-PIE-13.0.1+git6669-7.1
[   42s] [33/169] preinstalled gettext-runtime-mini-0.21.1-1.1
[   42s] [34/169] preinstalled gettext-tools-mini-0.21.1-1.1
[   42s] [35/169] preinstalled glibc-2.37-1.1
[   42s] [36/169] preinstalled glibc-devel-2.37-1.1
[   42s] [37/169] preinstalled glibc-locale-base-2.37-1.1
[   42s] [38/169] preinstalled grep-3.9-1.1
[   42s] [39/169] preinstalled gzip-1.12-3.1
[   42s] [40/169] preinstalled kernel-obs-build-6.2.6-1.2
[   42s] [41/169] preinstalled libacl1-2.3.1-2.1
[   42s] [42/169] preinstalled libasan8-13.0.1+git6669-7.1
[   42s] [43/169] preinstalled libasm1-0.189-2.1
[   42s] [44/169] preinstalled libatomic1-13.0.1+git6669-7.1
[   42s] [45/169] preinstalled libattr1-2.5.1-1.1
[   42s] [46/169] preinstalled libaudit1-3.0.9-1.1
[   42s] [47/169] preinstalled libblkid1-2.38.1-10.1
[   42s] [48/169] preinstalled libbz2-1-1.0.8-5.1
[   42s] [49/169] preinstalled libcap-ng0-0.8.3-1.1
[   42s] [50/169] preinstalled libcap2-2.67-1.1
[   42s] [51/169] preinstalled libcrypt1-4.4.33-2.1
[   42s] [52/169] preinstalled libctf-nobfd0-2.40-2.1
[   42s] [53/169] preinstalled libctf0-2.40-2.1
[   42s] [54/169] preinstalled libdb-4_8-4.8.30-40.1
[   42s] [55/169] preinstalled libdw1-0.189-2.1
[   42s] [56/169] preinstalled libeconf0-0.5.1-1.1
[   42s] [57/169] preinstalled libelf1-0.189-2.1
[   42s] [58/169] preinstalled libfdisk1-2.38.1-10.1
[   42s] [59/169] preinstalled libgcc_s1-13.0.1+git6669-7.1
[   42s] [60/169] preinstalled libgcrypt20-1.10.1-2.1
[   42s] [61/169] preinstalled libgdbm6-1.23-1.1
[   42s] [62/169] preinstalled libgdbm_compat4-1.23-1.1
[   42s] [63/169] cumulate libgfortran5-13.0.1+git6669-7.1
[   42s] [64/169] preinstalled libgmp10-6.2.1-4.1
[   42s] [65/169] preinstalled libgomp1-13.0.1+git6669-7.1
[   42s] [66/169] preinstalled libgpg-error0-1.46-1.1
[   42s] [67/169] cumulate libibumad3-42.0-2.1
[   42s] [68/169] preinstalled libisl23-0.25-1.1
[   42s] [69/169] preinstalled libitm1-13.0.1+git6669-7.1
[   42s] [70/169] preinstalled liblua5_4-5-5.4.4-8.1
[   42s] [71/169] preinstalled liblzma5-5.4.1-2.1
[   42s] [72/169] preinstalled libmagic1-5.44-1.2
[   42s] [73/169] preinstalled libmount1-2.38.1-10.1
[   42s] [74/169] preinstalled libmpc3-1.3.1-1.2
[   42s] [75/169] preinstalled libmpfr6-4.2.0-1.1
[   42s] [76/169] preinstalled libncurses6-6.4.20230311-8.1
[   42s] [77/169] cumulate libnl-config-3.7.0-1.1
[   42s] [78/169] cumulate libnuma1-2.0.15.0.g01a39cb-1.1
[   42s] [79/169] preinstalled libpcre2-8-0-10.42-3.2
[   42s] [80/169] preinstalled libpkgconf3-1.8.0-2.1
[   42s] [81/169] preinstalled libpopt0-1.19-1.1
[   42s] [82/169] preinstalled libreadline8-8.2-2.1
[   42s] [83/169] preinstalled librpmbuild9-4.18.0-3.2
[   42s] [84/169] preinstalled libseccomp2-2.5.4-2.1
[   42s] [85/169] preinstalled libselinux1-3.5-1.1
[   42s] [86/169] preinstalled libsemanage-conf-3.5-1.1
[   42s] [87/169] preinstalled libsemanage2-3.5-1.1
[   42s] [88/169] preinstalled libsepol2-3.5-1.1
[   42s] [89/169] preinstalled libsmartcols1-2.38.1-10.1
[   42s] [90/169] preinstalled libstdc++6-13.0.1+git6669-7.1
[   42s] [91/169] cumulate libstdc++6-devel-gcc13-13.0.1+git6669-7.1
[   42s] [92/169] preinstalled libsubid4-4.13-4.1
[   42s] [93/169] preinstalled libubsan1-13.0.1+git6669-7.1
[   42s] [94/169] preinstalled libutempter0-1.2.0-3.2
[   42s] [95/169] preinstalled libuuid1-2.38.1-10.1
[   42s] [96/169] preinstalled libxcrypt-devel-4.4.33-2.1
[   42s] [97/169] preinstalled libz1-1.2.13-3.1
[   42s] [98/169] preinstalled libzstd1-1.5.4-2.1
[   42s] [99/169] preinstalled linux-glibc-devel-6.2-1.1
[   42s] [100/169] preinstalled login_defs-4.13-4.1
[   42s] [101/169] preinstalled lua54-5.4.4-8.1
[   42s] [102/169] cumulate lua54-luafilesystem-1.8.0-6.1
[   42s] [103/169] cumulate lua54-luaposix-35.1-2.1
[   42s] [104/169] cumulate lua54-luaterm-0.07-8.1
[   42s] [105/169] preinstalled make-4.4.1-1.1
[   42s] [106/169] preinstalled ncurses-utils-6.4.20230311-8.1
[   42s] [107/169] preinstalled pam-1.5.2-13.1
[   42s] [108/169] preinstalled patch-2.7.6-6.1
[   42s] [109/169] preinstalled perl-5.36.0-4.1
[   42s] [110/169] preinstalled perl-base-5.36.0-4.1
[   42s] [111/169] preinstalled permissions-1599_20230217-1.1
[   42s] [112/169] preinstalled permissions-config-1599_20230217-1.1
[   42s] [113/169] preinstalled pkgconf-1.8.0-2.1
[   42s] [114/169] preinstalled pkgconf-m4-1.8.0-2.1
[   42s] [115/169] preinstalled pkgconf-pkg-config-1.8.0-2.1
[   42s] [116/169] preinstalled polkit-default-privs-1550+20230307.7f42172-1.1
[   42s] [117/169] preinstalled post-build-checks-84.87+git20230302.ff58c9e-1.1
[   42s] [118/169] preinstalled qemu-linux-user-7.1.0-54.1
[   42s] [119/169] preinstalled rpm-4.18.0-3.2
[   42s] [120/169] preinstalled rpm-build-4.18.0-3.2
[   42s] [121/169] preinstalled rpm-build-perl-4.18.0-3.2
[   42s] [122/169] preinstalled rpm-config-SUSE-20220926-1.1
[   42s] [123/169] preinstalled rpmlint-mini-2.4.0+git20230316.e10f602-9.18
[   42s] [124/169] preinstalled rpmlint-strict-2.4.0+git20230316.e10f602-1.1
[   42s] [125/169] preinstalled sed-4.9-2.1
[   42s] [126/169] preinstalled shadow-4.13-4.1
[   42s] [127/169] cumulate suse-hpc-0.5.20220525.fd76646-1.1
[   42s] [128/169] cumulate suse-module-tools-16.0.30-1.1
[   42s] [129/169] preinstalled system-group-hardware-20170617-24.1
[   42s] [130/169] cumulate system-group-kvm-20170617-24.1
[   42s] [131/169] preinstalled system-user-root-20190513-2.1
[   42s] [132/169] cumulate systemd-mini-253.1-2.1
[   42s] [133/169] preinstalled systemd-rpm-macros-19-1.1
[   42s] [134/169] preinstalled sysuser-shadow-3.1-5.1
[   42s] [135/169] preinstalled tar-1.34-10.1
[   42s] [136/169] cumulate tcl-8.6.13-4.1
[   42s] [137/169] preinstalled terminfo-base-6.4.20230311-8.1
[   42s] [138/169] preinstalled update-alternatives-1.21.8-1.1
[   42s] [139/169] preinstalled util-linux-2.38.1-10.1
[   42s] [140/169] preinstalled which-2.21-5.1
[   42s] [141/169] preinstalled xz-5.4.1-2.1
[   42s] [142/169] cumulate gcc13-c++-13.0.1+git6669-7.1
[   42s] [143/169] cumulate gcc13-fortran-13.0.1+git6669-7.1
[   42s] [144/169] cumulate libibmad5-42.0-2.1
[   42s] [145/169] cumulate libnl3-200-3.7.0-1.1
[   42s] [146/169] cumulate libopenssl3-3.0.8-2.1
[   42s] [147/169] cumulate lua-lmod-8.7.17-2.1
[   42s] [148/169] cumulate gcc-c++-13-1.1
[   42s] [149/169] cumulate gcc-fortran-13-1.1
[   42s] [150/169] cumulate gnu-compilers-hpc-1.4-10.2
[   43s] [151/169] cumulate kmod-30-2.2
[   43s] [152/169] cumulate libibnetdisc5-42.0-2.1
[   43s] [153/169] cumulate infiniband-diags-42.0-2.1
[   43s] [154/169] cumulate udev-mini-253.1-2.1
[   43s] [155/169] cumulate gnu-compilers-hpc-devel-1.4-10.2
[   43s] [156/169] cumulate gnu-compilers-hpc-macros-devel-1.4-10.2
[   43s] [157/169] cumulate rdma-core-42.0-2.1
[   43s] [158/169] cumulate libmlx5-1-42.0-2.1
[   43s] [159/169] cumulate libibverbs-42.0-2.1
[   43s] [160/169] cumulate libibverbs1-42.0-2.1
[   43s] [161/169] cumulate libefa1-42.0-2.1
[   43s] [162/169] cumulate libmlx4-1-42.0-2.1
[   43s] [163/169] cumulate librdmacm1-42.0-2.1
[   43s] [164/169] cumulate rsocket-42.0-2.1
[   43s] [165/169] cumulate mvapich2_2_3_6-gnu-hpc-2.3.6-7.2
[   43s] [166/169] cumulate rdma-core-devel-42.0-2.1
[   43s] [167/169] cumulate mvapich2_2_3_6-gnu-hpc-devel-2.3.6-7.2
[   43s] [168/169] cumulate mvapich2_2_3_6-gnu-hpc-macros-devel-2.3.6-7.2
[   43s] [169/169] cumulate mvapich2-gnu-hpc-macros-devel-2.3.6-7.2
[   43s] now installing cumulated packages
[   43s] Preparing...                          ########################################
[   43s] Updating / installing...
[   43s] libibumad3-42.0-2.1                   ########################################
[   43s] libibmad5-42.0-2.1                    ########################################
[   44s] libgfortran5-13.0.1+git6669-7.1       ########################################
[   55s] gcc13-fortran-13.0.1+git6669-7.1      ########################################
[   56s] systemd-mini-253.1-2.1                warning: group systemd-journal does not exist - using root
[   57s] ########################################
[   58s] Creating group 'systemd-journal' with GID 486.
[   58s] Creating group 'systemd-timesync' with GID 485.
[   58s] Creating user 'systemd-timesync' (systemd Time Synchronization) with UID 485 and GID 485.
[   58s] Running in chroot, ignoring command 'daemon-reexec'
[   59s] /usr/lib/tmpfiles.d/journal-nocow.conf:26: Failed to resolve specifier: uninitialized /etc/ detected, skipping.
[   59s] All rules containing unresolvable specifiers will be skipped.
[   60s] libnuma1-2.0.15.0.g01a39cb-1.1        ########################################
[   60s] gcc-fortran-13-1.1                    ########################################
[   60s] libibnetdisc5-42.0-2.1                ########################################
[   60s] infiniband-diags-42.0-2.1             ########################################
[   61s] tcl-8.6.13-4.1                        ########################################
[   62s] /usr/bin/systemd-sysusers --replace=/usr/lib/sysusers.d/system-group-kvm.conf -
[   62s] Creating group 'kvm' with GID 36.
[   62s] system-group-kvm-20170617-24.1        ########################################
[   62s] lua54-luaterm-0.07-8.1                ########################################
[   62s] lua54-luaposix-35.1-2.1               ########################################
[   62s] lua54-luafilesystem-1.8.0-6.1         ########################################
[   63s] lua-lmod-8.7.17-2.1                   ########################################
[   63s] gnu-compilers-hpc-1.4-10.2            ########################################
[   83s] libstdc++6-devel-gcc13-13.0.1+git6669-########################################
[   90s] gcc13-c++-13.0.1+git6669-7.1          ########################################
[   90s] gcc-c++-13-1.1                        ########################################
[   90s] gnu-compilers-hpc-devel-1.4-10.2      ########################################
[   90s] libnl-config-3.7.0-1.1                ########################################
[   90s] libnl3-200-3.7.0-1.1                  ########################################
[   90s] crypto-policies-20210917.c9d86d1-1.1  ########################################
[   91s] libopenssl3-3.0.8-2.1                 ########################################
[   92s] suse-module-tools-16.0.30-1.1         ########################################
[   93s] kmod-30-2.2                           ########################################
[   96s] udev-mini-253.1-2.1                   ########################################
[  108s] Failed to preset unit, unit remote-cryptsetup.target does not exist.
[  109s] rdma-core-42.0-2.1                    ########################################
[  109s] libmlx5-1-42.0-2.1                    ########################################
[  110s] libefa1-42.0-2.1                      ########################################
[  110s] libmlx4-1-42.0-2.1                    ########################################
[  110s] libibverbs1-42.0-2.1                  ########################################
[  110s] libibverbs-42.0-2.1                   ########################################
[  110s] librdmacm1-42.0-2.1                   ########################################
[  110s] rsocket-42.0-2.1                      ########################################
[  110s] rdma-core-devel-42.0-2.1              ########################################
[  113s] mvapich2_2_3_6-gnu-hpc-2.3.6-7.2      ########################################
[  113s] mvapich2_2_3_6-gnu-hpc-devel-2.3.6-7.2########################################
[  113s] mvapich2_2_3_6-gnu-hpc-macros-devel-2.########################################
[  113s] mvapich2-gnu-hpc-macros-devel-2.3.6-7.########################################
[  113s] gnu-compilers-hpc-macros-devel-1.4-10.########################################
[  113s] suse-hpc-0.5.20220525.fd76646-1.1     ########################################
[  114s] regenerate-initrd-posttrans: dracut is not installed, not rebuilding the initrd
[  115s] regenerate-initrd-posttrans: dracut is not installed, not rebuilding the initrd
[  118s] now finalizing build dir...
[  118s] ... running 01-add_abuild_user_to_trusted_group
[  119s] ... running 02-set_timezone_to_utc
[  119s] ... running 03-set-permissions-secure
[  119s] ... running 11-hack_uname_version_to_kernel_version
[  123s] sh: line 1: /usr/bin/ps: No such file or directory
[  130s] -----------------------------------------------------------------
[  130s] I have the following modifications for imb.spec:
[  130s] 19c19
[  130s] < %global flavor @BUILD_FLAVOR@%{nil}
[  130s] ---
[  130s] > %global flavor gnu-mvapich2-hpc%{nil}
[  130s] 409c409
[  130s] < Release:        0
[  130s] ---
[  130s] > Release:        1.2
[  138s] build target is riscv64-suse-linux
[  138s] -----------------------------------------------------------------
[  138s] ----- building imb.spec (user abuild)
[  138s] -----------------------------------------------------------------
[  138s] -----------------------------------------------------------------
[  143s] sh: line 1: /usr/bin/ps: No such file or directory
[  144s] + exec rpmbuild -ba --define '_srcdefattr (-,root,root)' --nosignature --target=riscv64-suse-linux --define '_build_create_debug 1' --define 'disturl obs://build.opensuse.org/openSUSE:Factory:RISCV/standard/94ea27b1d7823c444d25290d615e62f2-imb:gnu-mvapich2-hpc' /home/abuild/rpmbuild/SOURCES/imb.spec
[  144s] Building target platforms: riscv64-suse-linux
[  144s] Building for target riscv64-suse-linux
[  144s]  Building for gnu 
[  144s]  hpc_gnu_init 
[  149s] setting SOURCE_DATE_EPOCH=1663200000
[  149s] Executing(%prep): /usr/bin/bash -e /var/tmp/rpm-tmp.aU30by
[  149s] + umask 022
[  149s] + cd /home/abuild/rpmbuild/BUILD
[  149s] + cd /home/abuild/rpmbuild/BUILD
[  149s] + rm -rf mpi-benchmarks-IMB-v2021.3
[  149s] + /usr/lib/rpm/rpmuncompress -x -v /home/abuild/rpmbuild/SOURCES/imb_2021.3.tar.gz
[  149s] /usr/bin/gzip -dc  '/home/abuild/rpmbuild/SOURCES/imb_2021.3.tar.gz' | /usr/bin/tar -xvvof -
[  150s] drwxrwxr-x root/root         0 2021-10-01 13:09 mpi-benchmarks-IMB-v2021.3/
[  150s] -rw-rw-r-- root/root      4027 2021-10-01 13:09 mpi-benchmarks-IMB-v2021.3/Makefile
[  150s] -rw-rw-r-- root/root      3820 2021-10-01 13:09 mpi-benchmarks-IMB-v2021.3/Makefile_win
[  150s] -rw-rw-r-- root/root     12906 2021-10-01 13:09 mpi-benchmarks-IMB-v2021.3/README.md
[  150s] -rw-rw-r-- root/root     12704 2021-10-01 13:09 mpi-benchmarks-IMB-v2021.3/ReadMe_IMB.txt
[  150s] drwxrwxr-x root/root         0 2021-10-01 13:09 mpi-benchmarks-IMB-v2021.3/WINDOWS/
[  150s] drwxrwxr-x root/root         0 2021-10-01 13:09 mpi-benchmarks-IMB-v2021.3/WINDOWS/IMB-EXT_VS_2013/
[  150s] -rw-rw-r-- root/root      2355 2021-10-01 13:09 mpi-benchmarks-IMB-v2021.3/WINDOWS/IMB-EXT_VS_2013/IMB-EXT.rc
[  150s] -rw-rw-r-- root/root       834 2021-10-01 13:09 mpi-benchmarks-IMB-v2021.3/WINDOWS/IMB-EXT_VS_2013/IMB-EXT.sln
[  150s] -rw-rw-r-- root/root      9137 2021-10-01 13:09 mpi-benchmarks-IMB-v2021.3/WINDOWS/IMB-EXT_VS_2013/IMB-EXT.vcxproj
[  150s] -rw-rw-r-- root/root       387 2021-10-01 13:09 mpi-benchmarks-IMB-v2021.3/WINDOWS/IMB-EXT_VS_2013/resource.h
[  150s] drwxrwxr-x root/root         0 2021-10-01 13:09 mpi-benchmarks-IMB-v2021.3/WINDOWS/IMB-EXT_VS_2015/
[  150s] -rw-rw-r-- root/root      2355 2021-10-01 13:09 mpi-benchmarks-IMB-v2021.3/WINDOWS/IMB-EXT_VS_2015/IMB-EXT.rc
[  150s] -rw-rw-r-- root/root       834 2021-10-01 13:09 mpi-benchmarks-IMB-v2021.3/WINDOWS/IMB-EXT_VS_2015/IMB-EXT.sln
[  150s] -rw-rw-r-- root/root      9135 2021-10-01 13:09 mpi-benchmarks-IMB-v2021.3/WINDOWS/IMB-EXT_VS_2015/IMB-EXT.vcxproj
[  150s] -rw-rw-r-- root/root       387 2021-10-01 13:09 mpi-benchmarks-IMB-v2021.3/WINDOWS/IMB-EXT_VS_2015/resource.h
[  150s] drwxrwxr-x root/root         0 2021-10-01 13:09 mpi-benchmarks-IMB-v2021.3/WINDOWS/IMB-EXT_VS_2017/
[  150s] -rw-rw-r-- root/root      2355 2021-10-01 13:09 mpi-benchmarks-IMB-v2021.3/WINDOWS/IMB-EXT_VS_2017/IMB-EXT.rc
[  150s] -rw-rw-r-- root/root       834 2021-10-01 13:09 mpi-benchmarks-IMB-v2021.3/WINDOWS/IMB-EXT_VS_2017/IMB-EXT.sln
[  150s] -rw-rw-r-- root/root     10032 2021-10-01 13:09 mpi-benchmarks-IMB-v2021.3/WINDOWS/IMB-EXT_VS_2017/IMB-EXT.vcxproj
[  150s] -rw-rw-r-- root/root       387 2021-10-01 13:09 mpi-benchmarks-IMB-v2021.3/WINDOWS/IMB-EXT_VS_2017/resource.h
[  150s] drwxrwxr-x root/root         0 2021-10-01 13:09 mpi-benchmarks-IMB-v2021.3/WINDOWS/IMB-IO_VS_2013/
[  150s] -rw-rw-r-- root/root      2355 2021-10-01 13:09 mpi-benchmarks-IMB-v2021.3/WINDOWS/IMB-IO_VS_2013/IMB-IO.rc
[  150s] -rw-rw-r-- root/root       832 2021-10-01 13:09 mpi-benchmarks-IMB-v2021.3/WINDOWS/IMB-IO_VS_2013/IMB-IO.sln
[  150s] -rw-rw-r-- root/root      8826 2021-10-01 13:09 mpi-benchmarks-IMB-v2021.3/WINDOWS/IMB-IO_VS_2013/IMB-IO.vcxproj
[  150s] -rw-rw-r-- root/root       386 2021-10-01 13:09 mpi-benchmarks-IMB-v2021.3/WINDOWS/IMB-IO_VS_2013/resource.h
[  150s] drwxrwxr-x root/root         0 2021-10-01 13:09 mpi-benchmarks-IMB-v2021.3/WINDOWS/IMB-IO_VS_2015/
[  150s] -rw-rw-r-- root/root      2355 2021-10-01 13:09 mpi-benchmarks-IMB-v2021.3/WINDOWS/IMB-IO_VS_2015/IMB-IO.rc
[  150s] -rw-rw-r-- root/root       832 2021-10-01 13:09 mpi-benchmarks-IMB-v2021.3/WINDOWS/IMB-IO_VS_2015/IMB-IO.sln
[  150s] -rw-rw-r-- root/root      8826 2021-10-01 13:09 mpi-benchmarks-IMB-v2021.3/WINDOWS/IMB-IO_VS_2015/IMB-IO.vcxproj
[  150s] -rw-rw-r-- root/root       386 2021-10-01 13:09 mpi-benchmarks-IMB-v2021.3/WINDOWS/IMB-IO_VS_2015/resource.h
[  150s] drwxrwxr-x root/root         0 2021-10-01 13:09 mpi-benchmarks-IMB-v2021.3/WINDOWS/IMB-IO_VS_2017/
[  150s] -rw-rw-r-- root/root      2355 2021-10-01 13:09 mpi-benchmarks-IMB-v2021.3/WINDOWS/IMB-IO_VS_2017/IMB-IO.rc
[  150s] -rw-rw-r-- root/root       832 2021-10-01 13:09 mpi-benchmarks-IMB-v2021.3/WINDOWS/IMB-IO_VS_2017/IMB-IO.sln
[  150s] -rw-rw-r-- root/root      9721 2021-10-01 13:09 mpi-benchmarks-IMB-v2021.3/WINDOWS/IMB-IO_VS_2017/IMB-IO.vcxproj
[  150s] -rw-rw-r-- root/root       386 2021-10-01 13:09 mpi-benchmarks-IMB-v2021.3/WINDOWS/IMB-IO_VS_2017/resource.h
[  150s] drwxrwxr-x root/root         0 2021-10-01 13:09 mpi-benchmarks-IMB-v2021.3/WINDOWS/IMB-MPI1_VS_2013/
[  150s] -rw-rw-r-- root/root      2255 2021-10-01 13:09 mpi-benchmarks-IMB-v2021.3/WINDOWS/IMB-MPI1_VS_2013/IMB-MPI1.rc
[  150s] -rw-rw-r-- root/root       836 2021-10-01 13:09 mpi-benchmarks-IMB-v2021.3/WINDOWS/IMB-MPI1_VS_2013/IMB-MPI1.sln
[  150s] -rw-rw-r-- root/root      9575 2021-10-01 13:09 mpi-benchmarks-IMB-v2021.3/WINDOWS/IMB-MPI1_VS_2013/IMB-MPI1.vcxproj
[  150s] -rw-rw-r-- root/root       388 2021-10-01 13:09 mpi-benchmarks-IMB-v2021.3/WINDOWS/IMB-MPI1_VS_2013/resource.h
[  150s] drwxrwxr-x root/root         0 2021-10-01 13:09 mpi-benchmarks-IMB-v2021.3/WINDOWS/IMB-MPI1_VS_2015/
[  150s] -rw-rw-r-- root/root      2255 2021-10-01 13:09 mpi-benchmarks-IMB-v2021.3/WINDOWS/IMB-MPI1_VS_2015/IMB-MPI1.rc
[  150s] -rw-rw-r-- root/root       836 2021-10-01 13:09 mpi-benchmarks-IMB-v2021.3/WINDOWS/IMB-MPI1_VS_2015/IMB-MPI1.sln
[  150s] -rw-rw-r-- root/root      9575 2021-10-01 13:09 mpi-benchmarks-IMB-v2021.3/WINDOWS/IMB-MPI1_VS_2015/IMB-MPI1.vcxproj
[  150s] -rw-rw-r-- root/root       388 2021-10-01 13:09 mpi-benchmarks-IMB-v2021.3/WINDOWS/IMB-MPI1_VS_2015/resource.h
[  150s] drwxrwxr-x root/root         0 2021-10-01 13:09 mpi-benchmarks-IMB-v2021.3/WINDOWS/IMB-MPI1_VS_2017/
[  150s] -rw-rw-r-- root/root      2255 2021-10-01 13:09 mpi-benchmarks-IMB-v2021.3/WINDOWS/IMB-MPI1_VS_2017/IMB-MPI1.rc
[  150s] -rw-rw-r-- root/root       836 2021-10-01 13:09 mpi-benchmarks-IMB-v2021.3/WINDOWS/IMB-MPI1_VS_2017/IMB-MPI1.sln
[  150s] -rw-rw-r-- root/root     10465 2021-10-01 13:09 mpi-benchmarks-IMB-v2021.3/WINDOWS/IMB-MPI1_VS_2017/IMB-MPI1.vcxproj
[  150s] -rw-rw-r-- root/root       388 2021-10-01 13:09 mpi-benchmarks-IMB-v2021.3/WINDOWS/IMB-MPI1_VS_2017/resource.h
[  150s] drwxrwxr-x root/root         0 2021-10-01 13:09 mpi-benchmarks-IMB-v2021.3/WINDOWS/IMB-MT_VS_2013/
[  150s] -rw-rw-r-- root/root      2251 2021-10-01 13:09 mpi-benchmarks-IMB-v2021.3/WINDOWS/IMB-MT_VS_2013/IMB-MT.rc
[  150s] -rw-rw-r-- root/root       832 2021-10-01 13:09 mpi-benchmarks-IMB-v2021.3/WINDOWS/IMB-MT_VS_2013/IMB-MT.sln
[  150s] -rw-rw-r-- root/root      7427 2021-10-01 13:09 mpi-benchmarks-IMB-v2021.3/WINDOWS/IMB-MT_VS_2013/IMB-MT.vcxproj
[  150s] -rw-rw-r-- root/root       386 2021-10-01 13:09 mpi-benchmarks-IMB-v2021.3/WINDOWS/IMB-MT_VS_2013/resource.h
[  150s] drwxrwxr-x root/root         0 2021-10-01 13:09 mpi-benchmarks-IMB-v2021.3/WINDOWS/IMB-MT_VS_2015/
[  150s] -rw-rw-r-- root/root      2251 2021-10-01 13:09 mpi-benchmarks-IMB-v2021.3/WINDOWS/IMB-MT_VS_2015/IMB-MT.rc
[  150s] -rw-rw-r-- root/root       832 2021-10-01 13:09 mpi-benchmarks-IMB-v2021.3/WINDOWS/IMB-MT_VS_2015/IMB-MT.sln
[  150s] -rw-rw-r-- root/root      7427 2021-10-01 13:09 mpi-benchmarks-IMB-v2021.3/WINDOWS/IMB-MT_VS_2015/IMB-MT.vcxproj
[  150s] -rw-rw-r-- root/root       386 2021-10-01 13:09 mpi-benchmarks-IMB-v2021.3/WINDOWS/IMB-MT_VS_2015/resource.h
[  150s] drwxrwxr-x root/root         0 2021-10-01 13:09 mpi-benchmarks-IMB-v2021.3/WINDOWS/IMB-MT_VS_2017/
[  150s] -rw-rw-r-- root/root      2251 2021-10-01 13:09 mpi-benchmarks-IMB-v2021.3/WINDOWS/IMB-MT_VS_2017/IMB-MT.rc
[  150s] -rw-rw-r-- root/root       832 2021-10-01 13:09 mpi-benchmarks-IMB-v2021.3/WINDOWS/IMB-MT_VS_2017/IMB-MT.sln
[  150s] -rw-rw-r-- root/root      8193 2021-10-01 13:09 mpi-benchmarks-IMB-v2021.3/WINDOWS/IMB-MT_VS_2017/IMB-MT.vcxproj
[  150s] -rw-rw-r-- root/root       386 2021-10-01 13:09 mpi-benchmarks-IMB-v2021.3/WINDOWS/IMB-MT_VS_2017/resource.h
[  150s] drwxrwxr-x root/root         0 2021-10-01 13:09 mpi-benchmarks-IMB-v2021.3/WINDOWS/IMB-NBC_VS_2013/
[  150s] -rw-rw-r-- root/root      2355 2021-10-01 13:09 mpi-benchmarks-IMB-v2021.3/WINDOWS/IMB-NBC_VS_2013/IMB-NBC.rc
[  150s] -rw-rw-r-- root/root       856 2021-10-01 13:09 mpi-benchmarks-IMB-v2021.3/WINDOWS/IMB-NBC_VS_2013/IMB-NBC.sln
[  150s] -rw-rw-r-- root/root      9518 2021-10-01 13:09 mpi-benchmarks-IMB-v2021.3/WINDOWS/IMB-NBC_VS_2013/IMB-NBC.vcxproj
[  150s] -rw-rw-r-- root/root       401 2021-10-01 13:09 mpi-benchmarks-IMB-v2021.3/WINDOWS/IMB-NBC_VS_2013/resource.h
[  150s] drwxrwxr-x root/root         0 2021-10-01 13:09 mpi-benchmarks-IMB-v2021.3/WINDOWS/IMB-NBC_VS_2015/
[  150s] -rw-rw-r-- root/root      2355 2021-10-01 13:09 mpi-benchmarks-IMB-v2021.3/WINDOWS/IMB-NBC_VS_2015/IMB-NBC.rc
[  150s] -rw-rw-r-- root/root       856 2021-10-01 13:09 mpi-benchmarks-IMB-v2021.3/WINDOWS/IMB-NBC_VS_2015/IMB-NBC.sln
[  150s] -rw-rw-r-- root/root      9518 2021-10-01 13:09 mpi-benchmarks-IMB-v2021.3/WINDOWS/IMB-NBC_VS_2015/IMB-NBC.vcxproj
[  150s] -rw-rw-r-- root/root       401 2021-10-01 13:09 mpi-benchmarks-IMB-v2021.3/WINDOWS/IMB-NBC_VS_2015/resource.h
[  150s] drwxrwxr-x root/root         0 2021-10-01 13:09 mpi-benchmarks-IMB-v2021.3/WINDOWS/IMB-NBC_VS_2017/
[  150s] -rw-rw-r-- root/root      2355 2021-10-01 13:09 mpi-benchmarks-IMB-v2021.3/WINDOWS/IMB-NBC_VS_2017/IMB-NBC.rc
[  150s] -rw-rw-r-- root/root       856 2021-10-01 13:09 mpi-benchmarks-IMB-v2021.3/WINDOWS/IMB-NBC_VS_2017/IMB-NBC.sln
[  150s] -rw-rw-r-- root/root     10413 2021-10-01 13:09 mpi-benchmarks-IMB-v2021.3/WINDOWS/IMB-NBC_VS_2017/IMB-NBC.vcxproj
[  150s] -rw-rw-r-- root/root       401 2021-10-01 13:09 mpi-benchmarks-IMB-v2021.3/WINDOWS/IMB-NBC_VS_2017/resource.h
[  150s] drwxrwxr-x root/root         0 2021-10-01 13:09 mpi-benchmarks-IMB-v2021.3/WINDOWS/IMB-P2P_VS_2013/
[  150s] -rw-rw-r-- root/root      2253 2021-10-01 13:09 mpi-benchmarks-IMB-v2021.3/WINDOWS/IMB-P2P_VS_2013/IMB-P2P.rc
[  150s] -rw-rw-r-- root/root       834 2021-10-01 13:09 mpi-benchmarks-IMB-v2021.3/WINDOWS/IMB-P2P_VS_2013/IMB-P2P.sln
[  150s] -rw-rw-r-- root/root      7227 2021-10-01 13:09 mpi-benchmarks-IMB-v2021.3/WINDOWS/IMB-P2P_VS_2013/IMB-P2P.vcxproj
[  150s] -rw-rw-r-- root/root       387 2021-10-01 13:09 mpi-benchmarks-IMB-v2021.3/WINDOWS/IMB-P2P_VS_2013/resource.h
[  150s] drwxrwxr-x root/root         0 2021-10-01 13:09 mpi-benchmarks-IMB-v2021.3/WINDOWS/IMB-P2P_VS_2015/
[  150s] -rw-rw-r-- root/root      2253 2021-10-01 13:09 mpi-benchmarks-IMB-v2021.3/WINDOWS/IMB-P2P_VS_2015/IMB-P2P.rc
[  150s] -rw-rw-r-- root/root       834 2021-10-01 13:09 mpi-benchmarks-IMB-v2021.3/WINDOWS/IMB-P2P_VS_2015/IMB-P2P.sln
[  150s] -rw-rw-r-- root/root      7227 2021-10-01 13:09 mpi-benchmarks-IMB-v2021.3/WINDOWS/IMB-P2P_VS_2015/IMB-P2P.vcxproj
[  150s] -rw-rw-r-- root/root       387 2021-10-01 13:09 mpi-benchmarks-IMB-v2021.3/WINDOWS/IMB-P2P_VS_2015/resource.h
[  150s] drwxrwxr-x root/root         0 2021-10-01 13:09 mpi-benchmarks-IMB-v2021.3/WINDOWS/IMB-P2P_VS_2017/
[  150s] -rw-rw-r-- root/root      2355 2021-10-01 13:09 mpi-benchmarks-IMB-v2021.3/WINDOWS/IMB-P2P_VS_2017/IMB-P2P.rc
[  150s] -rw-rw-r-- root/root       834 2021-10-01 13:09 mpi-benchmarks-IMB-v2021.3/WINDOWS/IMB-P2P_VS_2017/IMB-P2P.sln
[  150s] -rw-rw-r-- root/root      8351 2021-10-01 13:09 mpi-benchmarks-IMB-v2021.3/WINDOWS/IMB-P2P_VS_2017/IMB-P2P.vcxproj
[  150s] -rw-rw-r-- root/root       401 2021-10-01 13:09 mpi-benchmarks-IMB-v2021.3/WINDOWS/IMB-P2P_VS_2017/resource.h
[  150s] drwxrwxr-x root/root         0 2021-10-01 13:09 mpi-benchmarks-IMB-v2021.3/WINDOWS/IMB-RMA_VS_2013/
[  150s] -rw-rw-r-- root/root      2355 2021-10-01 13:09 mpi-benchmarks-IMB-v2021.3/WINDOWS/IMB-RMA_VS_2013/IMB-RMA.rc
[  150s] -rw-rw-r-- root/root       856 2021-10-01 13:09 mpi-benchmarks-IMB-v2021.3/WINDOWS/IMB-RMA_VS_2013/IMB-RMA.sln
[  150s] -rw-rw-r-- root/root      8962 2021-10-01 13:09 mpi-benchmarks-IMB-v2021.3/WINDOWS/IMB-RMA_VS_2013/IMB-RMA.vcxproj
[  150s] -rw-rw-r-- root/root       401 2021-10-01 13:09 mpi-benchmarks-IMB-v2021.3/WINDOWS/IMB-RMA_VS_2013/resource.h
[  150s] drwxrwxr-x root/root         0 2021-10-01 13:09 mpi-benchmarks-IMB-v2021.3/WINDOWS/IMB-RMA_VS_2015/
[  150s] -rw-rw-r-- root/root      2355 2021-10-01 13:09 mpi-benchmarks-IMB-v2021.3/WINDOWS/IMB-RMA_VS_2015/IMB-RMA.rc
[  150s] -rw-rw-r-- root/root       856 2021-10-01 13:09 mpi-benchmarks-IMB-v2021.3/WINDOWS/IMB-RMA_VS_2015/IMB-RMA.sln
[  150s] -rw-rw-r-- root/root      8822 2021-10-01 13:09 mpi-benchmarks-IMB-v2021.3/WINDOWS/IMB-RMA_VS_2015/IMB-RMA.vcxproj
[  150s] -rw-rw-r-- root/root       401 2021-10-01 13:09 mpi-benchmarks-IMB-v2021.3/WINDOWS/IMB-RMA_VS_2015/resource.h
[  150s] drwxrwxr-x root/root         0 2021-10-01 13:09 mpi-benchmarks-IMB-v2021.3/WINDOWS/IMB-RMA_VS_2017/
[  150s] -rw-rw-r-- root/root      2355 2021-10-01 13:09 mpi-benchmarks-IMB-v2021.3/WINDOWS/IMB-RMA_VS_2017/IMB-RMA.rc
[  150s] -rw-rw-r-- root/root       856 2021-10-01 13:09 mpi-benchmarks-IMB-v2021.3/WINDOWS/IMB-RMA_VS_2017/IMB-RMA.sln
[  150s] -rw-rw-r-- root/root      9857 2021-10-01 13:09 mpi-benchmarks-IMB-v2021.3/WINDOWS/IMB-RMA_VS_2017/IMB-RMA.vcxproj
[  150s] -rw-rw-r-- root/root       401 2021-10-01 13:09 mpi-benchmarks-IMB-v2021.3/WINDOWS/IMB-RMA_VS_2017/resource.h
[  150s] -rw-rw-r-- root/root       822 2021-10-01 13:09 mpi-benchmarks-IMB-v2021.3/WINDOWS/mkvsprojs.sh
[  150s] drwxrwxr-x root/root         0 2021-10-01 13:09 mpi-benchmarks-IMB-v2021.3/license/
[  150s] -rw-rw-r-- root/root      1940 2021-10-01 13:09 mpi-benchmarks-IMB-v2021.3/license/license.txt
[  150s] -rw-rw-r-- root/root     26456 2021-10-01 13:09 mpi-benchmarks-IMB-v2021.3/license/third-party-programs.txt
[  150s] -rw-rw-r-- root/root       869 2021-10-01 13:09 mpi-benchmarks-IMB-v2021.3/license/use-of-trademark-license.txt
[  150s] drwxrwxr-x root/root         0 2021-10-01 13:09 mpi-benchmarks-IMB-v2021.3/src_c/
[  150s] -rw-rw-r-- root/root     14727 2021-10-01 13:09 mpi-benchmarks-IMB-v2021.3/src_c/IMB_2018.c
[  150s] -rw-rw-r-- root/root     11726 2021-10-01 13:09 mpi-benchmarks-IMB-v2021.3/src_c/IMB_allgather.c
[  150s] -rw-rw-r-- root/root     12321 2021-10-01 13:09 mpi-benchmarks-IMB-v2021.3/src_c/IMB_allgatherv.c
[  150s] -rw-rw-r-- root/root      9939 2021-10-01 13:09 mpi-benchmarks-IMB-v2021.3/src_c/IMB_allreduce.c
[  150s] -rw-rw-r-- root/root     11775 2021-10-01 13:09 mpi-benchmarks-IMB-v2021.3/src_c/IMB_alltoall.c
[  150s] -rw-rw-r-- root/root     12556 2021-10-01 13:09 mpi-benchmarks-IMB-v2021.3/src_c/IMB_alltoallv.c
[  150s] -rw-rw-r-- root/root      3454 2021-10-01 13:09 mpi-benchmarks-IMB-v2021.3/src_c/IMB_appl_errors.h
[  150s] -rw-rw-r-- root/root     11029 2021-10-01 13:09 mpi-benchmarks-IMB-v2021.3/src_c/IMB_bandwidth.c
[  150s] -rw-rw-r-- root/root      6843 2021-10-01 13:09 mpi-benchmarks-IMB-v2021.3/src_c/IMB_barrier.c
[  150s] -rw-rw-r-- root/root     11362 2021-10-01 13:09 mpi-benchmarks-IMB-v2021.3/src_c/IMB_bcast.c
[  150s] -rw-rw-r-- root/root     11558 2021-10-01 13:09 mpi-benchmarks-IMB-v2021.3/src_c/IMB_benchlist.c
[  150s] -rw-rw-r-- root/root      6295 2021-10-01 13:09 mpi-benchmarks-IMB-v2021.3/src_c/IMB_benchmark.h
[  150s] -rw-rw-r-- root/root      3399 2021-10-01 13:09 mpi-benchmarks-IMB-v2021.3/src_c/IMB_bnames_ext.h
[  150s] -rw-rw-r-- root/root      4721 2021-10-01 13:09 mpi-benchmarks-IMB-v2021.3/src_c/IMB_bnames_io.h
[  150s] -rw-rw-r-- root/root      3883 2021-10-01 13:09 mpi-benchmarks-IMB-v2021.3/src_c/IMB_bnames_mpi1.h
[  150s] -rw-rw-r-- root/root      3929 2021-10-01 13:09 mpi-benchmarks-IMB-v2021.3/src_c/IMB_bnames_nbc.h
[  150s] -rw-rw-r-- root/root      4027 2021-10-01 13:09 mpi-benchmarks-IMB-v2021.3/src_c/IMB_bnames_rma.h
[  150s] -rw-rw-r-- root/root      2841 2021-10-01 13:09 mpi-benchmarks-IMB-v2021.3/src_c/IMB_cache.h
[  150s] -rw-rw-r-- root/root     41430 2021-10-01 13:09 mpi-benchmarks-IMB-v2021.3/src_c/IMB_chk_diff.c
[  150s] -rw-rw-r-- root/root      7710 2021-10-01 13:09 mpi-benchmarks-IMB-v2021.3/src_c/IMB_comm_info.h
[  150s] -rw-rw-r-- root/root      5022 2021-10-01 13:09 mpi-benchmarks-IMB-v2021.3/src_c/IMB_comments.h
[  150s] -rw-rw-r-- root/root      5459 2021-10-01 13:09 mpi-benchmarks-IMB-v2021.3/src_c/IMB_cpu_exploit.c
[  150s] -rw-rw-r-- root/root      4089 2021-10-01 13:09 mpi-benchmarks-IMB-v2021.3/src_c/IMB_declare.c
[  150s] -rw-rw-r-- root/root      8705 2021-10-01 13:09 mpi-benchmarks-IMB-v2021.3/src_c/IMB_declare.h
[  150s] -rw-rw-r-- root/root      3226 2021-10-01 13:09 mpi-benchmarks-IMB-v2021.3/src_c/IMB_err_check.h
[  150s] -rw-rw-r-- root/root      7916 2021-10-01 13:09 mpi-benchmarks-IMB-v2021.3/src_c/IMB_err_handler.c
[  150s] -rw-rw-r-- root/root      7417 2021-10-01 13:09 mpi-benchmarks-IMB-v2021.3/src_c/IMB_exchange.c
[  150s] -rw-rw-r-- root/root      9831 2021-10-01 13:09 mpi-benchmarks-IMB-v2021.3/src_c/IMB_g_info.c
[  150s] -rw-rw-r-- root/root     12035 2021-10-01 13:09 mpi-benchmarks-IMB-v2021.3/src_c/IMB_gather.c
[  150s] -rw-rw-r-- root/root     12651 2021-10-01 13:09 mpi-benchmarks-IMB-v2021.3/src_c/IMB_gatherv.c
[  150s] -rw-rw-r-- root/root     51261 2021-10-01 13:09 mpi-benchmarks-IMB-v2021.3/src_c/IMB_init.c
[  150s] -rw-rw-r-- root/root     11875 2021-10-01 13:09 mpi-benchmarks-IMB-v2021.3/src_c/IMB_init_file.c
[  150s] -rw-rw-r-- root/root     10008 2021-10-01 13:09 mpi-benchmarks-IMB-v2021.3/src_c/IMB_init_transfer.c
[  150s] -rw-rw-r-- root/root        28 2021-10-01 13:09 mpi-benchmarks-IMB-v2021.3/src_c/IMB_input.txt
[  150s] -rw-rw-r-- root/root      8124 2021-10-01 13:09 mpi-benchmarks-IMB-v2021.3/src_c/IMB_l0.c
[  150s] -rw-rw-r-- root/root      3335 2021-10-01 13:09 mpi-benchmarks-IMB-v2021.3/src_c/IMB_l0.h
[  150s] -rw-rw-r-- root/root      3563 2021-10-01 13:09 mpi-benchmarks-IMB-v2021.3/src_c/IMB_mem_info.h
[  150s] -rw-rw-r-- root/root     32234 2021-10-01 13:09 mpi-benchmarks-IMB-v2021.3/src_c/IMB_mem_manager.c
[  150s] -rw-rw-r-- root/root      7902 2021-10-01 13:09 mpi-benchmarks-IMB-v2021.3/src_c/IMB_ones_accu.c
[  150s] -rw-rw-r-- root/root      7517 2021-10-01 13:09 mpi-benchmarks-IMB-v2021.3/src_c/IMB_ones_bidir.c
[  150s] -rw-rw-r-- root/root     18790 2021-10-01 13:09 mpi-benchmarks-IMB-v2021.3/src_c/IMB_ones_unidir.c
[  150s] -rw-rw-r-- root/root      5297 2021-10-01 13:09 mpi-benchmarks-IMB-v2021.3/src_c/IMB_open_close.c
[  150s] -rw-rw-r-- root/root     43781 2021-10-01 13:09 mpi-benchmarks-IMB-v2021.3/src_c/IMB_output.c
[  150s] -rw-rw-r-- root/root      6902 2021-10-01 13:09 mpi-benchmarks-IMB-v2021.3/src_c/IMB_parse_name_ext.c
[  150s] -rw-rw-r-- root/root      8544 2021-10-01 13:09 mpi-benchmarks-IMB-v2021.3/src_c/IMB_parse_name_io.c
[  150s] -rw-rw-r-- root/root     10757 2021-10-01 13:09 mpi-benchmarks-IMB-v2021.3/src_c/IMB_parse_name_mpi1.c
[  150s] -rw-rw-r-- root/root      7964 2021-10-01 13:09 mpi-benchmarks-IMB-v2021.3/src_c/IMB_parse_name_nbc.c
[  150s] -rw-rw-r-- root/root      8751 2021-10-01 13:09 mpi-benchmarks-IMB-v2021.3/src_c/IMB_parse_name_rma.c
[  150s] -rw-rw-r-- root/root      6446 2021-10-01 13:09 mpi-benchmarks-IMB-v2021.3/src_c/IMB_pingping.c
[  150s] -rw-rw-r-- root/root      7394 2021-10-01 13:09 mpi-benchmarks-IMB-v2021.3/src_c/IMB_pingpong.c
[  150s] -rw-rw-r-- root/root     24156 2021-10-01 13:09 mpi-benchmarks-IMB-v2021.3/src_c/IMB_prototypes.h
[  150s] -rw-rw-r-- root/root     21688 2021-10-01 13:09 mpi-benchmarks-IMB-v2021.3/src_c/IMB_read.c
[  150s] -rw-rw-r-- root/root     10629 2021-10-01 13:09 mpi-benchmarks-IMB-v2021.3/src_c/IMB_reduce.c
[  150s] -rw-rw-r-- root/root      5478 2021-10-01 13:09 mpi-benchmarks-IMB-v2021.3/src_c/IMB_reduce_local.c
[  150s] -rw-rw-r-- root/root     11863 2021-10-01 13:09 mpi-benchmarks-IMB-v2021.3/src_c/IMB_reduce_scatter.c
[  150s] -rw-rw-r-- root/root      5991 2021-10-01 13:09 mpi-benchmarks-IMB-v2021.3/src_c/IMB_reduce_scatter_block.c
[  150s] -rw-rw-r-- root/root     13021 2021-10-01 13:09 mpi-benchmarks-IMB-v2021.3/src_c/IMB_rma_atomic.c
[  150s] -rw-rw-r-- root/root     15905 2021-10-01 13:09 mpi-benchmarks-IMB-v2021.3/src_c/IMB_rma_get.c
[  150s] -rw-rw-r-- root/root     18255 2021-10-01 13:09 mpi-benchmarks-IMB-v2021.3/src_c/IMB_rma_put.c
[  150s] -rw-rw-r-- root/root     11998 2021-10-01 13:09 mpi-benchmarks-IMB-v2021.3/src_c/IMB_scatter.c
[  150s] -rw-rw-r-- root/root     12552 2021-10-01 13:09 mpi-benchmarks-IMB-v2021.3/src_c/IMB_scatterv.c
[  150s] -rw-rw-r-- root/root      6258 2021-10-01 13:09 mpi-benchmarks-IMB-v2021.3/src_c/IMB_sendrecv.c
[  150s] -rw-rw-r-- root/root      5619 2021-10-01 13:09 mpi-benchmarks-IMB-v2021.3/src_c/IMB_settings.h
[  150s] -rw-rw-r-- root/root      5538 2021-10-01 13:09 mpi-benchmarks-IMB-v2021.3/src_c/IMB_settings_io.h
[  150s] -rw-rw-r-- root/root      5230 2021-10-01 13:09 mpi-benchmarks-IMB-v2021.3/src_c/IMB_strgs.c
[  150s] -rw-rw-r-- root/root      3731 2021-10-01 13:09 mpi-benchmarks-IMB-v2021.3/src_c/IMB_user_set_info.c
[  150s] -rw-rw-r-- root/root      3950 2021-10-01 13:09 mpi-benchmarks-IMB-v2021.3/src_c/IMB_utils.c
[  150s] -rw-rw-r-- root/root      5422 2021-10-01 13:09 mpi-benchmarks-IMB-v2021.3/src_c/IMB_warm_up.c
[  150s] -rw-rw-r-- root/root      5170 2021-10-01 13:09 mpi-benchmarks-IMB-v2021.3/src_c/IMB_window.c
[  150s] -rw-rw-r-- root/root     19648 2021-10-01 13:09 mpi-benchmarks-IMB-v2021.3/src_c/IMB_write.c
[  150s] -rw-rw-r-- root/root      7911 2021-10-01 13:09 mpi-benchmarks-IMB-v2021.3/src_c/Makefile
[  150s] -rw-rw-r-- root/root     11491 2021-10-01 13:09 mpi-benchmarks-IMB-v2021.3/src_c/Makefile_win
[  150s] drwxrwxr-x root/root         0 2021-10-01 13:09 mpi-benchmarks-IMB-v2021.3/src_c/P2P/
[  150s] -rw-rw-r-- root/root      3534 2021-10-01 13:09 mpi-benchmarks-IMB-v2021.3/src_c/P2P/Makefile
[  150s] -rw-rw-r-- root/root     33300 2021-10-01 13:09 mpi-benchmarks-IMB-v2021.3/src_c/P2P/imb_p2p.c
[  150s] -rw-rw-r-- root/root      6521 2021-10-01 13:09 mpi-benchmarks-IMB-v2021.3/src_c/P2P/imb_p2p.h
[  150s] -rw-rw-r-- root/root      7992 2021-10-01 13:09 mpi-benchmarks-IMB-v2021.3/src_c/P2P/imb_p2p_birandom.c
[  150s] -rw-rw-r-- root/root      7921 2021-10-01 13:09 mpi-benchmarks-IMB-v2021.3/src_c/P2P/imb_p2p_corandom.c
[  150s] -rw-rw-r-- root/root      6274 2021-10-01 13:09 mpi-benchmarks-IMB-v2021.3/src_c/P2P/imb_p2p_pingping.c
[  150s] -rw-rw-r-- root/root      7265 2021-10-01 13:09 mpi-benchmarks-IMB-v2021.3/src_c/P2P/imb_p2p_pingpong.c
[  150s] -rw-rw-r-- root/root      6006 2021-10-01 13:09 mpi-benchmarks-IMB-v2021.3/src_c/P2P/imb_p2p_sendrecv_replace.c
[  150s] -rw-rw-r-- root/root      9144 2021-10-01 13:09 mpi-benchmarks-IMB-v2021.3/src_c/P2P/imb_p2p_stencil2d.c
[  150s] -rw-rw-r-- root/root     10017 2021-10-01 13:09 mpi-benchmarks-IMB-v2021.3/src_c/P2P/imb_p2p_stencil3d.c
[  150s] -rw-rw-r-- root/root      7219 2021-10-01 13:09 mpi-benchmarks-IMB-v2021.3/src_c/P2P/imb_p2p_unirandom.c
[  150s] drwxrwxr-x root/root         0 2021-10-01 13:09 mpi-benchmarks-IMB-v2021.3/src_cpp/
[  150s] drwxrwxr-x root/root         0 2021-10-01 13:09 mpi-benchmarks-IMB-v2021.3/src_cpp/EXT/
[  150s] -rw-rw-r-- root/root      5212 2021-10-01 13:09 mpi-benchmarks-IMB-v2021.3/src_cpp/EXT/EXT_benchmark.cpp
[  150s] -rw-rw-r-- root/root     25105 2021-10-01 13:09 mpi-benchmarks-IMB-v2021.3/src_cpp/EXT/EXT_suite.cpp
[  150s] -rw-rw-r-- root/root      3698 2021-10-01 13:09 mpi-benchmarks-IMB-v2021.3/src_cpp/EXT/Makefile.EXT.mk
[  150s] -rw-rw-r-- root/root      4061 2021-10-01 13:09 mpi-benchmarks-IMB-v2021.3/src_cpp/EXT/Makefile_win.EXT.mk
[  150s] drwxrwxr-x root/root         0 2021-10-01 13:09 mpi-benchmarks-IMB-v2021.3/src_cpp/HALO/
[  150s] -rw-rw-r-- root/root      3071 2021-10-01 13:09 mpi-benchmarks-IMB-v2021.3/src_cpp/HALO/Makefile.HALO.mk
[  150s] -rw-rw-r-- root/root      3253 2021-10-01 13:09 mpi-benchmarks-IMB-v2021.3/src_cpp/HALO/halo_benchmark.cpp
[  150s] -rw-rw-r-- root/root     12825 2021-10-01 13:09 mpi-benchmarks-IMB-v2021.3/src_cpp/HALO/halo_benchmark.h
[  150s] -rw-rw-r-- root/root      8367 2021-10-01 13:09 mpi-benchmarks-IMB-v2021.3/src_cpp/HALO/halo_suite.cpp
[  150s] drwxrwxr-x root/root         0 2021-10-01 13:09 mpi-benchmarks-IMB-v2021.3/src_cpp/IO/
[  150s] -rw-rw-r-- root/root     23315 2021-10-01 13:09 mpi-benchmarks-IMB-v2021.3/src_cpp/IO/IO_benchmark.cpp
[  150s] -rw-rw-r-- root/root     24987 2021-10-01 13:09 mpi-benchmarks-IMB-v2021.3/src_cpp/IO/IO_suite.cpp
[  150s] -rw-rw-r-- root/root      3720 2021-10-01 13:09 mpi-benchmarks-IMB-v2021.3/src_cpp/IO/Makefile.IO.mk
[  150s] -rw-rw-r-- root/root      4087 2021-10-01 13:09 mpi-benchmarks-IMB-v2021.3/src_cpp/IO/Makefile_win.IO.mk
[  150s] drwxrwxr-x root/root         0 2021-10-01 13:09 mpi-benchmarks-IMB-v2021.3/src_cpp/MPI1/
[  150s] -rw-rw-r-- root/root     10652 2021-10-01 13:09 mpi-benchmarks-IMB-v2021.3/src_cpp/MPI1/MPI1_benchmark.cpp
[  150s] -rw-rw-r-- root/root     33404 2021-10-01 13:09 mpi-benchmarks-IMB-v2021.3/src_cpp/MPI1/MPI1_suite.cpp
[  150s] -rw-rw-r-- root/root      4663 2021-10-01 13:09 mpi-benchmarks-IMB-v2021.3/src_cpp/MPI1/Makefile.MPI1.mk
[  150s] -rw-rw-r-- root/root      4775 2021-10-01 13:09 mpi-benchmarks-IMB-v2021.3/src_cpp/MPI1/Makefile_win.MPI1.mk
[  150s] drwxrwxr-x root/root         0 2021-10-01 13:09 mpi-benchmarks-IMB-v2021.3/src_cpp/MT/
[  150s] -rw-rw-r-- root/root     33699 2021-10-01 13:09 mpi-benchmarks-IMB-v2021.3/src_cpp/MT/MT_benchmark.cpp
[  150s] -rw-rw-r-- root/root     19581 2021-10-01 13:09 mpi-benchmarks-IMB-v2021.3/src_cpp/MT/MT_benchmark.h
[  150s] -rw-rw-r-- root/root      9730 2021-10-01 13:09 mpi-benchmarks-IMB-v2021.3/src_cpp/MT/MT_suite.cpp
[  150s] -rw-rw-r-- root/root      3697 2021-10-01 13:09 mpi-benchmarks-IMB-v2021.3/src_cpp/MT/MT_types.h
[  150s] -rw-rw-r-- root/root      3031 2021-10-01 13:09 mpi-benchmarks-IMB-v2021.3/src_cpp/MT/Makefile.MT.mk
[  150s] -rw-rw-r-- root/root      3329 2021-10-01 13:09 mpi-benchmarks-IMB-v2021.3/src_cpp/MT/Makefile_win.MT.mk
[  150s] -rw-rw-r-- root/root      6288 2021-10-01 13:09 mpi-benchmarks-IMB-v2021.3/src_cpp/Makefile
[  150s] -rw-rw-r-- root/root      3949 2021-10-01 13:09 mpi-benchmarks-IMB-v2021.3/src_cpp/Makefile_win
[  150s] drwxrwxr-x root/root         0 2021-10-01 13:09 mpi-benchmarks-IMB-v2021.3/src_cpp/NBC/
[  150s] -rw-rw-r-- root/root      3994 2021-10-01 13:09 mpi-benchmarks-IMB-v2021.3/src_cpp/NBC/Makefile.NBC.mk
[  150s] -rw-rw-r-- root/root      4532 2021-10-01 13:09 mpi-benchmarks-IMB-v2021.3/src_cpp/NBC/Makefile_win.NBC.mk
[  150s] -rw-rw-r-- root/root     10381 2021-10-01 13:09 mpi-benchmarks-IMB-v2021.3/src_cpp/NBC/NBC_benchmark.cpp
[  150s] -rw-rw-r-- root/root     25326 2021-10-01 13:09 mpi-benchmarks-IMB-v2021.3/src_cpp/NBC/NBC_suite.cpp
[  150s] drwxrwxr-x root/root         0 2021-10-01 13:09 mpi-benchmarks-IMB-v2021.3/src_cpp/RMA/
[  150s] -rw-rw-r-- root/root      3697 2021-10-01 13:09 mpi-benchmarks-IMB-v2021.3/src_cpp/RMA/Makefile.RMA.mk
[  150s] -rw-rw-r-- root/root      4216 2021-10-01 13:09 mpi-benchmarks-IMB-v2021.3/src_cpp/RMA/Makefile_win.RMA.mk
[  150s] -rw-rw-r-- root/root     10522 2021-10-01 13:09 mpi-benchmarks-IMB-v2021.3/src_cpp/RMA/RMA_benchmark.cpp
[  150s] -rw-rw-r-- root/root     25959 2021-10-01 13:09 mpi-benchmarks-IMB-v2021.3/src_cpp/RMA/RMA_suite.cpp
[  150s] -rw-rw-r-- root/root      4608 2021-10-01 13:09 mpi-benchmarks-IMB-v2021.3/src_cpp/any.h
[  150s] -rw-rw-r-- root/root     29348 2021-10-01 13:09 mpi-benchmarks-IMB-v2021.3/src_cpp/args_parser.cpp
[  150s] -rw-rw-r-- root/root     16958 2021-10-01 13:09 mpi-benchmarks-IMB-v2021.3/src_cpp/args_parser.h
[  150s] -rw-rw-r-- root/root     10935 2021-10-01 13:09 mpi-benchmarks-IMB-v2021.3/src_cpp/args_parser_utests.cpp
[  150s] -rw-rw-r-- root/root      4530 2021-10-01 13:09 mpi-benchmarks-IMB-v2021.3/src_cpp/benchmark.h
[  150s] -rw-rw-r-- root/root      7294 2021-10-01 13:09 mpi-benchmarks-IMB-v2021.3/src_cpp/benchmark_suite.h
[  150s] -rw-rw-r-- root/root      4016 2021-10-01 13:09 mpi-benchmarks-IMB-v2021.3/src_cpp/benchmark_suite_base.h
[  150s] -rw-rw-r-- root/root      3323 2021-10-01 13:09 mpi-benchmarks-IMB-v2021.3/src_cpp/benchmark_suites_collection.cpp
[  150s] -rw-rw-r-- root/root      6558 2021-10-01 13:09 mpi-benchmarks-IMB-v2021.3/src_cpp/benchmark_suites_collection.h
[  150s] drwxrwxr-x root/root         0 2021-10-01 13:09 mpi-benchmarks-IMB-v2021.3/src_cpp/example/
[  150s] -rw-rw-r-- root/root      3149 2021-10-01 13:09 mpi-benchmarks-IMB-v2021.3/src_cpp/example/Makefile.example.mk
[  150s] -rw-rw-r-- root/root      4071 2021-10-01 13:09 mpi-benchmarks-IMB-v2021.3/src_cpp/example/example_benchmark1.cpp
[  150s] -rw-rw-r-- root/root      3686 2021-10-01 13:09 mpi-benchmarks-IMB-v2021.3/src_cpp/example/example_benchmark2.cpp
[  150s] -rw-rw-r-- root/root      5688 2021-10-01 13:09 mpi-benchmarks-IMB-v2021.3/src_cpp/example/example_benchmark3.cpp
[  150s] -rw-rw-r-- root/root      8234 2021-10-01 13:09 mpi-benchmarks-IMB-v2021.3/src_cpp/example/example_benchmark4.cpp
[  150s] -rw-rw-r-- root/root      4895 2021-10-01 13:09 mpi-benchmarks-IMB-v2021.3/src_cpp/example/example_benchmark5.cpp
[  150s] drwxrwxr-x root/root         0 2021-10-01 13:09 mpi-benchmarks-IMB-v2021.3/src_cpp/helpers/
[  150s] -rw-rw-r-- root/root      3032 2021-10-01 13:09 mpi-benchmarks-IMB-v2021.3/src_cpp/helpers/Makefile.helpers.mk
[  150s] -rw-rw-r-- root/root      2994 2021-10-01 13:09 mpi-benchmarks-IMB-v2021.3/src_cpp/helpers/Makefile_win.helpers.mk
[  150s] -rw-rw-r-- root/root     29573 2021-10-01 13:09 mpi-benchmarks-IMB-v2021.3/src_cpp/helpers/helper_IMB_functions.h
[  150s] -rw-rw-r-- root/root     10387 2021-10-01 13:09 mpi-benchmarks-IMB-v2021.3/src_cpp/helpers/original_benchmark.h
[  150s] -rw-rw-r-- root/root     16203 2021-10-01 13:09 mpi-benchmarks-IMB-v2021.3/src_cpp/imb.cpp
[  150s] -rw-rw-r-- root/root      3546 2021-10-01 13:09 mpi-benchmarks-IMB-v2021.3/src_cpp/scope.cpp
[  150s] -rw-rw-r-- root/root      5793 2021-10-01 13:09 mpi-benchmarks-IMB-v2021.3/src_cpp/scope.h
[  150s] -rw-rw-r-- root/root      4217 2021-10-01 13:09 mpi-benchmarks-IMB-v2021.3/src_cpp/smart_ptr.h
[  150s] -rw-rw-r-- root/root      4564 2021-10-01 13:09 mpi-benchmarks-IMB-v2021.3/src_cpp/utils.h
[  150s] + STATUS=0
[  150s] + '[' 0 -ne 0 ']'
[  150s] + cd mpi-benchmarks-IMB-v2021.3
[  150s] + /usr/bin/chmod -Rf a+rX,u+w,g-w,o-w .
[  150s] + RPM_EC=0
[  150s] ++ jobs -p
[  150s] + exit 0
[  150s] Executing(%build): /usr/bin/bash -e /var/tmp/rpm-tmp.vTBijk
[  150s] + umask 022
[  150s] + cd /home/abuild/rpmbuild/BUILD
[  150s] + /usr/bin/rm -rf /home/abuild/rpmbuild/BUILDROOT/imb_2021_3-gnu-mvapich2-hpc-2021.3-1.2.riscv64
[  150s] ++ dirname /home/abuild/rpmbuild/BUILDROOT/imb_2021_3-gnu-mvapich2-hpc-2021.3-1.2.riscv64
[  150s] + /usr/bin/mkdir -p /home/abuild/rpmbuild/BUILDROOT
[  150s] + /usr/bin/mkdir /home/abuild/rpmbuild/BUILDROOT/imb_2021_3-gnu-mvapich2-hpc-2021.3-1.2.riscv64
[  150s] + cd mpi-benchmarks-IMB-v2021.3
[  150s] + ref=/usr/lib/rpm
[  150s] + mints=0
[  150s] + case $(uname -m) in
[  150s] ++ uname -m
[  151s] + mints=20160911
[  151s] + for s in guess sub
[  151s] ++ find -maxdepth 8 -name config.guess
[  151s] + for s in guess sub
[  151s] ++ find -maxdepth 8 -name config.sub
[  151s] + module purge
[  151s] + '[' -z '' ']'
[  151s] + case "$-" in
[  151s] + __lmod_sh_dbg=x
[  151s] + '[' -n x ']'
[  151s] + set +x
[  151s] Shell debugging temporarily silenced: export LMOD_SH_DBG_ON=1 for Lmod's output
[  152s] sh: line 1: /usr/bin/ps: No such file or directory
[  152s] Shell debugging restarted
[  152s] + unset __lmod_sh_dbg
[  152s] + return 0
[  152s] + export CC=gcc
[  152s] + CC=gcc
[  152s] + export CXX=g++
[  152s] + CXX=g++
[  152s] + export FC=gfortran
[  152s] + FC=gfortran
[  152s] + export F77=gfortran
[  152s] + F77=gfortran
[  152s] + module load gnu/13
[  152s] + '[' -z '' ']'
[  152s] + case "$-" in
[  152s] + __lmod_sh_dbg=x
[  152s] + '[' -n x ']'
[  152s] + set +x
[  152s] Shell debugging temporarily silenced: export LMOD_SH_DBG_ON=1 for Lmod's output
[  153s] sh: line 1: /usr/bin/ps: No such file or directory
[  154s] Shell debugging restarted
[  154s] + unset __lmod_sh_dbg
[  154s] + return 0
[  154s] + module load mvapich2
[  154s] + '[' -z '' ']'
[  154s] + case "$-" in
[  154s] + __lmod_sh_dbg=x
[  154s] + '[' -n x ']'
[  154s] + set +x
[  154s] Shell debugging temporarily silenced: export LMOD_SH_DBG_ON=1 for Lmod's output
[  155s] sh: line 1: /usr/bin/ps: No such file or directory
[  160s] Lmod has detected the following error: The following module(s) are unknown:
[  160s] "mvapich2"
[  160s] 
[  160s] Please check the spelling or version number. Also try "module spider ..."
[  160s] It is also possible your cache file is out-of-date; it may help to try:
[  160s]   $ module --ignore_cache load "mvapich2"
[  160s] 
[  160s] Also make sure that all modulefiles written in TCL start with the string
[  160s] #%Module
[  160s] 
[  160s] 
[  160s] 
[  160s] Shell debugging restarted
[  160s] + unset __lmod_sh_dbg
[  160s] + return 1
[  160s] error: Bad exit status from /var/tmp/rpm-tmp.vTBijk (%build)
[  160s] 
[  160s] RPM build errors:
[  160s]     Bad exit status from /var/tmp/rpm-tmp.vTBijk (%build)
[  160s] ### VM INTERACTION START ###
[  161s] [0;1;38;5;185mFailed to write wtmp record, ignoring: Read-only file system[0m
[  161s] [0;1;38;5;185mFailed to write utmp record: Read-only file system[0m
[  161s] Powering off.
[  161s] [  155.218261][ T2941] reboot: Power down
[  161s] ### VM INTERACTION END ###
[  161s] 
[  161s] lamb51 failed "build imb.spec" at Mon Mar 20 13:19:20 UTC 2023.
[  161s] 
