[    0s] Using BUILD_ROOT=/var/cache/obs/worker/root_3/.mount
[    0s] Using BUILD_ARCH=riscv64
[    0s] Doing kvm build in /var/cache/obs/worker/root_3/root
[    0s] 
[    0s] 
[    0s] lamb58 started "build kubernetes1.26.spec" at Wed Mar 22 23:25:09 UTC 2023.
[    0s] 
[    0s] Building kubernetes1.26 for project 'openSUSE:Factory:RISCV' repository 'standard' arch 'riscv64' srcmd5 '284ee79b2564b6dad0d0fbc2eb77eaf8'
[    0s] 
[    0s] processing recipe /var/cache/obs/worker/root_3/.build-srcdir/kubernetes1.26.spec ...
[    0s] running changelog2spec --target rpm --file /var/cache/obs/worker/root_3/.build-srcdir/kubernetes1.26.spec
[    1s] init_buildsystem --configdir /var/run/obs/worker/3/build/configs --cachedir /var/cache/build --prepare --clean --rpmlist /var/cache/obs/worker/root_3/.build.rpmlist /var/cache/obs/worker/root_3/.build-srcdir/kubernetes1.26.spec build ...
[    1s] unpacking preinstall image openSUSE:Factory:RISCV/standard/preinstallimage-base [c8dfacbae5f7ff2e1b5048bffb7ba93a]
[    5s] 
[    5s] copying packages...
[    6s] reordering...done
[    6s] Detected virtio-serial support
[    8s] booting kvm...
[    8s] ### VM INTERACTION START ###
[    8s] Using virtio-serial support
[    8s] /usr/bin/qemu-kvm -nodefaults -no-reboot -nographic -vga none -cpu host -M pc,accel=kvm,usb=off,dump-guest-core=off,vmport=off -sandbox on -bios /usr/share/qemu/qboot.rom -object rng-random,filename=/dev/random,id=rng0 -device virtio-rng-pci,rng=rng0 -object iothread,id=io0 -runas qemu -net none -kernel /var/cache/obs/worker/root_3/.mount/boot/kernel -initrd /var/cache/obs/worker/root_3/.mount/boot/initrd -append root=/dev/disk/by-id/virtio-0 rootfstype=ext4 rootflags=noatime kvmclock mitigations=off elevator=noop nmi_watchdog=0 rw rd.driver.pre=binfmt_misc oops=panic panic=1 quiet console=hvc0 init=/.build/initvm.x86_64 -m 8192 -drive file=/var/cache/obs/worker/root_3/root,format=raw,if=none,id=disk,cache=unsafe,aio=io_uring -device virtio-blk-pci,iothread=io0,drive=disk,serial=0 -drive file=/var/cache/obs/worker/root_3/swap,format=raw,if=none,id=swap,cache=unsafe,aio=io_uring -device virtio-blk-pci,iothread=io0,drive=swap,serial=1 -device virtio-serial,max_ports=2 -device virtconsole,chardev=virtiocon0 -chardev stdio,id=virtiocon0 -chardev socket,id=monitor,server=on,wait=off,path=/var/cache/obs/worker/root_3/root.qemu/monitor -mon chardev=monitor,mode=readline -smp 8
[   19s] ### VM INTERACTION END ###
[   19s] 2nd stage started in virtual machine
[   19s] machine type: riscv64
[   20s] Linux version: 6.2.6-1-default #1 SMP PREEMPT_DYNAMIC Mon Mar 13 10:57:27 UTC 2023 (fa1a4c6)
[   20s] Increasing log level from now on...
[   20s] [   10.889576][  T413] sysrq: Changing Loglevel
[   20s] [   10.889738][  T413] sysrq: Loglevel set to 4
[   20s] Enable sysrq operations
[   20s] Setting up swapspace version 1, size = 2 GiB (2097147904 bytes)
[   20s] no label, UUID=cba4f488-58a0-4342-aef6-92e241dc9551
[   20s] swapon: /dev/vdb: found signature [pagesize=4096, signature=swap]
[   20s] swapon: /dev/vdb: pagesize=4096, swapsize=2097152000, devsize=2097152000
[   20s] swapon /dev/vdb
[   20s] WARNING: udev not running, creating extra device nodes
[   21s] logging output to //.build.log...
[   22s] processing recipe /.build-srcdir/kubernetes1.26.spec ...
[   22s] init_buildsystem --configdir /.build/configs --cachedir /var/cache/build /.build-srcdir/kubernetes1.26.spec build ...
[   23s] initializing rpm db...
[   23s] querying package ids...
[   59s] [1/169] preinstalled aaa_base-84.87+git20220822.6b9f7a3-1.1
[   59s] [2/169] preinstalled aaa_base-malloccheck-84.87+git20220822.6b9f7a3-1.1
[   59s] [3/169] preinstalled attr-2.5.1-1.1
[   59s] [4/169] preinstalled bash-5.2.15-8.1
[   59s] [5/169] cumulate bash-completion-2.11-6.1
[   59s] [6/169] preinstalled bash-sh-5.2.15-8.1
[   59s] [7/169] preinstalled binutils-2.40-2.1
[   59s] [8/169] preinstalled brp-check-suse-84.87+git20221115.2f7add6-1.1
[   59s] [9/169] preinstalled build-compare-20221206T204012.bb70754-1.2
[   59s] [10/169] preinstalled build-mkbaselibs-20230314-1.1
[   59s] [11/169] preinstalled bzip2-1.0.8-5.1
[   59s] [12/169] preinstalled chkstat-1599_20230217-1.1
[   59s] [13/169] preinstalled compat-usrmerge-build-84.87-5.1
[   59s] [14/169] preinstalled compat-usrmerge-tools-84.87-5.1
[   59s] [15/169] preinstalled coreutils-9.1-5.1
[   59s] [16/169] preinstalled cpio-2.13-5.1
[   59s] [17/169] preinstalled cpp-13-1.1
[   59s] [18/169] preinstalled cpp13-13.0.1+git6669-7.1
[   59s] [19/169] cumulate crypto-policies-20210917.c9d86d1-1.1
[   59s] [20/169] preinstalled debugedit-5.0-5.1
[   59s] [21/169] preinstalled diffutils-3.9-1.1
[   59s] [22/169] preinstalled dwz-0.15-2.1
[   59s] [23/169] preinstalled elfutils-0.189-2.1
[   59s] [24/169] cumulate fdupes-2.2.1-1.1
[   59s] [25/169] preinstalled file-5.44-1.2
[   59s] [26/169] preinstalled file-magic-5.44-1.2
[   59s] [27/169] preinstalled filesystem-84.87-12.1
[   59s] [28/169] preinstalled fillup-1.42-279.1
[   59s] [29/169] preinstalled findutils-4.9.0-2.1
[   59s] [30/169] preinstalled gawk-5.2.1-2.1
[   59s] [31/169] preinstalled gcc-13-1.1
[   59s] [32/169] preinstalled gcc-PIE-13-1.1
[   59s] [33/169] preinstalled gcc13-13.0.1+git6669-7.1
[   59s] [34/169] preinstalled gcc13-PIE-13.0.1+git6669-7.1
[   59s] [35/169] preinstalled gettext-runtime-mini-0.21.1-1.1
[   59s] [36/169] preinstalled gettext-tools-mini-0.21.1-1.1
[   59s] [37/169] preinstalled glibc-2.37-1.1
[   59s] [38/169] preinstalled glibc-devel-2.37-1.1
[   59s] [39/169] preinstalled glibc-locale-base-2.37-1.1
[   59s] [40/169] cumulate go-md2man-2.0.0+git20190314.f79a8a8-1.4
[   59s] [41/169] cumulate go1.19-1.19.7-1.1
[   59s] [42/169] cumulate golang-github-jteeuwen-go-bindata-3.0.7+git20151023.72.a0ff256-5.2
[   59s] [43/169] preinstalled grep-3.9-1.1
[   59s] [44/169] preinstalled gzip-1.12-3.1
[   59s] [45/169] preinstalled kernel-obs-build-6.2.6-1.2
[   59s] [46/169] cumulate less-608-2.1
[   59s] [47/169] preinstalled libacl1-2.3.1-2.1
[   59s] [48/169] preinstalled libasan8-13.0.1+git6669-7.1
[   59s] [49/169] preinstalled libasm1-0.189-2.1
[   59s] [50/169] preinstalled libatomic1-13.0.1+git6669-7.1
[   59s] [51/169] preinstalled libattr1-2.5.1-1.1
[   59s] [52/169] preinstalled libaudit1-3.0.9-1.1
[   59s] [53/169] preinstalled libblkid1-2.38.1-10.1
[   59s] [54/169] cumulate libbrotlicommon1-1.0.9-3.1
[   59s] [55/169] preinstalled libbz2-1-1.0.8-5.1
[   59s] [56/169] preinstalled libcap-ng0-0.8.3-1.1
[   59s] [57/169] preinstalled libcap2-2.67-1.1
[   59s] [58/169] cumulate libcbor0_10-0.10.2-1.1
[   59s] [59/169] cumulate libcom_err2-1.46.5-4.1
[   59s] [60/169] preinstalled libcrypt1-4.4.33-2.1
[   59s] [61/169] preinstalled libctf-nobfd0-2.40-2.1
[   59s] [62/169] preinstalled libctf0-2.40-2.1
[   59s] [63/169] preinstalled libdb-4_8-4.8.30-40.1
[   59s] [64/169] preinstalled libdw1-0.189-2.1
[   59s] [65/169] preinstalled libeconf0-0.5.1-1.1
[   59s] [66/169] cumulate libedit0-20210910.3.1-1.1
[   59s] [67/169] preinstalled libelf1-0.189-2.1
[   59s] [68/169] cumulate libexpat1-2.5.0-2.1
[   59s] [69/169] preinstalled libfdisk1-2.38.1-10.1
[   59s] [70/169] preinstalled libgcc_s1-13.0.1+git6669-7.1
[   59s] [71/169] preinstalled libgcrypt20-1.10.1-2.1
[   59s] [72/169] preinstalled libgdbm6-1.23-1.1
[   59s] [73/169] preinstalled libgdbm_compat4-1.23-1.1
[   59s] [74/169] preinstalled libgmp10-6.2.1-4.1
[   59s] [75/169] preinstalled libgomp1-13.0.1+git6669-7.1
[   59s] [76/169] preinstalled libgpg-error0-1.46-1.1
[   59s] [77/169] preinstalled libisl23-0.25-1.1
[   59s] [78/169] preinstalled libitm1-13.0.1+git6669-7.1
[   59s] [79/169] cumulate libkeyutils1-1.6.3-5.1
[   59s] [80/169] preinstalled liblua5_4-5-5.4.4-9.1
[   59s] [81/169] cumulate liblz4-1-1.9.4-2.1
[   59s] [82/169] preinstalled liblzma5-5.4.2-1.1
[   59s] [83/169] preinstalled libmagic1-5.44-1.2
[   59s] [84/169] preinstalled libmount1-2.38.1-10.1
[   59s] [85/169] preinstalled libmpc3-1.3.1-1.2
[   59s] [86/169] preinstalled libmpfr6-4.2.0-1.1
[   59s] [87/169] preinstalled libncurses6-6.4.20230311-8.1
[   59s] [88/169] cumulate libnghttp2-14-1.51.0-7.2
[   59s] [89/169] preinstalled libpcre2-8-0-10.42-3.2
[   59s] [90/169] preinstalled libpkgconf3-1.8.0-2.1
[   59s] [91/169] preinstalled libpopt0-1.19-1.1
[   59s] [92/169] preinstalled libreadline8-8.2-2.1
[   59s] [93/169] preinstalled librpmbuild9-4.18.0-4.1
[   59s] [94/169] cumulate libsasl2-3-2.1.28-4.2
[   59s] [95/169] preinstalled libseccomp2-2.5.4-2.1
[   59s] [96/169] preinstalled libselinux1-3.5-1.1
[   59s] [97/169] preinstalled libsemanage-conf-3.5-1.1
[   59s] [98/169] preinstalled libsemanage2-3.5-1.1
[   59s] [99/169] preinstalled libsepol2-3.5-1.1
[   59s] [100/169] cumulate libsha1detectcoll1-1.0.3-4.3
[   59s] [101/169] preinstalled libsmartcols1-2.38.1-10.1
[   59s] [102/169] cumulate libssh-config-0.10.4-1.2
[   59s] [103/169] preinstalled libstdc++6-13.0.1+git6669-7.1
[   59s] [104/169] preinstalled libsubid4-4.13-4.1
[   59s] [105/169] preinstalled libubsan1-13.0.1+git6669-7.1
[   59s] [106/169] cumulate libudev-mini1-253.1-3.1
[   59s] [107/169] cumulate libunistring5-1.1-1.1
[   59s] [108/169] preinstalled libutempter0-1.2.0-3.2
[   59s] [109/169] preinstalled libuuid1-2.38.1-10.1
[   59s] [110/169] cumulate libverto1-0.3.2-1.1
[   59s] [111/169] preinstalled libxcrypt-devel-4.4.33-2.1
[   59s] [112/169] cumulate libxxhash0-0.8.1-3.1
[   59s] [113/169] preinstalled libz1-1.2.13-3.1
[   59s] [114/169] preinstalled libzstd1-1.5.4-2.1
[   59s] [115/169] preinstalled linux-glibc-devel-6.2-1.1
[   59s] [116/169] preinstalled login_defs-4.13-4.1
[   59s] [117/169] preinstalled lua54-5.4.4-9.1
[   59s] [118/169] preinstalled make-4.4.1-1.1
[   59s] [119/169] preinstalled ncurses-utils-6.4.20230311-8.1
[   59s] [120/169] preinstalled pam-1.5.2-14.1
[   59s] [121/169] preinstalled patch-2.7.6-6.1
[   59s] [122/169] preinstalled perl-5.36.0-4.1
[   59s] [123/169] cumulate perl-Error-0.17029-1.6
[   59s] [124/169] preinstalled perl-base-5.36.0-4.1
[   59s] [125/169] preinstalled permissions-1599_20230217-1.1
[   59s] [126/169] preinstalled permissions-config-1599_20230217-1.1
[   59s] [127/169] preinstalled pkgconf-1.8.0-2.1
[   59s] [128/169] preinstalled pkgconf-m4-1.8.0-2.1
[   59s] [129/169] preinstalled pkgconf-pkg-config-1.8.0-2.1
[   59s] [130/169] preinstalled polkit-default-privs-1550+20230307.7f42172-1.1
[   59s] [131/169] preinstalled post-build-checks-84.87+git20230302.ff58c9e-1.1
[   59s] [132/169] preinstalled qemu-linux-user-7.1.0-54.1
[   59s] [133/169] preinstalled rpm-4.18.0-4.1
[   59s] [134/169] preinstalled rpm-build-4.18.0-4.1
[   59s] [135/169] preinstalled rpm-build-perl-4.18.0-4.1
[   59s] [136/169] preinstalled rpm-config-SUSE-20220926-1.1
[   59s] [137/169] preinstalled rpmlint-mini-2.4.0+git20230316.e10f602-9.19
[   59s] [138/169] preinstalled rpmlint-strict-2.4.0+git20230316.e10f602-1.1
[   59s] [139/169] preinstalled sed-4.9-2.1
[   59s] [140/169] preinstalled shadow-4.13-4.1
[   59s] [141/169] preinstalled system-group-hardware-20170617-24.1
[   59s] [142/169] preinstalled system-user-root-20190513-2.1
[   59s] [143/169] preinstalled systemd-rpm-macros-19-1.1
[   60s] [144/169] preinstalled sysuser-shadow-3.1-5.1
[   60s] [145/169] preinstalled tar-1.34-10.1
[   60s] [146/169] preinstalled terminfo-base-6.4.20230311-8.1
[   60s] [147/169] preinstalled update-alternatives-1.21.8-1.1
[   60s] [148/169] preinstalled util-linux-2.38.1-10.1
[   60s] [149/169] preinstalled which-2.21-5.1
[   60s] [150/169] preinstalled xz-5.4.2-1.1
[   60s] [151/169] cumulate go-1.19-1.1
[   60s] [152/169] cumulate libbrotlidec1-1.0.9-3.1
[   60s] [153/169] cumulate libhidapi-hidraw0-0.13.1-1.1
[   60s] [154/169] cumulate libidn2-0-2.3.4-1.1
[   60s] [155/169] cumulate libopenssl3-3.0.8-2.1
[   60s] [156/169] cumulate perl-Git-2.40.0-1.1
[   60s] [157/169] cumulate krb5-mini-1.20.1-4.1
[   60s] [158/169] cumulate libslp1-2.0.0-21.2
[   60s] [159/169] cumulate openssh-common-8.9p1-7.3
[   60s] [160/169] cumulate golang-packaging-15.0.17-2.1
[   60s] [161/169] cumulate libldap2-2.6.3-3.2
[   60s] [162/169] cumulate libpsl5-0.21.2-1.1
[   60s] [163/169] cumulate libssh4-0.10.4-1.2
[   60s] [164/169] cumulate libfido2-1-1.13.0-1.1
[   60s] [165/169] cumulate rsync-3.2.7-1.2
[   60s] [166/169] cumulate openssh-clients-8.9p1-7.3
[   60s] [167/169] cumulate libcurl4-7.88.1-1.1
[   60s] [168/169] cumulate git-core-2.40.0-1.1
[   60s] [169/169] cumulate git-2.40.0-1.1
[   60s] now installing cumulated packages
[   61s] Preparing...                          ########################################
[   61s] Updating / installing...
[   61s] libunistring5-1.1-1.1                 ########################################
[   62s] libidn2-0-2.3.4-1.1                   ########################################
[   62s] libudev-mini1-253.1-3.1               ########################################
[  147s] go1.19-1.19.7-1.1                     ########################################
[  149s] update-alternatives: using /usr/lib64/go/1.19/bin/go to provide /usr/bin/go (go) in auto mode
[  149s] libhidapi-hidraw0-0.13.1-1.1          ########################################
[  149s] libpsl5-0.21.2-1.1                    ########################################
[  149s] perl-Error-0.17029-1.6                ########################################
[  149s] perl-Git-2.40.0-1.1                   ########################################
[  149s] libxxhash0-0.8.1-3.1                  ########################################
[  149s] libverto1-0.3.2-1.1                   ########################################
[  149s] libssh-config-0.10.4-1.2              ########################################
[  149s] libsha1detectcoll1-1.0.3-4.3          ########################################
[  149s] libsasl2-3-2.1.28-4.2                 ########################################
[  150s] libnghttp2-14-1.51.0-7.2              ########################################
[  150s] liblz4-1-1.9.4-2.1                    ########################################
[  150s] libkeyutils1-1.6.3-5.1                ########################################
[  150s] libexpat1-2.5.0-2.1                   ########################################
[  150s] libedit0-20210910.3.1-1.1             ########################################
[  150s] libcom_err2-1.46.5-4.1                ########################################
[  151s] krb5-mini-1.20.1-4.1                  ########################################
[  151s] Updating /etc/sysconfig/kadmind ...
[  151s] Updating /etc/sysconfig/krb5kdc ...
[  152s] libcbor0_10-0.10.2-1.1                ########################################
[  152s] libbrotlicommon1-1.0.9-3.1            ########################################
[  152s] libbrotlidec1-1.0.9-3.1               ########################################
[  152s] less-608-2.1                          ########################################
[  152s] crypto-policies-20210917.c9d86d1-1.1  ########################################
[  153s] libopenssl3-3.0.8-2.1                 ########################################
[  153s] libslp1-2.0.0-21.2                    ########################################
[  153s] openssh-common-8.9p1-7.3              ########################################
[  153s] libldap2-2.6.3-3.2                    ########################################
[  154s] libssh4-0.10.4-1.2                    ########################################
[  154s] libcurl4-7.88.1-1.1                   ########################################
[  154s] libfido2-1-1.13.0-1.1                 ########################################
[  155s] openssh-clients-8.9p1-7.3             ########################################
[  159s] git-core-2.40.0-1.1                   ########################################
[  159s] git-2.40.0-1.1                        ########################################
[  159s] rsync-3.2.7-1.2                       ########################################
[  159s] go-1.19-1.1                           ########################################
[  159s] golang-packaging-15.0.17-2.1          ########################################
[  160s] golang-github-jteeuwen-go-bindata-3.0.########################################
[  160s] go-md2man-2.0.0+git20190314.f79a8a8-1.########################################
[  161s] fdupes-2.2.1-1.1                      ########################################
[  161s] bash-completion-2.11-6.1              ########################################
[  166s] now finalizing build dir...
[  166s] ... running 01-add_abuild_user_to_trusted_group
[  167s] ... running 02-set_timezone_to_utc
[  167s] ... running 03-set-permissions-secure
[  167s] ... running 11-hack_uname_version_to_kernel_version
[  176s] Running build time source services...
[  180s] Warning: spec file parser line 307: can't expand %(...)
[  180s] -----------------------------------------------------------------
[  180s] I have the following modifications for kubernetes1.26.spec:
[  181s] 26c26
[  181s] < Release:        0
[  181s] ---
[  181s] > Release:        1.1
[  189s] build target is riscv64-suse-linux
[  189s] -----------------------------------------------------------------
[  189s] ----- building kubernetes1.26.spec (user abuild)
[  189s] -----------------------------------------------------------------
[  189s] -----------------------------------------------------------------
[  194s] + exec rpmbuild -ba --define '_srcdefattr (-,root,root)' --nosignature --target=riscv64-suse-linux --define '_build_create_debug 1' --define 'disturl obs://build.opensuse.org/openSUSE:Factory:RISCV/standard/284ee79b2564b6dad0d0fbc2eb77eaf8-kubernetes1.26' /home/abuild/rpmbuild/SOURCES/kubernetes1.26.spec
[  194s] warning: line 143: It's not recommended to have unversioned Obsoletes: Obsoletes:      kubernetes1.25-kubeadm
[  194s] warning: line 174: It's not recommended to have unversioned Obsoletes: Obsoletes:      kubernetes1.25-client-common
[  194s] ++ rpm --eval %go_contribsrcdir
[  195s] + GO_CONTRIBSRCDIR=/usr/share/go/1.19/contrib/src/
[  195s] + main arch
[  195s] + local action=arch
[  195s] + case "${action}" in
[  195s] + process_arch
[  195s] ++ uname -m
[  196s] + local arch=riscv64
[  196s] + case "${arch}" in
[  196s] + echo riscv64
[  196s] Building target platforms: riscv64-suse-linux
[  196s] Building for target riscv64-suse-linux
[  196s] setting SOURCE_DATE_EPOCH=1678320000
[  196s] Executing(%prep): /usr/bin/bash -e /var/tmp/rpm-tmp.TKgYMu
[  197s] + umask 022
[  197s] + cd /home/abuild/rpmbuild/BUILD
[  197s] + cd /home/abuild/rpmbuild/BUILD
[  197s] + rm -rf kubernetes-1.26.2
[  197s] + /usr/lib/rpm/rpmuncompress -x /home/abuild/rpmbuild/SOURCES/kubernetes-1.26.2.tar.xz
[  219s] + STATUS=0
[  219s] + '[' 0 -ne 0 ']'
[  219s] + cd kubernetes-1.26.2
[  219s] + /usr/bin/chmod -Rf a+rX,u+w,g-w,o-w .
[  219s] + echo 'Patch #2 (kubeadm-opensuse-registry.patch):'
[  219s] Patch #2 (kubeadm-opensuse-registry.patch):
[  219s] + /usr/bin/patch --no-backup-if-mismatch -f -p1 --fuzz=0
[  219s] patching file cmd/kubeadm/app/apis/kubeadm/v1beta2/defaults.go
[  219s] patching file cmd/kubeadm/app/apis/kubeadm/v1beta3/defaults.go
[  219s] + echo 'Patch #3 (opensuse-version-checks.patch):'
[  219s] Patch #3 (opensuse-version-checks.patch):
[  219s] + /usr/bin/patch --no-backup-if-mismatch -f -p1 --fuzz=0
[  219s] patching file cmd/kubeadm/app/util/version.go
[  219s] + echo 'Patch #4 (kubeadm-opensuse-flexvolume.patch):'
[  219s] Patch #4 (kubeadm-opensuse-flexvolume.patch):
[  219s] + /usr/bin/patch --no-backup-if-mismatch -f -p0 --fuzz=0
[  219s] patching file cmd/kubeadm/app/phases/controlplane/volumes.go
[  220s] Hunk #1 succeeded at 34 (offset 1 line).
[  220s] + echo 'Patch #5 (revert-coredns-image-renaming.patch):'
[  220s] Patch #5 (revert-coredns-image-renaming.patch):
[  220s] + /usr/bin/patch --no-backup-if-mismatch -f -p1 --fuzz=0
[  220s] patching file cmd/kubeadm/app/images/images.go
[  220s] + RPM_EC=0
[  220s] ++ jobs -p
[  220s] + exit 0
[  220s] Executing(%build): /usr/bin/bash -e /var/tmp/rpm-tmp.VdVFXh
[  220s] + umask 022
[  220s] + cd /home/abuild/rpmbuild/BUILD
[  220s] + /usr/bin/rm -rf /home/abuild/rpmbuild/BUILDROOT/kubernetes1.26-1.26.2-1.1.riscv64
[  220s] ++ dirname /home/abuild/rpmbuild/BUILDROOT/kubernetes1.26-1.26.2-1.1.riscv64
[  220s] + /usr/bin/mkdir -p /home/abuild/rpmbuild/BUILDROOT
[  220s] + /usr/bin/mkdir /home/abuild/rpmbuild/BUILDROOT/kubernetes1.26-1.26.2-1.1.riscv64
[  220s] + cd kubernetes-1.26.2
[  220s] + ref=/usr/lib/rpm
[  220s] + mints=0
[  220s] + case $(uname -m) in
[  220s] ++ uname -m
[  220s] + mints=20160911
[  220s] + for s in guess sub
[  220s] ++ find -maxdepth 8 -name config.guess
[  221s] + for s in guess sub
[  221s] ++ find -maxdepth 8 -name config.sub
[  222s] ++ grep commit: /home/abuild/rpmbuild/SOURCES/kubernetes.obsinfo
[  222s] ++ cut -d : -f2
[  222s] ++ tr -d ' '
[  222s] + export KUBE_GIT_COMMIT=fc04e732bb3e7198d2fa44efa5457c7c6f8c0f5b
[  222s] + KUBE_GIT_COMMIT=fc04e732bb3e7198d2fa44efa5457c7c6f8c0f5b
[  222s] + export KUBE_GIT_TREE_STATE=clean
[  222s] + KUBE_GIT_TREE_STATE=clean
[  222s] + export KUBE_GIT_VERSION=v1.26.2
[  222s] + KUBE_GIT_VERSION=v1.26.2
[  222s] + make 'WHAT=cmd/kube-apiserver cmd/kube-controller-manager cmd/kube-scheduler cmd/kube-proxy cmd/kubelet cmd/kubectl cmd/kubeadm' GOFLAGS=-buildmode=pie
[  223s] !!! [0322 23:28:52] Unsupported host arch. Must be x86_64, 386, arm, arm64, s390x or ppc64le.
[  226s] +++ [0322 23:28:55] Building go targets for linux/riscv64
[  228s]     k8s.io/kubernetes/cmd/kube-apiserver (static)
[  228s]     k8s.io/kubernetes/cmd/kube-controller-manager (static)
[  229s]     k8s.io/kubernetes/cmd/kube-scheduler (static)
[  229s]     k8s.io/kubernetes/cmd/kube-proxy (static)
[  229s]     k8s.io/kubernetes/cmd/kubelet (non-static)
[  230s]     k8s.io/kubernetes/cmd/kubectl (static)
[  230s]     k8s.io/kubernetes/cmd/kubeadm (static)
[ 3305s] # k8s.io/kubernetes/cmd/kube-proxy
[ 3305s] loadinternal: cannot find runtime/cgo
[ 3330s] # k8s.io/kubernetes/cmd/kube-scheduler
[ 3330s] loadinternal: cannot find runtime/cgo
[ 3372s] # k8s.io/kubernetes/cmd/kube-apiserver
[ 3372s] loadinternal: cannot find runtime/cgo
[ 3566s] # k8s.io/kubernetes/cmd/kube-controller-manager
[ 3566s] loadinternal: cannot find runtime/cgo
[ 3567s] # k8s.io/kubernetes/cmd/kubectl
[ 3567s] loadinternal: cannot find runtime/cgo
[ 3651s] # k8s.io/kubernetes/cmd/kubeadm
[ 3651s] loadinternal: cannot find runtime/cgo
[ 6175s] + ./hack/generate-docs.sh
[ 6175s] WARNING: hack/generate-docs.sh is an alias for hack/update-generated-docs.sh
[ 6175s] and will be removed in a future version.
[ 6178s] !!! [0323 01:08:07] Unsupported host arch. Must be x86_64, 386, arm, arm64, s390x or ppc64le.
[ 6183s] !!! [0323 01:08:12] Unsupported host arch. Must be x86_64, 386, arm, arm64, s390x or ppc64le.
[ 6188s] +++ [0323 01:08:17] Building go targets for linux/riscv64
[ 6190s]     k8s.io/kubernetes/cmd/gendocs (non-static)
[ 6191s]     k8s.io/kubernetes/cmd/genkubedocs (non-static)
[ 6191s]     k8s.io/kubernetes/cmd/genman (non-static)
[ 6192s]     k8s.io/kubernetes/cmd/genyaml (non-static)
[10503s] !!! [0323 02:20:13] Unsupported host arch. Must be x86_64, 386, arm, arm64, s390x or ppc64le.
[10504s] !!! [0323 02:20:14] Unsupported host arch. Must be x86_64, 386, arm, arm64, s390x or ppc64le.
[10505s] !!! [0323 02:20:15] Unsupported host arch. Must be x86_64, 386, arm, arm64, s390x or ppc64le.
[10506s] !!! [0323 02:20:16] Unsupported host arch. Must be x86_64, 386, arm, arm64, s390x or ppc64le.
[10507s] !!! [0323 02:20:17] Unsupported host arch. Must be x86_64, 386, arm, arm64, s390x or ppc64le.
[10508s] !!! [0323 02:20:17] Unsupported host arch. Must be x86_64, 386, arm, arm64, s390x or ppc64le.
[10509s] !!! [0323 02:20:18] Unsupported host arch. Must be x86_64, 386, arm, arm64, s390x or ppc64le.
[10509s] !!! [0323 02:20:19] Unsupported host arch. Must be x86_64, 386, arm, arm64, s390x or ppc64le.
[10580s] + pushd docs
[10580s] ~/rpmbuild/BUILD/kubernetes-1.26.2/docs ~/rpmbuild/BUILD/kubernetes-1.26.2
[10580s] + pushd admin
[10580s] ~/rpmbuild/BUILD/kubernetes-1.26.2/docs/admin ~/rpmbuild/BUILD/kubernetes-1.26.2/docs ~/rpmbuild/BUILD/kubernetes-1.26.2
[10580s] + cp kube-apiserver.md kube-controller-manager.md kube-proxy.md kube-scheduler.md kubelet.md ..
[10580s] + popd
[10580s] ~/rpmbuild/BUILD/kubernetes-1.26.2/docs ~/rpmbuild/BUILD/kubernetes-1.26.2
[10580s] + cp /home/abuild/rpmbuild/SOURCES/genmanpages.sh genmanpages.sh
[10580s] + bash genmanpages.sh
[10580s] grep: warning: stray \ before !
[10580s] sed: -e expression #1, char 3: unexpected `,'
[10580s] grep: warning: stray \ before !
[10580s] sed: -e expression #1, char 3: unexpected `,'
[10580s] grep: warning: stray \ before !
[10581s] sed: -e expression #1, char 3: unexpected `,'
[10581s] grep: warning: stray \ before !
[10581s] sed: -e expression #1, char 3: unexpected `,'
[10581s] grep: warning: stray \ before !
[10581s] sed: -e expression #1, char 3: unexpected `,'
[10583s] WARNING: go-md2man does not handle node type HTMLSpan
[10583s] WARNING: go-md2man does not handle node type HTMLSpan
[10584s] WARNING: go-md2man does not handle node type HTMLSpan
[10584s] WARNING: go-md2man does not handle node type HTMLSpan
[10585s] WARNING: go-md2man does not handle node type HTMLSpan
[10585s] WARNING: go-md2man does not handle node type HTMLSpan
[10587s] WARNING: go-md2man does not handle node type HTMLSpan
[10587s] WARNING: go-md2man does not handle node type HTMLSpan
[10588s] + popd
[10588s] ~/rpmbuild/BUILD/kubernetes-1.26.2
[10588s] + RPM_EC=0
[10588s] ++ jobs -p
[10588s] + exit 0
[10588s] Executing(%install): /usr/bin/bash -e /var/tmp/rpm-tmp.ATcKkw
[10588s] + umask 022
[10588s] + cd /home/abuild/rpmbuild/BUILD
[10588s] + /usr/bin/rm -rf /home/abuild/rpmbuild/BUILDROOT/kubernetes1.26-1.26.2-1.1.riscv64
[10588s] + /usr/bin/mkdir -p /home/abuild/rpmbuild/BUILDROOT
[10588s] + /usr/bin/mkdir /home/abuild/rpmbuild/BUILDROOT/kubernetes1.26-1.26.2-1.1.riscv64
[10589s] + cd kubernetes-1.26.2
[10589s] + output_path=_output/local/bin/linux/riscv64
[10589s] + install -m 755 -d /home/abuild/rpmbuild/BUILDROOT/kubernetes1.26-1.26.2-1.1.riscv64/usr/bin
[10589s] + echo '+++ INSTALLING kubeadm'
[10589s] +++ INSTALLING kubeadm
[10589s] + install -p -m 755 -t /home/abuild/rpmbuild/BUILDROOT/kubernetes1.26-1.26.2-1.1.riscv64/usr/bin _output/local/bin/linux/riscv64/kubeadm
[10589s] install: cannot stat '_output/local/bin/linux/riscv64/kubeadm': No such file or directory
[10589s] error: Bad exit status from /var/tmp/rpm-tmp.ATcKkw (%install)
[10589s] 
[10589s] RPM build warnings:
[10589s]     line 143: It's not recommended to have unversioned Obsoletes: Obsoletes:      kubernetes1.25-kubeadm
[10589s]     line 174: It's not recommended to have unversioned Obsoletes: Obsoletes:      kubernetes1.25-client-common
[10589s] 
[10589s] RPM build errors:
[10589s]     Bad exit status from /var/tmp/rpm-tmp.ATcKkw (%install)
[10589s] ### VM INTERACTION START ###
[10590s] [10582.649407][    T1] sysrq: Power Off
[10590s] [10582.666258][   T18] reboot: Power down
[10591s] ### VM INTERACTION END ###
[10591s] 
[10591s] lamb58 failed "build kubernetes1.26.spec" at Thu Mar 23 02:21:40 UTC 2023.
[10591s] 
