[    0s] Using BUILD_ROOT=/var/cache/obs/worker/root_1/.mount
[    0s] Using BUILD_ARCH=riscv64
[    0s] Doing kvm build in /var/cache/obs/worker/root_1/root
[    0s] 
[    0s] 
[    0s] sheep85 started "build mpiP.spec" at Mon Mar 20 13:16:31 UTC 2023.
[    0s] 
[    0s] Building mpiP:gnu-mvapich2-hpc for project 'openSUSE:Factory:RISCV' repository 'standard' arch 'riscv64' srcmd5 '70d9e4d88d35bfc643cd787ab0ea6cb1'
[    0s] 
[    0s] processing recipe /var/cache/obs/worker/root_1/.build-srcdir/mpiP.spec ...
[    0s] running changelog2spec --target rpm --file /var/cache/obs/worker/root_1/.build-srcdir/mpiP.spec
[    0s] init_buildsystem --configdir /var/run/obs/worker/1/build/configs --cachedir /var/cache/build --prepare --buildflavor gnu-mvapich2-hpc --clean --rpmlist /var/cache/obs/worker/root_1/.build.rpmlist /var/cache/obs/worker/root_1/.build-srcdir/mpiP.spec build ...
[    0s] unpacking preinstall image openSUSE:Factory:RISCV/standard/preinstallimage-base [068b7acb454ec5ffeefe0cf546ee1d7f]
[    2s] 
[    2s] copying packages...
[    2s] reordering...cycle: libefa1 -> libibverbs1 -> libibverbs
[    2s]   breaking dependency libibverbs -> libefa1
[    2s] cycle: libibverbs1 -> libibverbs
[    2s]   breaking dependency libibverbs -> libibverbs1
[    2s] cycle: libibverbs1 -> libibverbs -> libmlx4-1
[    2s]   breaking dependency libibverbs -> libmlx4-1
[    2s] cycle: libibverbs1 -> libibverbs -> libmlx5-1
[    2s]   breaking dependency libmlx5-1 -> libibverbs1
[    2s] cycle: libpython3_10-1_0 -> python310-base
[    2s]   breaking dependency python310-base -> libpython3_10-1_0
[    2s] done
[    2s] Detected virtio-serial support
[    4s] booting kvm...
[    4s] ### VM INTERACTION START ###
[    4s] Using virtio-serial support
[    4s] /usr/bin/qemu-kvm -nodefaults -no-reboot -nographic -vga none -cpu host -M pc,accel=kvm,usb=off,dump-guest-core=off,vmport=off -sandbox on -bios /usr/share/qemu/qboot.rom -object rng-random,filename=/dev/hwrng,id=rng0 -device virtio-rng-pci,rng=rng0 -object iothread,id=io0 -runas qemu -net none -kernel /var/cache/obs/worker/root_1/.mount/boot/kernel -initrd /var/cache/obs/worker/root_1/.mount/boot/initrd -append root=/dev/disk/by-id/virtio-0 rootfstype=ext4 rootflags=noatime kvmclock mitigations=off elevator=noop nmi_watchdog=0 rw rd.driver.pre=binfmt_misc oops=panic panic=1 quiet console=hvc0 init=/.build/initvm.x86_64 -m 10240 -drive file=/var/cache/obs/worker/root_1/root,format=raw,if=none,id=disk,cache=unsafe,aio=io_uring -device virtio-blk-pci,iothread=io0,drive=disk,serial=0 -drive file=/var/cache/obs/worker/root_1/swap,format=raw,if=none,id=swap,cache=unsafe,aio=io_uring -device virtio-blk-pci,iothread=io0,drive=swap,serial=1 -device virtio-serial,max_ports=2 -device virtconsole,chardev=virtiocon0 -chardev stdio,id=virtiocon0 -chardev socket,id=monitor,server=on,wait=off,path=/var/cache/obs/worker/root_1/root.qemu/monitor -mon chardev=monitor,mode=readline -smp 4
[    9s] ### VM INTERACTION END ###
[    9s] 2nd stage started in virtual machine
[    9s] machine type: riscv64
[    9s] Linux version: 6.2.6-1-default #1 SMP PREEMPT_DYNAMIC Mon Mar 13 10:57:27 UTC 2023 (fa1a4c6)
[    9s] Increasing log level from now on...
[    9s] [    4.433473][  T366] sysrq: Changing Loglevel
[    9s] [    4.433635][  T366] sysrq: Loglevel set to 4
[    9s] Enable sysrq operations
[   10s] Setting up swapspace version 1, size = 2 GiB (2147479552 bytes)
[   10s] no label, UUID=83af9d4a-edb3-488f-9ffd-0816305ba8d8
[   10s] swapon: /dev/vdb: found signature [pagesize=4096, signature=swap]
[   10s] swapon: /dev/vdb: pagesize=4096, swapsize=2147483648, devsize=2147483648
[   10s] swapon /dev/vdb
[   10s] WARNING: udev not running, creating extra device nodes
[   10s] logging output to //.build.log...
[   11s] processing recipe /.build-srcdir/mpiP.spec ...
[   11s] init_buildsystem --configdir /.build/configs --cachedir /var/cache/build --buildflavor gnu-mvapich2-hpc /.build-srcdir/mpiP.spec build ...
[   11s] initializing rpm db...
[   12s] querying package ids...
[   30s] [1/188] preinstalled aaa_base-84.87+git20220822.6b9f7a3-1.1
[   30s] [2/188] preinstalled aaa_base-malloccheck-84.87+git20220822.6b9f7a3-1.1
[   30s] [3/188] preinstalled attr-2.5.1-1.1
[   30s] [4/188] preinstalled bash-5.2.15-8.1
[   30s] [5/188] preinstalled bash-sh-5.2.15-8.1
[   30s] [6/188] preinstalled binutils-2.40-2.1
[   30s] [7/188] preinstalled brp-check-suse-84.87+git20221115.2f7add6-1.1
[   30s] [8/188] preinstalled build-compare-20221206T204012.bb70754-1.2
[   30s] [9/188] preinstalled build-mkbaselibs-20230314-1.1
[   30s] [10/188] preinstalled bzip2-1.0.8-5.1
[   30s] [11/188] preinstalled chkstat-1599_20230217-1.1
[   30s] [12/188] preinstalled compat-usrmerge-build-84.87-5.1
[   30s] [13/188] preinstalled compat-usrmerge-tools-84.87-5.1
[   30s] [14/188] preinstalled coreutils-9.1-5.1
[   30s] [15/188] preinstalled cpio-2.13-5.1
[   30s] [16/188] preinstalled cpp-13-1.1
[   30s] [17/188] preinstalled cpp13-13.0.1+git6669-7.1
[   30s] [18/188] cumulate crypto-policies-20210917.c9d86d1-1.1
[   30s] [19/188] preinstalled debugedit-5.0-5.1
[   30s] [20/188] preinstalled diffutils-3.9-1.1
[   30s] [21/188] preinstalled dwz-0.15-2.1
[   30s] [22/188] preinstalled elfutils-0.189-2.1
[   30s] [23/188] preinstalled file-5.44-1.2
[   30s] [24/188] preinstalled file-magic-5.44-1.2
[   30s] [25/188] preinstalled filesystem-84.87-12.1
[   30s] [26/188] preinstalled fillup-1.42-279.1
[   30s] [27/188] preinstalled findutils-4.9.0-2.1
[   30s] [28/188] preinstalled gawk-5.2.1-2.1
[   30s] [29/188] preinstalled gcc-13-1.1
[   30s] [30/188] preinstalled gcc-PIE-13-1.1
[   30s] [31/188] preinstalled gcc13-13.0.1+git6669-7.1
[   30s] [32/188] preinstalled gcc13-PIE-13.0.1+git6669-7.1
[   30s] [33/188] preinstalled gettext-runtime-mini-0.21.1-1.1
[   30s] [34/188] preinstalled gettext-tools-mini-0.21.1-1.1
[   30s] [35/188] preinstalled glibc-2.37-1.1
[   30s] [36/188] preinstalled glibc-devel-2.37-1.1
[   30s] [37/188] preinstalled glibc-locale-base-2.37-1.1
[   30s] [38/188] preinstalled grep-3.9-1.1
[   30s] [39/188] preinstalled gzip-1.12-3.1
[   30s] [40/188] preinstalled kernel-obs-build-6.2.6-1.2
[   30s] [41/188] preinstalled libacl1-2.3.1-2.1
[   30s] [42/188] preinstalled libasan8-13.0.1+git6669-7.1
[   30s] [43/188] preinstalled libasm1-0.189-2.1
[   30s] [44/188] preinstalled libatomic1-13.0.1+git6669-7.1
[   30s] [45/188] preinstalled libattr1-2.5.1-1.1
[   30s] [46/188] preinstalled libaudit1-3.0.9-1.1
[   30s] [47/188] preinstalled libblkid1-2.38.1-10.1
[   30s] [48/188] preinstalled libbz2-1-1.0.8-5.1
[   30s] [49/188] preinstalled libcap-ng0-0.8.3-1.1
[   30s] [50/188] preinstalled libcap2-2.67-1.1
[   30s] [51/188] preinstalled libcrypt1-4.4.33-2.1
[   30s] [52/188] preinstalled libctf-nobfd0-2.40-2.1
[   30s] [53/188] preinstalled libctf0-2.40-2.1
[   30s] [54/188] preinstalled libdb-4_8-4.8.30-40.1
[   30s] [55/188] preinstalled libdw1-0.189-2.1
[   30s] [56/188] preinstalled libeconf0-0.5.1-1.1
[   30s] [57/188] preinstalled libelf1-0.189-2.1
[   30s] [58/188] cumulate libexpat1-2.5.0-2.1
[   30s] [59/188] preinstalled libfdisk1-2.38.1-10.1
[   30s] [60/188] cumulate libffi8-3.4.4-1.1
[   30s] [61/188] preinstalled libgcc_s1-13.0.1+git6669-7.1
[   30s] [62/188] preinstalled libgcrypt20-1.10.1-2.1
[   30s] [63/188] preinstalled libgdbm6-1.23-1.1
[   30s] [64/188] preinstalled libgdbm_compat4-1.23-1.1
[   30s] [65/188] cumulate libgfortran5-13.0.1+git6669-7.1
[   30s] [66/188] preinstalled libgmp10-6.2.1-4.1
[   30s] [67/188] preinstalled libgomp1-13.0.1+git6669-7.1
[   30s] [68/188] preinstalled libgpg-error0-1.46-1.1
[   30s] [69/188] cumulate libibumad3-42.0-2.1
[   30s] [70/188] preinstalled libisl23-0.25-1.1
[   30s] [71/188] preinstalled libitm1-13.0.1+git6669-7.1
[   30s] [72/188] preinstalled liblua5_4-5-5.4.4-8.1
[   30s] [73/188] preinstalled liblzma5-5.4.1-2.1
[   30s] [74/188] preinstalled libmagic1-5.44-1.2
[   30s] [75/188] preinstalled libmount1-2.38.1-10.1
[   30s] [76/188] preinstalled libmpc3-1.3.1-1.2
[   30s] [77/188] cumulate libmpdec3-2.5.1-2.1
[   30s] [78/188] preinstalled libmpfr6-4.2.0-1.1
[   30s] [79/188] preinstalled libncurses6-6.4.20230311-8.1
[   30s] [80/188] cumulate libnl-config-3.7.0-1.1
[   30s] [81/188] cumulate libnuma1-2.0.15.0.g01a39cb-1.1
[   30s] [82/188] preinstalled libpcre2-8-0-10.42-3.2
[   30s] [83/188] preinstalled libpkgconf3-1.8.0-2.1
[   30s] [84/188] preinstalled libpopt0-1.19-1.1
[   30s] [85/188] preinstalled libreadline8-8.2-2.1
[   30s] [86/188] preinstalled librpmbuild9-4.18.0-3.2
[   30s] [87/188] preinstalled libseccomp2-2.5.4-2.1
[   30s] [88/188] preinstalled libselinux1-3.5-1.1
[   30s] [89/188] preinstalled libsemanage-conf-3.5-1.1
[   30s] [90/188] preinstalled libsemanage2-3.5-1.1
[   30s] [91/188] preinstalled libsepol2-3.5-1.1
[   30s] [92/188] preinstalled libsmartcols1-2.38.1-10.1
[   30s] [93/188] cumulate libsqlite3-0-3.41.0-2.1
[   30s] [94/188] preinstalled libstdc++6-13.0.1+git6669-7.1
[   30s] [95/188] cumulate libstdc++6-devel-gcc13-13.0.1+git6669-7.1
[   30s] [96/188] preinstalled libsubid4-4.13-4.1
[   30s] [97/188] preinstalled libubsan1-13.0.1+git6669-7.1
[   30s] [98/188] cumulate libunwind-coredump0-1.6.2-4.1
[   30s] [99/188] cumulate libunwind-ptrace0-1.6.2-4.1
[   30s] [100/188] cumulate libunwind8-1.6.2-4.1
[   30s] [101/188] preinstalled libutempter0-1.2.0-3.2
[   30s] [102/188] preinstalled libuuid1-2.38.1-10.1
[   30s] [103/188] preinstalled libxcrypt-devel-4.4.33-2.1
[   30s] [104/188] preinstalled libz1-1.2.13-3.1
[   30s] [105/188] preinstalled libzstd1-1.5.4-2.1
[   30s] [106/188] preinstalled linux-glibc-devel-6.2-1.1
[   30s] [107/188] preinstalled login_defs-4.13-4.1
[   30s] [108/188] preinstalled lua54-5.4.4-8.1
[   30s] [109/188] cumulate lua54-luafilesystem-1.8.0-6.1
[   30s] [110/188] cumulate lua54-luaposix-35.1-2.1
[   30s] [111/188] cumulate lua54-luaterm-0.07-8.1
[   30s] [112/188] preinstalled make-4.4.1-1.1
[   30s] [113/188] preinstalled ncurses-utils-6.4.20230311-8.1
[   30s] [114/188] preinstalled pam-1.5.2-13.1
[   30s] [115/188] preinstalled patch-2.7.6-6.1
[   30s] [116/188] preinstalled perl-5.36.0-4.1
[   30s] [117/188] preinstalled perl-base-5.36.0-4.1
[   30s] [118/188] preinstalled permissions-1599_20230217-1.1
[   30s] [119/188] preinstalled permissions-config-1599_20230217-1.1
[   30s] [120/188] preinstalled pkgconf-1.8.0-2.1
[   30s] [121/188] preinstalled pkgconf-m4-1.8.0-2.1
[   30s] [122/188] preinstalled pkgconf-pkg-config-1.8.0-2.1
[   30s] [123/188] preinstalled polkit-default-privs-1550+20230307.7f42172-1.1
[   30s] [124/188] preinstalled post-build-checks-84.87+git20230302.ff58c9e-1.1
[   30s] [125/188] cumulate python-rpm-macros-20230304.050c1a4-1.1
[   30s] [126/188] preinstalled qemu-linux-user-7.1.0-54.1
[   30s] [127/188] preinstalled rpm-4.18.0-3.2
[   30s] [128/188] preinstalled rpm-build-4.18.0-3.2
[   30s] [129/188] preinstalled rpm-build-perl-4.18.0-3.2
[   30s] [130/188] preinstalled rpm-config-SUSE-20220926-1.1
[   30s] [131/188] preinstalled rpmlint-mini-2.4.0+git20230316.e10f602-9.18
[   30s] [132/188] preinstalled rpmlint-strict-2.4.0+git20230316.e10f602-1.1
[   30s] [133/188] preinstalled sed-4.9-2.1
[   30s] [134/188] preinstalled shadow-4.13-4.1
[   30s] [135/188] cumulate suse-hpc-0.5.20220525.fd76646-1.1
[   30s] [136/188] cumulate suse-module-tools-16.0.30-1.1
[   30s] [137/188] preinstalled system-group-hardware-20170617-24.1
[   30s] [138/188] cumulate system-group-kvm-20170617-24.1
[   30s] [139/188] preinstalled system-user-root-20190513-2.1
[   30s] [140/188] cumulate systemd-mini-253.1-2.1
[   30s] [141/188] preinstalled systemd-rpm-macros-19-1.1
[   30s] [142/188] preinstalled sysuser-shadow-3.1-5.1
[   30s] [143/188] preinstalled tar-1.34-10.1
[   30s] [144/188] cumulate tcl-8.6.13-4.1
[   30s] [145/188] preinstalled terminfo-base-6.4.20230311-8.1
[   30s] [146/188] preinstalled update-alternatives-1.21.8-1.1
[   30s] [147/188] preinstalled util-linux-2.38.1-10.1
[   30s] [148/188] preinstalled which-2.21-5.1
[   30s] [149/188] preinstalled xz-5.4.1-2.1
[   30s] [150/188] cumulate zlib-devel-1.2.13-3.1
[   30s] [151/188] cumulate binutils-devel-2.40-2.1
[   30s] [152/188] cumulate expect-5.45.4-6.1
[   30s] [153/188] cumulate gcc13-c++-13.0.1+git6669-7.1
[   30s] [154/188] cumulate gcc13-fortran-13.0.1+git6669-7.1
[   30s] [155/188] cumulate libibmad5-42.0-2.1
[   30s] [156/188] cumulate libnl3-200-3.7.0-1.1
[   30s] [157/188] cumulate libopenssl3-3.0.8-2.1
[   30s] [158/188] cumulate libunwind-setjmp0-1.6.2-4.1
[   30s] [159/188] cumulate lua-lmod-8.7.17-2.1
[   30s] [160/188] cumulate gcc-c++-13-1.1
[   30s] [161/188] cumulate gcc-fortran-13-1.1
[   30s] [162/188] cumulate gnu-compilers-hpc-1.4-10.2
[   30s] [163/188] cumulate dejagnu-1.6.3-1.1
[   30s] [164/188] cumulate kmod-30-2.2
[   30s] [165/188] cumulate libibnetdisc5-42.0-2.1
[   30s] [166/188] cumulate libunwind-devel-1.6.2-4.1
[   30s] [167/188] cumulate infiniband-diags-42.0-2.1
[   30s] [168/188] cumulate udev-mini-253.1-2.1
[   30s] [169/188] cumulate gnu-compilers-hpc-devel-1.4-10.2
[   30s] [170/188] cumulate gnu-compilers-hpc-macros-devel-1.4-10.2
[   30s] [171/188] cumulate rdma-core-42.0-2.1
[   30s] [172/188] cumulate libmlx5-1-42.0-2.1
[   30s] [173/188] cumulate python310-base-3.10.10-2.1
[   30s] [174/188] cumulate libpython3_10-1_0-3.10.10-2.1
[   30s] [175/188] cumulate python310-packaging-23.0-2.1
[   30s] [176/188] cumulate python310-3.10.10-2.1
[   30s] [177/188] cumulate libibverbs-42.0-2.1
[   30s] [178/188] cumulate libibverbs1-42.0-2.1
[   30s] [179/188] cumulate python-rpm-packaging-20210526+a18ca48-1.2
[   30s] [180/188] cumulate libefa1-42.0-2.1
[   30s] [181/188] cumulate libmlx4-1-42.0-2.1
[   30s] [182/188] cumulate librdmacm1-42.0-2.1
[   30s] [183/188] cumulate rsocket-42.0-2.1
[   30s] [184/188] cumulate mvapich2_2_3_6-gnu-hpc-2.3.6-7.2
[   30s] [185/188] cumulate rdma-core-devel-42.0-2.1
[   30s] [186/188] cumulate mvapich2_2_3_6-gnu-hpc-devel-2.3.6-7.2
[   30s] [187/188] cumulate mvapich2_2_3_6-gnu-hpc-macros-devel-2.3.6-7.2
[   30s] [188/188] cumulate mvapich2-gnu-hpc-macros-devel-2.3.6-7.2
[   30s] now installing cumulated packages
[   31s] Preparing...                          ########################################
[   31s] Updating / installing...
[   31s] libibumad3-42.0-2.1                   ########################################
[   31s] libibmad5-42.0-2.1                    ########################################
[   32s] tcl-8.6.13-4.1                        ########################################
[   32s] libgfortran5-13.0.1+git6669-7.1       ########################################
[   42s] gcc13-fortran-13.0.1+git6669-7.1      ########################################
[   42s] systemd-mini-253.1-2.1                warning: group systemd-journal does not exist - using root
[   43s] ########################################
[   43s] Creating group 'systemd-journal' with GID 486.
[   43s] Creating group 'systemd-timesync' with GID 485.
[   43s] Creating user 'systemd-timesync' (systemd Time Synchronization) with UID 485 and GID 485.
[   43s] Running in chroot, ignoring command 'daemon-reexec'
[   44s] /usr/lib/tmpfiles.d/journal-nocow.conf:26: Failed to resolve specifier: uninitialized /etc/ detected, skipping.
[   44s] All rules containing unresolvable specifiers will be skipped.
[   45s] libunwind8-1.6.2-4.1                  ########################################
[   45s] libnuma1-2.0.15.0.g01a39cb-1.1        ########################################
[   45s] libunwind-setjmp0-1.6.2-4.1           ########################################
[   45s] gcc-fortran-13-1.1                    ########################################
[   45s] expect-5.45.4-6.1                     ########################################
[   45s] libibnetdisc5-42.0-2.1                ########################################
[   45s] infiniband-diags-42.0-2.1             ########################################
[   45s] zlib-devel-1.2.13-3.1                 ########################################
[   45s] /usr/bin/systemd-sysusers --replace=/usr/lib/sysusers.d/system-group-kvm.conf -
[   45s] Creating group 'kvm' with GID 36.
[   45s] system-group-kvm-20170617-24.1        ########################################
[   45s] python-rpm-macros-20230304.050c1a4-1.1########################################
[   45s] lua54-luaterm-0.07-8.1                ########################################
[   46s] lua54-luaposix-35.1-2.1               ########################################
[   46s] lua54-luafilesystem-1.8.0-6.1         ########################################
[   46s] lua-lmod-8.7.17-2.1                   ########################################
[   46s] gnu-compilers-hpc-1.4-10.2            ########################################
[   46s] libunwind-ptrace0-1.6.2-4.1           ########################################
[   46s] libunwind-coredump0-1.6.2-4.1         ########################################
[   59s] libstdc++6-devel-gcc13-13.0.1+git6669-########################################
[   63s] gcc13-c++-13.0.1+git6669-7.1          ########################################
[   63s] gcc-c++-13-1.1                        ########################################
[   63s] gnu-compilers-hpc-devel-1.4-10.2      ########################################
[   63s] libsqlite3-0-3.41.0-2.1               ########################################
[   63s] libnl-config-3.7.0-1.1                ########################################
[   63s] libnl3-200-3.7.0-1.1                  ########################################
[   63s] libmpdec3-2.5.1-2.1                   ########################################
[   63s] libffi8-3.4.4-1.1                     ########################################
[   64s] libexpat1-2.5.0-2.1                   ########################################
[   64s] crypto-policies-20210917.c9d86d1-1.1  ########################################
[   64s] libopenssl3-3.0.8-2.1                 ########################################
[   65s] libpython3_10-1_0-3.10.10-2.1         ########################################
[   65s] python310-3.10.10-2.1                 ########################################
[   69s] python310-base-3.10.10-2.1            ########################################
[   69s] suse-module-tools-16.0.30-1.1         ########################################
[   70s] kmod-30-2.2                           ########################################
[   71s] udev-mini-253.1-2.1                   ########################################
[   78s] Failed to preset unit, unit remote-cryptsetup.target does not exist.
[   79s] rdma-core-42.0-2.1                    ########################################
[   79s] libmlx5-1-42.0-2.1                    ########################################
[   79s] libefa1-42.0-2.1                      ########################################
[   79s] libmlx4-1-42.0-2.1                    ########################################
[   79s] libibverbs1-42.0-2.1                  ########################################
[   79s] libibverbs-42.0-2.1                   ########################################
[   79s] librdmacm1-42.0-2.1                   ########################################
[   79s] rsocket-42.0-2.1                      ########################################
[   80s] rdma-core-devel-42.0-2.1              ########################################
[   81s] mvapich2_2_3_6-gnu-hpc-2.3.6-7.2      ########################################
[   82s] mvapich2_2_3_6-gnu-hpc-devel-2.3.6-7.2########################################
[   82s] mvapich2_2_3_6-gnu-hpc-macros-devel-2.########################################
[   82s] python310-packaging-23.0-2.1          ########################################
[   82s] python-rpm-packaging-20210526+a18ca48-########################################
[   82s] mvapich2-gnu-hpc-macros-devel-2.3.6-7.########################################
[   82s] gnu-compilers-hpc-macros-devel-1.4-10.########################################
[   82s] libunwind-devel-1.6.2-4.1             ########################################
[  101s] binutils-devel-2.40-2.1               ########################################
[  101s] dejagnu-1.6.3-1.1                     ########################################
[  101s] suse-hpc-0.5.20220525.fd76646-1.1     ########################################
[  102s] regenerate-initrd-posttrans: dracut is not installed, not rebuilding the initrd
[  102s] regenerate-initrd-posttrans: dracut is not installed, not rebuilding the initrd
[  105s] now finalizing build dir...
[  105s] ... running 01-add_abuild_user_to_trusted_group
[  106s] ... running 02-set_timezone_to_utc
[  106s] ... running 03-set-permissions-secure
[  106s] ... running 11-hack_uname_version_to_kernel_version
[  109s] sh: line 1: /usr/bin/ps: No such file or directory
[  113s] -----------------------------------------------------------------
[  113s] I have the following modifications for mpiP.spec:
[  113s] 19c19
[  113s] < %global flavor @BUILD_FLAVOR@%{nil}
[  113s] ---
[  113s] > %global flavor gnu-mvapich2-hpc%{nil}
[  113s] 263c263
[  113s] < Release:        0
[  113s] ---
[  113s] > Release:        3.2
[  119s] build target is riscv64-suse-linux
[  119s] -----------------------------------------------------------------
[  119s] ----- building mpiP.spec (user abuild)
[  119s] -----------------------------------------------------------------
[  119s] -----------------------------------------------------------------
[  122s] sh: line 1: /usr/bin/ps: No such file or directory
[  122s] + exec rpmbuild -ba --define '_srcdefattr (-,root,root)' --nosignature --target=riscv64-suse-linux --define '_build_create_debug 1' --define 'disturl obs://build.opensuse.org/openSUSE:Factory:RISCV/standard/70d9e4d88d35bfc643cd787ab0ea6cb1-mpiP:gnu-mvapich2-hpc' /home/abuild/rpmbuild/SOURCES/mpiP.spec
[  123s] Building target platforms: riscv64-suse-linux
[  123s] Building for target riscv64-suse-linux
[  123s]  Building for gnu 
[  123s]  hpc_gnu_init 
[  129s] setting SOURCE_DATE_EPOCH=1666569600
[  129s] Executing(%prep): /usr/bin/bash -e /var/tmp/rpm-tmp.4Vl4BX
[  129s] + umask 022
[  129s] + cd /home/abuild/rpmbuild/BUILD
[  129s] + cd /home/abuild/rpmbuild/BUILD
[  129s] + rm -rf mpiP-3.5
[  129s] + /usr/lib/rpm/rpmuncompress -x /home/abuild/rpmbuild/SOURCES/mpiP-3.5.tgz
[  130s] + STATUS=0
[  130s] + '[' 0 -ne 0 ']'
[  130s] + cd mpiP-3.5
[  130s] + /usr/bin/chmod -Rf a+rX,u+w,g-w,o-w .
[  130s] + /usr/lib/rpm/rpmuncompress /home/abuild/rpmbuild/SOURCES/mpip.unwinder.patch
[  130s] + /usr/bin/patch -p1 -s --fuzz=0 --no-backup-if-mismatch -f
[  130s] + /usr/bin/patch -p1 -s --fuzz=0 --no-backup-if-mismatch -f
[  130s] + /usr/lib/rpm/rpmuncompress /home/abuild/rpmbuild/SOURCES/Add-return-value-to-non-void-function.patch
[  130s] + /usr/bin/patch -p1 -s --fuzz=0 --no-backup-if-mismatch -f
[  130s] + /usr/lib/rpm/rpmuncompress /home/abuild/rpmbuild/SOURCES/pc_lookup-replace-PTR-with-void.patch
[  131s] + sed -i -e '/-shared -o $@/s#\(${LDFLAGS}\)#\1 -Wl,-soname,$@#' Makefile.in
[  131s] + RPM_EC=0
[  131s] ++ jobs -p
[  131s] + exit 0
[  131s] Executing(%build): /usr/bin/bash -e /var/tmp/rpm-tmp.CuvEF3
[  131s] + umask 022
[  131s] + cd /home/abuild/rpmbuild/BUILD
[  131s] + /usr/bin/rm -rf /home/abuild/rpmbuild/BUILDROOT/mpiP_3_5-gnu-mvapich2-hpc-3.5-3.2.riscv64
[  131s] ++ dirname /home/abuild/rpmbuild/BUILDROOT/mpiP_3_5-gnu-mvapich2-hpc-3.5-3.2.riscv64
[  131s] + /usr/bin/mkdir -p /home/abuild/rpmbuild/BUILDROOT
[  131s] + /usr/bin/mkdir /home/abuild/rpmbuild/BUILDROOT/mpiP_3_5-gnu-mvapich2-hpc-3.5-3.2.riscv64
[  131s] + cd mpiP-3.5
[  131s] + ref=/usr/lib/rpm
[  131s] + mints=0
[  131s] + case $(uname -m) in
[  131s] ++ uname -m
[  131s] + mints=20160911
[  131s] + for s in guess sub
[  131s] ++ find -maxdepth 8 -name config.guess
[  131s] + for c in $(find -maxdepth 8 -name "config.$s")
[  131s] + grep -q config-patches@ ./bin/config.guess
[  131s] ++ sed -n '/^timestamp=/{s///;s/[-'\''"]//g;p;q;}' ./bin/config.guess
[  131s] + timestamp=20200919
[  131s] + test -n 20200919
[  131s] + test 20200919 -ge 20160911
[  131s] + for s in guess sub
[  131s] ++ find -maxdepth 8 -name config.sub
[  131s] + for c in $(find -maxdepth 8 -name "config.$s")
[  131s] + grep -q config-patches@ ./bin/config.sub
[  132s] ++ sed -n '/^timestamp=/{s///;s/[-'\''"]//g;p;q;}' ./bin/config.sub
[  132s] + timestamp=20200908
[  132s] + test -n 20200908
[  132s] + test 20200908 -ge 20160911
[  132s] + module purge
[  132s] + '[' -z '' ']'
[  132s] + case "$-" in
[  132s] + __lmod_sh_dbg=x
[  132s] + '[' -n x ']'
[  132s] + set +x
[  132s] Shell debugging temporarily silenced: export LMOD_SH_DBG_ON=1 for Lmod's output
[  132s] sh: line 1: /usr/bin/ps: No such file or directory
[  132s] Shell debugging restarted
[  132s] + unset __lmod_sh_dbg
[  132s] + return 0
[  132s] + export CC=gcc
[  132s] + CC=gcc
[  132s] + export CXX=g++
[  132s] + CXX=g++
[  132s] + export FC=gfortran
[  132s] + FC=gfortran
[  132s] + export F77=gfortran
[  132s] + F77=gfortran
[  132s] + module load gnu/13
[  132s] + '[' -z '' ']'
[  132s] + case "$-" in
[  132s] + __lmod_sh_dbg=x
[  132s] + '[' -n x ']'
[  132s] + set +x
[  132s] Shell debugging temporarily silenced: export LMOD_SH_DBG_ON=1 for Lmod's output
[  133s] sh: line 1: /usr/bin/ps: No such file or directory
[  134s] Shell debugging restarted
[  134s] + unset __lmod_sh_dbg
[  134s] + return 0
[  134s] + module load mvapich2
[  134s] + '[' -z '' ']'
[  134s] + case "$-" in
[  134s] + __lmod_sh_dbg=x
[  134s] + '[' -n x ']'
[  134s] + set +x
[  134s] Shell debugging temporarily silenced: export LMOD_SH_DBG_ON=1 for Lmod's output
[  134s] sh: line 1: /usr/bin/ps: No such file or directory
[  137s] Lmod has detected the following error: The following module(s) are unknown:
[  137s] "mvapich2"
[  137s] 
[  137s] Please check the spelling or version number. Also try "module spider ..."
[  137s] It is also possible your cache file is out-of-date; it may help to try:
[  137s]   $ module --ignore_cache load "mvapich2"
[  137s] 
[  137s] Also make sure that all modulefiles written in TCL start with the string
[  137s] #%Module
[  137s] 
[  137s] 
[  137s] 
[  137s] Shell debugging restarted
[  137s] + unset __lmod_sh_dbg
[  137s] + return 1
[  137s] error: Bad exit status from /var/tmp/rpm-tmp.CuvEF3 (%build)
[  137s] 
[  137s] RPM build errors:
[  137s]     Bad exit status from /var/tmp/rpm-tmp.CuvEF3 (%build)
[  137s] ### VM INTERACTION START ###
[  138s] [0;1;38;5;185mFailed to write wtmp record, ignoring: Read-only file system[0m
[  138s] [0;1;38;5;185mFailed to write utmp record: Read-only file system[0m
[  138s] Powering off.
[  138s] [  132.850713][ T3162] reboot: Power down
[  138s] ### VM INTERACTION END ###
[  138s] 
[  138s] sheep85 failed "build mpiP.spec" at Mon Mar 20 13:18:49 UTC 2023.
[  138s] 
