[    0s] Using BUILD_ROOT=/var/cache/obs/worker/root_7/.mount
[    0s] Using BUILD_ARCH=riscv64
[    0s] Doing kvm build in /var/cache/obs/worker/root_7/root
[    0s] 
[    0s] 
[    0s] goat05 started "build mpiP.spec" at Mon Mar 20 20:55:35 UTC 2023.
[    0s] 
[    0s] Building mpiP:gnu-openmpi3-hpc for project 'openSUSE:Factory:RISCV' repository 'standard' arch 'riscv64' srcmd5 '70d9e4d88d35bfc643cd787ab0ea6cb1'
[    0s] 
[    0s] processing recipe /var/cache/obs/worker/root_7/.build-srcdir/mpiP.spec ...
[    0s] running changelog2spec --target rpm --file /var/cache/obs/worker/root_7/.build-srcdir/mpiP.spec
[    0s] init_buildsystem --configdir /var/run/obs/worker/7/build/configs --cachedir /var/cache/build --prepare --buildflavor gnu-openmpi3-hpc --clean --rpmlist /var/cache/obs/worker/root_7/.build.rpmlist /var/cache/obs/worker/root_7/.build-srcdir/mpiP.spec build ...
[    0s] unpacking preinstall image openSUSE:Factory:RISCV/standard/preinstallimage-base [068b7acb454ec5ffeefe0cf546ee1d7f]
[    1s] 
[    1s] copying packages...
[    1s] reordering...cycle: libefa1 -> libibverbs1 -> libibverbs
[    1s]   breaking dependency libibverbs -> libefa1
[    1s] cycle: libibverbs1 -> libibverbs
[    1s]   breaking dependency libibverbs -> libibverbs1
[    1s] cycle: libibverbs1 -> libibverbs -> libmlx4-1
[    1s]   breaking dependency libibverbs -> libmlx4-1
[    1s] cycle: libibverbs1 -> libibverbs -> libmlx5-1
[    1s]   breaking dependency libmlx5-1 -> libibverbs1
[    1s] cycle: libpython3_10-1_0 -> python310-base
[    1s]   breaking dependency python310-base -> libpython3_10-1_0
[    1s] cycle: libpmix2 -> pmix-plugins
[    1s]   breaking dependency pmix-plugins -> libpmix2
[    1s] cycle: openmpi_3_1_6-gnu-hpc -> libopenmpi_3_1_6-gnu-hpc
[    1s]   breaking dependency libopenmpi_3_1_6-gnu-hpc -> openmpi_3_1_6-gnu-hpc
[    1s] done
[    1s] Detected virtio-serial support
[    2s] booting kvm...
[    2s] ### VM INTERACTION START ###
[    2s] Using virtio-serial support
[    2s] /usr/bin/qemu-kvm -nodefaults -no-reboot -nographic -vga none -cpu host -M pc,accel=kvm,usb=off,dump-guest-core=off,vmport=off -sandbox on -bios /usr/share/qemu/qboot.rom -object rng-random,filename=/dev/random,id=rng0 -device virtio-rng-pci,rng=rng0 -object iothread,id=io0 -runas qemu -net none -kernel /var/cache/obs/worker/root_7/.mount/boot/kernel -initrd /var/cache/obs/worker/root_7/.mount/boot/initrd -append root=/dev/disk/by-id/virtio-0 rootfstype=ext4 rootflags=noatime kvmclock mitigations=off elevator=noop nmi_watchdog=0 rw rd.driver.pre=binfmt_misc oops=panic panic=1 quiet console=hvc0 init=/.build/initvm.x86_64 -m 25600 -drive file=/var/cache/obs/worker/root_7/root,format=raw,if=none,id=disk,cache=unsafe,aio=io_uring -device virtio-blk-pci,iothread=io0,drive=disk,serial=0 -drive file=/var/cache/obs/worker/root_7/swap,format=raw,if=none,id=swap,cache=unsafe,aio=io_uring -device virtio-blk-pci,iothread=io0,drive=swap,serial=1 -device virtio-serial,max_ports=2 -device virtconsole,chardev=virtiocon0 -chardev stdio,id=virtiocon0 -chardev socket,id=monitor,server=on,wait=off,path=/var/cache/obs/worker/root_7/root.qemu/monitor -mon chardev=monitor,mode=readline -smp 16
[    4s] ### VM INTERACTION END ###
[    4s] 2nd stage started in virtual machine
[    5s] machine type: riscv64
[    5s] Linux version: 6.2.6-1-default #1 SMP PREEMPT_DYNAMIC Mon Mar 13 10:57:27 UTC 2023 (fa1a4c6)
[    5s] Increasing log level from now on...
[    5s] [    2.468683][  T487] sysrq: Changing Loglevel
[    5s] [    2.468772][  T487] sysrq: Loglevel set to 4
[    5s] Enable sysrq operations
[    5s] Setting up swapspace version 1, size = 4 GiB (4294963200 bytes)
[    5s] no label, UUID=c75224bb-a9b3-4954-a678-00f4e2e5e255
[    5s] swapon: /dev/vdb: found signature [pagesize=4096, signature=swap]
[    5s] swapon: /dev/vdb: pagesize=4096, swapsize=4294967296, devsize=4294967296
[    5s] swapon /dev/vdb
[    5s] WARNING: udev not running, creating extra device nodes
[    5s] logging output to //.build.log...
[    6s] processing recipe /.build-srcdir/mpiP.spec ...
[    6s] init_buildsystem --configdir /.build/configs --cachedir /var/cache/build --buildflavor gnu-openmpi3-hpc /.build-srcdir/mpiP.spec build ...
[    6s] initializing rpm db...
[    6s] querying package ids...
[   18s] [1/212] preinstalled aaa_base-84.87+git20220822.6b9f7a3-1.1
[   18s] [2/212] preinstalled aaa_base-malloccheck-84.87+git20220822.6b9f7a3-1.1
[   18s] [3/212] preinstalled attr-2.5.1-1.1
[   18s] [4/212] preinstalled bash-5.2.15-8.1
[   18s] [5/212] preinstalled bash-sh-5.2.15-8.1
[   18s] [6/212] preinstalled binutils-2.40-2.1
[   18s] [7/212] preinstalled brp-check-suse-84.87+git20221115.2f7add6-1.1
[   18s] [8/212] preinstalled build-compare-20221206T204012.bb70754-1.2
[   18s] [9/212] preinstalled build-mkbaselibs-20230314-1.1
[   18s] [10/212] preinstalled bzip2-1.0.8-5.1
[   18s] [11/212] preinstalled chkstat-1599_20230217-1.1
[   18s] [12/212] preinstalled compat-usrmerge-build-84.87-5.1
[   18s] [13/212] preinstalled compat-usrmerge-tools-84.87-5.1
[   18s] [14/212] preinstalled coreutils-9.1-5.1
[   18s] [15/212] preinstalled cpio-2.13-5.1
[   18s] [16/212] preinstalled cpp-13-1.1
[   18s] [17/212] preinstalled cpp13-13.0.1+git6669-7.1
[   18s] [18/212] cumulate crypto-policies-20210917.c9d86d1-1.1
[   18s] [19/212] preinstalled debugedit-5.0-5.1
[   18s] [20/212] preinstalled diffutils-3.9-1.1
[   18s] [21/212] preinstalled dwz-0.15-2.1
[   18s] [22/212] preinstalled elfutils-0.189-2.1
[   18s] [23/212] preinstalled file-5.44-1.2
[   18s] [24/212] preinstalled file-magic-5.44-1.2
[   18s] [25/212] preinstalled filesystem-84.87-12.1
[   18s] [26/212] preinstalled fillup-1.42-279.1
[   18s] [27/212] preinstalled findutils-4.9.0-2.1
[   18s] [28/212] preinstalled gawk-5.2.1-2.1
[   18s] [29/212] preinstalled gcc-13-1.1
[   18s] [30/212] preinstalled gcc-PIE-13-1.1
[   18s] [31/212] preinstalled gcc13-13.0.1+git6669-7.1
[   18s] [32/212] preinstalled gcc13-PIE-13.0.1+git6669-7.1
[   18s] [33/212] preinstalled gettext-runtime-mini-0.21.1-1.1
[   18s] [34/212] preinstalled gettext-tools-mini-0.21.1-1.1
[   18s] [35/212] preinstalled glibc-2.37-1.1
[   18s] [36/212] preinstalled glibc-devel-2.37-1.1
[   18s] [37/212] preinstalled glibc-locale-base-2.37-1.1
[   18s] [38/212] preinstalled grep-3.9-1.1
[   18s] [39/212] preinstalled gzip-1.12-3.1
[   18s] [40/212] cumulate hwloc-data-2.9.0-2.1
[   18s] [41/212] preinstalled kernel-obs-build-6.2.6-1.2
[   18s] [42/212] preinstalled libacl1-2.3.1-2.1
[   18s] [43/212] preinstalled libasan8-13.0.1+git6669-7.1
[   18s] [44/212] preinstalled libasm1-0.189-2.1
[   18s] [45/212] preinstalled libatomic1-13.0.1+git6669-7.1
[   18s] [46/212] preinstalled libattr1-2.5.1-1.1
[   18s] [47/212] preinstalled libaudit1-3.0.9-1.1
[   18s] [48/212] preinstalled libblkid1-2.38.1-10.1
[   18s] [49/212] preinstalled libbz2-1-1.0.8-5.1
[   18s] [50/212] preinstalled libcap-ng0-0.8.3-1.1
[   18s] [51/212] preinstalled libcap2-2.67-1.1
[   18s] [52/212] cumulate libcbor0_10-0.10.2-1.1
[   18s] [53/212] cumulate libcom_err2-1.46.5-4.1
[   18s] [54/212] preinstalled libcrypt1-4.4.33-2.1
[   18s] [55/212] preinstalled libctf-nobfd0-2.40-2.1
[   18s] [56/212] preinstalled libctf0-2.40-2.1
[   18s] [57/212] preinstalled libdb-4_8-4.8.30-40.1
[   18s] [58/212] preinstalled libdw1-0.189-2.1
[   18s] [59/212] preinstalled libeconf0-0.5.1-1.1
[   18s] [60/212] cumulate libedit0-20210910.3.1-1.1
[   18s] [61/212] preinstalled libelf1-0.189-2.1
[   18s] [62/212] cumulate libexpat1-2.5.0-2.1
[   18s] [63/212] preinstalled libfdisk1-2.38.1-10.1
[   18s] [64/212] cumulate libffi8-3.4.4-1.1
[   18s] [65/212] preinstalled libgcc_s1-13.0.1+git6669-7.1
[   18s] [66/212] preinstalled libgcrypt20-1.10.1-2.1
[   18s] [67/212] preinstalled libgdbm6-1.23-1.1
[   18s] [68/212] preinstalled libgdbm_compat4-1.23-1.1
[   18s] [69/212] cumulate libgfortran5-13.0.1+git6669-7.1
[   18s] [70/212] preinstalled libgmp10-6.2.1-4.1
[   18s] [71/212] preinstalled libgomp1-13.0.1+git6669-7.1
[   18s] [72/212] preinstalled libgpg-error0-1.46-1.1
[   18s] [73/212] cumulate libibumad3-42.0-2.1
[   18s] [74/212] preinstalled libisl23-0.25-1.1
[   18s] [75/212] preinstalled libitm1-13.0.1+git6669-7.1
[   18s] [76/212] cumulate libkeyutils1-1.6.3-5.1
[   18s] [77/212] preinstalled liblua5_4-5-5.4.4-8.1
[   18s] [78/212] preinstalled liblzma5-5.4.1-2.1
[   18s] [79/212] preinstalled libmagic1-5.44-1.2
[   18s] [80/212] cumulate libmca_common_dstore1-3.2.3-7.1
[   18s] [81/212] preinstalled libmount1-2.38.1-10.1
[   18s] [82/212] preinstalled libmpc3-1.3.1-1.2
[   18s] [83/212] cumulate libmpdec3-2.5.1-2.1
[   18s] [84/212] preinstalled libmpfr6-4.2.0-1.1
[   18s] [85/212] preinstalled libncurses6-6.4.20230311-8.1
[   18s] [86/212] cumulate libnl-config-3.7.0-1.1
[   18s] [87/212] cumulate libpciaccess0-0.17-1.1
[   18s] [88/212] preinstalled libpcre2-8-0-10.42-3.2
[   18s] [89/212] preinstalled libpkgconf3-1.8.0-2.1
[   18s] [90/212] preinstalled libpopt0-1.19-1.1
[   18s] [91/212] preinstalled libreadline8-8.2-2.1
[   18s] [92/212] preinstalled librpmbuild9-4.18.0-3.2
[   18s] [93/212] preinstalled libseccomp2-2.5.4-2.1
[   18s] [94/212] preinstalled libselinux1-3.5-1.1
[   18s] [95/212] preinstalled libsemanage-conf-3.5-1.1
[   18s] [96/212] preinstalled libsemanage2-3.5-1.1
[   18s] [97/212] preinstalled libsepol2-3.5-1.1
[   18s] [98/212] preinstalled libsmartcols1-2.38.1-10.1
[   18s] [99/212] cumulate libsqlite3-0-3.41.0-2.1
[   18s] [100/212] preinstalled libstdc++6-13.0.1+git6669-7.1
[   18s] [101/212] cumulate libstdc++6-devel-gcc13-13.0.1+git6669-7.1
[   18s] [102/212] preinstalled libsubid4-4.13-4.1
[   18s] [103/212] cumulate libsystemd0-mini-253.1-2.1
[   18s] [104/212] preinstalled libubsan1-13.0.1+git6669-7.1
[   18s] [105/212] cumulate libudev-mini1-253.1-2.1
[   18s] [106/212] cumulate libunwind-coredump0-1.6.2-4.1
[   18s] [107/212] cumulate libunwind-ptrace0-1.6.2-4.1
[   18s] [108/212] cumulate libunwind8-1.6.2-4.1
[   18s] [109/212] preinstalled libutempter0-1.2.0-3.2
[   18s] [110/212] preinstalled libuuid1-2.38.1-10.1
[   18s] [111/212] cumulate libverto1-0.3.2-1.1
[   18s] [112/212] preinstalled libxcrypt-devel-4.4.33-2.1
[   18s] [113/212] cumulate libxml2-2-2.10.3-3.1
[   18s] [114/212] preinstalled libz1-1.2.13-3.1
[   18s] [115/212] preinstalled libzstd1-1.5.4-2.1
[   18s] [116/212] preinstalled linux-glibc-devel-6.2-1.1
[   18s] [117/212] preinstalled login_defs-4.13-4.1
[   18s] [118/212] preinstalled lua54-5.4.4-8.1
[   18s] [119/212] cumulate lua54-luafilesystem-1.8.0-6.1
[   18s] [120/212] cumulate lua54-luaposix-35.1-2.1
[   18s] [121/212] cumulate lua54-luaterm-0.07-8.1
[   18s] [122/212] preinstalled make-4.4.1-1.1
[   18s] [123/212] preinstalled ncurses-utils-6.4.20230311-8.1
[   18s] [124/212] cumulate openmpi4-config-4.1.4-2.1
[   18s] [125/212] preinstalled pam-1.5.2-13.1
[   18s] [126/212] preinstalled patch-2.7.6-6.1
[   18s] [127/212] preinstalled perl-5.36.0-4.1
[   18s] [128/212] preinstalled perl-base-5.36.0-4.1
[   18s] [129/212] preinstalled permissions-1599_20230217-1.1
[   18s] [130/212] preinstalled permissions-config-1599_20230217-1.1
[   18s] [131/212] preinstalled pkgconf-1.8.0-2.1
[   18s] [132/212] preinstalled pkgconf-m4-1.8.0-2.1
[   18s] [133/212] preinstalled pkgconf-pkg-config-1.8.0-2.1
[   18s] [134/212] preinstalled polkit-default-privs-1550+20230307.7f42172-1.1
[   18s] [135/212] preinstalled post-build-checks-84.87+git20230302.ff58c9e-1.1
[   18s] [136/212] cumulate python-rpm-macros-20230304.050c1a4-1.1
[   18s] [137/212] preinstalled qemu-linux-user-7.1.0-54.1
[   18s] [138/212] preinstalled rpm-4.18.0-3.2
[   18s] [139/212] preinstalled rpm-build-4.18.0-3.2
[   18s] [140/212] preinstalled rpm-build-perl-4.18.0-3.2
[   18s] [141/212] preinstalled rpm-config-SUSE-20220926-1.1
[   18s] [142/212] preinstalled rpmlint-mini-2.4.0+git20230316.e10f602-9.18
[   18s] [143/212] preinstalled rpmlint-strict-2.4.0+git20230316.e10f602-1.1
[   18s] [144/212] preinstalled sed-4.9-2.1
[   18s] [145/212] preinstalled shadow-4.13-4.1
[   18s] [146/212] cumulate suse-hpc-0.5.20220525.fd76646-1.1
[   18s] [147/212] cumulate suse-module-tools-16.0.30-1.1
[   18s] [148/212] preinstalled system-group-hardware-20170617-24.1
[   18s] [149/212] cumulate system-group-kvm-20170617-24.1
[   18s] [150/212] preinstalled system-user-root-20190513-2.1
[   18s] [151/212] cumulate systemd-mini-253.1-2.1
[   18s] [152/212] preinstalled systemd-rpm-macros-19-1.1
[   18s] [153/212] preinstalled sysuser-shadow-3.1-5.1
[   18s] [154/212] preinstalled tar-1.34-10.1
[   18s] [155/212] cumulate tcl-8.6.13-4.1
[   18s] [156/212] preinstalled terminfo-base-6.4.20230311-8.1
[   18s] [157/212] preinstalled update-alternatives-1.21.8-1.1
[   18s] [158/212] preinstalled util-linux-2.38.1-10.1
[   18s] [159/212] preinstalled which-2.21-5.1
[   18s] [160/212] preinstalled xz-5.4.1-2.1
[   18s] [161/212] cumulate zlib-devel-1.2.13-3.1
[   18s] [162/212] cumulate binutils-devel-2.40-2.1
[   18s] [163/212] cumulate expect-5.45.4-6.1
[   18s] [164/212] cumulate gcc13-c++-13.0.1+git6669-7.1
[   18s] [165/212] cumulate gcc13-fortran-13.0.1+git6669-7.1
[   18s] [166/212] cumulate libhidapi-hidraw0-0.13.1-1.1
[   18s] [167/212] cumulate libibmad5-42.0-2.1
[   18s] [168/212] cumulate libnl3-200-3.7.0-1.1
[   18s] [169/212] cumulate libopenssl3-3.0.8-2.1
[   18s] [170/212] cumulate libunwind-setjmp0-1.6.2-4.1
[   18s] [171/212] cumulate krb5-mini-1.20.1-4.1
[   18s] [172/212] cumulate libhwloc15-2.9.0-2.1
[   18s] [173/212] cumulate lua-lmod-8.7.17-2.1
[   18s] [174/212] cumulate gcc-c++-13-1.1
[   18s] [175/212] cumulate gcc-fortran-13-1.1
[   18s] [176/212] cumulate gnu-compilers-hpc-1.4-10.2
[   18s] [177/212] cumulate libevent-2_1-7-2.1.12-3.2
[   18s] [178/212] cumulate openssh-common-8.9p1-7.3
[   18s] [179/212] cumulate dejagnu-1.6.3-1.1
[   18s] [180/212] cumulate kmod-30-2.2
[   18s] [181/212] cumulate libibnetdisc5-42.0-2.1
[   18s] [182/212] cumulate libfido2-1-1.13.0-1.1
[   18s] [183/212] cumulate libunwind-devel-1.6.2-4.1
[   18s] [184/212] cumulate infiniband-diags-42.0-2.1
[   18s] [185/212] cumulate udev-mini-253.1-2.1
[   18s] [186/212] cumulate gnu-compilers-hpc-devel-1.4-10.2
[   18s] [187/212] cumulate openssh-clients-8.9p1-7.3
[   18s] [188/212] cumulate openssh-server-8.9p1-7.3
[   18s] [189/212] cumulate gnu-compilers-hpc-macros-devel-1.4-10.2
[   18s] [190/212] cumulate openssh-8.9p1-7.3
[   18s] [191/212] cumulate rdma-core-42.0-2.1
[   18s] [192/212] cumulate libmlx5-1-42.0-2.1
[   18s] [193/212] cumulate pmix-plugins-3.2.3-7.1
[   18s] [194/212] cumulate python310-base-3.10.10-2.1
[   18s] [195/212] cumulate libpython3_10-1_0-3.10.10-2.1
[   18s] [196/212] cumulate python310-packaging-23.0-2.1
[   18s] [197/212] cumulate python310-3.10.10-2.1
[   18s] [198/212] cumulate libpmix2-3.2.3-7.1
[   18s] [199/212] cumulate libibverbs-42.0-2.1
[   18s] [200/212] cumulate libibverbs1-42.0-2.1
[   18s] [201/212] cumulate python-rpm-packaging-20210526+a18ca48-1.2
[   18s] [202/212] cumulate libefa1-42.0-2.1
[   18s] [203/212] cumulate libmlx4-1-42.0-2.1
[   18s] [204/212] cumulate librdmacm1-42.0-2.1
[   18s] [205/212] cumulate rsocket-42.0-2.1
[   18s] [206/212] cumulate libfabric1-1.16.1-2.1
[   18s] [207/212] cumulate libopenmpi_3_1_6-gnu-hpc-3.1.6-7.1
[   18s] [208/212] cumulate rdma-core-devel-42.0-2.1
[   18s] [209/212] cumulate openmpi_3_1_6-gnu-hpc-3.1.6-7.1
[   18s] [210/212] cumulate openmpi_3_1_6-gnu-hpc-devel-3.1.6-7.1
[   18s] [211/212] cumulate openmpi_3_1_6-gnu-hpc-macros-devel-3.1.6-7.1
[   18s] [212/212] cumulate openmpi3-gnu-hpc-macros-devel-3.1.6-7.1
[   18s] now installing cumulated packages
[   18s] Preparing...                          ########################################
[   18s] Updating / installing...
[   18s] libibumad3-42.0-2.1                   ########################################
[   18s] tcl-8.6.13-4.1                        ########################################
[   19s] libibmad5-42.0-2.1                    ########################################
[   19s] systemd-mini-253.1-2.1                warning: group systemd-journal does not exist - using root
[   19s] ########################################
[   19s] Creating group 'systemd-journal' with GID 486.
[   20s] Creating group 'systemd-timesync' with GID 485.
[   20s] Creating user 'systemd-timesync' (systemd Time Synchronization) with UID 485 and GID 485.
[   20s] Running in chroot, ignoring command 'daemon-reexec'
[   20s] /usr/lib/tmpfiles.d/journal-nocow.conf:26: Failed to resolve specifier: uninitialized /etc/ detected, skipping.
[   20s] All rules containing unresolvable specifiers will be skipped.
[   20s] libunwind8-1.6.2-4.1                  ########################################
[   20s] libudev-mini1-253.1-2.1               ########################################
[   20s] libcom_err2-1.46.5-4.1                ########################################
[   20s] libhidapi-hidraw0-0.13.1-1.1          ########################################
[   20s] libunwind-setjmp0-1.6.2-4.1           ########################################
[   20s] libibnetdisc5-42.0-2.1                ########################################
[   20s] infiniband-diags-42.0-2.1             ########################################
[   21s] expect-5.45.4-6.1                     ########################################
[   21s] zlib-devel-1.2.13-3.1                 ########################################
[   21s] /usr/bin/systemd-sysusers --replace=/usr/lib/sysusers.d/system-group-kvm.conf -
[   21s] Creating group 'kvm' with GID 36.
[   21s] system-group-kvm-20170617-24.1        ########################################
[   21s] python-rpm-macros-20230304.050c1a4-1.1########################################
[   21s] openmpi4-config-4.1.4-2.1             ########################################
[   21s] lua54-luaterm-0.07-8.1                ########################################
[   21s] lua54-luaposix-35.1-2.1               ########################################
[   21s] lua54-luafilesystem-1.8.0-6.1         ########################################
[   21s] lua-lmod-8.7.17-2.1                   ########################################
[   21s] gnu-compilers-hpc-1.4-10.2            ########################################
[   21s] libxml2-2-2.10.3-3.1                  ########################################
[   21s] libverto1-0.3.2-1.1                   ########################################
[   21s] libunwind-ptrace0-1.6.2-4.1           ########################################
[   21s] libunwind-coredump0-1.6.2-4.1         ########################################
[   21s] libsystemd0-mini-253.1-2.1            ########################################
[   28s] libstdc++6-devel-gcc13-13.0.1+git6669-########################################
[   30s] gcc13-c++-13.0.1+git6669-7.1          ########################################
[   30s] gcc-c++-13-1.1                        ########################################
[   30s] libsqlite3-0-3.41.0-2.1               ########################################
[   30s] libpciaccess0-0.17-1.1                ########################################
[   30s] libnl-config-3.7.0-1.1                ########################################
[   30s] libnl3-200-3.7.0-1.1                  ########################################
[   30s] libmpdec3-2.5.1-2.1                   ########################################
[   30s] libmca_common_dstore1-3.2.3-7.1       ########################################
[   30s] libkeyutils1-1.6.3-5.1                ########################################
[   31s] krb5-mini-1.20.1-4.1                  ########################################
[   31s] Updating /etc/sysconfig/kadmind ...
[   31s] Updating /etc/sysconfig/krb5kdc ...
[   31s] libgfortran5-13.0.1+git6669-7.1       ########################################
[   35s] gcc13-fortran-13.0.1+git6669-7.1      ########################################
[   35s] gcc-fortran-13-1.1                    ########################################
[   35s] gnu-compilers-hpc-devel-1.4-10.2      ########################################
[   35s] libffi8-3.4.4-1.1                     ########################################
[   35s] libexpat1-2.5.0-2.1                   ########################################
[   35s] libedit0-20210910.3.1-1.1             ########################################
[   35s] libcbor0_10-0.10.2-1.1                ########################################
[   36s] hwloc-data-2.9.0-2.1                  ########################################
[   36s] libhwloc15-2.9.0-2.1                  ########################################
[   36s] crypto-policies-20210917.c9d86d1-1.1  ########################################
[   36s] libopenssl3-3.0.8-2.1                 ########################################
[   36s] libevent-2_1-7-2.1.12-3.2             ########################################
[   36s] libpython3_10-1_0-3.10.10-2.1         ########################################
[   36s] python310-3.10.10-2.1                 ########################################
[   39s] python310-base-3.10.10-2.1            ########################################
[   39s] suse-module-tools-16.0.30-1.1         ########################################
[   39s] kmod-30-2.2                           ########################################
[   39s] openssh-common-8.9p1-7.3              ########################################
[   39s] libfido2-1-1.13.0-1.1                 ########################################
[   40s] openssh-clients-8.9p1-7.3             ########################################
[   40s] /usr/bin/systemd-sysusers --replace=/usr/lib/sysusers.d/sshd.conf -
[   40s] Creating group 'sshd' with GID 484.
[   40s] Creating user 'sshd' (SSH daemon) with UID 484 and GID 484.
[   40s] openssh-server-8.9p1-7.3              ########################################
[   40s] Updating /etc/sysconfig/ssh ...
[   40s] openssh-8.9p1-7.3                     ########################################
[   41s] udev-mini-253.1-2.1                   ########################################
[   44s] Failed to preset unit, unit remote-cryptsetup.target does not exist.
[   44s] rdma-core-42.0-2.1                    ########################################
[   45s] libmlx5-1-42.0-2.1                    ########################################
[   45s] libefa1-42.0-2.1                      ########################################
[   45s] libmlx4-1-42.0-2.1                    ########################################
[   45s] libibverbs1-42.0-2.1                  ########################################
[   45s] libibverbs-42.0-2.1                   ########################################
[   45s] librdmacm1-42.0-2.1                   ########################################
[   45s] libfabric1-1.16.1-2.1                 ########################################
[   45s] rsocket-42.0-2.1                      ########################################
[   45s] rdma-core-devel-42.0-2.1              ########################################
[   45s] python310-packaging-23.0-2.1          ########################################
[   45s] pmix-plugins-3.2.3-7.1                ########################################
[   45s] libpmix2-3.2.3-7.1                    ########################################
[   45s] libopenmpi_3_1_6-gnu-hpc-3.1.6-7.1    ########################################
[   46s] openmpi_3_1_6-gnu-hpc-3.1.6-7.1       ########################################
[   46s] openmpi_3_1_6-gnu-hpc-devel-3.1.6-7.1 ########################################
[   46s] openmpi_3_1_6-gnu-hpc-macros-devel-3.1########################################
[   46s] openmpi3-gnu-hpc-macros-devel-3.1.6-7.########################################
[   46s] python-rpm-packaging-20210526+a18ca48-########################################
[   46s] gnu-compilers-hpc-macros-devel-1.4-10.########################################
[   46s] libunwind-devel-1.6.2-4.1             ########################################
[   55s] binutils-devel-2.40-2.1               ########################################
[   55s] dejagnu-1.6.3-1.1                     ########################################
[   55s] suse-hpc-0.5.20220525.fd76646-1.1     ########################################
[   55s] regenerate-initrd-posttrans: dracut is not installed, not rebuilding the initrd
[   56s] regenerate-initrd-posttrans: dracut is not installed, not rebuilding the initrd
[   58s] now finalizing build dir...
[   58s] ... running 01-add_abuild_user_to_trusted_group
[   58s] ... running 02-set_timezone_to_utc
[   58s] ... running 03-set-permissions-secure
[   58s] ... running 11-hack_uname_version_to_kernel_version
[   60s] sh: line 1: /usr/bin/ps: No such file or directory
[   62s] -----------------------------------------------------------------
[   62s] I have the following modifications for mpiP.spec:
[   63s] 19c19
[   63s] < %global flavor @BUILD_FLAVOR@%{nil}
[   63s] ---
[   63s] > %global flavor gnu-openmpi3-hpc%{nil}
[   63s] 263c263
[   63s] < Release:        0
[   63s] ---
[   63s] > Release:        3.2
[   65s] build target is riscv64-suse-linux
[   65s] -----------------------------------------------------------------
[   65s] ----- building mpiP.spec (user abuild)
[   65s] -----------------------------------------------------------------
[   65s] -----------------------------------------------------------------
[   67s] sh: line 1: /usr/bin/ps: No such file or directory
[   67s] + exec rpmbuild -ba --define '_srcdefattr (-,root,root)' --nosignature --target=riscv64-suse-linux --define '_build_create_debug 1' --define 'disturl obs://build.opensuse.org/openSUSE:Factory:RISCV/standard/70d9e4d88d35bfc643cd787ab0ea6cb1-mpiP:gnu-openmpi3-hpc' /home/abuild/rpmbuild/SOURCES/mpiP.spec
[   67s] Building target platforms: riscv64-suse-linux
[   67s] Building for target riscv64-suse-linux
[   67s]  Building for gnu 
[   67s]  hpc_gnu_init 
[   71s] setting SOURCE_DATE_EPOCH=1666569600
[   71s] Executing(%prep): /usr/bin/bash -e /var/tmp/rpm-tmp.NhorG5
[   71s] + umask 022
[   71s] + cd /home/abuild/rpmbuild/BUILD
[   71s] + cd /home/abuild/rpmbuild/BUILD
[   71s] + rm -rf mpiP-3.5
[   71s] + /usr/lib/rpm/rpmuncompress -x /home/abuild/rpmbuild/SOURCES/mpiP-3.5.tgz
[   71s] + STATUS=0
[   71s] + '[' 0 -ne 0 ']'
[   71s] + cd mpiP-3.5
[   71s] + /usr/bin/chmod -Rf a+rX,u+w,g-w,o-w .
[   71s] + /usr/lib/rpm/rpmuncompress /home/abuild/rpmbuild/SOURCES/mpip.unwinder.patch
[   71s] + /usr/bin/patch -p1 -s --fuzz=0 --no-backup-if-mismatch -f
[   71s] + /usr/lib/rpm/rpmuncompress /home/abuild/rpmbuild/SOURCES/Add-return-value-to-non-void-function.patch
[   71s] + /usr/bin/patch -p1 -s --fuzz=0 --no-backup-if-mismatch -f
[   72s] + /usr/lib/rpm/rpmuncompress /home/abuild/rpmbuild/SOURCES/pc_lookup-replace-PTR-with-void.patch
[   72s] + /usr/bin/patch -p1 -s --fuzz=0 --no-backup-if-mismatch -f
[   72s] + sed -i -e '/-shared -o $@/s#\(${LDFLAGS}\)#\1 -Wl,-soname,$@#' Makefile.in
[   72s] + RPM_EC=0
[   72s] ++ jobs -p
[   72s] + exit 0
[   72s] Executing(%build): /usr/bin/bash -e /var/tmp/rpm-tmp.QIFOii
[   72s] + umask 022
[   72s] + cd /home/abuild/rpmbuild/BUILD
[   72s] + /usr/bin/rm -rf /home/abuild/rpmbuild/BUILDROOT/mpiP_3_5-gnu-openmpi3-hpc-3.5-3.2.riscv64
[   72s] ++ dirname /home/abuild/rpmbuild/BUILDROOT/mpiP_3_5-gnu-openmpi3-hpc-3.5-3.2.riscv64
[   72s] + /usr/bin/mkdir -p /home/abuild/rpmbuild/BUILDROOT
[   72s] + /usr/bin/mkdir /home/abuild/rpmbuild/BUILDROOT/mpiP_3_5-gnu-openmpi3-hpc-3.5-3.2.riscv64
[   72s] + cd mpiP-3.5
[   72s] + ref=/usr/lib/rpm
[   72s] + mints=0
[   72s] + case $(uname -m) in
[   72s] ++ uname -m
[   72s] + mints=20160911
[   72s] + for s in guess sub
[   72s] ++ find -maxdepth 8 -name config.guess
[   72s] + for c in $(find -maxdepth 8 -name "config.$s")
[   72s] + grep -q config-patches@ ./bin/config.guess
[   72s] ++ sed -n '/^timestamp=/{s///;s/[-'\''"]//g;p;q;}' ./bin/config.guess
[   72s] + timestamp=20200919
[   72s] + test -n 20200919
[   72s] + test 20200919 -ge 20160911
[   72s] + for s in guess sub
[   72s] ++ find -maxdepth 8 -name config.sub
[   72s] + for c in $(find -maxdepth 8 -name "config.$s")
[   72s] + grep -q config-patches@ ./bin/config.sub
[   72s] ++ sed -n '/^timestamp=/{s///;s/[-'\''"]//g;p;q;}' ./bin/config.sub
[   72s] + timestamp=20200908
[   72s] + test -n 20200908
[   72s] + test 20200908 -ge 20160911
[   72s] + module purge
[   72s] + '[' -z '' ']'
[   72s] + case "$-" in
[   72s] + __lmod_sh_dbg=x
[   72s] + '[' -n x ']'
[   72s] + set +x
[   72s] Shell debugging temporarily silenced: export LMOD_SH_DBG_ON=1 for Lmod's output
[   73s] sh: line 1: /usr/bin/ps: No such file or directory
[   73s] Shell debugging restarted
[   73s] + unset __lmod_sh_dbg
[   73s] + return 0
[   73s] + export CC=gcc
[   73s] + CC=gcc
[   73s] + export CXX=g++
[   73s] + CXX=g++
[   73s] + export FC=gfortran
[   73s] + FC=gfortran
[   73s] + export F77=gfortran
[   73s] + F77=gfortran
[   73s] + module load gnu/13
[   73s] + '[' -z '' ']'
[   73s] + case "$-" in
[   73s] + __lmod_sh_dbg=x
[   73s] + '[' -n x ']'
[   73s] + set +x
[   73s] Shell debugging temporarily silenced: export LMOD_SH_DBG_ON=1 for Lmod's output
[   73s] sh: line 1: /usr/bin/ps: No such file or directory
[   73s] Shell debugging restarted
[   73s] + unset __lmod_sh_dbg
[   73s] + return 0
[   73s] + module load openmpi
[   73s] + '[' -z '' ']'
[   73s] + case "$-" in
[   73s] + __lmod_sh_dbg=x
[   73s] + '[' -n x ']'
[   73s] + set +x
[   73s] Shell debugging temporarily silenced: export LMOD_SH_DBG_ON=1 for Lmod's output
[   74s] sh: line 1: /usr/bin/ps: No such file or directory
[   76s] Lmod has detected the following error: The following module(s) are unknown:
[   76s] "openmpi"
[   76s] 
[   76s] Please check the spelling or version number. Also try "module spider ..."
[   76s] It is also possible your cache file is out-of-date; it may help to try:
[   76s]   $ module --ignore_cache load "openmpi"
[   76s] 
[   76s] Also make sure that all modulefiles written in TCL start with the string
[   76s] #%Module
[   76s] 
[   76s] 
[   76s] 
[   76s] Shell debugging restarted
[   76s] + unset __lmod_sh_dbg
[   76s] + return 1
[   76s] error: Bad exit status from /var/tmp/rpm-tmp.QIFOii (%build)
[   76s] 
[   76s] RPM build errors:
[   76s]     Bad exit status from /var/tmp/rpm-tmp.QIFOii (%build)
[   76s] ### VM INTERACTION START ###
[   76s] [0;1;38;5;185mFailed to write wtmp record, ignoring: Read-only file system[0m
[   76s] [0;1;38;5;185mFailed to write utmp record: Read-only file system[0m
[   76s] Powering off.
[   76s] [   73.758644][ T3437] reboot: Power down
[   76s] ### VM INTERACTION END ###
[   76s] 
[   76s] goat05 failed "build mpiP.spec" at Mon Mar 20 20:56:51 UTC 2023.
[   76s] 
