[    0s] Using BUILD_ROOT=/var/cache/obs/worker/root_4/.mount
[    0s] Using BUILD_ARCH=riscv64
[    0s] Doing kvm build in /var/cache/obs/worker/root_4/root
[    0s] 
[    1s] 
[    1s] cloud117 started "build netcdf-cxx4.spec" at Wed Mar 22 09:26:43 UTC 2023.
[    1s] 
[    1s] Building netcdf-cxx4:gnu-hpc for project 'openSUSE:Factory:RISCV' repository 'standard' arch 'riscv64' srcmd5 'e5ae6523c41f824492b0fb5bfd9cbfa0'
[    1s] 
[    1s] processing recipe /var/cache/obs/worker/root_4/.build-srcdir/netcdf-cxx4.spec ...
[    1s] running changelog2spec --target rpm --file /var/cache/obs/worker/root_4/.build-srcdir/netcdf-cxx4.spec
[    1s] init_buildsystem --configdir /var/run/obs/worker/4/build/configs --cachedir /var/cache/build --prepare --buildflavor gnu-hpc --clean --rpmlist /var/cache/obs/worker/root_4/.build.rpmlist /var/cache/obs/worker/root_4/.build-srcdir/netcdf-cxx4.spec build ...
[    1s] unpacking preinstall image openSUSE:Factory:RISCV/standard/preinstallimage-base [6c787d53e9e0a0301c3756e0304cf3cc]
[    4s] 
[    4s] copying packages...
[    5s] reordering...done
[    5s] Detected virtio-serial support
[   21s] booting kvm...
[   21s] ### VM INTERACTION START ###
[   21s] Using virtio-serial support
[   21s] /usr/bin/qemu-kvm -nodefaults -no-reboot -nographic -vga none -cpu host -M pc,accel=kvm,usb=off,dump-guest-core=off,vmport=off -sandbox on -bios /usr/share/qemu/qboot.rom -object rng-random,filename=/dev/random,id=rng0 -device virtio-rng-pci,rng=rng0 -object iothread,id=io0 -runas qemu -net none -kernel /var/cache/obs/worker/root_4/.mount/boot/kernel -initrd /var/cache/obs/worker/root_4/.mount/boot/initrd -append root=/dev/disk/by-id/virtio-0 rootfstype=ext4 rootflags=noatime kvmclock mitigations=off elevator=noop nmi_watchdog=0 rw rd.driver.pre=binfmt_misc oops=panic panic=1 quiet console=hvc0 init=/.build/initvm.x86_64 -m 3072 -drive file=/var/cache/obs/worker/root_4/root,format=raw,if=none,id=disk,cache=unsafe,aio=io_uring -device virtio-blk-pci,iothread=io0,drive=disk,serial=0 -drive file=/var/cache/obs/worker/root_4/swap,format=raw,if=none,id=swap,cache=unsafe,aio=io_uring -device virtio-blk-pci,iothread=io0,drive=swap,serial=1 -device virtio-serial,max_ports=2 -device virtconsole,chardev=virtiocon0 -chardev stdio,id=virtiocon0 -chardev socket,id=monitor,server=on,wait=off,path=/var/cache/obs/worker/root_4/root.qemu/monitor -mon chardev=monitor,mode=readline -smp 4
[   25s] ### VM INTERACTION END ###
[   25s] 2nd stage started in virtual machine
[   26s] machine type: riscv64
[   26s] Linux version: 6.2.6-1-default #1 SMP PREEMPT_DYNAMIC Mon Mar 13 10:57:27 UTC 2023 (fa1a4c6)
[   26s] Increasing log level from now on...
[   26s] [    4.817096][  T369] sysrq: Changing Loglevel
[   26s] [    4.817228][  T369] sysrq: Loglevel set to 4
[   26s] Enable sysrq operations
[   26s] Setting up swapspace version 1, size = 2 GiB (2097147904 bytes)
[   26s] no label, UUID=f3afae00-e496-4872-a0e4-b7a71c6ae71c
[   26s] swapon: /dev/vdb: found signature [pagesize=4096, signature=swap]
[   26s] swapon: /dev/vdb: pagesize=4096, swapsize=2097152000, devsize=2097152000
[   26s] swapon /dev/vdb
[   27s] WARNING: udev not running, creating extra device nodes
[   27s] logging output to //.build.log...
[   27s] processing recipe /.build-srcdir/netcdf-cxx4.spec ...
[   27s] init_buildsystem --configdir /.build/configs --cachedir /var/cache/build --buildflavor gnu-hpc /.build-srcdir/netcdf-cxx4.spec build ...
[   28s] initializing rpm db...
[   28s] querying package ids...
[   55s] [1/178] preinstalled aaa_base-84.87+git20220822.6b9f7a3-1.1
[   55s] [2/178] preinstalled aaa_base-malloccheck-84.87+git20220822.6b9f7a3-1.1
[   55s] [3/178] preinstalled attr-2.5.1-1.1
[   55s] [4/178] preinstalled bash-5.2.15-8.1
[   55s] [5/178] preinstalled bash-sh-5.2.15-8.1
[   55s] [6/178] preinstalled binutils-2.40-2.1
[   55s] [7/178] preinstalled brp-check-suse-84.87+git20221115.2f7add6-1.1
[   55s] [8/178] preinstalled build-compare-20221206T204012.bb70754-1.2
[   55s] [9/178] preinstalled build-mkbaselibs-20230314-1.1
[   55s] [10/178] preinstalled bzip2-1.0.8-5.1
[   55s] [11/178] preinstalled chkstat-1599_20230217-1.1
[   55s] [12/178] preinstalled compat-usrmerge-build-84.87-5.1
[   55s] [13/178] preinstalled compat-usrmerge-tools-84.87-5.1
[   55s] [14/178] preinstalled coreutils-9.1-5.1
[   55s] [15/178] preinstalled cpio-2.13-5.1
[   55s] [16/178] preinstalled cpp-13-1.1
[   55s] [17/178] preinstalled cpp13-13.0.1+git6669-7.1
[   55s] [18/178] cumulate crypto-policies-20210917.c9d86d1-1.1
[   55s] [19/178] preinstalled debugedit-5.0-5.1
[   55s] [20/178] preinstalled diffutils-3.9-1.1
[   55s] [21/178] preinstalled dwz-0.15-2.1
[   55s] [22/178] preinstalled elfutils-0.189-2.1
[   55s] [23/178] preinstalled file-5.44-1.2
[   55s] [24/178] preinstalled file-magic-5.44-1.2
[   55s] [25/178] preinstalled filesystem-84.87-12.1
[   55s] [26/178] preinstalled fillup-1.42-279.1
[   55s] [27/178] preinstalled findutils-4.9.0-2.1
[   55s] [28/178] preinstalled gawk-5.2.1-2.1
[   55s] [29/178] preinstalled gcc-13-1.1
[   55s] [30/178] preinstalled gcc-PIE-13-1.1
[   55s] [31/178] preinstalled gcc13-13.0.1+git6669-7.1
[   55s] [32/178] preinstalled gcc13-PIE-13.0.1+git6669-7.1
[   55s] [33/178] preinstalled gettext-runtime-mini-0.21.1-1.1
[   55s] [34/178] preinstalled gettext-tools-mini-0.21.1-1.1
[   55s] [35/178] preinstalled glibc-2.37-1.1
[   55s] [36/178] preinstalled glibc-devel-2.37-1.1
[   55s] [37/178] preinstalled glibc-locale-base-2.37-1.1
[   55s] [38/178] preinstalled grep-3.9-1.1
[   55s] [39/178] preinstalled gzip-1.12-3.1
[   55s] [40/178] preinstalled kernel-obs-build-6.2.6-1.2
[   55s] [41/178] preinstalled libacl1-2.3.1-2.1
[   55s] [42/178] preinstalled libasan8-13.0.1+git6669-7.1
[   55s] [43/178] preinstalled libasm1-0.189-2.1
[   55s] [44/178] preinstalled libatomic1-13.0.1+git6669-7.1
[   55s] [45/178] preinstalled libattr1-2.5.1-1.1
[   55s] [46/178] preinstalled libaudit1-3.0.9-1.1
[   55s] [47/178] preinstalled libblkid1-2.38.1-10.1
[   55s] [48/178] cumulate libbrotlicommon1-1.0.9-3.1
[   55s] [49/178] preinstalled libbz2-1-1.0.8-5.1
[   55s] [50/178] preinstalled libcap-ng0-0.8.3-1.1
[   55s] [51/178] preinstalled libcap2-2.67-1.1
[   55s] [52/178] cumulate libcom_err2-1.46.5-4.1
[   55s] [53/178] preinstalled libcrypt1-4.4.33-2.1
[   55s] [54/178] preinstalled libctf-nobfd0-2.40-2.1
[   55s] [55/178] preinstalled libctf0-2.40-2.1
[   55s] [56/178] preinstalled libdb-4_8-4.8.30-40.1
[   55s] [57/178] preinstalled libdw1-0.189-2.1
[   55s] [58/178] preinstalled libeconf0-0.5.1-1.1
[   55s] [59/178] preinstalled libelf1-0.189-2.1
[   55s] [60/178] preinstalled libfdisk1-2.38.1-10.1
[   55s] [61/178] preinstalled libgcc_s1-13.0.1+git6669-7.1
[   55s] [62/178] preinstalled libgcrypt20-1.10.1-2.1
[   55s] [63/178] preinstalled libgdbm6-1.23-1.1
[   55s] [64/178] preinstalled libgdbm_compat4-1.23-1.1
[   55s] [65/178] cumulate libgfortran5-13.0.1+git6669-7.1
[   55s] [66/178] preinstalled libgmp10-6.2.1-4.1
[   55s] [67/178] preinstalled libgomp1-13.0.1+git6669-7.1
[   55s] [68/178] preinstalled libgpg-error0-1.46-1.1
[   55s] [69/178] preinstalled libisl23-0.25-1.1
[   55s] [70/178] preinstalled libitm1-13.0.1+git6669-7.1
[   55s] [71/178] cumulate libkeyutils1-1.6.3-5.1
[   55s] [72/178] preinstalled liblua5_4-5-5.4.4-8.1
[   55s] [73/178] preinstalled liblzma5-5.4.1-2.1
[   55s] [74/178] preinstalled libmagic1-5.44-1.2
[   55s] [75/178] preinstalled libmount1-2.38.1-10.1
[   55s] [76/178] preinstalled libmpc3-1.3.1-1.2
[   55s] [77/178] preinstalled libmpfr6-4.2.0-1.1
[   55s] [78/178] preinstalled libncurses6-6.4.20230311-8.1
[   55s] [79/178] cumulate libnghttp2-14-1.51.0-7.2
[   55s] [80/178] preinstalled libpcre2-8-0-10.42-3.2
[   55s] [81/178] preinstalled libpkgconf3-1.8.0-2.1
[   55s] [82/178] preinstalled libpopt0-1.19-1.1
[   55s] [83/178] preinstalled libreadline8-8.2-2.1
[   55s] [84/178] preinstalled librpmbuild9-4.18.0-4.1
[   55s] [85/178] cumulate libsasl2-3-2.1.28-4.2
[   55s] [86/178] preinstalled libseccomp2-2.5.4-2.1
[   55s] [87/178] preinstalled libselinux1-3.5-1.1
[   55s] [88/178] preinstalled libsemanage-conf-3.5-1.1
[   55s] [89/178] preinstalled libsemanage2-3.5-1.1
[   55s] [90/178] preinstalled libsepol2-3.5-1.1
[   55s] [91/178] preinstalled libsmartcols1-2.38.1-10.1
[   55s] [92/178] cumulate libssh-config-0.10.4-1.2
[   55s] [93/178] preinstalled libstdc++6-13.0.1+git6669-7.1
[   55s] [94/178] cumulate libstdc++6-devel-gcc13-13.0.1+git6669-7.1
[   55s] [95/178] preinstalled libsubid4-4.13-4.1
[   55s] [96/178] preinstalled libubsan1-13.0.1+git6669-7.1
[   55s] [97/178] cumulate libunistring5-1.1-1.1
[   55s] [98/178] preinstalled libutempter0-1.2.0-3.2
[   55s] [99/178] preinstalled libuuid1-2.38.1-10.1
[   55s] [100/178] cumulate libverto1-0.3.2-1.1
[   55s] [101/178] preinstalled libxcrypt-devel-4.4.33-2.1
[   55s] [102/178] cumulate libxml2-2-2.10.3-3.1
[   55s] [103/178] preinstalled libz1-1.2.13-3.1
[   55s] [104/178] preinstalled libzstd1-1.5.4-2.1
[   55s] [105/178] preinstalled linux-glibc-devel-6.2-1.1
[   55s] [106/178] preinstalled login_defs-4.13-4.1
[   55s] [107/178] preinstalled lua54-5.4.4-8.1
[   55s] [108/178] cumulate lua54-luafilesystem-1.8.0-6.1
[   55s] [109/178] cumulate lua54-luaposix-35.1-2.1
[   55s] [110/178] cumulate lua54-luaterm-0.07-8.1
[   55s] [111/178] preinstalled make-4.4.1-1.1
[   55s] [112/178] preinstalled ncurses-utils-6.4.20230311-8.1
[   55s] [113/178] preinstalled pam-1.5.2-13.1
[   55s] [114/178] preinstalled patch-2.7.6-6.1
[   55s] [115/178] preinstalled perl-5.36.0-4.1
[   55s] [116/178] preinstalled perl-base-5.36.0-4.1
[   55s] [117/178] preinstalled permissions-1599_20230217-1.1
[   55s] [118/178] preinstalled permissions-config-1599_20230217-1.1
[   55s] [119/178] preinstalled pkgconf-1.8.0-2.1
[   55s] [120/178] preinstalled pkgconf-m4-1.8.0-2.1
[   55s] [121/178] preinstalled pkgconf-pkg-config-1.8.0-2.1
[   55s] [122/178] preinstalled polkit-default-privs-1550+20230307.7f42172-1.1
[   55s] [123/178] preinstalled post-build-checks-84.87+git20230302.ff58c9e-1.1
[   55s] [124/178] preinstalled qemu-linux-user-7.1.0-54.1
[   55s] [125/178] preinstalled rpm-4.18.0-4.1
[   55s] [126/178] preinstalled rpm-build-4.18.0-4.1
[   55s] [127/178] preinstalled rpm-build-perl-4.18.0-4.1
[   55s] [128/178] preinstalled rpm-config-SUSE-20220926-1.1
[   55s] [129/178] preinstalled rpmlint-mini-2.4.0+git20230316.e10f602-9.19
[   55s] [130/178] preinstalled rpmlint-strict-2.4.0+git20230316.e10f602-1.1
[   55s] [131/178] preinstalled sed-4.9-2.1
[   55s] [132/178] preinstalled shadow-4.13-4.1
[   55s] [133/178] cumulate suse-hpc-0.5.20220525.fd76646-1.1
[   55s] [134/178] preinstalled system-group-hardware-20170617-24.1
[   55s] [135/178] preinstalled system-user-root-20190513-2.1
[   55s] [136/178] preinstalled systemd-rpm-macros-19-1.1
[   55s] [137/178] preinstalled sysuser-shadow-3.1-5.1
[   55s] [138/178] preinstalled tar-1.34-10.1
[   55s] [139/178] cumulate tcl-8.6.13-4.1
[   55s] [140/178] preinstalled terminfo-base-6.4.20230311-8.1
[   55s] [141/178] preinstalled update-alternatives-1.21.8-1.1
[   55s] [142/178] preinstalled util-linux-2.38.1-10.1
[   55s] [143/178] preinstalled which-2.21-5.1
[   55s] [144/178] preinstalled xz-5.4.1-2.1
[   55s] [145/178] cumulate zlib-devel-1.2.13-3.1
[   55s] [146/178] cumulate gcc13-c++-13.0.1+git6669-7.1
[   55s] [147/178] cumulate gcc13-fortran-13.0.1+git6669-7.1
[   55s] [148/178] cumulate libbrotlidec1-1.0.9-3.1
[   55s] [149/178] cumulate libidn2-0-2.3.4-1.1
[   55s] [150/178] cumulate libopenssl3-3.0.8-2.1
[   55s] [151/178] cumulate krb5-mini-1.20.1-4.1
[   55s] [152/178] cumulate lua-lmod-8.7.17-2.1
[   55s] [153/178] cumulate gcc-c++-13-1.1
[   55s] [154/178] cumulate gcc-fortran-13-1.1
[   55s] [155/178] cumulate gnu-compilers-hpc-1.4-10.2
[   55s] [156/178] cumulate hdf5_1_12_2-gnu-hpc-module-1.12.2-5.1
[   55s] [157/178] cumulate libldap2-2.6.3-3.2
[   55s] [158/178] cumulate libpsl5-0.21.2-1.1
[   55s] [159/178] cumulate libssh4-0.10.4-1.2
[   55s] [160/178] cumulate libhdf5_1_12_2-gnu-hpc-1.12.2-5.1
[   55s] [161/178] cumulate libhdf5_cpp_1_12_2-gnu-hpc-1.12.2-5.1
[   55s] [162/178] cumulate libhdf5_hl_1_12_2-gnu-hpc-1.12.2-5.1
[   55s] [163/178] cumulate libhdf5_hl_cpp_1_12_2-gnu-hpc-1.12.2-5.1
[   55s] [164/178] cumulate libhdf5_fortran_1_12_2-gnu-hpc-1.12.2-5.1
[   55s] [165/178] cumulate libhdf5hl_fortran_1_12_2-gnu-hpc-1.12.2-5.1
[   55s] [166/178] cumulate gnu-compilers-hpc-devel-1.4-10.2
[   55s] [167/178] cumulate libcurl4-7.88.1-1.1
[   55s] [168/178] cumulate gnu-compilers-hpc-macros-devel-1.4-10.2
[   55s] [169/178] cumulate libcurl-devel-7.88.1-1.1
[   55s] [170/178] cumulate libhdf5-gnu-hpc-1.12.2-5.1
[   55s] [171/178] cumulate libhdf5_hl-gnu-hpc-1.12.2-5.1
[   55s] [172/178] cumulate hdf5_1_12_2-gnu-hpc-1.12.2-5.1
[   55s] [173/178] cumulate libnetcdf_4_9_0-gnu-hpc-4.9.0-1.1
[   55s] [174/178] cumulate hdf5_1_12_2-gnu-hpc-devel-1.12.2-5.1
[   55s] [175/178] cumulate hdf5-gnu-hpc-devel-1.12.2-5.1
[   55s] [176/178] cumulate libnetcdf-gnu-hpc-4.9.0-1.1
[   55s] [177/178] cumulate netcdf_4_9_0-gnu-hpc-devel-4.9.0-1.1
[   55s] [178/178] cumulate netcdf-gnu-hpc-devel-4.9.0-1.1
[   55s] now installing cumulated packages
[   56s] Preparing...                          ########################################
[   56s] Updating / installing...
[   56s] libgfortran5-13.0.1+git6669-7.1       ########################################
[   68s] gcc13-fortran-13.0.1+git6669-7.1      ########################################
[   68s] zlib-devel-1.2.13-3.1                 ########################################
[   68s] libxml2-2-2.10.3-3.1                  ########################################
[   69s] libunistring5-1.1-1.1                 ########################################
[   69s] libidn2-0-2.3.4-1.1                   ########################################
[   69s] libpsl5-0.21.2-1.1                    ########################################
[   69s] gcc-fortran-13-1.1                    ########################################
[   70s] tcl-8.6.13-4.1                        ########################################
[   70s] lua54-luaterm-0.07-8.1                ########################################
[   70s] lua54-luaposix-35.1-2.1               ########################################
[   70s] lua54-luafilesystem-1.8.0-6.1         ########################################
[   71s] lua-lmod-8.7.17-2.1                   ########################################
[   71s] hdf5_1_12_2-gnu-hpc-module-1.12.2-5.1 ########################################
[   72s] libhdf5_1_12_2-gnu-hpc-1.12.2-5.1     ########################################
[   72s] libhdf5_hl_1_12_2-gnu-hpc-1.12.2-5.1  ########################################
[   72s] gnu-compilers-hpc-1.4-10.2            ########################################
[   72s] libhdf5_cpp_1_12_2-gnu-hpc-1.12.2-5.1 ########################################
[   72s] libhdf5_hl_cpp_1_12_2-gnu-hpc-1.12.2-5########################################
[   72s] libhdf5_fortran_1_12_2-gnu-hpc-1.12.2-########################################
[   72s] libhdf5hl_fortran_1_12_2-gnu-hpc-1.12.########################################
[   73s] hdf5_1_12_2-gnu-hpc-1.12.2-5.1        ########################################
[   73s] libhdf5_hl-gnu-hpc-1.12.2-5.1         ########################################
[   73s] libhdf5-gnu-hpc-1.12.2-5.1            ########################################
[   73s] libverto1-0.3.2-1.1                   ########################################
[   90s] libstdc++6-devel-gcc13-13.0.1+git6669-########################################
[   96s] gcc13-c++-13.0.1+git6669-7.1          ########################################
[   96s] gcc-c++-13-1.1                        ########################################
[   96s] gnu-compilers-hpc-devel-1.4-10.2      ########################################
[   97s] hdf5_1_12_2-gnu-hpc-devel-1.12.2-5.1  ########################################
[   97s] hdf5-gnu-hpc-devel-1.12.2-5.1         ########################################
[   97s] libssh-config-0.10.4-1.2              ########################################
[   97s] libsasl2-3-2.1.28-4.2                 ########################################
[   97s] libnghttp2-14-1.51.0-7.2              ########################################
[   97s] libkeyutils1-1.6.3-5.1                ########################################
[   97s] libcom_err2-1.46.5-4.1                ########################################
[   98s] krb5-mini-1.20.1-4.1                  ########################################
[   98s] Updating /etc/sysconfig/kadmind ...
[   98s] Updating /etc/sysconfig/krb5kdc ...
[   98s] libbrotlicommon1-1.0.9-3.1            ########################################
[   98s] libbrotlidec1-1.0.9-3.1               ########################################
[   99s] crypto-policies-20210917.c9d86d1-1.1  ########################################
[  100s] libopenssl3-3.0.8-2.1                 ########################################
[  100s] libldap2-2.6.3-3.2                    ########################################
[  100s] libssh4-0.10.4-1.2                    ########################################
[  100s] libcurl4-7.88.1-1.1                   ########################################
[  100s] libnetcdf_4_9_0-gnu-hpc-4.9.0-1.1     ########################################
[  101s] libcurl-devel-7.88.1-1.1              ########################################
[  101s] netcdf_4_9_0-gnu-hpc-devel-4.9.0-1.1  ########################################
[  101s] netcdf-gnu-hpc-devel-4.9.0-1.1        ########################################
[  101s] libnetcdf-gnu-hpc-4.9.0-1.1           ########################################
[  101s] gnu-compilers-hpc-macros-devel-1.4-10.########################################
[  101s] suse-hpc-0.5.20220525.fd76646-1.1     ########################################
[  104s] now finalizing build dir...
[  104s] ... running 01-add_abuild_user_to_trusted_group
[  105s] ... running 02-set_timezone_to_utc
[  105s] ... running 03-set-permissions-secure
[  105s] ... running 11-hack_uname_version_to_kernel_version
[  108s] sh: line 1: /usr/bin/ps: No such file or directory
[  116s] Warning: spec file parser line 239: can't expand %(...)
[  116s] Warning: spec file parser line 241: can't expand %(...)
[  116s] Warning: spec file parser line 251: can't expand %(...)
[  116s] Warning: spec file parser line 252: can't expand %(...)
[  116s] -----------------------------------------------------------------
[  116s] I have the following modifications for netcdf-cxx4.spec:
[  116s] 19c19
[  116s] < %global flavor @BUILD_FLAVOR@%{nil}
[  116s] ---
[  116s] > %global flavor gnu-hpc%{nil}
[  116s] 90c90
[  116s] < Release:        0
[  116s] ---
[  116s] > Release:        6.3
[  125s] build target is riscv64-suse-linux
[  125s] -----------------------------------------------------------------
[  125s] ----- building netcdf-cxx4.spec (user abuild)
[  125s] -----------------------------------------------------------------
[  125s] -----------------------------------------------------------------
[  130s] sh: line 1: /usr/bin/ps: No such file or directory
[  131s] + exec rpmbuild -ba --define '_srcdefattr (-,root,root)' --nosignature --target=riscv64-suse-linux --define '_build_create_debug 1' --define 'disturl obs://build.opensuse.org/openSUSE:Factory:RISCV/standard/e5ae6523c41f824492b0fb5bfd9cbfa0-netcdf-cxx4:gnu-hpc' /home/abuild/rpmbuild/SOURCES/netcdf-cxx4.spec
[  131s] Building target platforms: riscv64-suse-linux
[  131s] Building for target riscv64-suse-linux
[  131s]  Building for gnu 
[  131s]  hpc_gnu_init 
[  133s] warning: /home/abuild/rpmbuild/SOURCES/netcdf-cxx4.spec: line 134: Macro %_pname defined but not used within scope
[  137s] setting SOURCE_DATE_EPOCH=1670803200
[  137s] Executing(%prep): /usr/bin/bash -e /var/tmp/rpm-tmp.mcEtFq
[  137s] + umask 022
[  137s] + cd /home/abuild/rpmbuild/BUILD
[  137s] + cd /home/abuild/rpmbuild/BUILD
[  137s] + rm -rf netcdf-cxx4-4.3.1
[  138s] + /usr/lib/rpm/rpmuncompress -x /home/abuild/rpmbuild/SOURCES/netcdf-cxx4-4.3.1.tar.gz
[  138s] + STATUS=0
[  138s] + '[' 0 -ne 0 ']'
[  138s] + cd netcdf-cxx4-4.3.1
[  138s] + /usr/bin/chmod -Rf a+rX,u+w,g-w,o-w .
[  138s] + RPM_EC=0
[  138s] ++ jobs -p
[  138s] + exit 0
[  138s] Executing(%build): /usr/bin/bash -e /var/tmp/rpm-tmp.T8YWGn
[  138s] + umask 022
[  138s] + cd /home/abuild/rpmbuild/BUILD
[  138s] + /usr/bin/rm -rf /home/abuild/rpmbuild/BUILDROOT/netcdf-cxx4_4_3_1-gnu-hpc-4.3.1-6.3.riscv64
[  138s] ++ dirname /home/abuild/rpmbuild/BUILDROOT/netcdf-cxx4_4_3_1-gnu-hpc-4.3.1-6.3.riscv64
[  138s] + /usr/bin/mkdir -p /home/abuild/rpmbuild/BUILDROOT
[  138s] + /usr/bin/mkdir /home/abuild/rpmbuild/BUILDROOT/netcdf-cxx4_4_3_1-gnu-hpc-4.3.1-6.3.riscv64
[  138s] + cd netcdf-cxx4-4.3.1
[  138s] + ref=/usr/lib/rpm
[  138s] + mints=0
[  138s] + case $(uname -m) in
[  138s] ++ uname -m
[  139s] + mints=20160911
[  139s] + for s in guess sub
[  139s] ++ find -maxdepth 8 -name config.guess
[  139s] + for c in $(find -maxdepth 8 -name "config.$s")
[  139s] + grep -q config-patches@ ./config.guess
[  139s] ++ sed -n '/^timestamp=/{s///;s/[-'\''"]//g;p;q;}' ./config.guess
[  139s] + timestamp=20180224
[  139s] + test -n 20180224
[  139s] + test 20180224 -ge 20160911
[  139s] + for s in guess sub
[  139s] ++ find -maxdepth 8 -name config.sub
[  139s] + for c in $(find -maxdepth 8 -name "config.$s")
[  139s] + grep -q config-patches@ ./config.sub
[  139s] ++ sed -n '/^timestamp=/{s///;s/[-'\''"]//g;p;q;}' ./config.sub
[  139s] + timestamp=20180222
[  139s] + test -n 20180222
[  139s] + test 20180222 -ge 20160911
[  139s] + module purge
[  139s] + '[' -z '' ']'
[  139s] + case "$-" in
[  139s] + __lmod_sh_dbg=x
[  139s] + '[' -n x ']'
[  139s] + set +x
[  139s] Shell debugging temporarily silenced: export LMOD_SH_DBG_ON=1 for Lmod's output
[  140s] sh: line 1: /usr/bin/ps: No such file or directory
[  140s] Shell debugging restarted
[  140s] + unset __lmod_sh_dbg
[  140s] + return 0
[  140s] + export CC=gcc
[  140s] + CC=gcc
[  140s] + export CXX=g++
[  140s] + CXX=g++
[  140s] + export FC=gfortran
[  140s] + FC=gfortran
[  140s] + export F77=gfortran
[  140s] + F77=gfortran
[  140s] + module load gnu/13
[  140s] + '[' -z '' ']'
[  140s] + case "$-" in
[  140s] + __lmod_sh_dbg=x
[  140s] + '[' -n x ']'
[  140s] + set +x
[  140s] Shell debugging temporarily silenced: export LMOD_SH_DBG_ON=1 for Lmod's output
[  141s] sh: line 1: /usr/bin/ps: No such file or directory
[  142s] Shell debugging restarted
[  142s] + unset __lmod_sh_dbg
[  142s] + return 0
[  142s] + module load netcdf
[  142s] + '[' -z '' ']'
[  142s] + case "$-" in
[  142s] + __lmod_sh_dbg=x
[  142s] + '[' -n x ']'
[  142s] + set +x
[  142s] Shell debugging temporarily silenced: export LMOD_SH_DBG_ON=1 for Lmod's output
[  143s] sh: line 1: /usr/bin/ps: No such file or directory
[  149s] Lmod has detected the following error: The following module(s) are unknown:
[  149s] "netcdf"
[  149s] 
[  149s] Please check the spelling or version number. Also try "module spider ..."
[  149s] It is also possible your cache file is out-of-date; it may help to try:
[  149s]   $ module --ignore_cache load "netcdf"
[  149s] 
[  149s] Also make sure that all modulefiles written in TCL start with the string
[  149s] #%Module
[  149s] 
[  149s] 
[  149s] 
[  149s] Shell debugging restarted
[  149s] + unset __lmod_sh_dbg
[  149s] + return 1
[  149s] error: Bad exit status from /var/tmp/rpm-tmp.T8YWGn (%build)
[  149s] 
[  149s] RPM build warnings:
[  149s]     /home/abuild/rpmbuild/SOURCES/netcdf-cxx4.spec: line 134: Macro %_pname defined but not used within scope
[  149s] 
[  149s] RPM build errors:
[  149s]     Bad exit status from /var/tmp/rpm-tmp.T8YWGn (%build)
[  149s] ### VM INTERACTION START ###
[  150s] [  128.427984][    T1] sysrq: Power Off
[  150s] [  128.429991][  T353] reboot: Power down
[  150s] ### VM INTERACTION END ###
[  150s] 
[  150s] cloud117 failed "build netcdf-cxx4.spec" at Wed Mar 22 09:29:12 UTC 2023.
[  150s] 
