[    0s] Using BUILD_ROOT=/var/cache/obs/worker/root_6/.mount
[    0s] Using BUILD_ARCH=riscv64
[    0s] Doing kvm build in /var/cache/obs/worker/root_6/root
[    0s] 
[    0s] 
[    0s] lamb59 started "build netcdf-fortran.spec" at Wed Mar 22 09:26:45 UTC 2023.
[    0s] 
[    0s] Building netcdf-fortran:gnu-mpich-hpc for project 'openSUSE:Factory:RISCV' repository 'standard' arch 'riscv64' srcmd5 'dbb745b6794af7319c69b0d55c9ca722'
[    0s] 
[    0s] processing recipe /var/cache/obs/worker/root_6/.build-srcdir/netcdf-fortran.spec ...
[    0s] running changelog2spec --target rpm --file /var/cache/obs/worker/root_6/.build-srcdir/netcdf-fortran.spec
[    0s] init_buildsystem --configdir /var/run/obs/worker/6/build/configs --cachedir /var/cache/build --prepare --buildflavor gnu-mpich-hpc --clean --rpmlist /var/cache/obs/worker/root_6/.build.rpmlist /var/cache/obs/worker/root_6/.build-srcdir/netcdf-fortran.spec build ...
[    1s] unpacking preinstall image openSUSE:Factory:RISCV/standard/preinstallimage-base [6c787d53e9e0a0301c3756e0304cf3cc]
[    4s] 
[    4s] copying packages...
[    4s] reordering...cycle: libibverbs1 -> libibverbs -> libefa1
[    4s]   breaking dependency libibverbs -> libefa1
[    4s] cycle: libibverbs1 -> libibverbs
[    4s]   breaking dependency libibverbs -> libibverbs1
[    4s] cycle: libibverbs1 -> libibverbs -> libmlx4-1
[    4s]   breaking dependency libibverbs -> libmlx4-1
[    4s] cycle: libibverbs1 -> libibverbs -> libmlx5-1
[    4s]   breaking dependency libmlx5-1 -> libibverbs1
[    4s] done
[    4s] Detected virtio-serial support
[    5s] booting kvm...
[    5s] ### VM INTERACTION START ###
[    5s] Using virtio-serial support
[    5s] /usr/bin/qemu-kvm -nodefaults -no-reboot -nographic -vga none -cpu host -M pc,accel=kvm,usb=off,dump-guest-core=off,vmport=off -sandbox on -bios /usr/share/qemu/qboot.rom -object rng-random,filename=/dev/random,id=rng0 -device virtio-rng-pci,rng=rng0 -object iothread,id=io0 -runas qemu -net none -kernel /var/cache/obs/worker/root_6/.mount/boot/kernel -initrd /var/cache/obs/worker/root_6/.mount/boot/initrd -append root=/dev/disk/by-id/virtio-0 rootfstype=ext4 rootflags=noatime kvmclock mitigations=off elevator=noop nmi_watchdog=0 rw rd.driver.pre=binfmt_misc oops=panic panic=1 quiet console=hvc0 init=/.build/initvm.x86_64 -m 8192 -drive file=/var/cache/obs/worker/root_6/root,format=raw,if=none,id=disk,cache=unsafe,aio=io_uring -device virtio-blk-pci,iothread=io0,drive=disk,serial=0 -drive file=/var/cache/obs/worker/root_6/swap,format=raw,if=none,id=swap,cache=unsafe,aio=io_uring -device virtio-blk-pci,iothread=io0,drive=swap,serial=1 -device virtio-serial,max_ports=2 -device virtconsole,chardev=virtiocon0 -chardev stdio,id=virtiocon0 -chardev socket,id=monitor,server=on,wait=off,path=/var/cache/obs/worker/root_6/root.qemu/monitor -mon chardev=monitor,mode=readline -smp 8
[   10s] ### VM INTERACTION END ###
[   10s] 2nd stage started in virtual machine
[   10s] machine type: riscv64
[   11s] Linux version: 6.2.6-1-default #1 SMP PREEMPT_DYNAMIC Mon Mar 13 10:57:27 UTC 2023 (fa1a4c6)
[   11s] Increasing log level from now on...
[   11s] [    5.038231][  T416] sysrq: Changing Loglevel
[   11s] [    5.038463][  T416] sysrq: Loglevel set to 4
[   11s] Enable sysrq operations
[   11s] Setting up swapspace version 1, size = 2 GiB (2097147904 bytes)
[   11s] no label, UUID=82eab351-cc46-4564-9fb2-8d275b799e84
[   11s] swapon: /dev/vdb: found signature [pagesize=4096, signature=swap]
[   11s] swapon: /dev/vdb: pagesize=4096, swapsize=2097152000, devsize=2097152000
[   11s] swapon /dev/vdb
[   11s] WARNING: udev not running, creating extra device nodes
[   12s] logging output to //.build.log...
[   12s] processing recipe /.build-srcdir/netcdf-fortran.spec ...
[   13s] init_buildsystem --configdir /.build/configs --cachedir /var/cache/build --buildflavor gnu-mpich-hpc /.build-srcdir/netcdf-fortran.spec build ...
[   13s] initializing rpm db...
[   14s] querying package ids...
[   40s] [1/204] preinstalled aaa_base-84.87+git20220822.6b9f7a3-1.1
[   40s] [2/204] preinstalled aaa_base-malloccheck-84.87+git20220822.6b9f7a3-1.1
[   40s] [3/204] preinstalled attr-2.5.1-1.1
[   40s] [4/204] preinstalled bash-5.2.15-8.1
[   40s] [5/204] preinstalled bash-sh-5.2.15-8.1
[   40s] [6/204] preinstalled binutils-2.40-2.1
[   40s] [7/204] preinstalled brp-check-suse-84.87+git20221115.2f7add6-1.1
[   40s] [8/204] preinstalled build-compare-20221206T204012.bb70754-1.2
[   40s] [9/204] preinstalled build-mkbaselibs-20230314-1.1
[   40s] [10/204] preinstalled bzip2-1.0.8-5.1
[   40s] [11/204] preinstalled chkstat-1599_20230217-1.1
[   40s] [12/204] preinstalled compat-usrmerge-build-84.87-5.1
[   40s] [13/204] preinstalled compat-usrmerge-tools-84.87-5.1
[   40s] [14/204] preinstalled coreutils-9.1-5.1
[   40s] [15/204] preinstalled cpio-2.13-5.1
[   40s] [16/204] preinstalled cpp-13-1.1
[   40s] [17/204] preinstalled cpp13-13.0.1+git6669-7.1
[   40s] [18/204] cumulate crypto-policies-20210917.c9d86d1-1.1
[   40s] [19/204] preinstalled debugedit-5.0-5.1
[   40s] [20/204] preinstalled diffutils-3.9-1.1
[   40s] [21/204] preinstalled dwz-0.15-2.1
[   40s] [22/204] preinstalled elfutils-0.189-2.1
[   40s] [23/204] preinstalled file-5.44-1.2
[   40s] [24/204] preinstalled file-magic-5.44-1.2
[   40s] [25/204] preinstalled filesystem-84.87-12.1
[   40s] [26/204] preinstalled fillup-1.42-279.1
[   40s] [27/204] preinstalled findutils-4.9.0-2.1
[   40s] [28/204] preinstalled gawk-5.2.1-2.1
[   40s] [29/204] preinstalled gcc-13-1.1
[   40s] [30/204] preinstalled gcc-PIE-13-1.1
[   40s] [31/204] preinstalled gcc13-13.0.1+git6669-7.1
[   40s] [32/204] preinstalled gcc13-PIE-13.0.1+git6669-7.1
[   40s] [33/204] preinstalled gettext-runtime-mini-0.21.1-1.1
[   40s] [34/204] preinstalled gettext-tools-mini-0.21.1-1.1
[   40s] [35/204] preinstalled glibc-2.37-1.1
[   40s] [36/204] preinstalled glibc-devel-2.37-1.1
[   40s] [37/204] preinstalled glibc-locale-base-2.37-1.1
[   40s] [38/204] preinstalled grep-3.9-1.1
[   40s] [39/204] preinstalled gzip-1.12-3.1
[   40s] [40/204] preinstalled kernel-obs-build-6.2.6-1.2
[   40s] [41/204] preinstalled libacl1-2.3.1-2.1
[   40s] [42/204] preinstalled libasan8-13.0.1+git6669-7.1
[   40s] [43/204] preinstalled libasm1-0.189-2.1
[   40s] [44/204] preinstalled libatomic1-13.0.1+git6669-7.1
[   40s] [45/204] preinstalled libattr1-2.5.1-1.1
[   40s] [46/204] preinstalled libaudit1-3.0.9-1.1
[   40s] [47/204] preinstalled libblkid1-2.38.1-10.1
[   40s] [48/204] cumulate libbrotlicommon1-1.0.9-3.1
[   40s] [49/204] preinstalled libbz2-1-1.0.8-5.1
[   40s] [50/204] preinstalled libcap-ng0-0.8.3-1.1
[   40s] [51/204] preinstalled libcap2-2.67-1.1
[   40s] [52/204] cumulate libcom_err2-1.46.5-4.1
[   40s] [53/204] preinstalled libcrypt1-4.4.33-2.1
[   40s] [54/204] preinstalled libctf-nobfd0-2.40-2.1
[   40s] [55/204] preinstalled libctf0-2.40-2.1
[   40s] [56/204] preinstalled libdb-4_8-4.8.30-40.1
[   40s] [57/204] preinstalled libdw1-0.189-2.1
[   40s] [58/204] preinstalled libeconf0-0.5.1-1.1
[   40s] [59/204] preinstalled libelf1-0.189-2.1
[   40s] [60/204] preinstalled libfdisk1-2.38.1-10.1
[   40s] [61/204] preinstalled libgcc_s1-13.0.1+git6669-7.1
[   40s] [62/204] preinstalled libgcrypt20-1.10.1-2.1
[   40s] [63/204] preinstalled libgdbm6-1.23-1.1
[   40s] [64/204] preinstalled libgdbm_compat4-1.23-1.1
[   40s] [65/204] cumulate libgfortran5-13.0.1+git6669-7.1
[   40s] [66/204] preinstalled libgmp10-6.2.1-4.1
[   40s] [67/204] preinstalled libgomp1-13.0.1+git6669-7.1
[   40s] [68/204] preinstalled libgpg-error0-1.46-1.1
[   40s] [69/204] preinstalled libisl23-0.25-1.1
[   40s] [70/204] preinstalled libitm1-13.0.1+git6669-7.1
[   40s] [71/204] cumulate libjson-c5-0.16-1.3
[   40s] [72/204] cumulate libkeyutils1-1.6.3-5.1
[   40s] [73/204] preinstalled liblua5_4-5-5.4.4-8.1
[   40s] [74/204] preinstalled liblzma5-5.4.1-2.1
[   40s] [75/204] preinstalled libmagic1-5.44-1.2
[   40s] [76/204] preinstalled libmount1-2.38.1-10.1
[   40s] [77/204] preinstalled libmpc3-1.3.1-1.2
[   40s] [78/204] preinstalled libmpfr6-4.2.0-1.1
[   40s] [79/204] preinstalled libncurses6-6.4.20230311-8.1
[   40s] [80/204] cumulate libnghttp2-14-1.51.0-7.2
[   40s] [81/204] cumulate libnl-config-3.7.0-1.1
[   40s] [82/204] cumulate libnuma1-2.0.15.0.g01a39cb-1.1
[   40s] [83/204] preinstalled libpcre2-8-0-10.42-3.2
[   40s] [84/204] preinstalled libpkgconf3-1.8.0-2.1
[   40s] [85/204] preinstalled libpopt0-1.19-1.1
[   40s] [86/204] preinstalled libreadline8-8.2-2.1
[   40s] [87/204] preinstalled librpmbuild9-4.18.0-4.1
[   40s] [88/204] cumulate libsasl2-3-2.1.28-4.2
[   40s] [89/204] preinstalled libseccomp2-2.5.4-2.1
[   40s] [90/204] preinstalled libselinux1-3.5-1.1
[   40s] [91/204] preinstalled libsemanage-conf-3.5-1.1
[   40s] [92/204] preinstalled libsemanage2-3.5-1.1
[   40s] [93/204] preinstalled libsepol2-3.5-1.1
[   40s] [94/204] preinstalled libsmartcols1-2.38.1-10.1
[   40s] [95/204] cumulate libssh-config-0.10.4-1.2
[   40s] [96/204] preinstalled libstdc++6-13.0.1+git6669-7.1
[   40s] [97/204] cumulate libstdc++6-devel-gcc13-13.0.1+git6669-7.1
[   40s] [98/204] preinstalled libsubid4-4.13-4.1
[   40s] [99/204] preinstalled libubsan1-13.0.1+git6669-7.1
[   40s] [100/204] cumulate libucm0-1.13.1-15.1
[   40s] [101/204] cumulate libunistring5-1.1-1.1
[   40s] [102/204] preinstalled libutempter0-1.2.0-3.2
[   40s] [103/204] preinstalled libuuid1-2.38.1-10.1
[   40s] [104/204] cumulate libverto1-0.3.2-1.1
[   40s] [105/204] preinstalled libxcrypt-devel-4.4.33-2.1
[   40s] [106/204] cumulate libxml2-2-2.10.3-3.1
[   40s] [107/204] preinstalled libz1-1.2.13-3.1
[   40s] [108/204] preinstalled libzstd1-1.5.4-2.1
[   40s] [109/204] preinstalled linux-glibc-devel-6.2-1.1
[   40s] [110/204] preinstalled login_defs-4.13-4.1
[   40s] [111/204] preinstalled lua54-5.4.4-8.1
[   40s] [112/204] cumulate lua54-luafilesystem-1.8.0-6.1
[   40s] [113/204] cumulate lua54-luaposix-35.1-2.1
[   40s] [114/204] cumulate lua54-luaterm-0.07-8.1
[   40s] [115/204] cumulate m4-1.4.18-7.1
[   40s] [116/204] preinstalled make-4.4.1-1.1
[   40s] [117/204] preinstalled ncurses-utils-6.4.20230311-8.1
[   40s] [118/204] preinstalled pam-1.5.2-13.1
[   40s] [119/204] preinstalled patch-2.7.6-6.1
[   40s] [120/204] preinstalled perl-5.36.0-4.1
[   40s] [121/204] preinstalled perl-base-5.36.0-4.1
[   40s] [122/204] preinstalled permissions-1599_20230217-1.1
[   40s] [123/204] preinstalled permissions-config-1599_20230217-1.1
[   40s] [124/204] preinstalled pkgconf-1.8.0-2.1
[   40s] [125/204] preinstalled pkgconf-m4-1.8.0-2.1
[   40s] [126/204] preinstalled pkgconf-pkg-config-1.8.0-2.1
[   40s] [127/204] preinstalled polkit-default-privs-1550+20230307.7f42172-1.1
[   40s] [128/204] preinstalled post-build-checks-84.87+git20230302.ff58c9e-1.1
[   40s] [129/204] preinstalled qemu-linux-user-7.1.0-54.1
[   40s] [130/204] preinstalled rpm-4.18.0-4.1
[   40s] [131/204] preinstalled rpm-build-4.18.0-4.1
[   40s] [132/204] preinstalled rpm-build-perl-4.18.0-4.1
[   40s] [133/204] preinstalled rpm-config-SUSE-20220926-1.1
[   40s] [134/204] preinstalled rpmlint-mini-2.4.0+git20230316.e10f602-9.19
[   40s] [135/204] preinstalled rpmlint-strict-2.4.0+git20230316.e10f602-1.1
[   40s] [136/204] preinstalled sed-4.9-2.1
[   40s] [137/204] preinstalled shadow-4.13-4.1
[   40s] [138/204] cumulate suse-hpc-0.5.20220525.fd76646-1.1
[   40s] [139/204] cumulate suse-module-tools-16.0.30-1.1
[   40s] [140/204] preinstalled system-group-hardware-20170617-24.1
[   40s] [141/204] cumulate system-group-kvm-20170617-24.1
[   40s] [142/204] preinstalled system-user-root-20190513-2.1
[   40s] [143/204] cumulate systemd-mini-253.1-2.1
[   40s] [144/204] preinstalled systemd-rpm-macros-19-1.1
[   40s] [145/204] preinstalled sysuser-shadow-3.1-5.1
[   40s] [146/204] preinstalled tar-1.34-10.1
[   40s] [147/204] cumulate tcl-8.6.13-4.1
[   40s] [148/204] preinstalled terminfo-base-6.4.20230311-8.1
[   40s] [149/204] preinstalled update-alternatives-1.21.8-1.1
[   40s] [150/204] preinstalled util-linux-2.38.1-10.1
[   40s] [151/204] preinstalled which-2.21-5.1
[   40s] [152/204] preinstalled xz-5.4.1-2.1
[   40s] [153/204] cumulate zlib-devel-1.2.13-3.1
[   40s] [154/204] cumulate gcc13-c++-13.0.1+git6669-7.1
[   40s] [155/204] cumulate gcc13-fortran-13.0.1+git6669-7.1
[   40s] [156/204] cumulate libbrotlidec1-1.0.9-3.1
[   40s] [157/204] cumulate libidn2-0-2.3.4-1.1
[   40s] [158/204] cumulate libnl3-200-3.7.0-1.1
[   40s] [159/204] cumulate libopenssl3-3.0.8-2.1
[   40s] [160/204] cumulate libucs0-1.13.1-15.1
[   40s] [161/204] cumulate krb5-mini-1.20.1-4.1
[   40s] [162/204] cumulate lua-lmod-8.7.17-2.1
[   40s] [163/204] cumulate gcc-c++-13-1.1
[   40s] [164/204] cumulate gcc-fortran-13-1.1
[   40s] [165/204] cumulate gnu-compilers-hpc-1.4-10.2
[   40s] [166/204] cumulate hdf5_1_12_2-gnu-mpich-hpc-module-1.12.2-5.1
[   40s] [167/204] cumulate kmod-30-2.2
[   40s] [168/204] cumulate libldap2-2.6.3-3.2
[   40s] [169/204] cumulate libpsl5-0.21.2-1.1
[   40s] [170/204] cumulate libssh4-0.10.4-1.2
[   40s] [171/204] cumulate libhdf5_1_12_2-gnu-mpich-hpc-1.12.2-5.1
[   40s] [172/204] cumulate libhdf5_cpp_1_12_2-gnu-mpich-hpc-1.12.2-5.1
[   40s] [173/204] cumulate libhdf5_hl_1_12_2-gnu-mpich-hpc-1.12.2-5.1
[   40s] [174/204] cumulate libhdf5_hl_cpp_1_12_2-gnu-mpich-hpc-1.12.2-5.1
[   40s] [175/204] cumulate libhdf5_fortran_1_12_2-gnu-mpich-hpc-1.12.2-5.1
[   40s] [176/204] cumulate libhdf5hl_fortran_1_12_2-gnu-mpich-hpc-1.12.2-5.1
[   40s] [177/204] cumulate udev-mini-253.1-2.1
[   40s] [178/204] cumulate gnu-compilers-hpc-devel-1.4-10.2
[   40s] [179/204] cumulate libcurl4-7.88.1-1.1
[   40s] [180/204] cumulate gnu-compilers-hpc-macros-devel-1.4-10.2
[   40s] [181/204] cumulate libcurl-devel-7.88.1-1.1
[   40s] [182/204] cumulate libhdf5-gnu-mpich-hpc-1.12.2-5.1
[   40s] [183/204] cumulate libhdf5_hl-gnu-mpich-hpc-1.12.2-5.1
[   40s] [184/204] cumulate rdma-core-42.0-2.1
[   40s] [185/204] cumulate libmlx5-1-42.0-2.1
[   40s] [186/204] cumulate libibverbs-42.0-2.1
[   40s] [187/204] cumulate libibverbs1-42.0-2.1
[   40s] [188/204] cumulate libefa1-42.0-2.1
[   40s] [189/204] cumulate libmlx4-1-42.0-2.1
[   40s] [190/204] cumulate librdmacm1-42.0-2.1
[   40s] [191/204] cumulate libuct0-1.13.1-15.1
[   40s] [192/204] cumulate libucp0-1.13.1-15.1
[   40s] [193/204] cumulate mpich_4_0_2-gnu-hpc-4.0.2-3.2
[   40s] [194/204] cumulate mpich-gnu-hpc-4.0.2-3.2
[   40s] [195/204] cumulate mpich_4_0_2-gnu-hpc-devel-4.0.2-3.2
[   40s] [196/204] cumulate mpich-gnu-hpc-devel-4.0.2-3.2
[   40s] [197/204] cumulate mpich_4_0_2-gnu-hpc-macros-devel-4.0.2-3.2
[   40s] [198/204] cumulate hdf5_1_12_2-gnu-mpich-hpc-1.12.2-5.1
[   40s] [199/204] cumulate libnetcdf_4_9_0-gnu-mpich-hpc-4.9.0-1.1
[   40s] [200/204] cumulate mpich-gnu-hpc-macros-devel-4.0.2-3.2
[   40s] [201/204] cumulate hdf5_1_12_2-gnu-mpich-hpc-devel-1.12.2-5.1
[   40s] [202/204] cumulate hdf5-gnu-mpich-hpc-devel-1.12.2-5.1
[   40s] [203/204] cumulate netcdf_4_9_0-gnu-mpich-hpc-devel-4.9.0-1.1
[   40s] [204/204] cumulate netcdf-gnu-mpich-hpc-devel-4.9.0-1.1
[   40s] now installing cumulated packages
[   41s] Preparing...                          ########################################
[   41s] Updating / installing...
[   41s] libgfortran5-13.0.1+git6669-7.1       ########################################
[   50s] gcc13-fortran-13.0.1+git6669-7.1      ########################################
[   50s] zlib-devel-1.2.13-3.1                 ########################################
[   50s] systemd-mini-253.1-2.1                warning: group systemd-journal does not exist - using root
[   52s] ########################################
[   52s] Creating group 'systemd-journal' with GID 486.
[   52s] Creating group 'systemd-timesync' with GID 485.
[   52s] Creating user 'systemd-timesync' (systemd Time Synchronization) with UID 485 and GID 485.
[   52s] Running in chroot, ignoring command 'daemon-reexec'
[   53s] /usr/lib/tmpfiles.d/journal-nocow.conf:26: Failed to resolve specifier: uninitialized /etc/ detected, skipping.
[   53s] All rules containing unresolvable specifiers will be skipped.
[   54s] libxml2-2-2.10.3-3.1                  ########################################
[   54s] libunistring5-1.1-1.1                 ########################################
[   54s] libidn2-0-2.3.4-1.1                   ########################################
[   55s] libnuma1-2.0.15.0.g01a39cb-1.1        ########################################
[   55s] libjson-c5-0.16-1.3                   ########################################
[   55s] libpsl5-0.21.2-1.1                    ########################################
[   55s] gcc-fortran-13-1.1                    ########################################
[   56s] tcl-8.6.13-4.1                        ########################################
[   56s] /usr/bin/systemd-sysusers --replace=/usr/lib/sysusers.d/system-group-kvm.conf -
[   56s] Creating group 'kvm' with GID 36.
[   56s] system-group-kvm-20170617-24.1        ########################################
[   57s] lua54-luaterm-0.07-8.1                ########################################
[   57s] lua54-luaposix-35.1-2.1               ########################################
[   57s] lua54-luafilesystem-1.8.0-6.1         ########################################
[   57s] lua-lmod-8.7.17-2.1                   ########################################
[   57s] hdf5_1_12_2-gnu-mpich-hpc-module-1.12.########################################
[   57s] gnu-compilers-hpc-1.4-10.2            ########################################
[   58s] libhdf5_1_12_2-gnu-mpich-hpc-1.12.2-5.########################################
[   58s] libhdf5_hl_1_12_2-gnu-mpich-hpc-1.12.2########################################
[   58s] libhdf5_fortran_1_12_2-gnu-mpich-hpc-1########################################
[   58s] libhdf5hl_fortran_1_12_2-gnu-mpich-hpc########################################
[   58s] libhdf5_hl-gnu-mpich-hpc-1.12.2-5.1   ########################################
[   58s] libhdf5-gnu-mpich-hpc-1.12.2-5.1      ########################################
[   58s] libhdf5_cpp_1_12_2-gnu-mpich-hpc-1.12.########################################
[   58s] libhdf5_hl_cpp_1_12_2-gnu-mpich-hpc-1.########################################
[   58s] libverto1-0.3.2-1.1                   ########################################
[   58s] libucm0-1.13.1-15.1                   ########################################
[   59s] libucs0-1.13.1-15.1                   ########################################
[   73s] libstdc++6-devel-gcc13-13.0.1+git6669-########################################
[   78s] gcc13-c++-13.0.1+git6669-7.1          ########################################
[   78s] gcc-c++-13-1.1                        ########################################
[   78s] gnu-compilers-hpc-devel-1.4-10.2      ########################################
[   78s] libssh-config-0.10.4-1.2              ########################################
[   78s] libsasl2-3-2.1.28-4.2                 ########################################
[   78s] libnl-config-3.7.0-1.1                ########################################
[   79s] libnl3-200-3.7.0-1.1                  ########################################
[   79s] libnghttp2-14-1.51.0-7.2              ########################################
[   79s] libkeyutils1-1.6.3-5.1                ########################################
[   79s] libcom_err2-1.46.5-4.1                ########################################
[   80s] krb5-mini-1.20.1-4.1                  ########################################
[   81s] Updating /etc/sysconfig/kadmind ...
[   81s] Updating /etc/sysconfig/krb5kdc ...
[   81s] libbrotlicommon1-1.0.9-3.1            ########################################
[   81s] libbrotlidec1-1.0.9-3.1               ########################################
[   81s] crypto-policies-20210917.c9d86d1-1.1  ########################################
[   82s] libopenssl3-3.0.8-2.1                 ########################################
[   82s] suse-module-tools-16.0.30-1.1         ########################################
[   83s] kmod-30-2.2                           ########################################
[   85s] udev-mini-253.1-2.1                   ########################################
[   94s] Failed to preset unit, unit remote-cryptsetup.target does not exist.
[   94s] rdma-core-42.0-2.1                    ########################################
[   95s] libmlx5-1-42.0-2.1                    ########################################
[   95s] libefa1-42.0-2.1                      ########################################
[   95s] libmlx4-1-42.0-2.1                    ########################################
[   95s] libibverbs1-42.0-2.1                  ########################################
[   95s] libibverbs-42.0-2.1                   ########################################
[   95s] librdmacm1-42.0-2.1                   ########################################
[   96s] libuct0-1.13.1-15.1                   ########################################
[   96s] libucp0-1.13.1-15.1                   ########################################
[  103s] mpich_4_0_2-gnu-hpc-4.0.2-3.2         ########################################
[  103s] mpich-gnu-hpc-4.0.2-3.2               ########################################
[  104s] mpich_4_0_2-gnu-hpc-devel-4.0.2-3.2   ########################################
[  104s] mpich-gnu-hpc-devel-4.0.2-3.2         ########################################
[  104s] mpich_4_0_2-gnu-hpc-macros-devel-4.0.2########################################
[  104s] hdf5_1_12_2-gnu-mpich-hpc-1.12.2-5.1  ########################################
[  104s] hdf5_1_12_2-gnu-mpich-hpc-devel-1.12.2########################################
[  104s] hdf5-gnu-mpich-hpc-devel-1.12.2-5.1   ########################################
[  104s] libldap2-2.6.3-3.2                    ########################################
[  105s] libssh4-0.10.4-1.2                    ########################################
[  105s] libcurl4-7.88.1-1.1                   ########################################
[  105s] libcurl-devel-7.88.1-1.1              ########################################
[  106s] libnetcdf_4_9_0-gnu-mpich-hpc-4.9.0-1.########################################
[  106s] netcdf_4_9_0-gnu-mpich-hpc-devel-4.9.0########################################
[  106s] netcdf-gnu-mpich-hpc-devel-4.9.0-1.1  ########################################
[  106s] mpich-gnu-hpc-macros-devel-4.0.2-3.2  ########################################
[  106s] gnu-compilers-hpc-macros-devel-1.4-10.########################################
[  106s] suse-hpc-0.5.20220525.fd76646-1.1     ########################################
[  106s] m4-1.4.18-7.1                         ########################################
[  107s] regenerate-initrd-posttrans: dracut is not installed, not rebuilding the initrd
[  108s] regenerate-initrd-posttrans: dracut is not installed, not rebuilding the initrd
[  113s] now finalizing build dir...
[  114s] ... running 01-add_abuild_user_to_trusted_group
[  114s] ... running 02-set_timezone_to_utc
[  114s] ... running 03-set-permissions-secure
[  115s] ... running 11-hack_uname_version_to_kernel_version
[  119s] sh: line 1: /usr/bin/ps: No such file or directory
[  126s] Warning: spec file parser line 544: can't expand %(...)
[  126s] Warning: spec file parser line 546: can't expand %(...)
[  126s] Warning: spec file parser line 556: can't expand %(...)
[  126s] Warning: spec file parser line 557: can't expand %(...)
[  127s] -----------------------------------------------------------------
[  127s] I have the following modifications for netcdf-fortran.spec:
[  127s] 19c19
[  127s] < %global flavor @BUILD_FLAVOR@%{nil}
[  127s] ---
[  127s] > %global flavor gnu-mpich-hpc%{nil}
[  127s] 344c344
[  127s] < Release:        0
[  127s] ---
[  127s] > Release:        4.3
[  127s] 354c354
[  127s] < BuildRequires:  pkg-config
[  127s] ---
[  127s] > BuildRequires:  pkgconf-pkg-config
[  135s] build target is riscv64-suse-linux
[  135s] -----------------------------------------------------------------
[  135s] ----- building netcdf-fortran.spec (user abuild)
[  135s] -----------------------------------------------------------------
[  135s] -----------------------------------------------------------------
[  139s] sh: line 1: /usr/bin/ps: No such file or directory
[  140s] + exec rpmbuild -ba --define '_srcdefattr (-,root,root)' --nosignature --target=riscv64-suse-linux --define '_build_create_debug 1' --define 'disturl obs://build.opensuse.org/openSUSE:Factory:RISCV/standard/dbb745b6794af7319c69b0d55c9ca722-netcdf-fortran:gnu-mpich-hpc' /home/abuild/rpmbuild/SOURCES/netcdf-fortran.spec
[  141s] Building target platforms: riscv64-suse-linux
[  141s] Building for target riscv64-suse-linux
[  141s]  Building for gnu 
[  141s]  hpc_gnu_init 
[  143s] warning: /home/abuild/rpmbuild/SOURCES/netcdf-fortran.spec: line 414: Macro %_pname defined but not used within scope
[  149s] setting SOURCE_DATE_EPOCH=1664236800
[  150s] Executing(%prep): /usr/bin/bash -e /var/tmp/rpm-tmp.TlRENG
[  150s] + umask 022
[  150s] + cd /home/abuild/rpmbuild/BUILD
[  150s] + cd /home/abuild/rpmbuild/BUILD
[  150s] + rm -rf netcdf-fortran-4.5.3
[  150s] + /usr/lib/rpm/rpmuncompress -x /home/abuild/rpmbuild/SOURCES/netcdf-fortran-4.5.3.tar.gz
[  151s] + STATUS=0
[  151s] + '[' 0 -ne 0 ']'
[  151s] + cd netcdf-fortran-4.5.3
[  151s] + /usr/bin/chmod -Rf a+rX,u+w,g-w,o-w .
[  151s] + chmod a-x RELEASE_NOTES.md
[  151s] + RPM_EC=0
[  151s] ++ jobs -p
[  151s] + exit 0
[  151s] Executing(%build): /usr/bin/bash -e /var/tmp/rpm-tmp.i8C6Md
[  151s] + umask 022
[  151s] + cd /home/abuild/rpmbuild/BUILD
[  151s] + /usr/bin/rm -rf /home/abuild/rpmbuild/BUILDROOT/netcdf-fortran_4_5_3-gnu-mpich-hpc-4.5.3-4.3.riscv64
[  151s] ++ dirname /home/abuild/rpmbuild/BUILDROOT/netcdf-fortran_4_5_3-gnu-mpich-hpc-4.5.3-4.3.riscv64
[  151s] + /usr/bin/mkdir -p /home/abuild/rpmbuild/BUILDROOT
[  151s] + /usr/bin/mkdir /home/abuild/rpmbuild/BUILDROOT/netcdf-fortran_4_5_3-gnu-mpich-hpc-4.5.3-4.3.riscv64
[  151s] + cd netcdf-fortran-4.5.3
[  151s] + ref=/usr/lib/rpm
[  151s] + mints=0
[  151s] + case $(uname -m) in
[  151s] ++ uname -m
[  152s] + mints=20160911
[  152s] + for s in guess sub
[  152s] ++ find -maxdepth 8 -name config.guess
[  152s] + for c in $(find -maxdepth 8 -name "config.$s")
[  152s] + grep -q config-patches@ ./config.guess
[  152s] ++ sed -n '/^timestamp=/{s///;s/[-'\''"]//g;p;q;}' ./config.guess
[  152s] + timestamp=20200101
[  152s] + test -n 20200101
[  152s] + test 20200101 -ge 20160911
[  152s] + for s in guess sub
[  152s] ++ find -maxdepth 8 -name config.sub
[  152s] + for c in $(find -maxdepth 8 -name "config.$s")
[  152s] + grep -q config-patches@ ./config.sub
[  152s] ++ sed -n '/^timestamp=/{s///;s/[-'\''"]//g;p;q;}' ./config.sub
[  152s] + timestamp=20200101
[  152s] + test -n 20200101
[  152s] + test 20200101 -ge 20160911
[  152s] + module purge
[  152s] + '[' -z '' ']'
[  152s] + case "$-" in
[  152s] + __lmod_sh_dbg=x
[  152s] + '[' -n x ']'
[  152s] + set +x
[  152s] Shell debugging temporarily silenced: export LMOD_SH_DBG_ON=1 for Lmod's output
[  153s] sh: line 1: /usr/bin/ps: No such file or directory
[  154s] Shell debugging restarted
[  154s] + unset __lmod_sh_dbg
[  154s] + return 0
[  154s] + export CC=gcc
[  154s] + CC=gcc
[  154s] + export CXX=g++
[  154s] + CXX=g++
[  154s] + export FC=gfortran
[  154s] + FC=gfortran
[  154s] + export F77=gfortran
[  154s] + F77=gfortran
[  154s] + module load gnu/13
[  154s] + '[' -z '' ']'
[  154s] + case "$-" in
[  154s] + __lmod_sh_dbg=x
[  154s] + '[' -n x ']'
[  154s] + set +x
[  154s] Shell debugging temporarily silenced: export LMOD_SH_DBG_ON=1 for Lmod's output
[  155s] sh: line 1: /usr/bin/ps: No such file or directory
[  156s] Shell debugging restarted
[  156s] + unset __lmod_sh_dbg
[  156s] + return 0
[  156s] + module load mpich
[  156s] + '[' -z '' ']'
[  156s] + case "$-" in
[  156s] + __lmod_sh_dbg=x
[  156s] + '[' -n x ']'
[  156s] + set +x
[  156s] Shell debugging temporarily silenced: export LMOD_SH_DBG_ON=1 for Lmod's output
[  157s] sh: line 1: /usr/bin/ps: No such file or directory
[  159s] Shell debugging restarted
[  159s] + unset __lmod_sh_dbg
[  159s] + return 0
[  159s] + module load netcdf
[  159s] + '[' -z '' ']'
[  159s] + case "$-" in
[  159s] + __lmod_sh_dbg=x
[  159s] + '[' -n x ']'
[  159s] + set +x
[  159s] Shell debugging temporarily silenced: export LMOD_SH_DBG_ON=1 for Lmod's output
[  159s] sh: line 1: /usr/bin/ps: No such file or directory
[  168s] Lmod has detected the following error: The following module(s) are unknown:
[  168s] "netcdf"
[  168s] 
[  168s] Please check the spelling or version number. Also try "module spider ..."
[  168s] It is also possible your cache file is out-of-date; it may help to try:
[  168s]   $ module --ignore_cache load "netcdf"
[  168s] 
[  168s] Also make sure that all modulefiles written in TCL start with the string
[  168s] #%Module
[  168s] 
[  168s] 
[  168s] 
[  168s] Shell debugging restarted
[  168s] + unset __lmod_sh_dbg
[  168s] + return 1
[  168s] error: Bad exit status from /var/tmp/rpm-tmp.i8C6Md (%build)
[  168s] 
[  168s] RPM build warnings:
[  168s]     /home/abuild/rpmbuild/SOURCES/netcdf-fortran.spec: line 414: Macro %_pname defined but not used within scope
[  168s] 
[  168s] RPM build errors:
[  168s]     Bad exit status from /var/tmp/rpm-tmp.i8C6Md (%build)
[  168s] ### VM INTERACTION START ###
[  169s] [0;1;38;5;185mFailed to write wtmp record, ignoring: Read-only file system[0m
[  169s] [0;1;38;5;185mFailed to write utmp record: Read-only file system[0m
[  169s] Powering off.
[  169s] [  163.298139][ T3574] reboot: Power down
[  169s] ### VM INTERACTION END ###
[  169s] 
[  169s] lamb59 failed "build netcdf-fortran.spec" at Wed Mar 22 09:29:34 UTC 2023.
[  169s] 
