[    0s] Using BUILD_ROOT=/var/cache/obs/worker/root_7/.mount
[    0s] Using BUILD_ARCH=riscv64
[    0s] Doing kvm build in /var/cache/obs/worker/root_7/root
[    0s] 
[    0s] 
[    0s] lamb56 started "build netcdf.spec" at Mon Mar 20 20:55:46 UTC 2023.
[    0s] 
[    0s] Building netcdf:gnu-openmpi4-hpc for project 'openSUSE:Factory:RISCV' repository 'standard' arch 'riscv64' srcmd5 'fe55c104425895121473e6463f3de005'
[    0s] 
[    0s] processing recipe /var/cache/obs/worker/root_7/.build-srcdir/netcdf.spec ...
[    0s] running changelog2spec --target rpm --file /var/cache/obs/worker/root_7/.build-srcdir/netcdf.spec
[    0s] init_buildsystem --configdir /var/run/obs/worker/7/build/configs --cachedir /var/cache/build --prepare --buildflavor gnu-openmpi4-hpc --clean --rpmlist /var/cache/obs/worker/root_7/.build.rpmlist /var/cache/obs/worker/root_7/.build-srcdir/netcdf.spec build ...
[    0s] unpacking preinstall image openSUSE:Factory:RISCV/standard/preinstallimage-base [068b7acb454ec5ffeefe0cf546ee1d7f]
[    3s] 
[    3s] copying packages...
[    4s] reordering...cycle: libefa1 -> libibverbs1 -> libibverbs
[    4s]   breaking dependency libibverbs -> libefa1
[    4s] cycle: libibverbs1 -> libibverbs
[    4s]   breaking dependency libibverbs -> libibverbs1
[    4s] cycle: libibverbs1 -> libibverbs -> libmlx4-1
[    4s]   breaking dependency libibverbs -> libmlx4-1
[    4s] cycle: libibverbs1 -> libibverbs -> libmlx5-1
[    4s]   breaking dependency libmlx5-1 -> libibverbs1
[    4s] cycle: libpmix2 -> pmix-plugins
[    4s]   breaking dependency pmix-plugins -> libpmix2
[    4s] cycle: libopenmpi_4_1_4-gnu-hpc -> openmpi_4_1_4-gnu-hpc
[    4s]   breaking dependency libopenmpi_4_1_4-gnu-hpc -> openmpi_4_1_4-gnu-hpc
[    4s] done
[    4s] Detected virtio-serial support
[    5s] booting kvm...
[    5s] ### VM INTERACTION START ###
[    5s] Using virtio-serial support
[    5s] /usr/bin/qemu-kvm -nodefaults -no-reboot -nographic -vga none -cpu host -M pc,accel=kvm,usb=off,dump-guest-core=off,vmport=off -sandbox on -bios /usr/share/qemu/qboot.rom -object rng-random,filename=/dev/random,id=rng0 -device virtio-rng-pci,rng=rng0 -object iothread,id=io0 -runas qemu -net none -kernel /var/cache/obs/worker/root_7/.mount/boot/kernel -initrd /var/cache/obs/worker/root_7/.mount/boot/initrd -append root=/dev/disk/by-id/virtio-0 rootfstype=ext4 rootflags=noatime kvmclock mitigations=off elevator=noop nmi_watchdog=0 rw rd.driver.pre=binfmt_misc oops=panic panic=1 quiet console=hvc0 init=/.build/initvm.x86_64 -m 8192 -drive file=/var/cache/obs/worker/root_7/root,format=raw,if=none,id=disk,cache=unsafe,aio=io_uring -device virtio-blk-pci,iothread=io0,drive=disk,serial=0 -drive file=/var/cache/obs/worker/root_7/swap,format=raw,if=none,id=swap,cache=unsafe,aio=io_uring -device virtio-blk-pci,iothread=io0,drive=swap,serial=1 -device virtio-serial,max_ports=2 -device virtconsole,chardev=virtiocon0 -chardev stdio,id=virtiocon0 -chardev socket,id=monitor,server=on,wait=off,path=/var/cache/obs/worker/root_7/root.qemu/monitor -mon chardev=monitor,mode=readline -smp 8
[   10s] ### VM INTERACTION END ###
[   10s] 2nd stage started in virtual machine
[   11s] machine type: riscv64
[   11s] Linux version: 6.2.6-1-default #1 SMP PREEMPT_DYNAMIC Mon Mar 13 10:57:27 UTC 2023 (fa1a4c6)
[   11s] Increasing log level from now on...
[   11s] [    5.716522][  T401] sysrq: Changing Loglevel
[   11s] [    5.716652][  T401] sysrq: Loglevel set to 4
[   11s] Enable sysrq operations
[   12s] Setting up swapspace version 1, size = 2 GiB (2097147904 bytes)
[   12s] no label, UUID=d15ce1ac-2e11-450c-8668-2b5396a889ab
[   12s] swapon: /dev/vdb: found signature [pagesize=4096, signature=swap]
[   12s] swapon: /dev/vdb: pagesize=4096, swapsize=2097152000, devsize=2097152000
[   12s] swapon /dev/vdb
[   12s] WARNING: udev not running, creating extra device nodes
[   13s] logging output to //.build.log...
[   13s] processing recipe /.build-srcdir/netcdf.spec ...
[   13s] init_buildsystem --configdir /.build/configs --cachedir /var/cache/build --buildflavor gnu-openmpi4-hpc /.build-srcdir/netcdf.spec build ...
[   14s] initializing rpm db...
[   14s] querying package ids...
[   43s] [1/229] preinstalled aaa_base-84.87+git20220822.6b9f7a3-1.1
[   43s] [2/229] preinstalled aaa_base-malloccheck-84.87+git20220822.6b9f7a3-1.1
[   43s] [3/229] preinstalled attr-2.5.1-1.1
[   43s] [4/229] preinstalled bash-5.2.15-8.1
[   43s] [5/229] preinstalled bash-sh-5.2.15-8.1
[   43s] [6/229] preinstalled binutils-2.40-2.1
[   43s] [7/229] preinstalled brp-check-suse-84.87+git20221115.2f7add6-1.1
[   43s] [8/229] preinstalled build-compare-20221206T204012.bb70754-1.2
[   43s] [9/229] preinstalled build-mkbaselibs-20230314-1.1
[   43s] [10/229] preinstalled bzip2-1.0.8-5.1
[   43s] [11/229] preinstalled chkstat-1599_20230217-1.1
[   43s] [12/229] preinstalled compat-usrmerge-build-84.87-5.1
[   43s] [13/229] preinstalled compat-usrmerge-tools-84.87-5.1
[   43s] [14/229] preinstalled coreutils-9.1-5.1
[   43s] [15/229] preinstalled cpio-2.13-5.1
[   43s] [16/229] preinstalled cpp-13-1.1
[   43s] [17/229] preinstalled cpp13-13.0.1+git6669-7.1
[   43s] [18/229] cumulate crypto-policies-20210917.c9d86d1-1.1
[   43s] [19/229] preinstalled debugedit-5.0-5.1
[   43s] [20/229] preinstalled diffutils-3.9-1.1
[   43s] [21/229] preinstalled dwz-0.15-2.1
[   43s] [22/229] preinstalled elfutils-0.189-2.1
[   43s] [23/229] preinstalled file-5.44-1.2
[   43s] [24/229] preinstalled file-magic-5.44-1.2
[   43s] [25/229] preinstalled filesystem-84.87-12.1
[   43s] [26/229] preinstalled fillup-1.42-279.1
[   43s] [27/229] preinstalled findutils-4.9.0-2.1
[   43s] [28/229] preinstalled gawk-5.2.1-2.1
[   43s] [29/229] preinstalled gcc-13-1.1
[   43s] [30/229] preinstalled gcc-PIE-13-1.1
[   43s] [31/229] preinstalled gcc13-13.0.1+git6669-7.1
[   43s] [32/229] preinstalled gcc13-PIE-13.0.1+git6669-7.1
[   43s] [33/229] preinstalled gettext-runtime-mini-0.21.1-1.1
[   43s] [34/229] preinstalled gettext-tools-mini-0.21.1-1.1
[   43s] [35/229] preinstalled glibc-2.37-1.1
[   43s] [36/229] preinstalled glibc-devel-2.37-1.1
[   43s] [37/229] preinstalled glibc-locale-base-2.37-1.1
[   43s] [38/229] preinstalled grep-3.9-1.1
[   43s] [39/229] preinstalled gzip-1.12-3.1
[   43s] [40/229] cumulate hwloc-data-2.9.0-2.1
[   43s] [41/229] preinstalled kernel-obs-build-6.2.6-1.2
[   43s] [42/229] preinstalled libacl1-2.3.1-2.1
[   43s] [43/229] preinstalled libasan8-13.0.1+git6669-7.1
[   43s] [44/229] preinstalled libasm1-0.189-2.1
[   43s] [45/229] preinstalled libatomic1-13.0.1+git6669-7.1
[   43s] [46/229] preinstalled libattr1-2.5.1-1.1
[   43s] [47/229] preinstalled libaudit1-3.0.9-1.1
[   43s] [48/229] preinstalled libblkid1-2.38.1-10.1
[   43s] [49/229] cumulate libbrotlicommon1-1.0.9-3.1
[   43s] [50/229] preinstalled libbz2-1-1.0.8-5.1
[   43s] [51/229] preinstalled libcap-ng0-0.8.3-1.1
[   43s] [52/229] preinstalled libcap2-2.67-1.1
[   43s] [53/229] cumulate libcbor0_10-0.10.2-1.1
[   43s] [54/229] cumulate libcom_err2-1.46.5-4.1
[   43s] [55/229] preinstalled libcrypt1-4.4.33-2.1
[   43s] [56/229] preinstalled libctf-nobfd0-2.40-2.1
[   43s] [57/229] preinstalled libctf0-2.40-2.1
[   43s] [58/229] preinstalled libdb-4_8-4.8.30-40.1
[   43s] [59/229] preinstalled libdw1-0.189-2.1
[   43s] [60/229] preinstalled libeconf0-0.5.1-1.1
[   43s] [61/229] cumulate libedit0-20210910.3.1-1.1
[   43s] [62/229] preinstalled libelf1-0.189-2.1
[   43s] [63/229] preinstalled libfdisk1-2.38.1-10.1
[   43s] [64/229] preinstalled libgcc_s1-13.0.1+git6669-7.1
[   43s] [65/229] preinstalled libgcrypt20-1.10.1-2.1
[   43s] [66/229] preinstalled libgdbm6-1.23-1.1
[   43s] [67/229] preinstalled libgdbm_compat4-1.23-1.1
[   43s] [68/229] cumulate libgfortran5-13.0.1+git6669-7.1
[   43s] [69/229] preinstalled libgmp10-6.2.1-4.1
[   43s] [70/229] preinstalled libgomp1-13.0.1+git6669-7.1
[   43s] [71/229] preinstalled libgpg-error0-1.46-1.1
[   43s] [72/229] cumulate libibumad3-42.0-2.1
[   43s] [73/229] preinstalled libisl23-0.25-1.1
[   43s] [74/229] preinstalled libitm1-13.0.1+git6669-7.1
[   43s] [75/229] cumulate libkeyutils1-1.6.3-5.1
[   43s] [76/229] cumulate libltdl7-2.4.7-3.2
[   43s] [77/229] preinstalled liblua5_4-5-5.4.4-8.1
[   43s] [78/229] preinstalled liblzma5-5.4.1-2.1
[   43s] [79/229] preinstalled libmagic1-5.44-1.2
[   43s] [80/229] cumulate libmca_common_dstore1-3.2.3-7.1
[   43s] [81/229] preinstalled libmount1-2.38.1-10.1
[   43s] [82/229] preinstalled libmpc3-1.3.1-1.2
[   43s] [83/229] preinstalled libmpfr6-4.2.0-1.1
[   43s] [84/229] preinstalled libncurses6-6.4.20230311-8.1
[   43s] [85/229] cumulate libnghttp2-14-1.51.0-7.2
[   43s] [86/229] cumulate libnl-config-3.7.0-1.1
[   43s] [87/229] cumulate libpciaccess0-0.17-1.1
[   43s] [88/229] preinstalled libpcre2-8-0-10.42-3.2
[   43s] [89/229] preinstalled libpkgconf3-1.8.0-2.1
[   43s] [90/229] preinstalled libpopt0-1.19-1.1
[   43s] [91/229] preinstalled libreadline8-8.2-2.1
[   43s] [92/229] preinstalled librpmbuild9-4.18.0-3.2
[   43s] [93/229] cumulate libsasl2-3-2.1.28-4.2
[   43s] [94/229] preinstalled libseccomp2-2.5.4-2.1
[   43s] [95/229] preinstalled libselinux1-3.5-1.1
[   43s] [96/229] preinstalled libsemanage-conf-3.5-1.1
[   43s] [97/229] preinstalled libsemanage2-3.5-1.1
[   43s] [98/229] preinstalled libsepol2-3.5-1.1
[   43s] [99/229] preinstalled libsmartcols1-2.38.1-10.1
[   43s] [100/229] cumulate libssh-config-0.10.4-1.2
[   43s] [101/229] preinstalled libstdc++6-13.0.1+git6669-7.1
[   43s] [102/229] cumulate libstdc++6-devel-gcc13-13.0.1+git6669-7.1
[   43s] [103/229] preinstalled libsubid4-4.13-4.1
[   43s] [104/229] cumulate libsystemd0-mini-253.1-2.1
[   43s] [105/229] preinstalled libubsan1-13.0.1+git6669-7.1
[   43s] [106/229] cumulate libudev-mini1-253.1-2.1
[   43s] [107/229] cumulate libunistring5-1.1-1.1
[   43s] [108/229] preinstalled libutempter0-1.2.0-3.2
[   43s] [109/229] preinstalled libuuid1-2.38.1-10.1
[   43s] [110/229] cumulate libverto1-0.3.2-1.1
[   43s] [111/229] preinstalled libxcrypt-devel-4.4.33-2.1
[   43s] [112/229] cumulate libxml2-2-2.10.3-3.1
[   43s] [113/229] preinstalled libz1-1.2.13-3.1
[   43s] [114/229] preinstalled libzstd1-1.5.4-2.1
[   43s] [115/229] preinstalled linux-glibc-devel-6.2-1.1
[   43s] [116/229] preinstalled login_defs-4.13-4.1
[   43s] [117/229] preinstalled lua54-5.4.4-8.1
[   43s] [118/229] cumulate lua54-luafilesystem-1.8.0-6.1
[   43s] [119/229] cumulate lua54-luaposix-35.1-2.1
[   43s] [120/229] cumulate lua54-luaterm-0.07-8.1
[   43s] [121/229] cumulate m4-1.4.18-7.1
[   43s] [122/229] preinstalled make-4.4.1-1.1
[   43s] [123/229] preinstalled ncurses-utils-6.4.20230311-8.1
[   43s] [124/229] cumulate openmpi4-config-4.1.4-2.1
[   43s] [125/229] preinstalled pam-1.5.2-13.1
[   43s] [126/229] preinstalled patch-2.7.6-6.1
[   43s] [127/229] preinstalled perl-5.36.0-4.1
[   43s] [128/229] preinstalled perl-base-5.36.0-4.1
[   43s] [129/229] preinstalled permissions-1599_20230217-1.1
[   43s] [130/229] preinstalled permissions-config-1599_20230217-1.1
[   43s] [131/229] preinstalled pkgconf-1.8.0-2.1
[   43s] [132/229] preinstalled pkgconf-m4-1.8.0-2.1
[   43s] [133/229] preinstalled pkgconf-pkg-config-1.8.0-2.1
[   43s] [134/229] preinstalled polkit-default-privs-1550+20230307.7f42172-1.1
[   43s] [135/229] preinstalled post-build-checks-84.87+git20230302.ff58c9e-1.1
[   43s] [136/229] preinstalled qemu-linux-user-7.1.0-54.1
[   43s] [137/229] preinstalled rpm-4.18.0-3.2
[   43s] [138/229] preinstalled rpm-build-4.18.0-3.2
[   43s] [139/229] preinstalled rpm-build-perl-4.18.0-3.2
[   43s] [140/229] preinstalled rpm-config-SUSE-20220926-1.1
[   43s] [141/229] preinstalled rpmlint-mini-2.4.0+git20230316.e10f602-9.18
[   43s] [142/229] preinstalled rpmlint-strict-2.4.0+git20230316.e10f602-1.1
[   43s] [143/229] preinstalled sed-4.9-2.1
[   43s] [144/229] preinstalled shadow-4.13-4.1
[   43s] [145/229] cumulate suse-hpc-0.5.20220525.fd76646-1.1
[   43s] [146/229] cumulate suse-module-tools-16.0.30-1.1
[   43s] [147/229] preinstalled system-group-hardware-20170617-24.1
[   43s] [148/229] cumulate system-group-kvm-20170617-24.1
[   43s] [149/229] preinstalled system-user-root-20190513-2.1
[   43s] [150/229] cumulate systemd-mini-253.1-2.1
[   43s] [151/229] preinstalled systemd-rpm-macros-19-1.1
[   43s] [152/229] preinstalled sysuser-shadow-3.1-5.1
[   43s] [153/229] preinstalled tar-1.34-10.1
[   43s] [154/229] cumulate tcl-8.6.13-4.1
[   43s] [155/229] preinstalled terminfo-base-6.4.20230311-8.1
[   43s] [156/229] cumulate unzip-6.00-41.1
[   43s] [157/229] preinstalled update-alternatives-1.21.8-1.1
[   43s] [158/229] preinstalled util-linux-2.38.1-10.1
[   43s] [159/229] preinstalled which-2.21-5.1
[   43s] [160/229] preinstalled xz-5.4.1-2.1
[   43s] [161/229] cumulate xz-devel-5.4.1-2.1
[   43s] [162/229] cumulate zlib-devel-1.2.13-3.1
[   43s] [163/229] cumulate autoconf-2.71-2.1
[   43s] [164/229] cumulate gcc13-c++-13.0.1+git6669-7.1
[   43s] [165/229] cumulate gcc13-fortran-13.0.1+git6669-7.1
[   43s] [166/229] cumulate libbrotlidec1-1.0.9-3.1
[   43s] [167/229] cumulate libhidapi-hidraw0-0.13.1-1.1
[   43s] [168/229] cumulate libibmad5-42.0-2.1
[   43s] [169/229] cumulate libidn2-0-2.3.4-1.1
[   43s] [170/229] cumulate libnl3-200-3.7.0-1.1
[   43s] [171/229] cumulate libopenssl3-3.0.8-2.1
[   43s] [172/229] cumulate libxml2-tools-2.10.3-3.1
[   43s] [173/229] cumulate krb5-mini-1.20.1-4.1
[   43s] [174/229] cumulate libhwloc15-2.9.0-2.1
[   43s] [175/229] cumulate lua-lmod-8.7.17-2.1
[   43s] [176/229] cumulate automake-1.16.5-3.1
[   43s] [177/229] cumulate gcc-c++-13-1.1
[   43s] [178/229] cumulate gcc-fortran-13-1.1
[   43s] [179/229] cumulate gnu-compilers-hpc-1.4-10.2
[   43s] [180/229] cumulate hdf5_1_12_2-gnu-openmpi4-hpc-module-1.12.2-4.1
[   43s] [181/229] cumulate libevent-2_1-7-2.1.12-3.2
[   43s] [182/229] cumulate openssh-common-8.9p1-7.3
[   43s] [183/229] cumulate kmod-30-2.2
[   43s] [184/229] cumulate libibnetdisc5-42.0-2.1
[   43s] [185/229] cumulate libldap2-2.6.3-3.2
[   43s] [186/229] cumulate libpsl5-0.21.2-1.1
[   43s] [187/229] cumulate libssh4-0.10.4-1.2
[   43s] [188/229] cumulate libfido2-1-1.13.0-1.1
[   43s] [189/229] cumulate libxml2-devel-2.10.3-3.1
[   43s] [190/229] cumulate libhdf5_1_12_2-gnu-openmpi4-hpc-1.12.2-4.1
[   43s] [191/229] cumulate libhdf5_cpp_1_12_2-gnu-openmpi4-hpc-1.12.2-4.1
[   43s] [192/229] cumulate libhdf5_hl_1_12_2-gnu-openmpi4-hpc-1.12.2-4.1
[   43s] [193/229] cumulate libhdf5_hl_cpp_1_12_2-gnu-openmpi4-hpc-1.12.2-4.1
[   43s] [194/229] cumulate libhdf5_fortran_1_12_2-gnu-openmpi4-hpc-1.12.2-4.1
[   43s] [195/229] cumulate libhdf5hl_fortran_1_12_2-gnu-openmpi4-hpc-1.12.2-4.1
[   43s] [196/229] cumulate infiniband-diags-42.0-2.1
[   43s] [197/229] cumulate libtool-2.4.7-3.2
[   43s] [198/229] cumulate udev-mini-253.1-2.1
[   43s] [199/229] cumulate gnu-compilers-hpc-devel-1.4-10.2
[   43s] [200/229] cumulate openssh-clients-8.9p1-7.3
[   43s] [201/229] cumulate openssh-server-8.9p1-7.3
[   43s] [202/229] cumulate libcurl4-7.88.1-1.1
[   43s] [203/229] cumulate gnu-compilers-hpc-macros-devel-1.4-10.2
[   43s] [204/229] cumulate libcurl-devel-7.88.1-1.1
[   43s] [205/229] cumulate libhdf5-gnu-openmpi4-hpc-1.12.2-4.1
[   43s] [206/229] cumulate libhdf5_hl-gnu-openmpi4-hpc-1.12.2-4.1
[   43s] [207/229] cumulate openssh-8.9p1-7.3
[   43s] [208/229] cumulate rdma-core-42.0-2.1
[   43s] [209/229] cumulate libmlx5-1-42.0-2.1
[   43s] [210/229] cumulate pmix-plugins-3.2.3-7.1
[   43s] [211/229] cumulate libpmix2-3.2.3-7.1
[   43s] [212/229] cumulate libibverbs-42.0-2.1
[   43s] [213/229] cumulate libibverbs1-42.0-2.1
[   43s] [214/229] cumulate libefa1-42.0-2.1
[   43s] [215/229] cumulate libmlx4-1-42.0-2.1
[   43s] [216/229] cumulate librdmacm1-42.0-2.1
[   43s] [217/229] cumulate rsocket-42.0-2.1
[   43s] [218/229] cumulate libfabric1-1.16.1-2.1
[   43s] [219/229] cumulate libopenmpi_4_1_4-gnu-hpc-4.1.4-2.1
[   43s] [220/229] cumulate rdma-core-devel-42.0-2.1
[   43s] [221/229] cumulate libopenmpi4-gnu-hpc-4.1.4-2.1
[   43s] [222/229] cumulate openmpi_4_1_4-gnu-hpc-4.1.4-2.1
[   43s] [223/229] cumulate hdf5_1_12_2-gnu-openmpi4-hpc-1.12.2-4.1
[   43s] [224/229] cumulate openmpi_4_1_4-gnu-hpc-devel-4.1.4-2.1
[   43s] [225/229] cumulate openmpi4-gnu-hpc-devel-4.1.4-2.1
[   43s] [226/229] cumulate openmpi_4_1_4-gnu-hpc-macros-devel-4.1.4-2.1
[   43s] [227/229] cumulate openmpi4-gnu-hpc-macros-devel-4.1.4-2.1
[   43s] [228/229] cumulate hdf5_1_12_2-gnu-openmpi4-hpc-devel-1.12.2-4.1
[   43s] [229/229] cumulate hdf5-gnu-openmpi4-hpc-devel-1.12.2-4.1
[   43s] now installing cumulated packages
[   44s] Preparing...                          ########################################
[   44s] Updating / installing...
[   44s] libibumad3-42.0-2.1                   ########################################
[   44s] libgfortran5-13.0.1+git6669-7.1       ########################################
[   45s] libxml2-2-2.10.3-3.1                  ########################################
[   54s] gcc13-fortran-13.0.1+git6669-7.1      ########################################
[   54s] libibmad5-42.0-2.1                    ########################################
[   54s] zlib-devel-1.2.13-3.1                 ########################################
[   54s] systemd-mini-253.1-2.1                warning: group systemd-journal does not exist - using root
[   55s] ########################################
[   56s] Creating group 'systemd-journal' with GID 486.
[   56s] Creating group 'systemd-timesync' with GID 485.
[   56s] Creating user 'systemd-timesync' (systemd Time Synchronization) with UID 485 and GID 485.
[   56s] Running in chroot, ignoring command 'daemon-reexec'
[   56s] /usr/lib/tmpfiles.d/journal-nocow.conf:26: Failed to resolve specifier: uninitialized /etc/ detected, skipping.
[   56s] All rules containing unresolvable specifiers will be skipped.
[   57s] m4-1.4.18-7.1                         ########################################
[   58s] libunistring5-1.1-1.1                 ########################################
[   58s] libidn2-0-2.3.4-1.1                   ########################################
[   58s] libudev-mini1-253.1-2.1               ########################################
[   58s] libcom_err2-1.46.5-4.1                ########################################
[   58s] libhidapi-hidraw0-0.13.1-1.1          ########################################
[   58s] libpsl5-0.21.2-1.1                    ########################################
[   59s] autoconf-2.71-2.1                     ########################################
[   59s] automake-1.16.5-3.1                   ########################################
[   59s] libibnetdisc5-42.0-2.1                ########################################
[   60s] infiniband-diags-42.0-2.1             ########################################
[   60s] gcc-fortran-13-1.1                    ########################################
[   60s] libxml2-tools-2.10.3-3.1              ########################################
[   60s] xz-devel-5.4.1-2.1                    ########################################
[   61s] tcl-8.6.13-4.1                        ########################################
[   61s] /usr/bin/systemd-sysusers --replace=/usr/lib/sysusers.d/system-group-kvm.conf -
[   62s] Creating group 'kvm' with GID 36.
[   62s] system-group-kvm-20170617-24.1        ########################################
[   62s] openmpi4-config-4.1.4-2.1             ########################################
[   62s] lua54-luaterm-0.07-8.1                ########################################
[   62s] lua54-luaposix-35.1-2.1               ########################################
[   62s] lua54-luafilesystem-1.8.0-6.1         ########################################
[   62s] lua-lmod-8.7.17-2.1                   ########################################
[   62s] hdf5_1_12_2-gnu-openmpi4-hpc-module-1.########################################
[   62s] gnu-compilers-hpc-1.4-10.2            ########################################
[   63s] libhdf5_1_12_2-gnu-openmpi4-hpc-1.12.2########################################
[   63s] libhdf5_hl_1_12_2-gnu-openmpi4-hpc-1.1########################################
[   63s] libhdf5_fortran_1_12_2-gnu-openmpi4-hp########################################
[   63s] libhdf5hl_fortran_1_12_2-gnu-openmpi4-########################################
[   63s] libhdf5_cpp_1_12_2-gnu-openmpi4-hpc-1.########################################
[   63s] libhdf5_hl_cpp_1_12_2-gnu-openmpi4-hpc########################################
[   63s] libverto1-0.3.2-1.1                   ########################################
[   63s] libsystemd0-mini-253.1-2.1            ########################################
[   78s] libstdc++6-devel-gcc13-13.0.1+git6669-########################################
[   83s] gcc13-c++-13.0.1+git6669-7.1          ########################################
[   83s] gcc-c++-13-1.1                        ########################################
[   83s] gnu-compilers-hpc-devel-1.4-10.2      ########################################
[   83s] libssh-config-0.10.4-1.2              ########################################
[   83s] libsasl2-3-2.1.28-4.2                 ########################################
[   83s] libpciaccess0-0.17-1.1                ########################################
[   83s] libnl-config-3.7.0-1.1                ########################################
[   84s] libnl3-200-3.7.0-1.1                  ########################################
[   84s] libnghttp2-14-1.51.0-7.2              ########################################
[   84s] libmca_common_dstore1-3.2.3-7.1       ########################################
[   84s] libltdl7-2.4.7-3.2                    ########################################
[   84s] libkeyutils1-1.6.3-5.1                ########################################
[   85s] krb5-mini-1.20.1-4.1                  ########################################
[   86s] Updating /etc/sysconfig/kadmind ...
[   86s] Updating /etc/sysconfig/krb5kdc ...
[   86s] libedit0-20210910.3.1-1.1             ########################################
[   86s] libcbor0_10-0.10.2-1.1                ########################################
[   86s] libbrotlicommon1-1.0.9-3.1            ########################################
[   86s] libbrotlidec1-1.0.9-3.1               ########################################
[   87s] hwloc-data-2.9.0-2.1                  ########################################
[   87s] libhwloc15-2.9.0-2.1                  ########################################
[   87s] crypto-policies-20210917.c9d86d1-1.1  ########################################
[   88s] libopenssl3-3.0.8-2.1                 ########################################
[   88s] libevent-2_1-7-2.1.12-3.2             ########################################
[   88s] suse-module-tools-16.0.30-1.1         ########################################
[   89s] kmod-30-2.2                           ########################################
[   89s] openssh-common-8.9p1-7.3              ########################################
[   89s] libfido2-1-1.13.0-1.1                 ########################################
[   90s] openssh-clients-8.9p1-7.3             ########################################
[   90s] /usr/bin/systemd-sysusers --replace=/usr/lib/sysusers.d/sshd.conf -
[   90s] Creating group 'sshd' with GID 484.
[   90s] Creating user 'sshd' (SSH daemon) with UID 484 and GID 484.
[   91s] openssh-server-8.9p1-7.3              ########################################
[   91s] Updating /etc/sysconfig/ssh ...
[   91s] openssh-8.9p1-7.3                     ########################################
[   93s] udev-mini-253.1-2.1                   ########################################
[  102s] Failed to preset unit, unit remote-cryptsetup.target does not exist.
[  103s] rdma-core-42.0-2.1                    ########################################
[  103s] libmlx5-1-42.0-2.1                    ########################################
[  103s] libefa1-42.0-2.1                      ########################################
[  103s] libmlx4-1-42.0-2.1                    ########################################
[  103s] libibverbs1-42.0-2.1                  ########################################
[  103s] libibverbs-42.0-2.1                   ########################################
[  103s] librdmacm1-42.0-2.1                   ########################################
[  104s] libfabric1-1.16.1-2.1                 ########################################
[  104s] rsocket-42.0-2.1                      ########################################
[  104s] rdma-core-devel-42.0-2.1              ########################################
[  104s] pmix-plugins-3.2.3-7.1                ########################################
[  104s] libpmix2-3.2.3-7.1                    ########################################
[  105s] libopenmpi_4_1_4-gnu-hpc-4.1.4-2.1    ########################################
[  105s] openmpi_4_1_4-gnu-hpc-4.1.4-2.1       ########################################
[  105s] openmpi_4_1_4-gnu-hpc-devel-4.1.4-2.1 ########################################
[  105s] openmpi4-gnu-hpc-devel-4.1.4-2.1      ########################################
[  105s] openmpi_4_1_4-gnu-hpc-macros-devel-4.1########################################
[  105s] libopenmpi4-gnu-hpc-4.1.4-2.1         ########################################
[  106s] hdf5_1_12_2-gnu-openmpi4-hpc-1.12.2-4.########################################
[  106s] hdf5_1_12_2-gnu-openmpi4-hpc-devel-1.1########################################
[  106s] libldap2-2.6.3-3.2                    ########################################
[  106s] libssh4-0.10.4-1.2                    ########################################
[  106s] libcurl4-7.88.1-1.1                   ########################################
[  107s] libcurl-devel-7.88.1-1.1              ########################################
[  107s] hdf5-gnu-openmpi4-hpc-devel-1.12.2-4.1########################################
[  107s] openmpi4-gnu-hpc-macros-devel-4.1.4-2.########################################
[  107s] libtool-2.4.7-3.2                     ########################################
[  107s] gnu-compilers-hpc-macros-devel-1.4-10.########################################
[  107s] libhdf5_hl-gnu-openmpi4-hpc-1.12.2-4.1########################################
[  107s] libhdf5-gnu-openmpi4-hpc-1.12.2-4.1   ########################################
[  107s] libxml2-devel-2.10.3-3.1              ########################################
[  107s] unzip-6.00-41.1                       ########################################
[  108s] update-alternatives: using /usr/bin/unzip-plain to provide /usr/bin/unzip (unzip) in auto mode
[  108s] update-alternatives: using /usr/bin/funzip-plain to provide /usr/bin/funzip (funzip) in auto mode
[  108s] update-alternatives: using /usr/bin/unzipsfx-plain to provide /usr/bin/unzipsfx (unzipsfx) in auto mode
[  108s] update-alternatives: using /usr/bin/zipgrep-plain to provide /usr/bin/zipgrep (zipgrep) in auto mode
[  108s] suse-hpc-0.5.20220525.fd76646-1.1     ########################################
[  109s] regenerate-initrd-posttrans: dracut is not installed, not rebuilding the initrd
[  109s] regenerate-initrd-posttrans: dracut is not installed, not rebuilding the initrd
[  115s] now finalizing build dir...
[  115s] ... running 01-add_abuild_user_to_trusted_group
[  116s] ... running 02-set_timezone_to_utc
[  116s] ... running 03-set-permissions-secure
[  116s] ... running 11-hack_uname_version_to_kernel_version
[  119s] sh: line 1: /usr/bin/ps: No such file or directory
[  125s] -----------------------------------------------------------------
[  125s] I have the following modifications for netcdf.spec:
[  126s] 19c19
[  126s] < %global flavor @BUILD_FLAVOR@%{nil}
[  126s] ---
[  126s] > %global flavor gnu-openmpi4-hpc%{nil}
[  126s] 480c480
[  126s] < Release:        0
[  126s] ---
[  126s] > Release:        1.2
[  126s] 496c496
[  126s] < BuildRequires:  pkg-config
[  126s] ---
[  126s] > BuildRequires:  pkgconf-pkg-config
[  133s] build target is riscv64-suse-linux
[  133s] -----------------------------------------------------------------
[  133s] ----- building netcdf.spec (user abuild)
[  133s] -----------------------------------------------------------------
[  133s] -----------------------------------------------------------------
[  137s] sh: line 1: /usr/bin/ps: No such file or directory
[  138s] + exec rpmbuild -ba --define '_srcdefattr (-,root,root)' --nosignature --target=riscv64-suse-linux --define '_build_create_debug 1' --define 'disturl obs://build.opensuse.org/openSUSE:Factory:RISCV/standard/fe55c104425895121473e6463f3de005-netcdf:gnu-openmpi4-hpc' /home/abuild/rpmbuild/SOURCES/netcdf.spec
[  138s] Building target platforms: riscv64-suse-linux
[  138s] Building for target riscv64-suse-linux
[  138s]  Building for gnu 
[  138s]  hpc_gnu_init 
[  149s] setting SOURCE_DATE_EPOCH=1672358400
[  149s] Executing(%prep): /usr/bin/bash -e /var/tmp/rpm-tmp.P0m22H
[  149s] + umask 022
[  149s] + cd /home/abuild/rpmbuild/BUILD
[  149s] + echo 'Package name netcdf_4_9_0-gnu-openmpi4-hpc for netcdf '
[  149s] Package name netcdf_4_9_0-gnu-openmpi4-hpc for netcdf 
[  149s] + echo
[  149s] 
[  149s] + echo Building for compiler family: gnu
[  149s] Building for compiler family: gnu
[  149s] + echo cf_full_version: 13.0.1
[  149s] cf_full_version: 13.0.1
[  149s] + echo cf_dep_version: 13
[  149s] cf_dep_version: 13
[  149s] + echo cf_bin_version:
[  149s] cf_bin_version:
[  149s] + echo cf_pack_version:
[  149s] cf_pack_version:
[  149s] + echo cf_dir: gnu13/
[  149s] cf_dir: gnu13/
[  149s] + echo cf_install_path: /usr/lib/hpc/compiler/gnu/13
[  149s] cf_install_path: /usr/lib/hpc/compiler/gnu/13
[  149s] + echo cf_install_path_base: /usr/lib/hpc/compiler/gnu/
[  149s] cf_install_path_base: /usr/lib/hpc/compiler/gnu/
[  149s] + echo
[  149s] 
[  149s] + echo 'Building with MPI family support for openmpi'
[  149s] Building with MPI family support for openmpi
[  149s] + echo hpc_mpi_dep_version: 4
[  149s] hpc_mpi_dep_version: 4
[  149s] + echo hpc_mpi_pack_version: 4
[  149s] hpc_mpi_pack_version: 4
[  149s] + echo hpc_mpi_family_path: -openmpi-4
[  149s] hpc_mpi_family_path: -openmpi-4
[  149s] + echo hpc_mpi_dir: openmpi4/
[  149s] hpc_mpi_dir: openmpi4/
[  149s] + echo
[  149s] 
[  149s] + echo hpc_prefix: /usr/lib/hpc/gnu13/openmpi4/netcdf/4.9.0
[  149s] hpc_prefix: /usr/lib/hpc/gnu13/openmpi4/netcdf/4.9.0
[  149s] + echo hpc_module_dep_path: /usr/share/lmod/moduledeps/gnu-13-openmpi-4
[  149s] hpc_module_dep_path: /usr/share/lmod/moduledeps/gnu-13-openmpi-4
[  149s] + echo
[  149s] 
[  149s] + cd /home/abuild/rpmbuild/BUILD
[  149s] + rm -rf netcdf-c-4.9.0
[  150s] + /usr/lib/rpm/rpmuncompress -x /home/abuild/rpmbuild/SOURCES/netcdf-c-4.9.0.tar.gz
[  151s] + STATUS=0
[  151s] + '[' 0 -ne 0 ']'
[  151s] + cd netcdf-c-4.9.0
[  151s] + /usr/bin/chmod -Rf a+rX,u+w,g-w,o-w .
[  151s] + /usr/lib/rpm/rpmuncompress /home/abuild/rpmbuild/SOURCES/parseServers-Fix-uninitialized-variable-simplify-error-path.patch
[  151s] + /usr/bin/patch -p1 -s --fuzz=0 --no-backup-if-mismatch -f
[  152s] + /usr/lib/rpm/rpmuncompress /home/abuild/rpmbuild/SOURCES/val_NC_check_voff-Fix-uninitialized-variable-warning.patch
[  152s] + /usr/bin/patch -p1 -s --fuzz=0 --no-backup-if-mismatch -f
[  152s] + /usr/lib/rpm/rpmuncompress /home/abuild/rpmbuild/SOURCES/pr_att-Fix-uninitialized-variable.patch
[  152s] + /usr/bin/patch -p1 -s --fuzz=0 --no-backup-if-mismatch -f
[  152s] + /usr/lib/rpm/rpmuncompress /home/abuild/rpmbuild/SOURCES/NCD4_dumpbytes-Add-missing-initialization-of-float-types.patch
[  152s] + /usr/bin/patch -p1 -s --fuzz=0 --no-backup-if-mismatch -f
[  153s] + /usr/lib/rpm/rpmuncompress /home/abuild/rpmbuild/SOURCES/NCZ_def_var_chunking-make-sure-cs-is-set-before-used.patch
[  153s] + /usr/bin/patch -p1 -s --fuzz=0 --no-backup-if-mismatch -f
[  153s] + /usr/lib/rpm/rpmuncompress /home/abuild/rpmbuild/SOURCES/Fix-spurious-uninitialized-variable-warning.patch
[  153s] + /usr/bin/patch -p1 -s --fuzz=0 --no-backup-if-mismatch -f
[  153s] + chmod a-x RELEASE_NOTES.md
[  153s] + RPM_EC=0
[  153s] ++ jobs -p
[  153s] + exit 0
[  153s] Executing(%build): /usr/bin/bash -e /var/tmp/rpm-tmp.ITpXke
[  154s] + umask 022
[  154s] + cd /home/abuild/rpmbuild/BUILD
[  154s] + /usr/bin/rm -rf /home/abuild/rpmbuild/BUILDROOT/netcdf_4_9_0-gnu-openmpi4-hpc-4.9.0-1.2.riscv64
[  154s] ++ dirname /home/abuild/rpmbuild/BUILDROOT/netcdf_4_9_0-gnu-openmpi4-hpc-4.9.0-1.2.riscv64
[  154s] + /usr/bin/mkdir -p /home/abuild/rpmbuild/BUILDROOT
[  154s] + /usr/bin/mkdir /home/abuild/rpmbuild/BUILDROOT/netcdf_4_9_0-gnu-openmpi4-hpc-4.9.0-1.2.riscv64
[  154s] + cd netcdf-c-4.9.0
[  154s] + ref=/usr/lib/rpm
[  154s] + mints=0
[  154s] + case $(uname -m) in
[  154s] ++ uname -m
[  154s] + mints=20160911
[  154s] + for s in guess sub
[  154s] ++ find -maxdepth 8 -name config.guess
[  154s] + for c in $(find -maxdepth 8 -name "config.$s")
[  154s] + grep -q config-patches@ ./config.guess
[  154s] ++ sed -n '/^timestamp=/{s///;s/[-'\''"]//g;p;q;}' ./config.guess
[  154s] + timestamp=20210603
[  154s] + test -n 20210603
[  154s] + test 20210603 -ge 20160911
[  154s] + for s in guess sub
[  154s] ++ find -maxdepth 8 -name config.sub
[  154s] + for c in $(find -maxdepth 8 -name "config.$s")
[  154s] + grep -q config-patches@ ./config.sub
[  154s] ++ sed -n '/^timestamp=/{s///;s/[-'\''"]//g;p;q;}' ./config.sub
[  155s] + timestamp=20210814
[  155s] + test -n 20210814
[  155s] + test 20210814 -ge 20160911
[  155s] + module purge
[  155s] + '[' -z '' ']'
[  155s] + case "$-" in
[  155s] + __lmod_sh_dbg=x
[  155s] + '[' -n x ']'
[  155s] + set +x
[  155s] Shell debugging temporarily silenced: export LMOD_SH_DBG_ON=1 for Lmod's output
[  155s] sh: line 1: /usr/bin/ps: No such file or directory
[  156s] Shell debugging restarted
[  156s] + unset __lmod_sh_dbg
[  156s] + return 0
[  156s] + export CC=gcc
[  156s] + CC=gcc
[  156s] + export CXX=g++
[  156s] + CXX=g++
[  156s] + export FC=gfortran
[  156s] + FC=gfortran
[  156s] + export F77=gfortran
[  156s] + F77=gfortran
[  156s] + module load gnu/13
[  156s] + '[' -z '' ']'
[  156s] + case "$-" in
[  156s] + __lmod_sh_dbg=x
[  156s] + '[' -n x ']'
[  156s] + set +x
[  156s] Shell debugging temporarily silenced: export LMOD_SH_DBG_ON=1 for Lmod's output
[  156s] sh: line 1: /usr/bin/ps: No such file or directory
[  157s] Shell debugging restarted
[  157s] + unset __lmod_sh_dbg
[  157s] + return 0
[  157s] + module load openmpi
[  157s] + '[' -z '' ']'
[  157s] + case "$-" in
[  157s] + __lmod_sh_dbg=x
[  157s] + '[' -n x ']'
[  157s] + set +x
[  157s] Shell debugging temporarily silenced: export LMOD_SH_DBG_ON=1 for Lmod's output
[  158s] sh: line 1: /usr/bin/ps: No such file or directory
[  163s] Lmod has detected the following error: The following module(s) are unknown:
[  163s] "openmpi"
[  163s] 
[  163s] Please check the spelling or version number. Also try "module spider ..."
[  163s] It is also possible your cache file is out-of-date; it may help to try:
[  163s]   $ module --ignore_cache load "openmpi"
[  163s] 
[  163s] Also make sure that all modulefiles written in TCL start with the string
[  163s] #%Module
[  163s] 
[  163s] 
[  163s] 
[  163s] Shell debugging restarted
[  163s] + unset __lmod_sh_dbg
[  163s] + return 1
[  163s] error: Bad exit status from /var/tmp/rpm-tmp.ITpXke (%build)
[  163s] 
[  163s] RPM build errors:
[  163s]     Bad exit status from /var/tmp/rpm-tmp.ITpXke (%build)
[  163s] ### VM INTERACTION START ###
[  164s] [0;1;38;5;185mFailed to write wtmp record, ignoring: Read-only file system[0m
[  164s] [0;1;38;5;185mFailed to write utmp record: Read-only file system[0m
[  164s] Powering off.
[  164s] [  158.035297][ T3839] reboot: Power down
[  164s] ### VM INTERACTION END ###
[  164s] 
[  164s] lamb56 failed "build netcdf.spec" at Mon Mar 20 20:58:30 UTC 2023.
[  164s] 
