[    0s] Using BUILD_ROOT=/var/cache/obs/worker/root_15/.mount
[    0s] Using BUILD_ARCH=riscv64
[    0s] Doing kvm build in /var/cache/obs/worker/root_15/root
[    0s] 
[    0s] 
[    0s] old-cirrus2 started "build netcdf-fortran.spec" at Wed Mar 22 09:28:58 UTC 2023.
[    0s] 
[    0s] Building netcdf-fortran:gnu-openmpi3-hpc for project 'openSUSE:Factory:RISCV' repository 'standard' arch 'riscv64' srcmd5 'dbb745b6794af7319c69b0d55c9ca722'
[    0s] 
[    0s] processing recipe /var/cache/obs/worker/root_15/.build-srcdir/netcdf-fortran.spec ...
[    1s] running changelog2spec --target rpm --file /var/cache/obs/worker/root_15/.build-srcdir/netcdf-fortran.spec
[    1s] init_buildsystem --configdir /var/run/obs/worker/15/build/configs --cachedir /var/cache/build --prepare --buildflavor gnu-openmpi3-hpc --clean --rpmlist /var/cache/obs/worker/root_15/.build.rpmlist /var/cache/obs/worker/root_15/.build-srcdir/netcdf-fortran.spec build ...
[    1s] unpacking preinstall image openSUSE:Factory:RISCV/standard/preinstallimage-base [6c787d53e9e0a0301c3756e0304cf3cc]
[    4s] 
[    4s] copying packages...
[    5s] reordering...cycle: libefa1 -> libibverbs1 -> libibverbs
[    5s]   breaking dependency libibverbs -> libefa1
[    5s] cycle: libibverbs1 -> libibverbs
[    5s]   breaking dependency libibverbs -> libibverbs1
[    5s] cycle: libibverbs1 -> libibverbs -> libmlx4-1
[    5s]   breaking dependency libibverbs -> libmlx4-1
[    5s] cycle: libibverbs1 -> libibverbs -> libmlx5-1
[    5s]   breaking dependency libmlx5-1 -> libibverbs1
[    5s] cycle: libpmix2 -> pmix-plugins
[    5s]   breaking dependency pmix-plugins -> libpmix2
[    5s] cycle: libopenmpi_3_1_6-gnu-hpc -> openmpi_3_1_6-gnu-hpc
[    5s]   breaking dependency libopenmpi_3_1_6-gnu-hpc -> openmpi_3_1_6-gnu-hpc
[    5s] done
[    5s] Detected virtio-serial support
[    6s] booting kvm...
[    6s] ### VM INTERACTION START ###
[    6s] Using virtio-serial support
[    6s] /usr/bin/qemu-kvm -nodefaults -no-reboot -nographic -vga none -cpu host -M pc,accel=kvm,usb=off,dump-guest-core=off,vmport=off -sandbox on -bios /usr/share/qemu/qboot.rom -object rng-random,filename=/dev/random,id=rng0 -device virtio-rng-pci,rng=rng0 -object iothread,id=io0 -runas qemu -net none -kernel /var/cache/obs/worker/root_15/.mount/boot/kernel -initrd /var/cache/obs/worker/root_15/.mount/boot/initrd -append root=/dev/disk/by-id/virtio-0 rootfstype=ext4 rootflags=noatime kvmclock mitigations=off elevator=noop nmi_watchdog=0 rw rd.driver.pre=binfmt_misc oops=panic panic=1 quiet console=hvc0 init=/.build/initvm.x86_64 -m 8192 -drive file=/var/cache/obs/worker/root_15/root,format=raw,if=none,id=disk,cache=unsafe,aio=io_uring -device virtio-blk-pci,iothread=io0,drive=disk,serial=0 -drive file=/var/cache/obs/worker/root_15/swap,format=raw,if=none,id=swap,cache=unsafe,aio=io_uring -device virtio-blk-pci,iothread=io0,drive=swap,serial=1 -device virtio-serial,max_ports=2 -device virtconsole,chardev=virtiocon0 -chardev stdio,id=virtiocon0 -chardev socket,id=monitor,server=on,wait=off,path=/var/cache/obs/worker/root_15/root.qemu/monitor -mon chardev=monitor,mode=readline -smp 4
[   11s] ### VM INTERACTION END ###
[   11s] 2nd stage started in virtual machine
[   12s] machine type: riscv64
[   12s] Linux version: 6.2.6-1-default #1 SMP PREEMPT_DYNAMIC Mon Mar 13 10:57:27 UTC 2023 (fa1a4c6)
[   12s] Increasing log level from now on...
[   12s] [    5.417995][  T369] sysrq: Changing Loglevel
[   12s] [    5.418218][  T369] sysrq: Loglevel set to 4
[   12s] Enable sysrq operations
[   13s] Setting up swapspace version 1, size = 2 GiB (2147479552 bytes)
[   13s] no label, UUID=22a096e2-0ab6-4d8d-85c2-627c778a6c2e
[   13s] swapon: /dev/vdb: found signature [pagesize=4096, signature=swap]
[   13s] swapon: /dev/vdb: pagesize=4096, swapsize=2147483648, devsize=2147483648
[   13s] swapon /dev/vdb
[   13s] WARNING: udev not running, creating extra device nodes
[   14s] logging output to //.build.log...
[   14s] processing recipe /.build-srcdir/netcdf-fortran.spec ...
[   14s] init_buildsystem --configdir /.build/configs --cachedir /var/cache/build --buildflavor gnu-openmpi3-hpc /.build-srcdir/netcdf-fortran.spec build ...
[   15s] initializing rpm db...
[   15s] querying package ids...
[   46s] [1/224] preinstalled aaa_base-84.87+git20220822.6b9f7a3-1.1
[   46s] [2/224] preinstalled aaa_base-malloccheck-84.87+git20220822.6b9f7a3-1.1
[   46s] [3/224] preinstalled attr-2.5.1-1.1
[   46s] [4/224] preinstalled bash-5.2.15-8.1
[   46s] [5/224] preinstalled bash-sh-5.2.15-8.1
[   46s] [6/224] preinstalled binutils-2.40-2.1
[   46s] [7/224] preinstalled brp-check-suse-84.87+git20221115.2f7add6-1.1
[   46s] [8/224] preinstalled build-compare-20221206T204012.bb70754-1.2
[   46s] [9/224] preinstalled build-mkbaselibs-20230314-1.1
[   46s] [10/224] preinstalled bzip2-1.0.8-5.1
[   46s] [11/224] preinstalled chkstat-1599_20230217-1.1
[   46s] [12/224] preinstalled compat-usrmerge-build-84.87-5.1
[   46s] [13/224] preinstalled compat-usrmerge-tools-84.87-5.1
[   46s] [14/224] preinstalled coreutils-9.1-5.1
[   46s] [15/224] preinstalled cpio-2.13-5.1
[   46s] [16/224] preinstalled cpp-13-1.1
[   46s] [17/224] preinstalled cpp13-13.0.1+git6669-7.1
[   46s] [18/224] cumulate crypto-policies-20210917.c9d86d1-1.1
[   46s] [19/224] preinstalled debugedit-5.0-5.1
[   46s] [20/224] preinstalled diffutils-3.9-1.1
[   46s] [21/224] preinstalled dwz-0.15-2.1
[   46s] [22/224] preinstalled elfutils-0.189-2.1
[   46s] [23/224] preinstalled file-5.44-1.2
[   46s] [24/224] preinstalled file-magic-5.44-1.2
[   46s] [25/224] preinstalled filesystem-84.87-12.1
[   46s] [26/224] preinstalled fillup-1.42-279.1
[   46s] [27/224] preinstalled findutils-4.9.0-2.1
[   46s] [28/224] preinstalled gawk-5.2.1-2.1
[   46s] [29/224] preinstalled gcc-13-1.1
[   46s] [30/224] preinstalled gcc-PIE-13-1.1
[   46s] [31/224] preinstalled gcc13-13.0.1+git6669-7.1
[   46s] [32/224] preinstalled gcc13-PIE-13.0.1+git6669-7.1
[   46s] [33/224] preinstalled gettext-runtime-mini-0.21.1-1.1
[   46s] [34/224] preinstalled gettext-tools-mini-0.21.1-1.1
[   46s] [35/224] preinstalled glibc-2.37-1.1
[   46s] [36/224] preinstalled glibc-devel-2.37-1.1
[   46s] [37/224] preinstalled glibc-locale-base-2.37-1.1
[   46s] [38/224] preinstalled grep-3.9-1.1
[   46s] [39/224] preinstalled gzip-1.12-3.1
[   46s] [40/224] cumulate hwloc-data-2.9.0-2.1
[   46s] [41/224] preinstalled kernel-obs-build-6.2.6-1.2
[   46s] [42/224] preinstalled libacl1-2.3.1-2.1
[   46s] [43/224] preinstalled libasan8-13.0.1+git6669-7.1
[   46s] [44/224] preinstalled libasm1-0.189-2.1
[   46s] [45/224] preinstalled libatomic1-13.0.1+git6669-7.1
[   46s] [46/224] preinstalled libattr1-2.5.1-1.1
[   46s] [47/224] preinstalled libaudit1-3.0.9-1.1
[   46s] [48/224] preinstalled libblkid1-2.38.1-10.1
[   46s] [49/224] cumulate libbrotlicommon1-1.0.9-3.1
[   46s] [50/224] preinstalled libbz2-1-1.0.8-5.1
[   46s] [51/224] preinstalled libcap-ng0-0.8.3-1.1
[   46s] [52/224] preinstalled libcap2-2.67-1.1
[   46s] [53/224] cumulate libcbor0_10-0.10.2-1.1
[   46s] [54/224] cumulate libcom_err2-1.46.5-4.1
[   46s] [55/224] preinstalled libcrypt1-4.4.33-2.1
[   46s] [56/224] preinstalled libctf-nobfd0-2.40-2.1
[   46s] [57/224] preinstalled libctf0-2.40-2.1
[   46s] [58/224] preinstalled libdb-4_8-4.8.30-40.1
[   46s] [59/224] preinstalled libdw1-0.189-2.1
[   46s] [60/224] preinstalled libeconf0-0.5.1-1.1
[   46s] [61/224] cumulate libedit0-20210910.3.1-1.1
[   46s] [62/224] preinstalled libelf1-0.189-2.1
[   46s] [63/224] preinstalled libfdisk1-2.38.1-10.1
[   46s] [64/224] preinstalled libgcc_s1-13.0.1+git6669-7.1
[   46s] [65/224] preinstalled libgcrypt20-1.10.1-2.1
[   46s] [66/224] preinstalled libgdbm6-1.23-1.1
[   46s] [67/224] preinstalled libgdbm_compat4-1.23-1.1
[   46s] [68/224] cumulate libgfortran5-13.0.1+git6669-7.1
[   46s] [69/224] preinstalled libgmp10-6.2.1-4.1
[   46s] [70/224] preinstalled libgomp1-13.0.1+git6669-7.1
[   46s] [71/224] preinstalled libgpg-error0-1.46-1.1
[   46s] [72/224] cumulate libibumad3-42.0-2.1
[   46s] [73/224] preinstalled libisl23-0.25-1.1
[   46s] [74/224] preinstalled libitm1-13.0.1+git6669-7.1
[   46s] [75/224] cumulate libkeyutils1-1.6.3-5.1
[   46s] [76/224] preinstalled liblua5_4-5-5.4.4-8.1
[   46s] [77/224] preinstalled liblzma5-5.4.1-2.1
[   46s] [78/224] preinstalled libmagic1-5.44-1.2
[   46s] [79/224] cumulate libmca_common_dstore1-3.2.3-8.1
[   46s] [80/224] preinstalled libmount1-2.38.1-10.1
[   46s] [81/224] preinstalled libmpc3-1.3.1-1.2
[   46s] [82/224] preinstalled libmpfr6-4.2.0-1.1
[   46s] [83/224] preinstalled libncurses6-6.4.20230311-8.1
[   46s] [84/224] cumulate libnghttp2-14-1.51.0-7.2
[   46s] [85/224] cumulate libnl-config-3.7.0-1.1
[   46s] [86/224] cumulate libpciaccess0-0.17-1.1
[   46s] [87/224] preinstalled libpcre2-8-0-10.42-3.2
[   46s] [88/224] preinstalled libpkgconf3-1.8.0-2.1
[   46s] [89/224] preinstalled libpopt0-1.19-1.1
[   46s] [90/224] preinstalled libreadline8-8.2-2.1
[   46s] [91/224] preinstalled librpmbuild9-4.18.0-4.1
[   46s] [92/224] cumulate libsasl2-3-2.1.28-4.2
[   46s] [93/224] preinstalled libseccomp2-2.5.4-2.1
[   46s] [94/224] preinstalled libselinux1-3.5-1.1
[   46s] [95/224] preinstalled libsemanage-conf-3.5-1.1
[   46s] [96/224] preinstalled libsemanage2-3.5-1.1
[   46s] [97/224] preinstalled libsepol2-3.5-1.1
[   46s] [98/224] preinstalled libsmartcols1-2.38.1-10.1
[   46s] [99/224] cumulate libssh-config-0.10.4-1.2
[   46s] [100/224] preinstalled libstdc++6-13.0.1+git6669-7.1
[   46s] [101/224] cumulate libstdc++6-devel-gcc13-13.0.1+git6669-7.1
[   46s] [102/224] preinstalled libsubid4-4.13-4.1
[   46s] [103/224] cumulate libsystemd0-mini-253.1-2.1
[   46s] [104/224] preinstalled libubsan1-13.0.1+git6669-7.1
[   46s] [105/224] cumulate libudev-mini1-253.1-2.1
[   46s] [106/224] cumulate libunistring5-1.1-1.1
[   46s] [107/224] preinstalled libutempter0-1.2.0-3.2
[   46s] [108/224] preinstalled libuuid1-2.38.1-10.1
[   46s] [109/224] cumulate libverto1-0.3.2-1.1
[   46s] [110/224] preinstalled libxcrypt-devel-4.4.33-2.1
[   46s] [111/224] cumulate libxml2-2-2.10.3-3.1
[   46s] [112/224] preinstalled libz1-1.2.13-3.1
[   46s] [113/224] preinstalled libzstd1-1.5.4-2.1
[   46s] [114/224] preinstalled linux-glibc-devel-6.2-1.1
[   46s] [115/224] preinstalled login_defs-4.13-4.1
[   46s] [116/224] preinstalled lua54-5.4.4-8.1
[   46s] [117/224] cumulate lua54-luafilesystem-1.8.0-6.1
[   46s] [118/224] cumulate lua54-luaposix-35.1-2.1
[   46s] [119/224] cumulate lua54-luaterm-0.07-8.1
[   46s] [120/224] cumulate m4-1.4.18-7.1
[   46s] [121/224] preinstalled make-4.4.1-1.1
[   46s] [122/224] preinstalled ncurses-utils-6.4.20230311-8.1
[   46s] [123/224] cumulate openmpi4-config-4.1.4-2.1
[   46s] [124/224] preinstalled pam-1.5.2-13.1
[   46s] [125/224] preinstalled patch-2.7.6-6.1
[   46s] [126/224] preinstalled perl-5.36.0-4.1
[   46s] [127/224] preinstalled perl-base-5.36.0-4.1
[   46s] [128/224] preinstalled permissions-1599_20230217-1.1
[   46s] [129/224] preinstalled permissions-config-1599_20230217-1.1
[   46s] [130/224] preinstalled pkgconf-1.8.0-2.1
[   46s] [131/224] preinstalled pkgconf-m4-1.8.0-2.1
[   46s] [132/224] preinstalled pkgconf-pkg-config-1.8.0-2.1
[   46s] [133/224] preinstalled polkit-default-privs-1550+20230307.7f42172-1.1
[   46s] [134/224] preinstalled post-build-checks-84.87+git20230302.ff58c9e-1.1
[   46s] [135/224] preinstalled qemu-linux-user-7.1.0-54.1
[   46s] [136/224] preinstalled rpm-4.18.0-4.1
[   46s] [137/224] preinstalled rpm-build-4.18.0-4.1
[   46s] [138/224] preinstalled rpm-build-perl-4.18.0-4.1
[   46s] [139/224] preinstalled rpm-config-SUSE-20220926-1.1
[   46s] [140/224] preinstalled rpmlint-mini-2.4.0+git20230316.e10f602-9.19
[   46s] [141/224] preinstalled rpmlint-strict-2.4.0+git20230316.e10f602-1.1
[   46s] [142/224] preinstalled sed-4.9-2.1
[   46s] [143/224] preinstalled shadow-4.13-4.1
[   46s] [144/224] cumulate suse-hpc-0.5.20220525.fd76646-1.1
[   46s] [145/224] cumulate suse-module-tools-16.0.30-1.1
[   46s] [146/224] preinstalled system-group-hardware-20170617-24.1
[   46s] [147/224] cumulate system-group-kvm-20170617-24.1
[   46s] [148/224] preinstalled system-user-root-20190513-2.1
[   46s] [149/224] cumulate systemd-mini-253.1-2.1
[   46s] [150/224] preinstalled systemd-rpm-macros-19-1.1
[   46s] [151/224] preinstalled sysuser-shadow-3.1-5.1
[   46s] [152/224] preinstalled tar-1.34-10.1
[   46s] [153/224] cumulate tcl-8.6.13-4.1
[   46s] [154/224] preinstalled terminfo-base-6.4.20230311-8.1
[   46s] [155/224] preinstalled update-alternatives-1.21.8-1.1
[   46s] [156/224] preinstalled util-linux-2.38.1-10.1
[   46s] [157/224] preinstalled which-2.21-5.1
[   46s] [158/224] preinstalled xz-5.4.1-2.1
[   46s] [159/224] cumulate zlib-devel-1.2.13-3.1
[   46s] [160/224] cumulate gcc13-c++-13.0.1+git6669-7.1
[   46s] [161/224] cumulate gcc13-fortran-13.0.1+git6669-7.1
[   46s] [162/224] cumulate libbrotlidec1-1.0.9-3.1
[   46s] [163/224] cumulate libhidapi-hidraw0-0.13.1-1.1
[   46s] [164/224] cumulate libibmad5-42.0-2.1
[   46s] [165/224] cumulate libidn2-0-2.3.4-1.1
[   46s] [166/224] cumulate libnl3-200-3.7.0-1.1
[   46s] [167/224] cumulate libopenssl3-3.0.8-2.1
[   46s] [168/224] cumulate krb5-mini-1.20.1-4.1
[   46s] [169/224] cumulate libhwloc15-2.9.0-2.1
[   46s] [170/224] cumulate lua-lmod-8.7.17-2.1
[   46s] [171/224] cumulate gcc-c++-13-1.1
[   46s] [172/224] cumulate gcc-fortran-13-1.1
[   46s] [173/224] cumulate gnu-compilers-hpc-1.4-10.2
[   46s] [174/224] cumulate hdf5_1_12_2-gnu-openmpi3-hpc-module-1.12.2-4.1
[   46s] [175/224] cumulate libevent-2_1-7-2.1.12-3.2
[   46s] [176/224] cumulate openssh-common-8.9p1-7.3
[   46s] [177/224] cumulate kmod-30-2.2
[   46s] [178/224] cumulate libibnetdisc5-42.0-2.1
[   46s] [179/224] cumulate libldap2-2.6.3-3.2
[   46s] [180/224] cumulate libpsl5-0.21.2-1.1
[   46s] [181/224] cumulate libssh4-0.10.4-1.2
[   46s] [182/224] cumulate libfido2-1-1.13.0-1.1
[   46s] [183/224] cumulate libhdf5_1_12_2-gnu-openmpi3-hpc-1.12.2-4.1
[   46s] [184/224] cumulate libhdf5_cpp_1_12_2-gnu-openmpi3-hpc-1.12.2-4.1
[   46s] [185/224] cumulate libhdf5_hl_1_12_2-gnu-openmpi3-hpc-1.12.2-4.1
[   46s] [186/224] cumulate libhdf5_hl_cpp_1_12_2-gnu-openmpi3-hpc-1.12.2-4.1
[   46s] [187/224] cumulate libhdf5_fortran_1_12_2-gnu-openmpi3-hpc-1.12.2-4.1
[   46s] [188/224] cumulate libhdf5hl_fortran_1_12_2-gnu-openmpi3-hpc-1.12.2-4.1
[   46s] [189/224] cumulate infiniband-diags-42.0-2.1
[   46s] [190/224] cumulate udev-mini-253.1-2.1
[   46s] [191/224] cumulate gnu-compilers-hpc-devel-1.4-10.2
[   46s] [192/224] cumulate openssh-clients-8.9p1-7.3
[   46s] [193/224] cumulate openssh-server-8.9p1-7.3
[   46s] [194/224] cumulate libcurl4-7.88.1-1.1
[   46s] [195/224] cumulate gnu-compilers-hpc-macros-devel-1.4-10.2
[   46s] [196/224] cumulate libcurl-devel-7.88.1-1.1
[   46s] [197/224] cumulate libhdf5-gnu-openmpi3-hpc-1.12.2-4.1
[   46s] [198/224] cumulate libhdf5_hl-gnu-openmpi3-hpc-1.12.2-4.1
[   46s] [199/224] cumulate openssh-8.9p1-7.3
[   46s] [200/224] cumulate rdma-core-42.0-2.1
[   46s] [201/224] cumulate libmlx5-1-42.0-2.1
[   46s] [202/224] cumulate pmix-plugins-3.2.3-8.1
[   46s] [203/224] cumulate libpmix2-3.2.3-8.1
[   46s] [204/224] cumulate libibverbs-42.0-2.1
[   46s] [205/224] cumulate libibverbs1-42.0-2.1
[   46s] [206/224] cumulate libefa1-42.0-2.1
[   46s] [207/224] cumulate libmlx4-1-42.0-2.1
[   46s] [208/224] cumulate librdmacm1-42.0-2.1
[   46s] [209/224] cumulate rsocket-42.0-2.1
[   46s] [210/224] cumulate libfabric1-1.16.1-2.1
[   46s] [211/224] cumulate libopenmpi_3_1_6-gnu-hpc-3.1.6-7.1
[   46s] [212/224] cumulate rdma-core-devel-42.0-2.1
[   46s] [213/224] cumulate libopenmpi3-gnu-hpc-3.1.6-7.1
[   46s] [214/224] cumulate openmpi_3_1_6-gnu-hpc-3.1.6-7.1
[   47s] [215/224] cumulate hdf5_1_12_2-gnu-openmpi3-hpc-1.12.2-4.1
[   47s] [216/224] cumulate libnetcdf_4_9_0-gnu-openmpi3-hpc-4.9.0-1.1
[   47s] [217/224] cumulate openmpi_3_1_6-gnu-hpc-devel-3.1.6-7.1
[   47s] [218/224] cumulate openmpi3-gnu-hpc-devel-3.1.6-7.1
[   47s] [219/224] cumulate openmpi_3_1_6-gnu-hpc-macros-devel-3.1.6-7.1
[   47s] [220/224] cumulate openmpi3-gnu-hpc-macros-devel-3.1.6-7.1
[   47s] [221/224] cumulate hdf5_1_12_2-gnu-openmpi3-hpc-devel-1.12.2-4.1
[   47s] [222/224] cumulate hdf5-gnu-openmpi3-hpc-devel-1.12.2-4.1
[   47s] [223/224] cumulate netcdf_4_9_0-gnu-openmpi3-hpc-devel-4.9.0-1.1
[   47s] [224/224] cumulate netcdf-gnu-openmpi3-hpc-devel-4.9.0-1.1
[   47s] now installing cumulated packages
[   47s] Preparing...                          ########################################
[   47s] Updating / installing...
[   47s] libibumad3-42.0-2.1                   ########################################
[   48s] libgfortran5-13.0.1+git6669-7.1       ########################################
[   48s] libxml2-2-2.10.3-3.1                  ########################################
[   58s] gcc13-fortran-13.0.1+git6669-7.1      ########################################
[   59s] libibmad5-42.0-2.1                    ########################################
[   59s] zlib-devel-1.2.13-3.1                 ########################################
[   59s] systemd-mini-253.1-2.1                warning: group systemd-journal does not exist - using root
[   61s] ########################################
[   61s] Creating group 'systemd-journal' with GID 486.
[   61s] Creating group 'systemd-timesync' with GID 485.
[   61s] Creating user 'systemd-timesync' (systemd Time Synchronization) with UID 485 and GID 485.
[   61s] Running in chroot, ignoring command 'daemon-reexec'
[   62s] /usr/lib/tmpfiles.d/journal-nocow.conf:26: Failed to resolve specifier: uninitialized /etc/ detected, skipping.
[   62s] All rules containing unresolvable specifiers will be skipped.
[   63s] libunistring5-1.1-1.1                 ########################################
[   63s] libidn2-0-2.3.4-1.1                   ########################################
[   63s] libudev-mini1-253.1-2.1               ########################################
[   63s] libcom_err2-1.46.5-4.1                ########################################
[   63s] libhidapi-hidraw0-0.13.1-1.1          ########################################
[   63s] libpsl5-0.21.2-1.1                    ########################################
[   64s] libibnetdisc5-42.0-2.1                ########################################
[   64s] infiniband-diags-42.0-2.1             ########################################
[   64s] gcc-fortran-13-1.1                    ########################################
[   65s] tcl-8.6.13-4.1                        ########################################
[   65s] /usr/bin/systemd-sysusers --replace=/usr/lib/sysusers.d/system-group-kvm.conf -
[   65s] Creating group 'kvm' with GID 36.
[   65s] system-group-kvm-20170617-24.1        ########################################
[   65s] openmpi4-config-4.1.4-2.1             ########################################
[   65s] lua54-luaterm-0.07-8.1                ########################################
[   65s] lua54-luaposix-35.1-2.1               ########################################
[   66s] lua54-luafilesystem-1.8.0-6.1         ########################################
[   66s] lua-lmod-8.7.17-2.1                   ########################################
[   66s] hdf5_1_12_2-gnu-openmpi3-hpc-module-1.########################################
[   66s] gnu-compilers-hpc-1.4-10.2            ########################################
[   66s] libhdf5_1_12_2-gnu-openmpi3-hpc-1.12.2########################################
[   67s] libhdf5_hl_1_12_2-gnu-openmpi3-hpc-1.1########################################
[   67s] libhdf5_fortran_1_12_2-gnu-openmpi3-hp########################################
[   67s] libhdf5hl_fortran_1_12_2-gnu-openmpi3-########################################
[   67s] libhdf5_hl-gnu-openmpi3-hpc-1.12.2-4.1########################################
[   67s] libhdf5-gnu-openmpi3-hpc-1.12.2-4.1   ########################################
[   67s] libhdf5_cpp_1_12_2-gnu-openmpi3-hpc-1.########################################
[   67s] libhdf5_hl_cpp_1_12_2-gnu-openmpi3-hpc########################################
[   67s] libverto1-0.3.2-1.1                   ########################################
[   67s] libsystemd0-mini-253.1-2.1            ########################################
[   81s] libstdc++6-devel-gcc13-13.0.1+git6669-########################################
[   86s] gcc13-c++-13.0.1+git6669-7.1          ########################################
[   86s] gcc-c++-13-1.1                        ########################################
[   86s] gnu-compilers-hpc-devel-1.4-10.2      ########################################
[   86s] libssh-config-0.10.4-1.2              ########################################
[   86s] libsasl2-3-2.1.28-4.2                 ########################################
[   86s] libpciaccess0-0.17-1.1                ########################################
[   86s] libnl-config-3.7.0-1.1                ########################################
[   86s] libnl3-200-3.7.0-1.1                  ########################################
[   86s] libnghttp2-14-1.51.0-7.2              ########################################
[   86s] libmca_common_dstore1-3.2.3-8.1       ########################################
[   87s] libkeyutils1-1.6.3-5.1                ########################################
[   88s] krb5-mini-1.20.1-4.1                  ########################################
[   88s] Updating /etc/sysconfig/kadmind ...
[   89s] Updating /etc/sysconfig/krb5kdc ...
[   89s] libedit0-20210910.3.1-1.1             ########################################
[   89s] libcbor0_10-0.10.2-1.1                ########################################
[   89s] libbrotlicommon1-1.0.9-3.1            ########################################
[   89s] libbrotlidec1-1.0.9-3.1               ########################################
[   89s] hwloc-data-2.9.0-2.1                  ########################################
[   89s] libhwloc15-2.9.0-2.1                  ########################################
[   89s] crypto-policies-20210917.c9d86d1-1.1  ########################################
[   90s] libopenssl3-3.0.8-2.1                 ########################################
[   90s] libevent-2_1-7-2.1.12-3.2             ########################################
[   91s] suse-module-tools-16.0.30-1.1         ########################################
[   91s] kmod-30-2.2                           ########################################
[   92s] openssh-common-8.9p1-7.3              ########################################
[   92s] libfido2-1-1.13.0-1.1                 ########################################
[   92s] openssh-clients-8.9p1-7.3             ########################################
[   93s] /usr/bin/systemd-sysusers --replace=/usr/lib/sysusers.d/sshd.conf -
[   93s] Creating group 'sshd' with GID 484.
[   93s] Creating user 'sshd' (SSH daemon) with UID 484 and GID 484.
[   93s] openssh-server-8.9p1-7.3              ########################################
[   93s] Updating /etc/sysconfig/ssh ...
[   93s] openssh-8.9p1-7.3                     ########################################
[   95s] udev-mini-253.1-2.1                   ########################################
[  104s] Failed to preset unit, unit remote-cryptsetup.target does not exist.
[  105s] rdma-core-42.0-2.1                    ########################################
[  105s] libmlx5-1-42.0-2.1                    ########################################
[  105s] libefa1-42.0-2.1                      ########################################
[  105s] libmlx4-1-42.0-2.1                    ########################################
[  105s] libibverbs1-42.0-2.1                  ########################################
[  105s] libibverbs-42.0-2.1                   ########################################
[  105s] librdmacm1-42.0-2.1                   ########################################
[  106s] libfabric1-1.16.1-2.1                 ########################################
[  106s] rsocket-42.0-2.1                      ########################################
[  106s] rdma-core-devel-42.0-2.1              ########################################
[  106s] pmix-plugins-3.2.3-8.1                ########################################
[  106s] libpmix2-3.2.3-8.1                    ########################################
[  107s] libopenmpi_3_1_6-gnu-hpc-3.1.6-7.1    ########################################
[  107s] openmpi_3_1_6-gnu-hpc-3.1.6-7.1       ########################################
[  107s] openmpi_3_1_6-gnu-hpc-devel-3.1.6-7.1 ########################################
[  107s] openmpi3-gnu-hpc-devel-3.1.6-7.1      ########################################
[  107s] libopenmpi3-gnu-hpc-3.1.6-7.1         ########################################
[  108s] hdf5_1_12_2-gnu-openmpi3-hpc-1.12.2-4.########################################
[  108s] hdf5_1_12_2-gnu-openmpi3-hpc-devel-1.1########################################
[  108s] hdf5-gnu-openmpi3-hpc-devel-1.12.2-4.1########################################
[  108s] openmpi_3_1_6-gnu-hpc-macros-devel-3.1########################################
[  108s] libldap2-2.6.3-3.2                    ########################################
[  108s] libssh4-0.10.4-1.2                    ########################################
[  109s] libcurl4-7.88.1-1.1                   ########################################
[  109s] libcurl-devel-7.88.1-1.1              ########################################
[  109s] libnetcdf_4_9_0-gnu-openmpi3-hpc-4.9.0########################################
[  109s] netcdf_4_9_0-gnu-openmpi3-hpc-devel-4.########################################
[  109s] netcdf-gnu-openmpi3-hpc-devel-4.9.0-1.########################################
[  109s] openmpi3-gnu-hpc-macros-devel-3.1.6-7.########################################
[  109s] gnu-compilers-hpc-macros-devel-1.4-10.########################################
[  109s] suse-hpc-0.5.20220525.fd76646-1.1     ########################################
[  109s] m4-1.4.18-7.1                         ########################################
[  111s] regenerate-initrd-posttrans: dracut is not installed, not rebuilding the initrd
[  111s] regenerate-initrd-posttrans: dracut is not installed, not rebuilding the initrd
[  117s] now finalizing build dir...
[  117s] ... running 01-add_abuild_user_to_trusted_group
[  117s] ... running 02-set_timezone_to_utc
[  118s] ... running 03-set-permissions-secure
[  118s] ... running 11-hack_uname_version_to_kernel_version
[  121s] sh: line 1: /usr/bin/ps: No such file or directory
[  127s] Warning: spec file parser line 544: can't expand %(...)
[  127s] Warning: spec file parser line 546: can't expand %(...)
[  127s] Warning: spec file parser line 556: can't expand %(...)
[  127s] Warning: spec file parser line 557: can't expand %(...)
[  128s] -----------------------------------------------------------------
[  128s] I have the following modifications for netcdf-fortran.spec:
[  128s] 19c19
[  128s] < %global flavor @BUILD_FLAVOR@%{nil}
[  128s] ---
[  128s] > %global flavor gnu-openmpi3-hpc%{nil}
[  128s] 344c344
[  128s] < Release:        0
[  128s] ---
[  128s] > Release:        4.3
[  128s] 354c354
[  128s] < BuildRequires:  pkg-config
[  128s] ---
[  128s] > BuildRequires:  pkgconf-pkg-config
[  135s] build target is riscv64-suse-linux
[  135s] -----------------------------------------------------------------
[  135s] ----- building netcdf-fortran.spec (user abuild)
[  135s] -----------------------------------------------------------------
[  135s] -----------------------------------------------------------------
[  140s] sh: line 1: /usr/bin/ps: No such file or directory
[  141s] + exec rpmbuild -ba --define '_srcdefattr (-,root,root)' --nosignature --target=riscv64-suse-linux --define '_build_create_debug 1' --define 'disturl obs://build.opensuse.org/openSUSE:Factory:RISCV/standard/dbb745b6794af7319c69b0d55c9ca722-netcdf-fortran:gnu-openmpi3-hpc' /home/abuild/rpmbuild/SOURCES/netcdf-fortran.spec
[  141s] Building target platforms: riscv64-suse-linux
[  141s] Building for target riscv64-suse-linux
[  141s]  Building for gnu 
[  141s]  hpc_gnu_init 
[  144s] warning: /home/abuild/rpmbuild/SOURCES/netcdf-fortran.spec: line 414: Macro %_pname defined but not used within scope
[  150s] setting SOURCE_DATE_EPOCH=1664236800
[  150s] Executing(%prep): /usr/bin/bash -e /var/tmp/rpm-tmp.815UqY
[  151s] + umask 022
[  151s] + cd /home/abuild/rpmbuild/BUILD
[  151s] + cd /home/abuild/rpmbuild/BUILD
[  151s] + rm -rf netcdf-fortran-4.5.3
[  151s] + /usr/lib/rpm/rpmuncompress -x /home/abuild/rpmbuild/SOURCES/netcdf-fortran-4.5.3.tar.gz
[  151s] + STATUS=0
[  151s] + '[' 0 -ne 0 ']'
[  151s] + cd netcdf-fortran-4.5.3
[  151s] + /usr/bin/chmod -Rf a+rX,u+w,g-w,o-w .
[  151s] + chmod a-x RELEASE_NOTES.md
[  151s] + RPM_EC=0
[  151s] ++ jobs -p
[  151s] + exit 0
[  152s] Executing(%build): /usr/bin/bash -e /var/tmp/rpm-tmp.g8w7B9
[  152s] + umask 022
[  152s] + cd /home/abuild/rpmbuild/BUILD
[  152s] + /usr/bin/rm -rf /home/abuild/rpmbuild/BUILDROOT/netcdf-fortran_4_5_3-gnu-openmpi3-hpc-4.5.3-4.3.riscv64
[  152s] ++ dirname /home/abuild/rpmbuild/BUILDROOT/netcdf-fortran_4_5_3-gnu-openmpi3-hpc-4.5.3-4.3.riscv64
[  152s] + /usr/bin/mkdir -p /home/abuild/rpmbuild/BUILDROOT
[  152s] + /usr/bin/mkdir /home/abuild/rpmbuild/BUILDROOT/netcdf-fortran_4_5_3-gnu-openmpi3-hpc-4.5.3-4.3.riscv64
[  152s] + cd netcdf-fortran-4.5.3
[  152s] + ref=/usr/lib/rpm
[  152s] + mints=0
[  152s] + case $(uname -m) in
[  152s] ++ uname -m
[  152s] + mints=20160911
[  152s] + for s in guess sub
[  152s] ++ find -maxdepth 8 -name config.guess
[  152s] + for c in $(find -maxdepth 8 -name "config.$s")
[  152s] + grep -q config-patches@ ./config.guess
[  153s] ++ sed -n '/^timestamp=/{s///;s/[-'\''"]//g;p;q;}' ./config.guess
[  153s] + timestamp=20200101
[  153s] + test -n 20200101
[  153s] + test 20200101 -ge 20160911
[  153s] + for s in guess sub
[  153s] ++ find -maxdepth 8 -name config.sub
[  153s] + for c in $(find -maxdepth 8 -name "config.$s")
[  153s] + grep -q config-patches@ ./config.sub
[  153s] ++ sed -n '/^timestamp=/{s///;s/[-'\''"]//g;p;q;}' ./config.sub
[  153s] + timestamp=20200101
[  153s] + test -n 20200101
[  153s] + test 20200101 -ge 20160911
[  153s] + module purge
[  153s] + '[' -z '' ']'
[  153s] + case "$-" in
[  153s] + __lmod_sh_dbg=x
[  153s] + '[' -n x ']'
[  153s] + set +x
[  153s] Shell debugging temporarily silenced: export LMOD_SH_DBG_ON=1 for Lmod's output
[  153s] sh: line 1: /usr/bin/ps: No such file or directory
[  154s] Shell debugging restarted
[  154s] + unset __lmod_sh_dbg
[  154s] + return 0
[  154s] + export CC=gcc
[  154s] + CC=gcc
[  154s] + export CXX=g++
[  154s] + CXX=g++
[  154s] + export FC=gfortran
[  154s] + FC=gfortran
[  154s] + export F77=gfortran
[  154s] + F77=gfortran
[  154s] + module load gnu/13
[  154s] + '[' -z '' ']'
[  154s] + case "$-" in
[  154s] + __lmod_sh_dbg=x
[  154s] + '[' -n x ']'
[  154s] + set +x
[  154s] Shell debugging temporarily silenced: export LMOD_SH_DBG_ON=1 for Lmod's output
[  155s] sh: line 1: /usr/bin/ps: No such file or directory
[  156s] Shell debugging restarted
[  156s] + unset __lmod_sh_dbg
[  156s] + return 0
[  156s] + module load openmpi
[  156s] + '[' -z '' ']'
[  156s] + case "$-" in
[  156s] + __lmod_sh_dbg=x
[  156s] + '[' -n x ']'
[  156s] + set +x
[  156s] Shell debugging temporarily silenced: export LMOD_SH_DBG_ON=1 for Lmod's output
[  156s] sh: line 1: /usr/bin/ps: No such file or directory
[  161s] Lmod has detected the following error: The following module(s) are unknown:
[  161s] "openmpi"
[  161s] 
[  161s] Please check the spelling or version number. Also try "module spider ..."
[  161s] It is also possible your cache file is out-of-date; it may help to try:
[  161s]   $ module --ignore_cache load "openmpi"
[  161s] 
[  161s] Also make sure that all modulefiles written in TCL start with the string
[  161s] #%Module
[  161s] 
[  161s] 
[  161s] 
[  161s] Shell debugging restarted
[  161s] + unset __lmod_sh_dbg
[  161s] + return 1
[  161s] error: Bad exit status from /var/tmp/rpm-tmp.g8w7B9 (%build)
[  161s] 
[  161s] RPM build warnings:
[  161s]     /home/abuild/rpmbuild/SOURCES/netcdf-fortran.spec: line 414: Macro %_pname defined but not used within scope
[  161s] 
[  161s] RPM build errors:
[  161s]     Bad exit status from /var/tmp/rpm-tmp.g8w7B9 (%build)
[  161s] ### VM INTERACTION START ###
[  161s] [0;1;38;5;185mFailed to write wtmp record, ignoring: Read-only file system[0m
[  161s] [0;1;38;5;185mFailed to write utmp record: Read-only file system[0m
[  161s] Powering off.
[  161s] [  154.714541][ T3617] reboot: Power down
[  161s] ### VM INTERACTION END ###
[  161s] 
[  161s] old-cirrus2 failed "build netcdf-fortran.spec" at Wed Mar 22 09:31:39 UTC 2023.
[  161s] 
