[    0s] Using BUILD_ROOT=/var/cache/obs/worker/root_2/.mount
[    0s] Using BUILD_ARCH=riscv64
[    0s] Doing kvm build in /var/cache/obs/worker/root_2/root
[    0s] 
[    0s] 
[    0s] lamb55 started "build noson.spec" at Fri Apr  7 06:26:30 UTC 2023.
[    0s] 
[    0s] Building noson for project 'openSUSE:Factory:RISCV' repository 'standard' arch 'riscv64' srcmd5 '7e295c6a555198cda94d75ef810f0ac1'
[    0s] 
[    0s] processing recipe /var/cache/obs/worker/root_2/.build-srcdir/noson.spec ...
[    0s] running changelog2spec --target rpm --file /var/cache/obs/worker/root_2/.build-srcdir/noson.spec
[    0s] init_buildsystem --configdir /var/run/obs/worker/2/build/configs --cachedir /var/cache/build --prepare --clean --rpmlist /var/cache/obs/worker/root_2/.build.rpmlist /var/cache/obs/worker/root_2/.build-srcdir/noson.spec build ...
[    1s] unpacking preinstall image openSUSE:Factory:RISCV/standard/preinstallimage-base [f7e128b7d5cc24b40f1a4e1a4c4e1fc4]
[    3s] 
[    3s] copying packages...
[    3s] reordering...cycle: python310-base -> libpython3_10-1_0
[    3s]   breaking dependency python310-base -> libpython3_10-1_0
[    3s] cycle: gio-branding-upstream -> libgio-2_0-0
[    3s]   breaking dependency libgio-2_0-0 -> gio-branding-upstream
[    3s] cycle: libgio-2_0-0 -> glib2-tools
[    3s]   breaking dependency libgio-2_0-0 -> glib2-tools
[    3s] cycle: openssl -> openssl-3
[    3s]   breaking dependency openssl-3 -> openssl
[    3s] cycle: libopenssl-3-devel -> libopenssl-devel
[    3s]   breaking dependency libopenssl-devel -> libopenssl-3-devel
[    3s] done
[    3s] Detected virtio-serial support
[    4s] booting kvm...
[    4s] ### VM INTERACTION START ###
[    4s] Using virtio-serial support
[    4s] /usr/bin/qemu-kvm -nodefaults -no-reboot -nographic -vga none -cpu host -M pc,accel=kvm,usb=off,dump-guest-core=off,vmport=off -sandbox on -bios /usr/share/qemu/qboot.rom -object rng-random,filename=/dev/random,id=rng0 -device virtio-rng-pci,rng=rng0 -object iothread,id=io0 -runas qemu -net none -kernel /var/cache/obs/worker/root_2/.mount/boot/kernel -initrd /var/cache/obs/worker/root_2/.mount/boot/initrd -append root=/dev/disk/by-id/virtio-0 rootfstype=ext4 rootflags=noatime kvmclock mitigations=off elevator=noop nmi_watchdog=0 rw rd.driver.pre=binfmt_misc oops=panic panic=1 quiet console=hvc0 init=/.build/initvm.x86_64 -m 8192 -drive file=/var/cache/obs/worker/root_2/root,format=raw,if=none,id=disk,cache=unsafe,aio=io_uring -device virtio-blk-pci,iothread=io0,drive=disk,serial=0 -drive file=/var/cache/obs/worker/root_2/swap,format=raw,if=none,id=swap,cache=unsafe,aio=io_uring -device virtio-blk-pci,iothread=io0,drive=swap,serial=1 -device virtio-serial,max_ports=2 -device virtconsole,chardev=virtiocon0 -chardev stdio,id=virtiocon0 -chardev socket,id=monitor,server=on,wait=off,path=/var/cache/obs/worker/root_2/root.qemu/monitor -mon chardev=monitor,mode=readline -smp 8
[    9s] ### VM INTERACTION END ###
[    9s] 2nd stage started in virtual machine
[    9s] machine type: riscv64
[    9s] Linux version: 6.2.9-1-default #1 SMP PREEMPT_DYNAMIC Thu Mar 30 11:30:50 UTC 2023 (7a187a3)
[    9s] Increasing log level from now on...
[    9s] [    4.715103][  T414] sysrq: Changing Loglevel
[    9s] [    4.715278][  T414] sysrq: Loglevel set to 4
[    9s] Enable sysrq operations
[   10s] Setting up swapspace version 1, size = 2 GiB (2097147904 bytes)
[   10s] no label, UUID=394c8f99-e2ec-4900-9b48-a93bd86950bc
[   10s] swapon: /dev/vdb: found signature [pagesize=4096, signature=swap]
[   10s] swapon: /dev/vdb: pagesize=4096, swapsize=2097152000, devsize=2097152000
[   10s] swapon /dev/vdb
[   10s] WARNING: udev not running, creating extra device nodes
[   11s] logging output to //.build.log...
[   11s] processing recipe /.build-srcdir/noson.spec ...
[   11s] init_buildsystem --configdir /.build/configs --cachedir /var/cache/build /.build-srcdir/noson.spec build ...
[   11s] initializing rpm db...
[   12s] querying package ids...
[   35s] [1/190] preinstalled aaa_base-84.87+git20230329.b39efbc-1.1
[   35s] [2/190] preinstalled aaa_base-malloccheck-84.87+git20230329.b39efbc-1.1
[   35s] [3/190] preinstalled attr-2.5.1-1.1
[   35s] [4/190] preinstalled bash-5.2.15-8.1
[   35s] [5/190] preinstalled bash-sh-5.2.15-8.1
[   35s] [6/190] preinstalled binutils-2.40-3.1
[   35s] [7/190] preinstalled brp-check-suse-84.87+git20230324.8680ce4-1.1
[   35s] [8/190] preinstalled build-compare-20221206T204012.bb70754-1.2
[   35s] [9/190] preinstalled build-mkbaselibs-20230314-1.1
[   35s] [10/190] preinstalled bzip2-1.0.8-5.1
[   35s] [11/190] preinstalled chkstat-1599_20230217-1.1
[   35s] [12/190] preinstalled compat-usrmerge-build-84.87-5.1
[   35s] [13/190] preinstalled compat-usrmerge-tools-84.87-5.1
[   35s] [14/190] preinstalled coreutils-9.2-1.1
[   35s] [15/190] preinstalled cpio-2.13-5.1
[   35s] [16/190] preinstalled cpp-13-1.1
[   35s] [17/190] preinstalled cpp13-13.0.1+git6669-7.1
[   35s] [18/190] cumulate crypto-policies-20210917.c9d86d1-1.1
[   35s] [19/190] cumulate dbus-1-common-1.14.6-2.1
[   35s] [20/190] preinstalled debugedit-5.0-5.1
[   35s] [21/190] preinstalled diffutils-3.9-1.1
[   35s] [22/190] preinstalled dwz-0.15-2.1
[   35s] [23/190] preinstalled elfutils-0.189-2.1
[   35s] [24/190] preinstalled file-5.44-1.2
[   35s] [25/190] preinstalled file-magic-5.44-1.2
[   35s] [26/190] preinstalled filesystem-84.87-12.1
[   35s] [27/190] preinstalled fillup-1.42-279.1
[   35s] [28/190] preinstalled findutils-4.9.0-2.1
[   35s] [29/190] preinstalled gawk-5.2.1-2.1
[   35s] [30/190] preinstalled gcc-13-1.1
[   35s] [31/190] preinstalled gcc-PIE-13-1.1
[   35s] [32/190] preinstalled gcc13-13.0.1+git6669-7.1
[   35s] [33/190] preinstalled gcc13-PIE-13.0.1+git6669-7.1
[   35s] [34/190] preinstalled gettext-runtime-mini-0.21.1-1.1
[   35s] [35/190] preinstalled gettext-tools-mini-0.21.1-1.1
[   35s] [36/190] preinstalled glibc-2.37-3.1
[   35s] [37/190] preinstalled glibc-devel-2.37-3.1
[   35s] [38/190] preinstalled glibc-locale-base-2.37-3.1
[   35s] [39/190] preinstalled grep-3.9-1.1
[   35s] [40/190] preinstalled gzip-1.12-3.1
[   35s] [41/190] cumulate hicolor-icon-theme-0.17-4.1
[   35s] [42/190] preinstalled kernel-obs-build-6.2.9-1.1
[   35s] [43/190] cumulate libXau6-1.0.11-1.1
[   35s] [44/190] preinstalled libacl1-2.3.1-2.1
[   35s] [45/190] preinstalled libasan8-13.0.1+git6669-7.1
[   35s] [46/190] preinstalled libasm1-0.189-2.1
[   35s] [47/190] preinstalled libatomic1-13.0.1+git6669-7.1
[   35s] [48/190] preinstalled libattr1-2.5.1-1.1
[   35s] [49/190] preinstalled libaudit1-3.0.9-1.1
[   35s] [50/190] cumulate libblkid-devel-2.38.1-11.1
[   35s] [51/190] preinstalled libblkid1-2.38.1-11.1
[   35s] [52/190] preinstalled libbz2-1-1.0.8-5.1
[   35s] [53/190] preinstalled libcap-ng0-0.8.3-1.1
[   35s] [54/190] preinstalled libcap2-2.68-1.1
[   35s] [55/190] preinstalled libcrypt1-4.4.33-3.1
[   35s] [56/190] preinstalled libctf-nobfd0-2.40-3.1
[   35s] [57/190] preinstalled libctf0-2.40-3.1
[   35s] [58/190] preinstalled libdb-4_8-4.8.30-40.1
[   35s] [59/190] preinstalled libdw1-0.189-2.1
[   35s] [60/190] preinstalled libeconf0-0.5.2-1.1
[   35s] [61/190] preinstalled libelf1-0.189-2.1
[   35s] [62/190] cumulate libexpat1-2.5.0-2.1
[   35s] [63/190] preinstalled libfdisk1-2.38.1-11.1
[   35s] [64/190] cumulate libffi8-3.4.4-1.1
[   35s] [65/190] preinstalled libgcc_s1-13.0.1+git6669-7.1
[   35s] [66/190] preinstalled libgcrypt20-1.10.1-2.1
[   35s] [67/190] preinstalled libgdbm6-1.23-1.1
[   35s] [68/190] preinstalled libgdbm_compat4-1.23-1.1
[   35s] [69/190] cumulate libglib-2_0-0-2.76.1-1.1
[   35s] [70/190] preinstalled libgmp10-6.2.1-4.1
[   35s] [71/190] preinstalled libgomp1-13.0.1+git6669-7.1
[   35s] [72/190] preinstalled libgpg-error0-1.46-1.1
[   35s] [73/190] preinstalled libisl23-0.25-1.1
[   35s] [74/190] preinstalled libitm1-13.0.1+git6669-7.1
[   35s] [75/190] preinstalled liblua5_4-5-5.4.4-10.1
[   35s] [76/190] preinstalled liblzma5-5.4.2-1.1
[   35s] [77/190] preinstalled libmagic1-5.44-1.2
[   35s] [78/190] preinstalled libmount1-2.38.1-11.1
[   35s] [79/190] preinstalled libmpc3-1.3.1-1.2
[   35s] [80/190] cumulate libmpdec3-2.5.1-2.1
[   35s] [81/190] preinstalled libmpfr6-4.2.0-1.1
[   35s] [82/190] preinstalled libncurses6-6.4.20230311-8.1
[   35s] [83/190] cumulate libogg0-1.3.5-1.1
[   35s] [84/190] cumulate libopus0-1.3.1-3.2
[   35s] [85/190] cumulate libpcre2-16-0-10.42-3.2
[   35s] [86/190] cumulate libpcre2-32-0-10.42-3.2
[   35s] [87/190] preinstalled libpcre2-8-0-10.42-3.2
[   35s] [88/190] cumulate libpcre2-posix3-10.42-3.2
[   35s] [89/190] preinstalled libpkgconf3-1.8.0-2.1
[   35s] [90/190] preinstalled libpopt0-1.19-1.1
[   35s] [91/190] preinstalled libreadline8-8.2-2.1
[   35s] [92/190] cumulate librhash0-1.4.3-1.1
[   35s] [93/190] preinstalled librpmbuild9-4.18.0-4.1
[   35s] [94/190] preinstalled libseccomp2-2.5.4-2.1
[   35s] [95/190] preinstalled libselinux1-3.5-1.1
[   35s] [96/190] preinstalled libsemanage-conf-3.5-1.1
[   35s] [97/190] preinstalled libsemanage2-3.5-1.1
[   35s] [98/190] cumulate libsepol-devel-3.5-1.1
[   35s] [99/190] preinstalled libsepol2-3.5-1.1
[   35s] [100/190] preinstalled libsmartcols1-2.38.1-11.1
[   35s] [101/190] cumulate libspeex1-1.2.1-1.1
[   35s] [102/190] preinstalled libstdc++6-13.0.1+git6669-7.1
[   35s] [103/190] cumulate libstdc++6-devel-gcc13-13.0.1+git6669-7.1
[   35s] [104/190] preinstalled libsubid4-4.13-4.1
[   35s] [105/190] cumulate libsystemd0-mini-253.2-1.1
[   35s] [106/190] preinstalled libubsan1-13.0.1+git6669-7.1
[   35s] [107/190] preinstalled libutempter0-1.2.0-3.2
[   35s] [108/190] preinstalled libuuid1-2.38.1-11.1
[   35s] [109/190] cumulate libuv1-1.44.2-3.1
[   35s] [110/190] preinstalled libxcrypt-devel-4.4.33-3.1
[   35s] [111/190] cumulate libxml2-2-2.10.3-3.1
[   35s] [112/190] preinstalled libz1-1.2.13-3.1
[   35s] [113/190] preinstalled libzstd1-1.5.4-2.1
[   35s] [114/190] preinstalled linux-glibc-devel-6.2-1.1
[   35s] [115/190] preinstalled login_defs-4.13-4.1
[   35s] [116/190] preinstalled lua54-5.4.4-10.1
[   35s] [117/190] preinstalled make-4.4.1-1.1
[   35s] [118/190] preinstalled ncurses-utils-6.4.20230311-8.1
[   35s] [119/190] preinstalled pam-1.5.2-14.1
[   35s] [120/190] preinstalled patch-2.7.6-6.1
[   35s] [121/190] preinstalled perl-5.36.0-4.1
[   35s] [122/190] preinstalled perl-base-5.36.0-4.1
[   35s] [123/190] preinstalled permissions-1599_20230217-1.1
[   35s] [124/190] preinstalled permissions-config-1599_20230217-1.1
[   35s] [125/190] preinstalled pkgconf-1.8.0-2.1
[   35s] [126/190] preinstalled pkgconf-m4-1.8.0-2.1
[   35s] [127/190] preinstalled pkgconf-pkg-config-1.8.0-2.1
[   35s] [128/190] preinstalled polkit-default-privs-1550+20230307.7f42172-1.1
[   35s] [129/190] preinstalled post-build-checks-84.87+git20230328.de7e9df-1.1
[   35s] [130/190] cumulate python-rpm-macros-20230403.29b58f8-1.1
[   35s] [131/190] preinstalled qemu-linux-user-7.1.0-58.1
[   35s] [132/190] preinstalled rpm-4.18.0-4.1
[   35s] [133/190] preinstalled rpm-build-4.18.0-4.1
[   35s] [134/190] preinstalled rpm-build-perl-4.18.0-4.1
[   35s] [135/190] preinstalled rpm-config-SUSE-20220926-1.1
[   35s] [136/190] preinstalled rpmlint-mini-2.4.0+git20230403.7ce263c-10.3
[   35s] [137/190] preinstalled rpmlint-strict-2.4.0+git20230403.7ce263c-1.1
[   35s] [138/190] preinstalled sed-4.9-2.1
[   35s] [139/190] preinstalled shadow-4.13-4.1
[   35s] [140/190] preinstalled system-group-hardware-20170617-24.1
[   35s] [141/190] preinstalled system-user-root-20190513-2.1
[   35s] [142/190] preinstalled systemd-rpm-macros-20-1.1
[   35s] [143/190] preinstalled sysuser-shadow-3.1-5.1
[   35s] [144/190] preinstalled tar-1.34-10.1
[   35s] [145/190] preinstalled terminfo-base-6.4.20230311-8.1
[   35s] [146/190] preinstalled update-alternatives-1.21.8-1.1
[   35s] [147/190] preinstalled util-linux-2.38.1-11.1
[   35s] [148/190] preinstalled which-2.21-5.1
[   35s] [149/190] preinstalled xz-5.4.2-1.1
[   35s] [150/190] cumulate zlib-devel-1.2.13-3.1
[   35s] [151/190] cumulate gcc13-c++-13.0.1+git6669-7.1
[   35s] [152/190] cumulate kf5-filesystem-20220307-2.1
[   35s] [153/190] cumulate libFLAC12-1.4.2-2.1
[   35s] [154/190] cumulate libffi-devel-3.4.4-1.1
[   35s] [155/190] cumulate libgmodule-2_0-0-2.76.1-1.1
[   35s] [156/190] cumulate libgthread-2_0-0-2.76.1-1.1
[   35s] [157/190] cumulate libogg-devel-1.3.5-1.1
[   35s] [158/190] cumulate libopenssl3-3.0.8-2.1
[   35s] [159/190] cumulate libstdc++-devel-13-1.1
[   35s] [160/190] cumulate libvorbis0-1.3.7-3.1
[   35s] [161/190] cumulate libxcb1-1.15-2.1
[   35s] [162/190] cumulate libdbus-1-3-1.14.6-2.1
[   35s] [163/190] cumulate libgobject-2_0-0-2.76.1-1.1
[   35s] [164/190] cumulate shared-mime-info-2.2-2.1
[   35s] [165/190] cumulate gcc-c++-13-1.1
[   35s] [166/190] cumulate libFLAC++10-1.4.2-2.1
[   35s] [167/190] cumulate libvorbisenc2-1.3.7-3.1
[   35s] [168/190] cumulate pcre2-devel-10.42-3.2
[   35s] [169/190] cumulate libselinux-devel-3.5-1.1
[   35s] [170/190] cumulate flac-devel-1.4.2-2.1
[   35s] [171/190] cumulate libsndfile1-1.2.0-1.1
[   35s] [172/190] cumulate libmount-devel-2.38.1-11.1
[   35s] [173/190] cumulate libpulse0-16.1-3.1
[   35s] [174/190] cumulate libpulse-mainloop-glib0-16.1-3.1
[   35s] [175/190] cumulate openssl-3-3.0.8-2.1
[   35s] [176/190] cumulate python310-base-3.10.10-2.1
[   35s] [177/190] cumulate libgio-2_0-0-2.76.1-1.1
[   35s] [178/190] cumulate gio-branding-upstream-2.76.1-1.1
[   35s] [179/190] cumulate libpython3_10-1_0-3.10.10-2.1
[   35s] [180/190] cumulate openssl-3.0.8-1.1
[   35s] [181/190] cumulate python310-packaging-23.0-2.1
[   35s] [182/190] cumulate glib2-tools-2.76.1-1.1
[   35s] [183/190] cumulate cmake-mini-3.26.2-1.1
[   35s] [184/190] cumulate cmake-3.26.2-1.1
[   35s] [185/190] cumulate libopenssl-devel-3.0.8-1.1
[   35s] [186/190] cumulate python-rpm-packaging-20210526+a18ca48-1.2
[   35s] [187/190] cumulate glib2-devel-2.76.1-1.1
[   35s] [188/190] cumulate extra-cmake-modules-5.104.0-1.1
[   35s] [189/190] cumulate libopenssl-3-devel-3.0.8-2.1
[   35s] [190/190] cumulate libpulse-devel-16.1-3.1
[   35s] now installing cumulated packages
[   36s] Preparing...                          ########################################
[   36s] Updating / installing...
[   36s] libglib-2_0-0-2.76.1-1.1              ########################################
[   36s] libogg0-1.3.5-1.1                     ########################################
[   36s] libFLAC12-1.4.2-2.1                   ########################################
[   36s] libgmodule-2_0-0-2.76.1-1.1           ########################################
[   37s] libffi8-3.4.4-1.1                     ########################################
[   37s] libgobject-2_0-0-2.76.1-1.1           ########################################
[   37s] libvorbis0-1.3.7-3.1                  ########################################
[   37s] zlib-devel-1.2.13-3.1                 ########################################
[   37s] libsystemd0-mini-253.2-1.1            ########################################
[   48s] libstdc++6-devel-gcc13-13.0.1+git6669-########################################
[   48s] libstdc++-devel-13-1.1                ########################################
[   48s] libexpat1-2.5.0-2.1                   ########################################
[   48s] crypto-policies-20210917.c9d86d1-1.1  ########################################
[   49s] libopenssl3-3.0.8-2.1                 ########################################
[   49s] openssl-3.0.8-1.1                     ########################################
[   49s] openssl-3-3.0.8-2.1                   ########################################
[   51s] libopenssl-3-devel-3.0.8-2.1          ########################################
[   56s] gcc13-c++-13.0.1+git6669-7.1          ########################################
[   56s] gcc-c++-13-1.1                        ########################################
[   57s] libvorbisenc2-1.3.7-3.1               ########################################
[   57s] libffi-devel-3.4.4-1.1                ########################################
[   57s] libFLAC++10-1.4.2-2.1                 ########################################
[   57s] libogg-devel-1.3.5-1.1                ########################################
[   57s] libgthread-2_0-0-2.76.1-1.1           ########################################
[   57s] python-rpm-macros-20230403.29b58f8-1.1########################################
[   57s] libxml2-2-2.10.3-3.1                  ########################################
[   58s] shared-mime-info-2.2-2.1              ########################################
[   65s] gio-branding-upstream-2.76.1-1.1      ########################################
[   66s] libgio-2_0-0-2.76.1-1.1               ########################################
[   66s] glib2-tools-2.76.1-1.1                ########################################
[   66s] No schema files found: doing nothing.
[   66s] libuv1-1.44.2-3.1                     ########################################
[   66s] libspeex1-1.2.1-1.1                   ########################################
[   66s] libsepol-devel-3.5-1.1                ########################################
[   67s] librhash0-1.4.3-1.1                   ########################################
[   67s] libpcre2-posix3-10.42-3.2             ########################################
[   67s] libpcre2-32-0-10.42-3.2               ########################################
[   67s] libpcre2-16-0-10.42-3.2               ########################################
[   67s] pcre2-devel-10.42-3.2                 ########################################
[   67s] libselinux-devel-3.5-1.1              ########################################
[   67s] libopus0-1.3.1-3.2                    ########################################
[   67s] libsndfile1-1.2.0-1.1                 ########################################
[   67s] libmpdec3-2.5.1-2.1                   ########################################
[   68s] libpython3_10-1_0-3.10.10-2.1         ########################################
[   72s] python310-base-3.10.10-2.1            ########################################
[   72s] python310-packaging-23.0-2.1          ########################################
[   78s] cmake-mini-3.26.2-1.1                 ########################################
[   78s] cmake-3.26.2-1.1                      ########################################
[   78s] libblkid-devel-2.38.1-11.1            ########################################
[   78s] libmount-devel-2.38.1-11.1            ########################################
[   79s] glib2-devel-2.76.1-1.1                ########################################
[   79s] No schema files found: doing nothing.
[   79s] libXau6-1.0.11-1.1                    ########################################
[   79s] libxcb1-1.15-2.1                      ########################################
[   79s] hicolor-icon-theme-0.17-4.1           ########################################
[   79s] kf5-filesystem-20220307-2.1           ########################################
[   79s] /usr/sbin/useradd -r -c User for D-Bus -d /run/dbus -U messagebus -s /usr/sbin/nologin
[   80s] dbus-1-common-1.14.6-2.1              ########################################
[   80s] libdbus-1-3-1.14.6-2.1                ########################################
[   80s] libpulse0-16.1-3.1                    ########################################
[   80s] libpulse-mainloop-glib0-16.1-3.1      ########################################
[   81s] libpulse-devel-16.1-3.1               ########################################
[   81s] extra-cmake-modules-5.104.0-1.1       ########################################
[   81s] python-rpm-packaging-20210526+a18ca48-########################################
[   81s] flac-devel-1.4.2-2.1                  ########################################
[   81s] libopenssl-devel-3.0.8-1.1            ########################################
[   84s] now finalizing build dir...
[   84s] ... running 01-add_abuild_user_to_trusted_group
[   85s] ... running 02-set_timezone_to_utc
[   85s] ... running 03-set-permissions-secure
[   85s] ... running 11-hack_uname_version_to_kernel_version
[   93s] -----------------------------------------------------------------
[   93s] I have the following modifications for noson.spec:
[   93s] 21c21
[   93s] < Release:        0
[   93s] ---
[   93s] > Release:        1.1
[   99s] build target is riscv64-suse-linux
[   99s] -----------------------------------------------------------------
[   99s] ----- building noson.spec (user abuild)
[   99s] -----------------------------------------------------------------
[   99s] -----------------------------------------------------------------
[  103s] + exec rpmbuild -ba --define '_srcdefattr (-,root,root)' --nosignature --target=riscv64-suse-linux --define '_build_create_debug 1' --define 'disturl obs://build.opensuse.org/openSUSE:Factory:RISCV/standard/7e295c6a555198cda94d75ef810f0ac1-noson' /home/abuild/rpmbuild/SOURCES/noson.spec
[  103s] Building target platforms: riscv64-suse-linux
[  103s] Building for target riscv64-suse-linux
[  103s] setting SOURCE_DATE_EPOCH=1680307200
[  103s] Executing(%prep): /usr/bin/bash -e /var/tmp/rpm-tmp.6WCr6y
[  104s] + umask 022
[  104s] + cd /home/abuild/rpmbuild/BUILD
[  104s] + cd /home/abuild/rpmbuild/BUILD
[  104s] + rm -rf noson-2.10.2
[  104s] + /usr/lib/rpm/rpmuncompress -x /home/abuild/rpmbuild/SOURCES/noson-2.10.2.tar.gz
[  104s] + STATUS=0
[  104s] + '[' 0 -ne 0 ']'
[  104s] + cd noson-2.10.2
[  104s] + /usr/bin/chmod -Rf a+rX,u+w,g-w,o-w .
[  104s] + /usr/lib/rpm/rpmuncompress /home/abuild/rpmbuild/SOURCES/noson-include-time.h.patch
[  104s] + /usr/bin/patch -p1 -s --fuzz=0 --no-backup-if-mismatch -f
[  104s] + /usr/lib/rpm/rpmuncompress /home/abuild/rpmbuild/SOURCES/noson-fix-missing-include.patch
[  104s] + /usr/bin/patch -p1 -s --fuzz=0 --no-backup-if-mismatch -f
[  105s] + RPM_EC=0
[  105s] ++ jobs -p
[  105s] + exit 0
[  105s] Executing(%build): /usr/bin/bash -e /var/tmp/rpm-tmp.vRPzoT
[  105s] + umask 022
[  105s] + cd /home/abuild/rpmbuild/BUILD
[  105s] + /usr/bin/rm -rf /home/abuild/rpmbuild/BUILDROOT/noson-2.10.2-1.1.riscv64
[  105s] ++ dirname /home/abuild/rpmbuild/BUILDROOT/noson-2.10.2-1.1.riscv64
[  105s] + /usr/bin/mkdir -p /home/abuild/rpmbuild/BUILDROOT
[  105s] + /usr/bin/mkdir /home/abuild/rpmbuild/BUILDROOT/noson-2.10.2-1.1.riscv64
[  105s] + cd noson-2.10.2
[  105s] + ref=/usr/lib/rpm
[  105s] + mints=0
[  105s] + case $(uname -m) in
[  105s] ++ uname -m
[  105s] + mints=20160911
[  105s] + for s in guess sub
[  105s] ++ find -maxdepth 8 -name config.guess
[  105s] + for s in guess sub
[  105s] ++ find -maxdepth 8 -name config.sub
[  105s] + find . -type f -name CMakeLists.txt -exec sed -i -re '/^[[:blank:]]*[sS][eE][tT][[:blank:]]*\([[:blank:]]*(CMAKE_BUILD_TYPE|CMAKE_COLOR_MAKEFILE|CMAKE_INSTALL_PREFIX|CMAKE_VERBOSE_MAKEFILE).*\)/{s/^/#IGNORE /}' '{}' +
[  106s] + mkdir -p build
[  106s] + cd build
[  106s] + /usr/bin/cmake /home/abuild/rpmbuild/BUILD/noson-2.10.2/. '-GUnix Makefiles' -DCMAKE_INSTALL_PREFIX:PATH=/usr -DINCLUDE_INSTALL_DIR:PATH=/usr/include -DLIB_INSTALL_DIR:PATH=/usr/lib64 -DSYSCONF_INSTALL_DIR:PATH=/etc -DSHARE_INSTALL_PREFIX:PATH=/usr/share -DCMAKE_INSTALL_LIBDIR:PATH=lib64 -DCMAKE_INSTALL_LIBEXECDIR=/usr/libexec -DCMAKE_BUILD_TYPE=RelWithDebInfo '-DCMAKE_C_FLAGS=-O2 -Wall -U_FORTIFY_SOURCE -D_FORTIFY_SOURCE=3 -fstack-protector-strong -funwind-tables -fasynchronous-unwind-tables -fstack-clash-protection -Werror=return-type -flto=auto -g' '-DCMAKE_CXX_FLAGS=-O2 -Wall -U_FORTIFY_SOURCE -D_FORTIFY_SOURCE=3 -fstack-protector-strong -funwind-tables -fasynchronous-unwind-tables -fstack-clash-protection -Werror=return-type -flto=auto -g' '-DCMAKE_Fortran_FLAGS=-O2 -Wall -U_FORTIFY_SOURCE -D_FORTIFY_SOURCE=3 -fstack-protector-strong -funwind-tables -fasynchronous-unwind-tables -fstack-clash-protection -Werror=return-type -flto=auto -g' '-DCMAKE_EXE_LINKER_FLAGS=-flto=auto -Wl,--as-needed -Wl,--no-undefined -Wl,-z,now' '-DCMAKE_MODULE_LINKER_FLAGS=-flto=auto -Wl,--as-needed' '-DCMAKE_SHARED_LINKER_FLAGS=-flto=auto -Wl,--as-needed -Wl,--no-undefined -Wl,-z,now' -DLIB_SUFFIX=64 -DCMAKE_VERBOSE_MAKEFILE:BOOL=ON -DBUILD_SHARED_LIBS:BOOL=ON -DBUILD_STATIC_LIBS:BOOL=OFF -DCMAKE_COLOR_MAKEFILE:BOOL=OFF -DCMAKE_INSTALL_DO_STRIP:BOOL=OFF -DCMAKE_MODULES_INSTALL_DIR=/usr/lib64/cmake/noson -DCMAKE_INSTALL_FULL_LIBDIR=/usr/lib64
[  110s] -- The C compiler identification is GNU 13.0.1
[  115s] -- The CXX compiler identification is GNU 13.0.1
[  115s] -- Detecting C compiler ABI info
[  120s] -- Detecting C compiler ABI info - done
[  120s] -- Check for working C compiler: /usr/bin/cc - skipped
[  120s] -- Detecting C compile features
[  120s] -- Detecting C compile features - done
[  120s] -- Detecting CXX compiler ABI info
[  126s] -- Detecting CXX compiler ABI info - done
[  126s] -- Check for working CXX compiler: /usr/bin/c++ - skipped
[  126s] -- Detecting CXX compile features
[  126s] -- Detecting CXX compile features - done
[  126s] -- Performing Test CMAKE_HAVE_LIBC_PTHREAD
[  131s] -- Performing Test CMAKE_HAVE_LIBC_PTHREAD - Success
[  131s] -- Found Threads: TRUE  
[  131s] -- Looking for timegm
[  136s] -- Looking for timegm - found
[  136s] -- Looking for localtime_r
[  141s] -- Looking for localtime_r - found
[  141s] -- Looking for gmtime_r
[  147s] -- Looking for gmtime_r - found
[  147s] -- Found ZLIB: /usr/lib64/libz.so (found version "1.2.13")  
[  150s] -- Found OpenSSL: /usr/lib64/libcrypto.so (found version "3.0.8")  
[  150s] -- Performing Test HAVE_INLINE
[  155s] -- Performing Test HAVE_INLINE - Success
[  155s] -- Performing Test HAVE___INLINE
[  159s] -- Performing Test HAVE___INLINE - Success
[  159s] -- Performing Test HAVE___INLINE__
[  164s] -- Performing Test HAVE___INLINE__ - Success
[  164s] -- Found Flac: /usr/lib64/libFLAC.so
[  164s] -- Found Flac++: /usr/lib64/libFLAC++.so
[  164s] -- Found Pulse: /usr/lib64/libpulse.so
[  164s] -- Found Pulse-simple: /usr/lib64/libpulse-simple.so
[  164s] -- Configuring done (58.0s)
[  165s] -- Generating done (0.5s)
[  165s] CMake Warning:
[  165s]   Manually-specified variables were not used by the project:
[  165s] 
[  165s]     BUILD_STATIC_LIBS
[  165s]     CMAKE_Fortran_FLAGS
[  165s]     CMAKE_INSTALL_DO_STRIP
[  165s]     CMAKE_INSTALL_LIBDIR
[  165s]     CMAKE_INSTALL_LIBEXECDIR
[  165s]     CMAKE_MODULES_INSTALL_DIR
[  165s]     INCLUDE_INSTALL_DIR
[  165s]     LIB_INSTALL_DIR
[  165s]     LIB_SUFFIX
[  165s]     SHARE_INSTALL_PREFIX
[  165s]     SYSCONF_INSTALL_DIR
[  165s] 
[  165s] 
[  165s] -- Build files have been written to: /home/abuild/rpmbuild/BUILD/noson-2.10.2/build
[  165s] + /usr/bin/make -j8 VERBOSE=1
[  165s] /usr/bin/cmake -S/home/abuild/rpmbuild/BUILD/noson-2.10.2 -B/home/abuild/rpmbuild/BUILD/noson-2.10.2/build --check-build-system CMakeFiles/Makefile.cmake 0
[  165s] /usr/bin/cmake -E cmake_progress_start /home/abuild/rpmbuild/BUILD/noson-2.10.2/build/CMakeFiles /home/abuild/rpmbuild/BUILD/noson-2.10.2/build//CMakeFiles/progress.marks
[  165s] /usr/bin/make  -f CMakeFiles/Makefile2 all
[  165s] make[1]: Entering directory '/home/abuild/rpmbuild/BUILD/noson-2.10.2/build'
[  165s] /usr/bin/make  -f noson/CMakeFiles/noson.dir/build.make noson/CMakeFiles/noson.dir/depend
[  165s] make[2]: Entering directory '/home/abuild/rpmbuild/BUILD/noson-2.10.2/build'
[  165s] cd /home/abuild/rpmbuild/BUILD/noson-2.10.2/build && /usr/bin/cmake -E cmake_depends "Unix Makefiles" /home/abuild/rpmbuild/BUILD/noson-2.10.2 /home/abuild/rpmbuild/BUILD/noson-2.10.2/noson /home/abuild/rpmbuild/BUILD/noson-2.10.2/build /home/abuild/rpmbuild/BUILD/noson-2.10.2/build/noson /home/abuild/rpmbuild/BUILD/noson-2.10.2/build/noson/CMakeFiles/noson.dir/DependInfo.cmake
[  166s] make[2]: Leaving directory '/home/abuild/rpmbuild/BUILD/noson-2.10.2/build'
[  166s] /usr/bin/make  -f noson/CMakeFiles/noson.dir/build.make noson/CMakeFiles/noson.dir/build
[  166s] make[2]: Entering directory '/home/abuild/rpmbuild/BUILD/noson-2.10.2/build'
[  166s] [  1%] Building CXX object noson/CMakeFiles/noson.dir/src/private/eventbroker.cpp.o
[  166s] [  2%] Building C object noson/CMakeFiles/noson.dir/src/private/builtin.c.o
[  166s] cd /home/abuild/rpmbuild/BUILD/noson-2.10.2/build/noson && /usr/bin/c++ -Dnoson_EXPORTS -I/home/abuild/rpmbuild/BUILD/noson-2.10.2/build/noson/public/noson -I/home/abuild/rpmbuild/BUILD/noson-2.10.2/build/noson/public -I/home/abuild/rpmbuild/BUILD/noson-2.10.2/noson/src -O2 -Wall -U_FORTIFY_SOURCE -D_FORTIFY_SOURCE=3 -fstack-protector-strong -funwind-tables -fasynchronous-unwind-tables -fstack-clash-protection -Werror=return-type -flto=auto -g -O2 -g -DNDEBUG -std=gnu++11 -fPIC -MD -MT noson/CMakeFiles/noson.dir/src/private/eventbroker.cpp.o -MF CMakeFiles/noson.dir/src/private/eventbroker.cpp.o.d -o CMakeFiles/noson.dir/src/private/eventbroker.cpp.o -c /home/abuild/rpmbuild/BUILD/noson-2.10.2/noson/src/private/eventbroker.cpp
[  166s] cd /home/abuild/rpmbuild/BUILD/noson-2.10.2/build/noson && /usr/bin/cc -Dnoson_EXPORTS -I/home/abuild/rpmbuild/BUILD/noson-2.10.2/build/noson/public/noson -I/home/abuild/rpmbuild/BUILD/noson-2.10.2/build/noson/public -I/home/abuild/rpmbuild/BUILD/noson-2.10.2/noson/src -O2 -Wall -U_FORTIFY_SOURCE -D_FORTIFY_SOURCE=3 -fstack-protector-strong -funwind-tables -fasynchronous-unwind-tables -fstack-clash-protection -Werror=return-type -flto=auto -g -O2 -g -DNDEBUG -fPIC -MD -MT noson/CMakeFiles/noson.dir/src/private/builtin.c.o -MF CMakeFiles/noson.dir/src/private/builtin.c.o.d -o CMakeFiles/noson.dir/src/private/builtin.c.o -c /home/abuild/rpmbuild/BUILD/noson-2.10.2/noson/src/private/builtin.c
[  166s] [  4%] Building CXX object noson/CMakeFiles/noson.dir/src/private/pcmblankkiller.cpp.o
[  166s] [  5%] Building CXX object noson/CMakeFiles/noson.dir/src/private/debug.cpp.o
[  166s] cd /home/abuild/rpmbuild/BUILD/noson-2.10.2/build/noson && /usr/bin/c++ -Dnoson_EXPORTS -I/home/abuild/rpmbuild/BUILD/noson-2.10.2/build/noson/public/noson -I/home/abuild/rpmbuild/BUILD/noson-2.10.2/build/noson/public -I/home/abuild/rpmbuild/BUILD/noson-2.10.2/noson/src -O2 -Wall -U_FORTIFY_SOURCE -D_FORTIFY_SOURCE=3 -fstack-protector-strong -funwind-tables -fasynchronous-unwind-tables -fstack-clash-protection -Werror=return-type -flto=auto -g -O2 -g -DNDEBUG -std=gnu++11 -fPIC -MD -MT noson/CMakeFiles/noson.dir/src/private/debug.cpp.o -MF CMakeFiles/noson.dir/src/private/debug.cpp.o.d -o CMakeFiles/noson.dir/src/private/debug.cpp.o -c /home/abuild/rpmbuild/BUILD/noson-2.10.2/noson/src/private/debug.cpp
[  166s] cd /home/abuild/rpmbuild/BUILD/noson-2.10.2/build/noson && /usr/bin/c++ -Dnoson_EXPORTS -I/home/abuild/rpmbuild/BUILD/noson-2.10.2/build/noson/public/noson -I/home/abuild/rpmbuild/BUILD/noson-2.10.2/build/noson/public -I/home/abuild/rpmbuild/BUILD/noson-2.10.2/noson/src -O2 -Wall -U_FORTIFY_SOURCE -D_FORTIFY_SOURCE=3 -fstack-protector-strong -funwind-tables -fasynchronous-unwind-tables -fstack-clash-protection -Werror=return-type -flto=auto -g -O2 -g -DNDEBUG -std=gnu++11 -fPIC -MD -MT noson/CMakeFiles/noson.dir/src/private/pcmblankkiller.cpp.o -MF CMakeFiles/noson.dir/src/private/pcmblankkiller.cpp.o.d -o CMakeFiles/noson.dir/src/private/pcmblankkiller.cpp.o -c /home/abuild/rpmbuild/BUILD/noson-2.10.2/noson/src/private/pcmblankkiller.cpp
[  166s] [  6%] Building CXX object noson/CMakeFiles/noson.dir/src/private/base64.cpp.o
[  166s] cd /home/abuild/rpmbuild/BUILD/noson-2.10.2/build/noson && /usr/bin/c++ -Dnoson_EXPORTS -I/home/abuild/rpmbuild/BUILD/noson-2.10.2/build/noson/public/noson -I/home/abuild/rpmbuild/BUILD/noson-2.10.2/build/noson/public -I/home/abuild/rpmbuild/BUILD/noson-2.10.2/noson/src -O2 -Wall -U_FORTIFY_SOURCE -D_FORTIFY_SOURCE=3 -fstack-protector-strong -funwind-tables -fasynchronous-unwind-tables -fstack-clash-protection -Werror=return-type -flto=auto -g -O2 -g -DNDEBUG -std=gnu++11 -fPIC -MD -MT noson/CMakeFiles/noson.dir/src/private/base64.cpp.o -MF CMakeFiles/noson.dir/src/private/base64.cpp.o.d -o CMakeFiles/noson.dir/src/private/base64.cpp.o -c /home/abuild/rpmbuild/BUILD/noson-2.10.2/noson/src/private/base64.cpp
[  166s] [  9%] Building CXX object noson/CMakeFiles/noson.dir/src/private/compressor.cpp.o
[  166s] [  9%] Building CXX object noson/CMakeFiles/noson.dir/src/private/mainpagebroker.cpp.o
[  166s] cd /home/abuild/rpmbuild/BUILD/noson-2.10.2/build/noson && /usr/bin/c++ -Dnoson_EXPORTS -I/home/abuild/rpmbuild/BUILD/noson-2.10.2/build/noson/public/noson -I/home/abuild/rpmbuild/BUILD/noson-2.10.2/build/noson/public -I/home/abuild/rpmbuild/BUILD/noson-2.10.2/noson/src -O2 -Wall -U_FORTIFY_SOURCE -D_FORTIFY_SOURCE=3 -fstack-protector-strong -funwind-tables -fasynchronous-unwind-tables -fstack-clash-protection -Werror=return-type -flto=auto -g -O2 -g -DNDEBUG -std=gnu++11 -fPIC -MD -MT noson/CMakeFiles/noson.dir/src/private/compressor.cpp.o -MF CMakeFiles/noson.dir/src/private/compressor.cpp.o.d -o CMakeFiles/noson.dir/src/private/compressor.cpp.o -c /home/abuild/rpmbuild/BUILD/noson-2.10.2/noson/src/private/compressor.cpp
[  166s] [ 10%] Building CXX object noson/CMakeFiles/noson.dir/src/private/byteorder.cpp.o
[  166s] cd /home/abuild/rpmbuild/BUILD/noson-2.10.2/build/noson && /usr/bin/c++ -Dnoson_EXPORTS -I/home/abuild/rpmbuild/BUILD/noson-2.10.2/build/noson/public/noson -I/home/abuild/rpmbuild/BUILD/noson-2.10.2/build/noson/public -I/home/abuild/rpmbuild/BUILD/noson-2.10.2/noson/src -O2 -Wall -U_FORTIFY_SOURCE -D_FORTIFY_SOURCE=3 -fstack-protector-strong -funwind-tables -fasynchronous-unwind-tables -fstack-clash-protection -Werror=return-type -flto=auto -g -O2 -g -DNDEBUG -std=gnu++11 -fPIC -MD -MT noson/CMakeFiles/noson.dir/src/private/mainpagebroker.cpp.o -MF CMakeFiles/noson.dir/src/private/mainpagebroker.cpp.o.d -o CMakeFiles/noson.dir/src/private/mainpagebroker.cpp.o -c /home/abuild/rpmbuild/BUILD/noson-2.10.2/noson/src/private/mainpagebroker.cpp
[  166s] cd /home/abuild/rpmbuild/BUILD/noson-2.10.2/build/noson && /usr/bin/c++ -Dnoson_EXPORTS -I/home/abuild/rpmbuild/BUILD/noson-2.10.2/build/noson/public/noson -I/home/abuild/rpmbuild/BUILD/noson-2.10.2/build/noson/public -I/home/abuild/rpmbuild/BUILD/noson-2.10.2/noson/src -O2 -Wall -U_FORTIFY_SOURCE -D_FORTIFY_SOURCE=3 -fstack-protector-strong -funwind-tables -fasynchronous-unwind-tables -fstack-clash-protection -Werror=return-type -flto=auto -g -O2 -g -DNDEBUG -std=gnu++11 -fPIC -MD -MT noson/CMakeFiles/noson.dir/src/private/byteorder.cpp.o -MF CMakeFiles/noson.dir/src/private/byteorder.cpp.o.d -o CMakeFiles/noson.dir/src/private/byteorder.cpp.o -c /home/abuild/rpmbuild/BUILD/noson-2.10.2/noson/src/private/byteorder.cpp
[  168s] [ 12%] Building CXX object noson/CMakeFiles/noson.dir/src/private/securesocket.cpp.o
[  168s] cd /home/abuild/rpmbuild/BUILD/noson-2.10.2/build/noson && /usr/bin/c++ -Dnoson_EXPORTS -I/home/abuild/rpmbuild/BUILD/noson-2.10.2/build/noson/public/noson -I/home/abuild/rpmbuild/BUILD/noson-2.10.2/build/noson/public -I/home/abuild/rpmbuild/BUILD/noson-2.10.2/noson/src -O2 -Wall -U_FORTIFY_SOURCE -D_FORTIFY_SOURCE=3 -fstack-protector-strong -funwind-tables -fasynchronous-unwind-tables -fstack-clash-protection -Werror=return-type -flto=auto -g -O2 -g -DNDEBUG -std=gnu++11 -fPIC -MD -MT noson/CMakeFiles/noson.dir/src/private/securesocket.cpp.o -MF CMakeFiles/noson.dir/src/private/securesocket.cpp.o.d -o CMakeFiles/noson.dir/src/private/securesocket.cpp.o -c /home/abuild/rpmbuild/BUILD/noson-2.10.2/noson/src/private/securesocket.cpp
[  169s] [ 13%] Building CXX object noson/CMakeFiles/noson.dir/src/private/socket.cpp.o
[  169s] cd /home/abuild/rpmbuild/BUILD/noson-2.10.2/build/noson && /usr/bin/c++ -Dnoson_EXPORTS -I/home/abuild/rpmbuild/BUILD/noson-2.10.2/build/noson/public/noson -I/home/abuild/rpmbuild/BUILD/noson-2.10.2/build/noson/public -I/home/abuild/rpmbuild/BUILD/noson-2.10.2/noson/src -O2 -Wall -U_FORTIFY_SOURCE -D_FORTIFY_SOURCE=3 -fstack-protector-strong -funwind-tables -fasynchronous-unwind-tables -fstack-clash-protection -Werror=return-type -flto=auto -g -O2 -g -DNDEBUG -std=gnu++11 -fPIC -MD -MT noson/CMakeFiles/noson.dir/src/private/socket.cpp.o -MF CMakeFiles/noson.dir/src/private/socket.cpp.o.d -o CMakeFiles/noson.dir/src/private/socket.cpp.o -c /home/abuild/rpmbuild/BUILD/noson-2.10.2/noson/src/private/socket.cpp
[  169s] [ 14%] Building CXX object noson/CMakeFiles/noson.dir/src/private/tinyxml2.cpp.o
[  169s] cd /home/abuild/rpmbuild/BUILD/noson-2.10.2/build/noson && /usr/bin/c++ -Dnoson_EXPORTS -I/home/abuild/rpmbuild/BUILD/noson-2.10.2/build/noson/public/noson -I/home/abuild/rpmbuild/BUILD/noson-2.10.2/build/noson/public -I/home/abuild/rpmbuild/BUILD/noson-2.10.2/noson/src -O2 -Wall -U_FORTIFY_SOURCE -D_FORTIFY_SOURCE=3 -fstack-protector-strong -funwind-tables -fasynchronous-unwind-tables -fstack-clash-protection -Werror=return-type -flto=auto -g -O2 -g -DNDEBUG -std=gnu++11 -fPIC -MD -MT noson/CMakeFiles/noson.dir/src/private/tinyxml2.cpp.o -MF CMakeFiles/noson.dir/src/private/tinyxml2.cpp.o.d -o CMakeFiles/noson.dir/src/private/tinyxml2.cpp.o -c /home/abuild/rpmbuild/BUILD/noson-2.10.2/noson/src/private/tinyxml2.cpp
[  169s] [ 16%] Building CXX object noson/CMakeFiles/noson.dir/src/private/upnpnotificationbroker.cpp.o
[  169s] cd /home/abuild/rpmbuild/BUILD/noson-2.10.2/build/noson && /usr/bin/c++ -Dnoson_EXPORTS -I/home/abuild/rpmbuild/BUILD/noson-2.10.2/build/noson/public/noson -I/home/abuild/rpmbuild/BUILD/noson-2.10.2/build/noson/public -I/home/abuild/rpmbuild/BUILD/noson-2.10.2/noson/src -O2 -Wall -U_FORTIFY_SOURCE -D_FORTIFY_SOURCE=3 -fstack-protector-strong -funwind-tables -fasynchronous-unwind-tables -fstack-clash-protection -Werror=return-type -flto=auto -g -O2 -g -DNDEBUG -std=gnu++11 -fPIC -MD -MT noson/CMakeFiles/noson.dir/src/private/upnpnotificationbroker.cpp.o -MF CMakeFiles/noson.dir/src/private/upnpnotificationbroker.cpp.o.d -o CMakeFiles/noson.dir/src/private/upnpnotificationbroker.cpp.o -c /home/abuild/rpmbuild/BUILD/noson-2.10.2/noson/src/private/upnpnotificationbroker.cpp
[  170s] [ 17%] Building CXX object noson/CMakeFiles/noson.dir/src/private/uriparser.cpp.o
[  170s] cd /home/abuild/rpmbuild/BUILD/noson-2.10.2/build/noson && /usr/bin/c++ -Dnoson_EXPORTS -I/home/abuild/rpmbuild/BUILD/noson-2.10.2/build/noson/public/noson -I/home/abuild/rpmbuild/BUILD/noson-2.10.2/build/noson/public -I/home/abuild/rpmbuild/BUILD/noson-2.10.2/noson/src -O2 -Wall -U_FORTIFY_SOURCE -D_FORTIFY_SOURCE=3 -fstack-protector-strong -funwind-tables -fasynchronous-unwind-tables -fstack-clash-protection -Werror=return-type -flto=auto -g -O2 -g -DNDEBUG -std=gnu++11 -fPIC -MD -MT noson/CMakeFiles/noson.dir/src/private/uriparser.cpp.o -MF CMakeFiles/noson.dir/src/private/uriparser.cpp.o.d -o CMakeFiles/noson.dir/src/private/uriparser.cpp.o -c /home/abuild/rpmbuild/BUILD/noson-2.10.2/noson/src/private/uriparser.cpp
[  173s] [ 18%] Building CXX object noson/CMakeFiles/noson.dir/src/private/wscontent.cpp.o
[  173s] cd /home/abuild/rpmbuild/BUILD/noson-2.10.2/build/noson && /usr/bin/c++ -Dnoson_EXPORTS -I/home/abuild/rpmbuild/BUILD/noson-2.10.2/build/noson/public/noson -I/home/abuild/rpmbuild/BUILD/noson-2.10.2/build/noson/public -I/home/abuild/rpmbuild/BUILD/noson-2.10.2/noson/src -O2 -Wall -U_FORTIFY_SOURCE -D_FORTIFY_SOURCE=3 -fstack-protector-strong -funwind-tables -fasynchronous-unwind-tables -fstack-clash-protection -Werror=return-type -flto=auto -g -O2 -g -DNDEBUG -std=gnu++11 -fPIC -MD -MT noson/CMakeFiles/noson.dir/src/private/wscontent.cpp.o -MF CMakeFiles/noson.dir/src/private/wscontent.cpp.o.d -o CMakeFiles/noson.dir/src/private/wscontent.cpp.o -c /home/abuild/rpmbuild/BUILD/noson-2.10.2/noson/src/private/wscontent.cpp
[  175s] [ 20%] Building CXX object noson/CMakeFiles/noson.dir/src/private/wsrequest.cpp.o
[  175s] cd /home/abuild/rpmbuild/BUILD/noson-2.10.2/build/noson && /usr/bin/c++ -Dnoson_EXPORTS -I/home/abuild/rpmbuild/BUILD/noson-2.10.2/build/noson/public/noson -I/home/abuild/rpmbuild/BUILD/noson-2.10.2/build/noson/public -I/home/abuild/rpmbuild/BUILD/noson-2.10.2/noson/src -O2 -Wall -U_FORTIFY_SOURCE -D_FORTIFY_SOURCE=3 -fstack-protector-strong -funwind-tables -fasynchronous-unwind-tables -fstack-clash-protection -Werror=return-type -flto=auto -g -O2 -g -DNDEBUG -std=gnu++11 -fPIC -MD -MT noson/CMakeFiles/noson.dir/src/private/wsrequest.cpp.o -MF CMakeFiles/noson.dir/src/private/wsrequest.cpp.o.d -o CMakeFiles/noson.dir/src/private/wsrequest.cpp.o -c /home/abuild/rpmbuild/BUILD/noson-2.10.2/noson/src/private/wsrequest.cpp
[  176s] [ 21%] Building CXX object noson/CMakeFiles/noson.dir/src/private/wsrequestbroker.cpp.o
[  176s] cd /home/abuild/rpmbuild/BUILD/noson-2.10.2/build/noson && /usr/bin/c++ -Dnoson_EXPORTS -I/home/abuild/rpmbuild/BUILD/noson-2.10.2/build/noson/public/noson -I/home/abuild/rpmbuild/BUILD/noson-2.10.2/build/noson/public -I/home/abuild/rpmbuild/BUILD/noson-2.10.2/noson/src -O2 -Wall -U_FORTIFY_SOURCE -D_FORTIFY_SOURCE=3 -fstack-protector-strong -funwind-tables -fasynchronous-unwind-tables -fstack-clash-protection -Werror=return-type -flto=auto -g -O2 -g -DNDEBUG -std=gnu++11 -fPIC -MD -MT noson/CMakeFiles/noson.dir/src/private/wsrequestbroker.cpp.o -MF CMakeFiles/noson.dir/src/private/wsrequestbroker.cpp.o.d -o CMakeFiles/noson.dir/src/private/wsrequestbroker.cpp.o -c /home/abuild/rpmbuild/BUILD/noson-2.10.2/noson/src/private/wsrequestbroker.cpp
[  176s] [ 22%] Building CXX object noson/CMakeFiles/noson.dir/src/private/wsresponse.cpp.o
[  176s] cd /home/abuild/rpmbuild/BUILD/noson-2.10.2/build/noson && /usr/bin/c++ -Dnoson_EXPORTS -I/home/abuild/rpmbuild/BUILD/noson-2.10.2/build/noson/public/noson -I/home/abuild/rpmbuild/BUILD/noson-2.10.2/build/noson/public -I/home/abuild/rpmbuild/BUILD/noson-2.10.2/noson/src -O2 -Wall -U_FORTIFY_SOURCE -D_FORTIFY_SOURCE=3 -fstack-protector-strong -funwind-tables -fasynchronous-unwind-tables -fstack-clash-protection -Werror=return-type -flto=auto -g -O2 -g -DNDEBUG -std=gnu++11 -fPIC -MD -MT noson/CMakeFiles/noson.dir/src/private/wsresponse.cpp.o -MF CMakeFiles/noson.dir/src/private/wsresponse.cpp.o.d -o CMakeFiles/noson.dir/src/private/wsresponse.cpp.o -c /home/abuild/rpmbuild/BUILD/noson-2.10.2/noson/src/private/wsresponse.cpp
[  177s] [ 24%] Building CXX object noson/CMakeFiles/noson.dir/src/private/xmldict.cpp.o
[  177s] cd /home/abuild/rpmbuild/BUILD/noson-2.10.2/build/noson && /usr/bin/c++ -Dnoson_EXPORTS -I/home/abuild/rpmbuild/BUILD/noson-2.10.2/build/noson/public/noson -I/home/abuild/rpmbuild/BUILD/noson-2.10.2/build/noson/public -I/home/abuild/rpmbuild/BUILD/noson-2.10.2/noson/src -O2 -Wall -U_FORTIFY_SOURCE -D_FORTIFY_SOURCE=3 -fstack-protector-strong -funwind-tables -fasynchronous-unwind-tables -fstack-clash-protection -Werror=return-type -flto=auto -g -O2 -g -DNDEBUG -std=gnu++11 -fPIC -MD -MT noson/CMakeFiles/noson.dir/src/private/xmldict.cpp.o -MF CMakeFiles/noson.dir/src/private/xmldict.cpp.o.d -o CMakeFiles/noson.dir/src/private/xmldict.cpp.o -c /home/abuild/rpmbuild/BUILD/noson-2.10.2/noson/src/private/xmldict.cpp
[  177s] [ 25%] Building CXX object noson/CMakeFiles/noson.dir/src/data/datareader.cpp.o
[  177s] cd /home/abuild/rpmbuild/BUILD/noson-2.10.2/build/noson && /usr/bin/c++ -Dnoson_EXPORTS -I/home/abuild/rpmbuild/BUILD/noson-2.10.2/build/noson/public/noson -I/home/abuild/rpmbuild/BUILD/noson-2.10.2/build/noson/public -I/home/abuild/rpmbuild/BUILD/noson-2.10.2/noson/src -O2 -Wall -U_FORTIFY_SOURCE -D_FORTIFY_SOURCE=3 -fstack-protector-strong -funwind-tables -fasynchronous-unwind-tables -fstack-clash-protection -Werror=return-type -flto=auto -g -O2 -g -DNDEBUG -std=gnu++11 -fPIC -MD -MT noson/CMakeFiles/noson.dir/src/data/datareader.cpp.o -MF CMakeFiles/noson.dir/src/data/datareader.cpp.o.d -o CMakeFiles/noson.dir/src/data/datareader.cpp.o -c /home/abuild/rpmbuild/BUILD/noson-2.10.2/noson/src/data/datareader.cpp
[  177s] [ 26%] Building CXX object noson/CMakeFiles/noson.dir/src/alarmclock.cpp.o
[  177s] cd /home/abuild/rpmbuild/BUILD/noson-2.10.2/build/noson && /usr/bin/c++ -Dnoson_EXPORTS -I/home/abuild/rpmbuild/BUILD/noson-2.10.2/build/noson/public/noson -I/home/abuild/rpmbuild/BUILD/noson-2.10.2/build/noson/public -I/home/abuild/rpmbuild/BUILD/noson-2.10.2/noson/src -O2 -Wall -U_FORTIFY_SOURCE -D_FORTIFY_SOURCE=3 -fstack-protector-strong -funwind-tables -fasynchronous-unwind-tables -fstack-clash-protection -Werror=return-type -flto=auto -g -O2 -g -DNDEBUG -std=gnu++11 -fPIC -MD -MT noson/CMakeFiles/noson.dir/src/alarmclock.cpp.o -MF CMakeFiles/noson.dir/src/alarmclock.cpp.o.d -o CMakeFiles/noson.dir/src/alarmclock.cpp.o -c /home/abuild/rpmbuild/BUILD/noson-2.10.2/noson/src/alarmclock.cpp
[  178s] [ 28%] Building CXX object noson/CMakeFiles/noson.dir/src/alarm.cpp.o
[  178s] cd /home/abuild/rpmbuild/BUILD/noson-2.10.2/build/noson && /usr/bin/c++ -Dnoson_EXPORTS -I/home/abuild/rpmbuild/BUILD/noson-2.10.2/build/noson/public/noson -I/home/abuild/rpmbuild/BUILD/noson-2.10.2/build/noson/public -I/home/abuild/rpmbuild/BUILD/noson-2.10.2/noson/src -O2 -Wall -U_FORTIFY_SOURCE -D_FORTIFY_SOURCE=3 -fstack-protector-strong -funwind-tables -fasynchronous-unwind-tables -fstack-clash-protection -Werror=return-type -flto=auto -g -O2 -g -DNDEBUG -std=gnu++11 -fPIC -MD -MT noson/CMakeFiles/noson.dir/src/alarm.cpp.o -MF CMakeFiles/noson.dir/src/alarm.cpp.o.d -o CMakeFiles/noson.dir/src/alarm.cpp.o -c /home/abuild/rpmbuild/BUILD/noson-2.10.2/noson/src/alarm.cpp
[  180s] [ 29%] Building CXX object noson/CMakeFiles/noson.dir/src/audioencoder.cpp.o
[  180s] cd /home/abuild/rpmbuild/BUILD/noson-2.10.2/build/noson && /usr/bin/c++ -Dnoson_EXPORTS -I/home/abuild/rpmbuild/BUILD/noson-2.10.2/build/noson/public/noson -I/home/abuild/rpmbuild/BUILD/noson-2.10.2/build/noson/public -I/home/abuild/rpmbuild/BUILD/noson-2.10.2/noson/src -O2 -Wall -U_FORTIFY_SOURCE -D_FORTIFY_SOURCE=3 -fstack-protector-strong -funwind-tables -fasynchronous-unwind-tables -fstack-clash-protection -Werror=return-type -flto=auto -g -O2 -g -DNDEBUG -std=gnu++11 -fPIC -MD -MT noson/CMakeFiles/noson.dir/src/audioencoder.cpp.o -MF CMakeFiles/noson.dir/src/audioencoder.cpp.o.d -o CMakeFiles/noson.dir/src/audioencoder.cpp.o -c /home/abuild/rpmbuild/BUILD/noson-2.10.2/noson/src/audioencoder.cpp
[  185s] [ 30%] Building CXX object noson/CMakeFiles/noson.dir/src/audiosource.cpp.o
[  185s] cd /home/abuild/rpmbuild/BUILD/noson-2.10.2/build/noson && /usr/bin/c++ -Dnoson_EXPORTS -I/home/abuild/rpmbuild/BUILD/noson-2.10.2/build/noson/public/noson -I/home/abuild/rpmbuild/BUILD/noson-2.10.2/build/noson/public -I/home/abuild/rpmbuild/BUILD/noson-2.10.2/noson/src -O2 -Wall -U_FORTIFY_SOURCE -D_FORTIFY_SOURCE=3 -fstack-protector-strong -funwind-tables -fasynchronous-unwind-tables -fstack-clash-protection -Werror=return-type -flto=auto -g -O2 -g -DNDEBUG -std=gnu++11 -fPIC -MD -MT noson/CMakeFiles/noson.dir/src/audiosource.cpp.o -MF CMakeFiles/noson.dir/src/audiosource.cpp.o.d -o CMakeFiles/noson.dir/src/audiosource.cpp.o -c /home/abuild/rpmbuild/BUILD/noson-2.10.2/noson/src/audiosource.cpp
[  185s] [ 32%] Building CXX object noson/CMakeFiles/noson.dir/src/avtransport.cpp.o
[  185s] cd /home/abuild/rpmbuild/BUILD/noson-2.10.2/build/noson && /usr/bin/c++ -Dnoson_EXPORTS -I/home/abuild/rpmbuild/BUILD/noson-2.10.2/build/noson/public/noson -I/home/abuild/rpmbuild/BUILD/noson-2.10.2/build/noson/public -I/home/abuild/rpmbuild/BUILD/noson-2.10.2/noson/src -O2 -Wall -U_FORTIFY_SOURCE -D_FORTIFY_SOURCE=3 -fstack-protector-strong -funwind-tables -fasynchronous-unwind-tables -fstack-clash-protection -Werror=return-type -flto=auto -g -O2 -g -DNDEBUG -std=gnu++11 -fPIC -MD -MT noson/CMakeFiles/noson.dir/src/avtransport.cpp.o -MF CMakeFiles/noson.dir/src/avtransport.cpp.o.d -o CMakeFiles/noson.dir/src/avtransport.cpp.o -c /home/abuild/rpmbuild/BUILD/noson-2.10.2/noson/src/avtransport.cpp
[  186s] [ 33%] Building CXX object noson/CMakeFiles/noson.dir/src/contentdirectory.cpp.o
[  186s] cd /home/abuild/rpmbuild/BUILD/noson-2.10.2/build/noson && /usr/bin/c++ -Dnoson_EXPORTS -I/home/abuild/rpmbuild/BUILD/noson-2.10.2/build/noson/public/noson -I/home/abuild/rpmbuild/BUILD/noson-2.10.2/build/noson/public -I/home/abuild/rpmbuild/BUILD/noson-2.10.2/noson/src -O2 -Wall -U_FORTIFY_SOURCE -D_FORTIFY_SOURCE=3 -fstack-protector-strong -funwind-tables -fasynchronous-unwind-tables -fstack-clash-protection -Werror=return-type -flto=auto -g -O2 -g -DNDEBUG -std=gnu++11 -fPIC -MD -MT noson/CMakeFiles/noson.dir/src/contentdirectory.cpp.o -MF CMakeFiles/noson.dir/src/contentdirectory.cpp.o.d -o CMakeFiles/noson.dir/src/contentdirectory.cpp.o -c /home/abuild/rpmbuild/BUILD/noson-2.10.2/noson/src/contentdirectory.cpp
[  186s] [ 34%] Building CXX object noson/CMakeFiles/noson.dir/src/deviceproperties.cpp.o
[  186s] cd /home/abuild/rpmbuild/BUILD/noson-2.10.2/build/noson && /usr/bin/c++ -Dnoson_EXPORTS -I/home/abuild/rpmbuild/BUILD/noson-2.10.2/build/noson/public/noson -I/home/abuild/rpmbuild/BUILD/noson-2.10.2/build/noson/public -I/home/abuild/rpmbuild/BUILD/noson-2.10.2/noson/src -O2 -Wall -U_FORTIFY_SOURCE -D_FORTIFY_SOURCE=3 -fstack-protector-strong -funwind-tables -fasynchronous-unwind-tables -fstack-clash-protection -Werror=return-type -flto=auto -g -O2 -g -DNDEBUG -std=gnu++11 -fPIC -MD -MT noson/CMakeFiles/noson.dir/src/deviceproperties.cpp.o -MF CMakeFiles/noson.dir/src/deviceproperties.cpp.o.d -o CMakeFiles/noson.dir/src/deviceproperties.cpp.o -c /home/abuild/rpmbuild/BUILD/noson-2.10.2/noson/src/deviceproperties.cpp
[  186s] [ 36%] Building CXX object noson/CMakeFiles/noson.dir/src/didlparser.cpp.o
[  186s] cd /home/abuild/rpmbuild/BUILD/noson-2.10.2/build/noson && /usr/bin/c++ -Dnoson_EXPORTS -I/home/abuild/rpmbuild/BUILD/noson-2.10.2/build/noson/public/noson -I/home/abuild/rpmbuild/BUILD/noson-2.10.2/build/noson/public -I/home/abuild/rpmbuild/BUILD/noson-2.10.2/noson/src -O2 -Wall -U_FORTIFY_SOURCE -D_FORTIFY_SOURCE=3 -fstack-protector-strong -funwind-tables -fasynchronous-unwind-tables -fstack-clash-protection -Werror=return-type -flto=auto -g -O2 -g -DNDEBUG -std=gnu++11 -fPIC -MD -MT noson/CMakeFiles/noson.dir/src/didlparser.cpp.o -MF CMakeFiles/noson.dir/src/didlparser.cpp.o.d -o CMakeFiles/noson.dir/src/didlparser.cpp.o -c /home/abuild/rpmbuild/BUILD/noson-2.10.2/noson/src/didlparser.cpp
[  188s] [ 37%] Building CXX object noson/CMakeFiles/noson.dir/src/digitalitem.cpp.o
[  188s] cd /home/abuild/rpmbuild/BUILD/noson-2.10.2/build/noson && /usr/bin/c++ -Dnoson_EXPORTS -I/home/abuild/rpmbuild/BUILD/noson-2.10.2/build/noson/public/noson -I/home/abuild/rpmbuild/BUILD/noson-2.10.2/build/noson/public -I/home/abuild/rpmbuild/BUILD/noson-2.10.2/noson/src -O2 -Wall -U_FORTIFY_SOURCE -D_FORTIFY_SOURCE=3 -fstack-protector-strong -funwind-tables -fasynchronous-unwind-tables -fstack-clash-protection -Werror=return-type -flto=auto -g -O2 -g -DNDEBUG -std=gnu++11 -fPIC -MD -MT noson/CMakeFiles/noson.dir/src/digitalitem.cpp.o -MF CMakeFiles/noson.dir/src/digitalitem.cpp.o.d -o CMakeFiles/noson.dir/src/digitalitem.cpp.o -c /home/abuild/rpmbuild/BUILD/noson-2.10.2/noson/src/digitalitem.cpp
[  191s] [ 38%] Building CXX object noson/CMakeFiles/noson.dir/src/eventhandler.cpp.o
[  191s] cd /home/abuild/rpmbuild/BUILD/noson-2.10.2/build/noson && /usr/bin/c++ -Dnoson_EXPORTS -I/home/abuild/rpmbuild/BUILD/noson-2.10.2/build/noson/public/noson -I/home/abuild/rpmbuild/BUILD/noson-2.10.2/build/noson/public -I/home/abuild/rpmbuild/BUILD/noson-2.10.2/noson/src -O2 -Wall -U_FORTIFY_SOURCE -D_FORTIFY_SOURCE=3 -fstack-protector-strong -funwind-tables -fasynchronous-unwind-tables -fstack-clash-protection -Werror=return-type -flto=auto -g -O2 -g -DNDEBUG -std=gnu++11 -fPIC -MD -MT noson/CMakeFiles/noson.dir/src/eventhandler.cpp.o -MF CMakeFiles/noson.dir/src/eventhandler.cpp.o.d -o CMakeFiles/noson.dir/src/eventhandler.cpp.o -c /home/abuild/rpmbuild/BUILD/noson-2.10.2/noson/src/eventhandler.cpp
[  192s] [ 40%] Building CXX object noson/CMakeFiles/noson.dir/src/filepicreader.cpp.o
[  192s] cd /home/abuild/rpmbuild/BUILD/noson-2.10.2/build/noson && /usr/bin/c++ -Dnoson_EXPORTS -I/home/abuild/rpmbuild/BUILD/noson-2.10.2/build/noson/public/noson -I/home/abuild/rpmbuild/BUILD/noson-2.10.2/build/noson/public -I/home/abuild/rpmbuild/BUILD/noson-2.10.2/noson/src -O2 -Wall -U_FORTIFY_SOURCE -D_FORTIFY_SOURCE=3 -fstack-protector-strong -funwind-tables -fasynchronous-unwind-tables -fstack-clash-protection -Werror=return-type -flto=auto -g -O2 -g -DNDEBUG -std=gnu++11 -fPIC -MD -MT noson/CMakeFiles/noson.dir/src/filepicreader.cpp.o -MF CMakeFiles/noson.dir/src/filepicreader.cpp.o.d -o CMakeFiles/noson.dir/src/filepicreader.cpp.o -c /home/abuild/rpmbuild/BUILD/noson-2.10.2/noson/src/filepicreader.cpp
[  194s] [ 41%] Building CXX object noson/CMakeFiles/noson.dir/src/filestreamer.cpp.o
[  194s] cd /home/abuild/rpmbuild/BUILD/noson-2.10.2/build/noson && /usr/bin/c++ -Dnoson_EXPORTS -I/home/abuild/rpmbuild/BUILD/noson-2.10.2/build/noson/public/noson -I/home/abuild/rpmbuild/BUILD/noson-2.10.2/build/noson/public -I/home/abuild/rpmbuild/BUILD/noson-2.10.2/noson/src -O2 -Wall -U_FORTIFY_SOURCE -D_FORTIFY_SOURCE=3 -fstack-protector-strong -funwind-tables -fasynchronous-unwind-tables -fstack-clash-protection -Werror=return-type -flto=auto -g -O2 -g -DNDEBUG -std=gnu++11 -fPIC -MD -MT noson/CMakeFiles/noson.dir/src/filestreamer.cpp.o -MF CMakeFiles/noson.dir/src/filestreamer.cpp.o.d -o CMakeFiles/noson.dir/src/filestreamer.cpp.o -c /home/abuild/rpmbuild/BUILD/noson-2.10.2/noson/src/filestreamer.cpp
[  196s] [ 42%] Building CXX object noson/CMakeFiles/noson.dir/src/framebuffer.cpp.o
[  196s] cd /home/abuild/rpmbuild/BUILD/noson-2.10.2/build/noson && /usr/bin/c++ -Dnoson_EXPORTS -I/home/abuild/rpmbuild/BUILD/noson-2.10.2/build/noson/public/noson -I/home/abuild/rpmbuild/BUILD/noson-2.10.2/build/noson/public -I/home/abuild/rpmbuild/BUILD/noson-2.10.2/noson/src -O2 -Wall -U_FORTIFY_SOURCE -D_FORTIFY_SOURCE=3 -fstack-protector-strong -funwind-tables -fasynchronous-unwind-tables -fstack-clash-protection -Werror=return-type -flto=auto -g -O2 -g -DNDEBUG -std=gnu++11 -fPIC -MD -MT noson/CMakeFiles/noson.dir/src/framebuffer.cpp.o -MF CMakeFiles/noson.dir/src/framebuffer.cpp.o.d -o CMakeFiles/noson.dir/src/framebuffer.cpp.o -c /home/abuild/rpmbuild/BUILD/noson-2.10.2/noson/src/framebuffer.cpp
[  199s] [ 44%] Building CXX object noson/CMakeFiles/noson.dir/src/imageservice.cpp.o
[  199s] cd /home/abuild/rpmbuild/BUILD/noson-2.10.2/build/noson && /usr/bin/c++ -Dnoson_EXPORTS -I/home/abuild/rpmbuild/BUILD/noson-2.10.2/build/noson/public/noson -I/home/abuild/rpmbuild/BUILD/noson-2.10.2/build/noson/public -I/home/abuild/rpmbuild/BUILD/noson-2.10.2/noson/src -O2 -Wall -U_FORTIFY_SOURCE -D_FORTIFY_SOURCE=3 -fstack-protector-strong -funwind-tables -fasynchronous-unwind-tables -fstack-clash-protection -Werror=return-type -flto=auto -g -O2 -g -DNDEBUG -std=gnu++11 -fPIC -MD -MT noson/CMakeFiles/noson.dir/src/imageservice.cpp.o -MF CMakeFiles/noson.dir/src/imageservice.cpp.o.d -o CMakeFiles/noson.dir/src/imageservice.cpp.o -c /home/abuild/rpmbuild/BUILD/noson-2.10.2/noson/src/imageservice.cpp
[  200s] [ 45%] Building CXX object noson/CMakeFiles/noson.dir/src/intrinsic.cpp.o
[  200s] cd /home/abuild/rpmbuild/BUILD/noson-2.10.2/build/noson && /usr/bin/c++ -Dnoson_EXPORTS -I/home/abuild/rpmbuild/BUILD/noson-2.10.2/build/noson/public/noson -I/home/abuild/rpmbuild/BUILD/noson-2.10.2/build/noson/public -I/home/abuild/rpmbuild/BUILD/noson-2.10.2/noson/src -O2 -Wall -U_FORTIFY_SOURCE -D_FORTIFY_SOURCE=3 -fstack-protector-strong -funwind-tables -fasynchronous-unwind-tables -fstack-clash-protection -Werror=return-type -flto=auto -g -O2 -g -DNDEBUG -std=gnu++11 -fPIC -MD -MT noson/CMakeFiles/noson.dir/src/intrinsic.cpp.o -MF CMakeFiles/noson.dir/src/intrinsic.cpp.o.d -o CMakeFiles/noson.dir/src/intrinsic.cpp.o -c /home/abuild/rpmbuild/BUILD/noson-2.10.2/noson/src/intrinsic.cpp
[  203s] [ 46%] Building CXX object noson/CMakeFiles/noson.dir/src/iodevice.cpp.o
[  203s] cd /home/abuild/rpmbuild/BUILD/noson-2.10.2/build/noson && /usr/bin/c++ -Dnoson_EXPORTS -I/home/abuild/rpmbuild/BUILD/noson-2.10.2/build/noson/public/noson -I/home/abuild/rpmbuild/BUILD/noson-2.10.2/build/noson/public -I/home/abuild/rpmbuild/BUILD/noson-2.10.2/noson/src -O2 -Wall -U_FORTIFY_SOURCE -D_FORTIFY_SOURCE=3 -fstack-protector-strong -funwind-tables -fasynchronous-unwind-tables -fstack-clash-protection -Werror=return-type -flto=auto -g -O2 -g -DNDEBUG -std=gnu++11 -fPIC -MD -MT noson/CMakeFiles/noson.dir/src/iodevice.cpp.o -MF CMakeFiles/noson.dir/src/iodevice.cpp.o.d -o CMakeFiles/noson.dir/src/iodevice.cpp.o -c /home/abuild/rpmbuild/BUILD/noson-2.10.2/noson/src/iodevice.cpp
[  203s] [ 48%] Building CXX object noson/CMakeFiles/noson.dir/src/locked.cpp.o
[  203s] cd /home/abuild/rpmbuild/BUILD/noson-2.10.2/build/noson && /usr/bin/c++ -Dnoson_EXPORTS -I/home/abuild/rpmbuild/BUILD/noson-2.10.2/build/noson/public/noson -I/home/abuild/rpmbuild/BUILD/noson-2.10.2/build/noson/public -I/home/abuild/rpmbuild/BUILD/noson-2.10.2/noson/src -O2 -Wall -U_FORTIFY_SOURCE -D_FORTIFY_SOURCE=3 -fstack-protector-strong -funwind-tables -fasynchronous-unwind-tables -fstack-clash-protection -Werror=return-type -flto=auto -g -O2 -g -DNDEBUG -std=gnu++11 -fPIC -MD -MT noson/CMakeFiles/noson.dir/src/locked.cpp.o -MF CMakeFiles/noson.dir/src/locked.cpp.o.d -o CMakeFiles/noson.dir/src/locked.cpp.o -c /home/abuild/rpmbuild/BUILD/noson-2.10.2/noson/src/locked.cpp
[  204s] [ 49%] Building CXX object noson/CMakeFiles/noson.dir/src/musicservices.cpp.o
[  204s] cd /home/abuild/rpmbuild/BUILD/noson-2.10.2/build/noson && /usr/bin/c++ -Dnoson_EXPORTS -I/home/abuild/rpmbuild/BUILD/noson-2.10.2/build/noson/public/noson -I/home/abuild/rpmbuild/BUILD/noson-2.10.2/build/noson/public -I/home/abuild/rpmbuild/BUILD/noson-2.10.2/noson/src -O2 -Wall -U_FORTIFY_SOURCE -D_FORTIFY_SOURCE=3 -fstack-protector-strong -funwind-tables -fasynchronous-unwind-tables -fstack-clash-protection -Werror=return-type -flto=auto -g -O2 -g -DNDEBUG -std=gnu++11 -fPIC -MD -MT noson/CMakeFiles/noson.dir/src/musicservices.cpp.o -MF CMakeFiles/noson.dir/src/musicservices.cpp.o.d -o CMakeFiles/noson.dir/src/musicservices.cpp.o -c /home/abuild/rpmbuild/BUILD/noson-2.10.2/noson/src/musicservices.cpp
[  205s] [ 50%] Building CXX object noson/CMakeFiles/noson.dir/src/renderingcontrol.cpp.o
[  205s] cd /home/abuild/rpmbuild/BUILD/noson-2.10.2/build/noson && /usr/bin/c++ -Dnoson_EXPORTS -I/home/abuild/rpmbuild/BUILD/noson-2.10.2/build/noson/public/noson -I/home/abuild/rpmbuild/BUILD/noson-2.10.2/build/noson/public -I/home/abuild/rpmbuild/BUILD/noson-2.10.2/noson/src -O2 -Wall -U_FORTIFY_SOURCE -D_FORTIFY_SOURCE=3 -fstack-protector-strong -funwind-tables -fasynchronous-unwind-tables -fstack-clash-protection -Werror=return-type -flto=auto -g -O2 -g -DNDEBUG -std=gnu++11 -fPIC -MD -MT noson/CMakeFiles/noson.dir/src/renderingcontrol.cpp.o -MF CMakeFiles/noson.dir/src/renderingcontrol.cpp.o.d -o CMakeFiles/noson.dir/src/renderingcontrol.cpp.o -c /home/abuild/rpmbuild/BUILD/noson-2.10.2/noson/src/renderingcontrol.cpp
[  205s] [ 52%] Building CXX object noson/CMakeFiles/noson.dir/src/requestbroker.cpp.o
[  205s] cd /home/abuild/rpmbuild/BUILD/noson-2.10.2/build/noson && /usr/bin/c++ -Dnoson_EXPORTS -I/home/abuild/rpmbuild/BUILD/noson-2.10.2/build/noson/public/noson -I/home/abuild/rpmbuild/BUILD/noson-2.10.2/build/noson/public -I/home/abuild/rpmbuild/BUILD/noson-2.10.2/noson/src -O2 -Wall -U_FORTIFY_SOURCE -D_FORTIFY_SOURCE=3 -fstack-protector-strong -funwind-tables -fasynchronous-unwind-tables -fstack-clash-protection -Werror=return-type -flto=auto -g -O2 -g -DNDEBUG -std=gnu++11 -fPIC -MD -MT noson/CMakeFiles/noson.dir/src/requestbroker.cpp.o -MF CMakeFiles/noson.dir/src/requestbroker.cpp.o.d -o CMakeFiles/noson.dir/src/requestbroker.cpp.o -c /home/abuild/rpmbuild/BUILD/noson-2.10.2/noson/src/requestbroker.cpp
[  206s] [ 53%] Building CXX object noson/CMakeFiles/noson.dir/src/service.cpp.o
[  206s] cd /home/abuild/rpmbuild/BUILD/noson-2.10.2/build/noson && /usr/bin/c++ -Dnoson_EXPORTS -I/home/abuild/rpmbuild/BUILD/noson-2.10.2/build/noson/public/noson -I/home/abuild/rpmbuild/BUILD/noson-2.10.2/build/noson/public -I/home/abuild/rpmbuild/BUILD/noson-2.10.2/noson/src -O2 -Wall -U_FORTIFY_SOURCE -D_FORTIFY_SOURCE=3 -fstack-protector-strong -funwind-tables -fasynchronous-unwind-tables -fstack-clash-protection -Werror=return-type -flto=auto -g -O2 -g -DNDEBUG -std=gnu++11 -fPIC -MD -MT noson/CMakeFiles/noson.dir/src/service.cpp.o -MF CMakeFiles/noson.dir/src/service.cpp.o.d -o CMakeFiles/noson.dir/src/service.cpp.o -c /home/abuild/rpmbuild/BUILD/noson-2.10.2/noson/src/service.cpp
[  206s] [ 54%] Building CXX object noson/CMakeFiles/noson.dir/src/smaccount.cpp.o
[  206s] cd /home/abuild/rpmbuild/BUILD/noson-2.10.2/build/noson && /usr/bin/c++ -Dnoson_EXPORTS -I/home/abuild/rpmbuild/BUILD/noson-2.10.2/build/noson/public/noson -I/home/abuild/rpmbuild/BUILD/noson-2.10.2/build/noson/public -I/home/abuild/rpmbuild/BUILD/noson-2.10.2/noson/src -O2 -Wall -U_FORTIFY_SOURCE -D_FORTIFY_SOURCE=3 -fstack-protector-strong -funwind-tables -fasynchronous-unwind-tables -fstack-clash-protection -Werror=return-type -flto=auto -g -O2 -g -DNDEBUG -std=gnu++11 -fPIC -MD -MT noson/CMakeFiles/noson.dir/src/smaccount.cpp.o -MF CMakeFiles/noson.dir/src/smaccount.cpp.o.d -o CMakeFiles/noson.dir/src/smaccount.cpp.o -c /home/abuild/rpmbuild/BUILD/noson-2.10.2/noson/src/smaccount.cpp
[  207s] [ 56%] Building CXX object noson/CMakeFiles/noson.dir/src/smapi.cpp.o
[  207s] cd /home/abuild/rpmbuild/BUILD/noson-2.10.2/build/noson && /usr/bin/c++ -Dnoson_EXPORTS -I/home/abuild/rpmbuild/BUILD/noson-2.10.2/build/noson/public/noson -I/home/abuild/rpmbuild/BUILD/noson-2.10.2/build/noson/public -I/home/abuild/rpmbuild/BUILD/noson-2.10.2/noson/src -O2 -Wall -U_FORTIFY_SOURCE -D_FORTIFY_SOURCE=3 -fstack-protector-strong -funwind-tables -fasynchronous-unwind-tables -fstack-clash-protection -Werror=return-type -flto=auto -g -O2 -g -DNDEBUG -std=gnu++11 -fPIC -MD -MT noson/CMakeFiles/noson.dir/src/smapi.cpp.o -MF CMakeFiles/noson.dir/src/smapi.cpp.o.d -o CMakeFiles/noson.dir/src/smapi.cpp.o -c /home/abuild/rpmbuild/BUILD/noson-2.10.2/noson/src/smapi.cpp
[  211s] [ 57%] Building CXX object noson/CMakeFiles/noson.dir/src/smapimetadata.cpp.o
[  211s] cd /home/abuild/rpmbuild/BUILD/noson-2.10.2/build/noson && /usr/bin/c++ -Dnoson_EXPORTS -I/home/abuild/rpmbuild/BUILD/noson-2.10.2/build/noson/public/noson -I/home/abuild/rpmbuild/BUILD/noson-2.10.2/build/noson/public -I/home/abuild/rpmbuild/BUILD/noson-2.10.2/noson/src -O2 -Wall -U_FORTIFY_SOURCE -D_FORTIFY_SOURCE=3 -fstack-protector-strong -funwind-tables -fasynchronous-unwind-tables -fstack-clash-protection -Werror=return-type -flto=auto -g -O2 -g -DNDEBUG -std=gnu++11 -fPIC -MD -MT noson/CMakeFiles/noson.dir/src/smapimetadata.cpp.o -MF CMakeFiles/noson.dir/src/smapimetadata.cpp.o.d -o CMakeFiles/noson.dir/src/smapimetadata.cpp.o -c /home/abuild/rpmbuild/BUILD/noson-2.10.2/noson/src/smapimetadata.cpp
[  214s] [ 58%] Building CXX object noson/CMakeFiles/noson.dir/src/sonosplayer.cpp.o
[  214s] cd /home/abuild/rpmbuild/BUILD/noson-2.10.2/build/noson && /usr/bin/c++ -Dnoson_EXPORTS -I/home/abuild/rpmbuild/BUILD/noson-2.10.2/build/noson/public/noson -I/home/abuild/rpmbuild/BUILD/noson-2.10.2/build/noson/public -I/home/abuild/rpmbuild/BUILD/noson-2.10.2/noson/src -O2 -Wall -U_FORTIFY_SOURCE -D_FORTIFY_SOURCE=3 -fstack-protector-strong -funwind-tables -fasynchronous-unwind-tables -fstack-clash-protection -Werror=return-type -flto=auto -g -O2 -g -DNDEBUG -std=gnu++11 -fPIC -MD -MT noson/CMakeFiles/noson.dir/src/sonosplayer.cpp.o -MF CMakeFiles/noson.dir/src/sonosplayer.cpp.o.d -o CMakeFiles/noson.dir/src/sonosplayer.cpp.o -c /home/abuild/rpmbuild/BUILD/noson-2.10.2/noson/src/sonosplayer.cpp
[  215s] [ 60%] Building CXX object noson/CMakeFiles/noson.dir/src/sonossystem.cpp.o
[  215s] cd /home/abuild/rpmbuild/BUILD/noson-2.10.2/build/noson && /usr/bin/c++ -Dnoson_EXPORTS -I/home/abuild/rpmbuild/BUILD/noson-2.10.2/build/noson/public/noson -I/home/abuild/rpmbuild/BUILD/noson-2.10.2/build/noson/public -I/home/abuild/rpmbuild/BUILD/noson-2.10.2/noson/src -O2 -Wall -U_FORTIFY_SOURCE -D_FORTIFY_SOURCE=3 -fstack-protector-strong -funwind-tables -fasynchronous-unwind-tables -fstack-clash-protection -Werror=return-type -flto=auto -g -O2 -g -DNDEBUG -std=gnu++11 -fPIC -MD -MT noson/CMakeFiles/noson.dir/src/sonossystem.cpp.o -MF CMakeFiles/noson.dir/src/sonossystem.cpp.o.d -o CMakeFiles/noson.dir/src/sonossystem.cpp.o -c /home/abuild/rpmbuild/BUILD/noson-2.10.2/noson/src/sonossystem.cpp
[  218s] [ 61%] Building CXX object noson/CMakeFiles/noson.dir/src/sonostypes.cpp.o
[  218s] cd /home/abuild/rpmbuild/BUILD/noson-2.10.2/build/noson && /usr/bin/c++ -Dnoson_EXPORTS -I/home/abuild/rpmbuild/BUILD/noson-2.10.2/build/noson/public/noson -I/home/abuild/rpmbuild/BUILD/noson-2.10.2/build/noson/public -I/home/abuild/rpmbuild/BUILD/noson-2.10.2/noson/src -O2 -Wall -U_FORTIFY_SOURCE -D_FORTIFY_SOURCE=3 -fstack-protector-strong -funwind-tables -fasynchronous-unwind-tables -fstack-clash-protection -Werror=return-type -flto=auto -g -O2 -g -DNDEBUG -std=gnu++11 -fPIC -MD -MT noson/CMakeFiles/noson.dir/src/sonostypes.cpp.o -MF CMakeFiles/noson.dir/src/sonostypes.cpp.o.d -o CMakeFiles/noson.dir/src/sonostypes.cpp.o -c /home/abuild/rpmbuild/BUILD/noson-2.10.2/noson/src/sonostypes.cpp
[  220s] [ 62%] Building CXX object noson/CMakeFiles/noson.dir/src/sonoszone.cpp.o
[  220s] cd /home/abuild/rpmbuild/BUILD/noson-2.10.2/build/noson && /usr/bin/c++ -Dnoson_EXPORTS -I/home/abuild/rpmbuild/BUILD/noson-2.10.2/build/noson/public/noson -I/home/abuild/rpmbuild/BUILD/noson-2.10.2/build/noson/public -I/home/abuild/rpmbuild/BUILD/noson-2.10.2/noson/src -O2 -Wall -U_FORTIFY_SOURCE -D_FORTIFY_SOURCE=3 -fstack-protector-strong -funwind-tables -fasynchronous-unwind-tables -fstack-clash-protection -Werror=return-type -flto=auto -g -O2 -g -DNDEBUG -std=gnu++11 -fPIC -MD -MT noson/CMakeFiles/noson.dir/src/sonoszone.cpp.o -MF CMakeFiles/noson.dir/src/sonoszone.cpp.o.d -o CMakeFiles/noson.dir/src/sonoszone.cpp.o -c /home/abuild/rpmbuild/BUILD/noson-2.10.2/noson/src/sonoszone.cpp
[  220s] [ 64%] Building CXX object noson/CMakeFiles/noson.dir/src/subscription.cpp.o
[  220s] cd /home/abuild/rpmbuild/BUILD/noson-2.10.2/build/noson && /usr/bin/c++ -Dnoson_EXPORTS -I/home/abuild/rpmbuild/BUILD/noson-2.10.2/build/noson/public/noson -I/home/abuild/rpmbuild/BUILD/noson-2.10.2/build/noson/public -I/home/abuild/rpmbuild/BUILD/noson-2.10.2/noson/src -O2 -Wall -U_FORTIFY_SOURCE -D_FORTIFY_SOURCE=3 -fstack-protector-strong -funwind-tables -fasynchronous-unwind-tables -fstack-clash-protection -Werror=return-type -flto=auto -g -O2 -g -DNDEBUG -std=gnu++11 -fPIC -MD -MT noson/CMakeFiles/noson.dir/src/subscription.cpp.o -MF CMakeFiles/noson.dir/src/subscription.cpp.o.d -o CMakeFiles/noson.dir/src/subscription.cpp.o -c /home/abuild/rpmbuild/BUILD/noson-2.10.2/noson/src/subscription.cpp
[  221s] [ 65%] Building CXX object noson/CMakeFiles/noson.dir/src/subscriptionpool.cpp.o
[  221s] cd /home/abuild/rpmbuild/BUILD/noson-2.10.2/build/noson && /usr/bin/c++ -Dnoson_EXPORTS -I/home/abuild/rpmbuild/BUILD/noson-2.10.2/build/noson/public/noson -I/home/abuild/rpmbuild/BUILD/noson-2.10.2/build/noson/public -I/home/abuild/rpmbuild/BUILD/noson-2.10.2/noson/src -O2 -Wall -U_FORTIFY_SOURCE -D_FORTIFY_SOURCE=3 -fstack-protector-strong -funwind-tables -fasynchronous-unwind-tables -fstack-clash-protection -Werror=return-type -flto=auto -g -O2 -g -DNDEBUG -std=gnu++11 -fPIC -MD -MT noson/CMakeFiles/noson.dir/src/subscriptionpool.cpp.o -MF CMakeFiles/noson.dir/src/subscriptionpool.cpp.o.d -o CMakeFiles/noson.dir/src/subscriptionpool.cpp.o -c /home/abuild/rpmbuild/BUILD/noson-2.10.2/noson/src/subscriptionpool.cpp
[  227s] [ 66%] Building CXX object noson/CMakeFiles/noson.dir/src/zonegrouptopology.cpp.o
[  227s] cd /home/abuild/rpmbuild/BUILD/noson-2.10.2/build/noson && /usr/bin/c++ -Dnoson_EXPORTS -I/home/abuild/rpmbuild/BUILD/noson-2.10.2/build/noson/public/noson -I/home/abuild/rpmbuild/BUILD/noson-2.10.2/build/noson/public -I/home/abuild/rpmbuild/BUILD/noson-2.10.2/noson/src -O2 -Wall -U_FORTIFY_SOURCE -D_FORTIFY_SOURCE=3 -fstack-protector-strong -funwind-tables -fasynchronous-unwind-tables -fstack-clash-protection -Werror=return-type -flto=auto -g -O2 -g -DNDEBUG -std=gnu++11 -fPIC -MD -MT noson/CMakeFiles/noson.dir/src/zonegrouptopology.cpp.o -MF CMakeFiles/noson.dir/src/zonegrouptopology.cpp.o.d -o CMakeFiles/noson.dir/src/zonegrouptopology.cpp.o -c /home/abuild/rpmbuild/BUILD/noson-2.10.2/noson/src/zonegrouptopology.cpp
[  227s] [ 68%] Building CXX object noson/CMakeFiles/noson.dir/src/private/os/threads/threadpool.cpp.o
[  227s] cd /home/abuild/rpmbuild/BUILD/noson-2.10.2/build/noson && /usr/bin/c++ -Dnoson_EXPORTS -I/home/abuild/rpmbuild/BUILD/noson-2.10.2/build/noson/public/noson -I/home/abuild/rpmbuild/BUILD/noson-2.10.2/build/noson/public -I/home/abuild/rpmbuild/BUILD/noson-2.10.2/noson/src -O2 -Wall -U_FORTIFY_SOURCE -D_FORTIFY_SOURCE=3 -fstack-protector-strong -funwind-tables -fasynchronous-unwind-tables -fstack-clash-protection -Werror=return-type -flto=auto -g -O2 -g -DNDEBUG -std=gnu++11 -fPIC -MD -MT noson/CMakeFiles/noson.dir/src/private/os/threads/threadpool.cpp.o -MF CMakeFiles/noson.dir/src/private/os/threads/threadpool.cpp.o.d -o CMakeFiles/noson.dir/src/private/os/threads/threadpool.cpp.o -c /home/abuild/rpmbuild/BUILD/noson-2.10.2/noson/src/private/os/threads/threadpool.cpp
[  227s] [ 69%] Building CXX object noson/CMakeFiles/noson.dir/src/flacencoder.cpp.o
[  227s] cd /home/abuild/rpmbuild/BUILD/noson-2.10.2/build/noson && /usr/bin/c++ -Dnoson_EXPORTS -I/home/abuild/rpmbuild/BUILD/noson-2.10.2/build/noson/public/noson -I/home/abuild/rpmbuild/BUILD/noson-2.10.2/build/noson/public -I/home/abuild/rpmbuild/BUILD/noson-2.10.2/noson/src -O2 -Wall -U_FORTIFY_SOURCE -D_FORTIFY_SOURCE=3 -fstack-protector-strong -funwind-tables -fasynchronous-unwind-tables -fstack-clash-protection -Werror=return-type -flto=auto -g -O2 -g -DNDEBUG -std=gnu++11 -fPIC -MD -MT noson/CMakeFiles/noson.dir/src/flacencoder.cpp.o -MF CMakeFiles/noson.dir/src/flacencoder.cpp.o.d -o CMakeFiles/noson.dir/src/flacencoder.cpp.o -c /home/abuild/rpmbuild/BUILD/noson-2.10.2/noson/src/flacencoder.cpp
[  232s] [ 70%] Building C object noson/CMakeFiles/noson.dir/src/dlsym_pulse.c.o
[  232s] cd /home/abuild/rpmbuild/BUILD/noson-2.10.2/build/noson && /usr/bin/cc -Dnoson_EXPORTS -I/home/abuild/rpmbuild/BUILD/noson-2.10.2/build/noson/public/noson -I/home/abuild/rpmbuild/BUILD/noson-2.10.2/build/noson/public -I/home/abuild/rpmbuild/BUILD/noson-2.10.2/noson/src -O2 -Wall -U_FORTIFY_SOURCE -D_FORTIFY_SOURCE=3 -fstack-protector-strong -funwind-tables -fasynchronous-unwind-tables -fstack-clash-protection -Werror=return-type -flto=auto -g -O2 -g -DNDEBUG -fPIC -MD -MT noson/CMakeFiles/noson.dir/src/dlsym_pulse.c.o -MF CMakeFiles/noson.dir/src/dlsym_pulse.c.o.d -o CMakeFiles/noson.dir/src/dlsym_pulse.c.o -c /home/abuild/rpmbuild/BUILD/noson-2.10.2/noson/src/dlsym_pulse.c
[  233s] [ 72%] Building CXX object noson/CMakeFiles/noson.dir/src/pacontrol.cpp.o
[  233s] cd /home/abuild/rpmbuild/BUILD/noson-2.10.2/build/noson && /usr/bin/c++ -Dnoson_EXPORTS -I/home/abuild/rpmbuild/BUILD/noson-2.10.2/build/noson/public/noson -I/home/abuild/rpmbuild/BUILD/noson-2.10.2/build/noson/public -I/home/abuild/rpmbuild/BUILD/noson-2.10.2/noson/src -O2 -Wall -U_FORTIFY_SOURCE -D_FORTIFY_SOURCE=3 -fstack-protector-strong -funwind-tables -fasynchronous-unwind-tables -fstack-clash-protection -Werror=return-type -flto=auto -g -O2 -g -DNDEBUG -std=gnu++11 -fPIC -MD -MT noson/CMakeFiles/noson.dir/src/pacontrol.cpp.o -MF CMakeFiles/noson.dir/src/pacontrol.cpp.o.d -o CMakeFiles/noson.dir/src/pacontrol.cpp.o -c /home/abuild/rpmbuild/BUILD/noson-2.10.2/noson/src/pacontrol.cpp
[  234s] [ 73%] Building CXX object noson/CMakeFiles/noson.dir/src/pasource.cpp.o
[  234s] cd /home/abuild/rpmbuild/BUILD/noson-2.10.2/build/noson && /usr/bin/c++ -Dnoson_EXPORTS -I/home/abuild/rpmbuild/BUILD/noson-2.10.2/build/noson/public/noson -I/home/abuild/rpmbuild/BUILD/noson-2.10.2/build/noson/public -I/home/abuild/rpmbuild/BUILD/noson-2.10.2/noson/src -O2 -Wall -U_FORTIFY_SOURCE -D_FORTIFY_SOURCE=3 -fstack-protector-strong -funwind-tables -fasynchronous-unwind-tables -fstack-clash-protection -Werror=return-type -flto=auto -g -O2 -g -DNDEBUG -std=gnu++11 -fPIC -MD -MT noson/CMakeFiles/noson.dir/src/pasource.cpp.o -MF CMakeFiles/noson.dir/src/pasource.cpp.o.d -o CMakeFiles/noson.dir/src/pasource.cpp.o -c /home/abuild/rpmbuild/BUILD/noson-2.10.2/noson/src/pasource.cpp
[  234s] [ 74%] Building CXX object noson/CMakeFiles/noson.dir/src/pulsestreamer.cpp.o
[  234s] cd /home/abuild/rpmbuild/BUILD/noson-2.10.2/build/noson && /usr/bin/c++ -Dnoson_EXPORTS -I/home/abuild/rpmbuild/BUILD/noson-2.10.2/build/noson/public/noson -I/home/abuild/rpmbuild/BUILD/noson-2.10.2/build/noson/public -I/home/abuild/rpmbuild/BUILD/noson-2.10.2/noson/src -O2 -Wall -U_FORTIFY_SOURCE -D_FORTIFY_SOURCE=3 -fstack-protector-strong -funwind-tables -fasynchronous-unwind-tables -fstack-clash-protection -Werror=return-type -flto=auto -g -O2 -g -DNDEBUG -std=gnu++11 -fPIC -MD -MT noson/CMakeFiles/noson.dir/src/pulsestreamer.cpp.o -MF CMakeFiles/noson.dir/src/pulsestreamer.cpp.o.d -o CMakeFiles/noson.dir/src/pulsestreamer.cpp.o -c /home/abuild/rpmbuild/BUILD/noson-2.10.2/noson/src/pulsestreamer.cpp
[  245s] [ 76%] Linking CXX shared library libnoson.so
[  245s] cd /home/abuild/rpmbuild/BUILD/noson-2.10.2/build/noson && /usr/bin/cmake -E cmake_link_script CMakeFiles/noson.dir/link.txt --verbose=1
[  245s] /usr/bin/c++ -fPIC -O2 -Wall -U_FORTIFY_SOURCE -D_FORTIFY_SOURCE=3 -fstack-protector-strong -funwind-tables -fasynchronous-unwind-tables -fstack-clash-protection -Werror=return-type -flto=auto -g -O2 -g -DNDEBUG -flto=auto -Wl,--as-needed -Wl,--no-undefined -Wl,-z,now -shared -Wl,-soname,libnoson.so.2 -o libnoson.so.2.10.2 CMakeFiles/noson.dir/src/private/base64.cpp.o CMakeFiles/noson.dir/src/private/builtin.c.o CMakeFiles/noson.dir/src/private/byteorder.cpp.o CMakeFiles/noson.dir/src/private/compressor.cpp.o CMakeFiles/noson.dir/src/private/debug.cpp.o CMakeFiles/noson.dir/src/private/eventbroker.cpp.o CMakeFiles/noson.dir/src/private/mainpagebroker.cpp.o CMakeFiles/noson.dir/src/private/pcmblankkiller.cpp.o CMakeFiles/noson.dir/src/private/securesocket.cpp.o CMakeFiles/noson.dir/src/private/socket.cpp.o CMakeFiles/noson.dir/src/private/tinyxml2.cpp.o CMakeFiles/noson.dir/src/private/upnpnotificationbroker.cpp.o CMakeFiles/noson.dir/src/private/uriparser.cpp.o CMakeFiles/noson.dir/src/private/wscontent.cpp.o CMakeFiles/noson.dir/src/private/wsrequest.cpp.o CMakeFiles/noson.dir/src/private/wsrequestbroker.cpp.o CMakeFiles/noson.dir/src/private/wsresponse.cpp.o CMakeFiles/noson.dir/src/private/xmldict.cpp.o CMakeFiles/noson.dir/src/data/datareader.cpp.o CMakeFiles/noson.dir/src/alarmclock.cpp.o CMakeFiles/noson.dir/src/alarm.cpp.o CMakeFiles/noson.dir/src/audioencoder.cpp.o CMakeFiles/noson.dir/src/audiosource.cpp.o CMakeFiles/noson.dir/src/avtransport.cpp.o CMakeFiles/noson.dir/src/contentdirectory.cpp.o CMakeFiles/noson.dir/src/deviceproperties.cpp.o CMakeFiles/noson.dir/src/didlparser.cpp.o CMakeFiles/noson.dir/src/digitalitem.cpp.o CMakeFiles/noson.dir/src/eventhandler.cpp.o CMakeFiles/noson.dir/src/filepicreader.cpp.o CMakeFiles/noson.dir/src/filestreamer.cpp.o CMakeFiles/noson.dir/src/framebuffer.cpp.o CMakeFiles/noson.dir/src/imageservice.cpp.o CMakeFiles/noson.dir/src/intrinsic.cpp.o CMakeFiles/noson.dir/src/iodevice.cpp.o CMakeFiles/noson.dir/src/locked.cpp.o CMakeFiles/noson.dir/src/musicservices.cpp.o CMakeFiles/noson.dir/src/renderingcontrol.cpp.o CMakeFiles/noson.dir/src/requestbroker.cpp.o CMakeFiles/noson.dir/src/service.cpp.o CMakeFiles/noson.dir/src/smaccount.cpp.o CMakeFiles/noson.dir/src/smapi.cpp.o CMakeFiles/noson.dir/src/smapimetadata.cpp.o CMakeFiles/noson.dir/src/sonosplayer.cpp.o CMakeFiles/noson.dir/src/sonossystem.cpp.o CMakeFiles/noson.dir/src/sonostypes.cpp.o CMakeFiles/noson.dir/src/sonoszone.cpp.o CMakeFiles/noson.dir/src/subscription.cpp.o CMakeFiles/noson.dir/src/subscriptionpool.cpp.o CMakeFiles/noson.dir/src/zonegrouptopology.cpp.o CMakeFiles/noson.dir/src/private/os/threads/threadpool.cpp.o CMakeFiles/noson.dir/src/flacencoder.cpp.o CMakeFiles/noson.dir/src/dlsym_pulse.c.o CMakeFiles/noson.dir/src/pacontrol.cpp.o CMakeFiles/noson.dir/src/pasource.cpp.o CMakeFiles/noson.dir/src/pulsestreamer.cpp.o  -ldl -lz -lssl -lcrypto -lFLAC++ -lFLAC -lm -lrt 
[  318s] /tmp/ccaAvGTI.ltrans0.ltrans.o: in function `tinyxml2::StrPair::SetStr(char const*, int)':
[  318s] /home/abuild/rpmbuild/BUILD/noson-2.10.2/noson/src/private/tinyxml2.cpp:108:(.text+0x593c): relocation truncated to fit: R_RISCV_PCREL_HI20 against `.LC81'
[  319s] collect2: error: ld returned 1 exit status
[  319s] make[2]: *** [noson/CMakeFiles/noson.dir/build.make:985: noson/libnoson.so.2.10.2] Error 1
[  319s] make[2]: Leaving directory '/home/abuild/rpmbuild/BUILD/noson-2.10.2/build'
[  319s] make[1]: *** [CMakeFiles/Makefile2:918: noson/CMakeFiles/noson.dir/all] Error 2
[  319s] make[1]: Leaving directory '/home/abuild/rpmbuild/BUILD/noson-2.10.2/build'
[  319s] make: *** [Makefile:149: all] Error 2
[  319s] error: Bad exit status from /var/tmp/rpm-tmp.vRPzoT (%build)
[  319s] 
[  319s] RPM build errors:
[  319s]     Bad exit status from /var/tmp/rpm-tmp.vRPzoT (%build)
[  319s] ### VM INTERACTION START ###
[  320s] [  314.873681][    T1] sysrq: Power Off
[  320s] [  314.876132][   T18] reboot: Power down
[  320s] ### VM INTERACTION END ###
[  320s] 
[  320s] lamb55 failed "build noson.spec" at Fri Apr  7 06:31:50 UTC 2023.
[  320s] 
