[    0s] Using BUILD_ROOT=/var/cache/obs/worker/root_24/.mount
[    0s] Using BUILD_ARCH=riscv64
[    0s] Doing kvm build in /var/cache/obs/worker/root_24/root
[    0s] 
[    0s] 
[    0s] old-cirrus2 started "build petsc.spec" at Mon Mar 20 20:55:51 UTC 2023.
[    0s] 
[    0s] Building petsc:gnu-openmpi4-hpc for project 'openSUSE:Factory:RISCV' repository 'standard' arch 'riscv64' srcmd5 '40c2b090617d81f179a8817b08fdada6'
[    0s] 
[    0s] processing recipe /var/cache/obs/worker/root_24/.build-srcdir/petsc.spec ...
[    0s] running changelog2spec --target rpm --file /var/cache/obs/worker/root_24/.build-srcdir/petsc.spec
[    0s] init_buildsystem --configdir /var/run/obs/worker/24/build/configs --cachedir /var/cache/build --prepare --buildflavor gnu-openmpi4-hpc --clean --rpmlist /var/cache/obs/worker/root_24/.build.rpmlist /var/cache/obs/worker/root_24/.build-srcdir/petsc.spec build ...
[    1s] unpacking preinstall image openSUSE:Factory:RISCV/standard/preinstallimage-base [068b7acb454ec5ffeefe0cf546ee1d7f]
[    4s] 
[    4s] copying packages...
[    4s] reordering...cycle: libefa1 -> libibverbs1 -> libibverbs
[    4s]   breaking dependency libibverbs -> libefa1
[    4s] cycle: libibverbs1 -> libibverbs
[    4s]   breaking dependency libibverbs -> libibverbs1
[    4s] cycle: libibverbs1 -> libibverbs -> libmlx4-1
[    4s]   breaking dependency libibverbs -> libmlx4-1
[    4s] cycle: libibverbs1 -> libibverbs -> libmlx5-1
[    4s]   breaking dependency libmlx5-1 -> libibverbs1
[    4s] cycle: libpmix2 -> pmix-plugins
[    4s]   breaking dependency pmix-plugins -> libpmix2
[    4s] cycle: libopenmpi_4_1_4-gnu-hpc -> openmpi_4_1_4-gnu-hpc
[    4s]   breaking dependency libopenmpi_4_1_4-gnu-hpc -> openmpi_4_1_4-gnu-hpc
[    4s] cycle: libpython3_10-1_0 -> python310-base
[    4s]   breaking dependency python310-base -> libpython3_10-1_0
[    4s] done
[    4s] Detected virtio-serial support
[    6s] booting kvm...
[    6s] ### VM INTERACTION START ###
[    6s] Using virtio-serial support
[    6s] /usr/bin/qemu-kvm -nodefaults -no-reboot -nographic -vga none -cpu host -M pc,accel=kvm,usb=off,dump-guest-core=off,vmport=off -sandbox on -bios /usr/share/qemu/qboot.rom -object rng-random,filename=/dev/random,id=rng0 -device virtio-rng-pci,rng=rng0 -object iothread,id=io0 -runas qemu -net none -kernel /var/cache/obs/worker/root_24/.mount/boot/kernel -initrd /var/cache/obs/worker/root_24/.mount/boot/initrd -append root=/dev/disk/by-id/virtio-0 rootfstype=ext4 rootflags=noatime kvmclock mitigations=off elevator=noop nmi_watchdog=0 rw rd.driver.pre=binfmt_misc oops=panic panic=1 quiet console=hvc0 init=/.build/initvm.x86_64 -m 8192 -drive file=/var/cache/obs/worker/root_24/root,format=raw,if=none,id=disk,cache=unsafe,aio=io_uring -device virtio-blk-pci,iothread=io0,drive=disk,serial=0 -drive file=/var/cache/obs/worker/root_24/swap,format=raw,if=none,id=swap,cache=unsafe,aio=io_uring -device virtio-blk-pci,iothread=io0,drive=swap,serial=1 -device virtio-serial,max_ports=2 -device virtconsole,chardev=virtiocon0 -chardev stdio,id=virtiocon0 -chardev socket,id=monitor,server=on,wait=off,path=/var/cache/obs/worker/root_24/root.qemu/monitor -mon chardev=monitor,mode=readline -smp 4
[   11s] ### VM INTERACTION END ###
[   11s] 2nd stage started in virtual machine
[   12s] machine type: riscv64
[   12s] Linux version: 6.2.6-1-default #1 SMP PREEMPT_DYNAMIC Mon Mar 13 10:57:27 UTC 2023 (fa1a4c6)
[   12s] Increasing log level from now on...
[   12s] [    5.463777][  T369] sysrq: Changing Loglevel
[   12s] [    5.463866][  T369] sysrq: Loglevel set to 4
[   12s] Enable sysrq operations
[   13s] Setting up swapspace version 1, size = 2 GiB (2147479552 bytes)
[   13s] no label, UUID=4ef3d0fe-0b9e-4593-97a3-832841a64de6
[   13s] swapon: /dev/vdb: found signature [pagesize=4096, signature=swap]
[   13s] swapon: /dev/vdb: pagesize=4096, swapsize=2147483648, devsize=2147483648
[   13s] swapon /dev/vdb
[   13s] WARNING: udev not running, creating extra device nodes
[   14s] logging output to //.build.log...
[   14s] processing recipe /.build-srcdir/petsc.spec ...
[   14s] init_buildsystem --configdir /.build/configs --cachedir /var/cache/build --buildflavor gnu-openmpi4-hpc /.build-srcdir/petsc.spec build ...
[   14s] initializing rpm db...
[   15s] querying package ids...
[   43s] [1/228] preinstalled aaa_base-84.87+git20220822.6b9f7a3-1.1
[   43s] [2/228] preinstalled aaa_base-malloccheck-84.87+git20220822.6b9f7a3-1.1
[   43s] [3/228] preinstalled attr-2.5.1-1.1
[   43s] [4/228] preinstalled bash-5.2.15-8.1
[   43s] [5/228] preinstalled bash-sh-5.2.15-8.1
[   43s] [6/228] preinstalled binutils-2.40-2.1
[   43s] [7/228] preinstalled brp-check-suse-84.87+git20221115.2f7add6-1.1
[   43s] [8/228] preinstalled build-compare-20221206T204012.bb70754-1.2
[   43s] [9/228] preinstalled build-mkbaselibs-20230314-1.1
[   43s] [10/228] preinstalled bzip2-1.0.8-5.1
[   43s] [11/228] preinstalled chkstat-1599_20230217-1.1
[   43s] [12/228] preinstalled compat-usrmerge-build-84.87-5.1
[   43s] [13/228] preinstalled compat-usrmerge-tools-84.87-5.1
[   43s] [14/228] preinstalled coreutils-9.1-5.1
[   43s] [15/228] preinstalled cpio-2.13-5.1
[   43s] [16/228] preinstalled cpp-13-1.1
[   43s] [17/228] preinstalled cpp13-13.0.1+git6669-7.1
[   43s] [18/228] cumulate crypto-policies-20210917.c9d86d1-1.1
[   43s] [19/228] preinstalled debugedit-5.0-5.1
[   43s] [20/228] preinstalled diffutils-3.9-1.1
[   43s] [21/228] preinstalled dwz-0.15-2.1
[   43s] [22/228] preinstalled elfutils-0.189-2.1
[   43s] [23/228] cumulate fdupes-2.2.1-1.1
[   43s] [24/228] preinstalled file-5.44-1.2
[   43s] [25/228] preinstalled file-magic-5.44-1.2
[   43s] [26/228] preinstalled filesystem-84.87-12.1
[   43s] [27/228] preinstalled fillup-1.42-279.1
[   43s] [28/228] preinstalled findutils-4.9.0-2.1
[   43s] [29/228] preinstalled gawk-5.2.1-2.1
[   43s] [30/228] preinstalled gcc-13-1.1
[   43s] [31/228] preinstalled gcc-PIE-13-1.1
[   43s] [32/228] preinstalled gcc13-13.0.1+git6669-7.1
[   43s] [33/228] preinstalled gcc13-PIE-13.0.1+git6669-7.1
[   43s] [34/228] preinstalled gettext-runtime-mini-0.21.1-1.1
[   43s] [35/228] preinstalled gettext-tools-mini-0.21.1-1.1
[   43s] [36/228] preinstalled glibc-2.37-1.1
[   43s] [37/228] preinstalled glibc-devel-2.37-1.1
[   43s] [38/228] preinstalled glibc-locale-base-2.37-1.1
[   43s] [39/228] preinstalled grep-3.9-1.1
[   43s] [40/228] preinstalled gzip-1.12-3.1
[   43s] [41/228] cumulate hwloc-data-2.9.0-2.1
[   43s] [42/228] preinstalled kernel-obs-build-6.2.6-1.2
[   43s] [43/228] preinstalled libacl1-2.3.1-2.1
[   43s] [44/228] preinstalled libasan8-13.0.1+git6669-7.1
[   43s] [45/228] preinstalled libasm1-0.189-2.1
[   43s] [46/228] preinstalled libatomic1-13.0.1+git6669-7.1
[   43s] [47/228] preinstalled libattr1-2.5.1-1.1
[   43s] [48/228] preinstalled libaudit1-3.0.9-1.1
[   43s] [49/228] preinstalled libblkid1-2.38.1-10.1
[   43s] [50/228] preinstalled libbz2-1-1.0.8-5.1
[   43s] [51/228] preinstalled libcap-ng0-0.8.3-1.1
[   43s] [52/228] preinstalled libcap2-2.67-1.1
[   43s] [53/228] cumulate libcbor0_10-0.10.2-1.1
[   43s] [54/228] cumulate libcom_err2-1.46.5-4.1
[   43s] [55/228] preinstalled libcrypt1-4.4.33-2.1
[   43s] [56/228] preinstalled libctf-nobfd0-2.40-2.1
[   43s] [57/228] preinstalled libctf0-2.40-2.1
[   43s] [58/228] preinstalled libdb-4_8-4.8.30-40.1
[   43s] [59/228] preinstalled libdw1-0.189-2.1
[   43s] [60/228] preinstalled libeconf0-0.5.1-1.1
[   43s] [61/228] cumulate libedit0-20210910.3.1-1.1
[   43s] [62/228] preinstalled libelf1-0.189-2.1
[   43s] [63/228] cumulate libexpat1-2.5.0-2.1
[   43s] [64/228] preinstalled libfdisk1-2.38.1-10.1
[   43s] [65/228] cumulate libffi8-3.4.4-1.1
[   43s] [66/228] preinstalled libgcc_s1-13.0.1+git6669-7.1
[   43s] [67/228] preinstalled libgcrypt20-1.10.1-2.1
[   43s] [68/228] preinstalled libgdbm6-1.23-1.1
[   43s] [69/228] preinstalled libgdbm_compat4-1.23-1.1
[   43s] [70/228] cumulate libgfortran5-13.0.1+git6669-7.1
[   43s] [71/228] preinstalled libgmp10-6.2.1-4.1
[   43s] [72/228] preinstalled libgomp1-13.0.1+git6669-7.1
[   43s] [73/228] preinstalled libgpg-error0-1.46-1.1
[   43s] [74/228] cumulate libibumad3-42.0-2.1
[   43s] [75/228] preinstalled libisl23-0.25-1.1
[   43s] [76/228] preinstalled libitm1-13.0.1+git6669-7.1
[   43s] [77/228] cumulate libkeyutils1-1.6.3-5.1
[   43s] [78/228] preinstalled liblua5_4-5-5.4.4-8.1
[   43s] [79/228] preinstalled liblzma5-5.4.1-2.1
[   43s] [80/228] preinstalled libmagic1-5.44-1.2
[   43s] [81/228] cumulate libmca_common_dstore1-3.2.3-7.1
[   43s] [82/228] preinstalled libmount1-2.38.1-10.1
[   43s] [83/228] preinstalled libmpc3-1.3.1-1.2
[   43s] [84/228] cumulate libmpdec3-2.5.1-2.1
[   43s] [85/228] preinstalled libmpfr6-4.2.0-1.1
[   43s] [86/228] preinstalled libncurses6-6.4.20230311-8.1
[   43s] [87/228] cumulate libnl-config-3.7.0-1.1
[   43s] [88/228] cumulate libpciaccess0-0.17-1.1
[   43s] [89/228] preinstalled libpcre2-8-0-10.42-3.2
[   43s] [90/228] preinstalled libpkgconf3-1.8.0-2.1
[   43s] [91/228] preinstalled libpopt0-1.19-1.1
[   43s] [92/228] preinstalled libreadline8-8.2-2.1
[   43s] [93/228] preinstalled librpmbuild9-4.18.0-3.2
[   43s] [94/228] preinstalled libseccomp2-2.5.4-2.1
[   43s] [95/228] preinstalled libselinux1-3.5-1.1
[   43s] [96/228] preinstalled libsemanage-conf-3.5-1.1
[   43s] [97/228] preinstalled libsemanage2-3.5-1.1
[   43s] [98/228] preinstalled libsepol2-3.5-1.1
[   43s] [99/228] preinstalled libsmartcols1-2.38.1-10.1
[   43s] [100/228] preinstalled libstdc++6-13.0.1+git6669-7.1
[   43s] [101/228] cumulate libstdc++6-devel-gcc13-13.0.1+git6669-7.1
[   43s] [102/228] preinstalled libsubid4-4.13-4.1
[   43s] [103/228] cumulate libsystemd0-mini-253.1-2.1
[   43s] [104/228] preinstalled libubsan1-13.0.1+git6669-7.1
[   43s] [105/228] cumulate libudev-mini1-253.1-2.1
[   43s] [106/228] preinstalled libutempter0-1.2.0-3.2
[   43s] [107/228] preinstalled libuuid1-2.38.1-10.1
[   43s] [108/228] cumulate libverto1-0.3.2-1.1
[   43s] [109/228] preinstalled libxcrypt-devel-4.4.33-2.1
[   43s] [110/228] cumulate libxml2-2-2.10.3-3.1
[   43s] [111/228] preinstalled libz1-1.2.13-3.1
[   43s] [112/228] preinstalled libzstd1-1.5.4-2.1
[   43s] [113/228] preinstalled linux-glibc-devel-6.2-1.1
[   43s] [114/228] preinstalled login_defs-4.13-4.1
[   43s] [115/228] preinstalled lua54-5.4.4-8.1
[   43s] [116/228] cumulate lua54-luafilesystem-1.8.0-6.1
[   43s] [117/228] cumulate lua54-luaposix-35.1-2.1
[   43s] [118/228] cumulate lua54-luaterm-0.07-8.1
[   43s] [119/228] preinstalled make-4.4.1-1.1
[   43s] [120/228] preinstalled ncurses-utils-6.4.20230311-8.1
[   43s] [121/228] cumulate openmpi4-config-4.1.4-2.1
[   43s] [122/228] preinstalled pam-1.5.2-13.1
[   43s] [123/228] preinstalled patch-2.7.6-6.1
[   43s] [124/228] preinstalled perl-5.36.0-4.1
[   43s] [125/228] preinstalled perl-base-5.36.0-4.1
[   43s] [126/228] preinstalled permissions-1599_20230217-1.1
[   43s] [127/228] preinstalled permissions-config-1599_20230217-1.1
[   43s] [128/228] preinstalled pkgconf-1.8.0-2.1
[   43s] [129/228] preinstalled pkgconf-m4-1.8.0-2.1
[   43s] [130/228] preinstalled pkgconf-pkg-config-1.8.0-2.1
[   43s] [131/228] preinstalled polkit-default-privs-1550+20230307.7f42172-1.1
[   43s] [132/228] preinstalled post-build-checks-84.87+git20230302.ff58c9e-1.1
[   43s] [133/228] cumulate python-rpm-macros-20230304.050c1a4-1.1
[   43s] [134/228] preinstalled qemu-linux-user-7.1.0-54.1
[   43s] [135/228] preinstalled rpm-4.18.0-3.2
[   43s] [136/228] preinstalled rpm-build-4.18.0-3.2
[   43s] [137/228] preinstalled rpm-build-perl-4.18.0-3.2
[   43s] [138/228] preinstalled rpm-config-SUSE-20220926-1.1
[   43s] [139/228] preinstalled rpmlint-mini-2.4.0+git20230316.e10f602-9.18
[   43s] [140/228] preinstalled rpmlint-strict-2.4.0+git20230316.e10f602-1.1
[   43s] [141/228] cumulate scalapack_2_1_0-gnu-openmpi4-hpc-module-2.1.0-9.6
[   43s] [142/228] preinstalled sed-4.9-2.1
[   43s] [143/228] preinstalled shadow-4.13-4.1
[   43s] [144/228] cumulate suse-hpc-0.5.20220525.fd76646-1.1
[   43s] [145/228] cumulate suse-module-tools-16.0.30-1.1
[   43s] [146/228] preinstalled system-group-hardware-20170617-24.1
[   43s] [147/228] cumulate system-group-kvm-20170617-24.1
[   43s] [148/228] preinstalled system-user-root-20190513-2.1
[   43s] [149/228] cumulate systemd-mini-253.1-2.1
[   43s] [150/228] preinstalled systemd-rpm-macros-19-1.1
[   43s] [151/228] preinstalled sysuser-shadow-3.1-5.1
[   43s] [152/228] preinstalled tar-1.34-10.1
[   43s] [153/228] cumulate tcl-8.6.13-4.1
[   43s] [154/228] preinstalled terminfo-base-6.4.20230311-8.1
[   43s] [155/228] preinstalled update-alternatives-1.21.8-1.1
[   43s] [156/228] preinstalled util-linux-2.38.1-10.1
[   43s] [157/228] preinstalled which-2.21-5.1
[   43s] [158/228] preinstalled xz-5.4.1-2.1
[   43s] [159/228] cumulate xz-devel-5.4.1-2.1
[   43s] [160/228] cumulate zlib-devel-1.2.13-3.1
[   43s] [161/228] cumulate gcc13-c++-13.0.1+git6669-7.1
[   43s] [162/228] cumulate gcc13-fortran-13.0.1+git6669-7.1
[   43s] [163/228] cumulate libhidapi-hidraw0-0.13.1-1.1
[   43s] [164/228] cumulate libibmad5-42.0-2.1
[   43s] [165/228] cumulate libnl3-200-3.7.0-1.1
[   43s] [166/228] cumulate libopenssl3-3.0.8-2.1
[   43s] [167/228] cumulate libpciaccess-devel-0.17-1.1
[   43s] [168/228] cumulate libxml2-tools-2.10.3-3.1
[   43s] [169/228] cumulate krb5-mini-1.20.1-4.1
[   43s] [170/228] cumulate libhwloc15-2.9.0-2.1
[   43s] [171/228] cumulate lua-lmod-8.7.17-2.1
[   43s] [172/228] cumulate gcc-c++-13-1.1
[   43s] [173/228] cumulate gcc-fortran-13-1.1
[   43s] [174/228] cumulate gnu-compilers-hpc-1.4-10.2
[   43s] [175/228] cumulate hdf5_1_12_2-gnu-openmpi4-hpc-module-1.12.2-4.1
[   43s] [176/228] cumulate libevent-2_1-7-2.1.12-3.2
[   43s] [177/228] cumulate openssh-common-8.9p1-7.3
[   43s] [178/228] cumulate kmod-30-2.2
[   43s] [179/228] cumulate libibnetdisc5-42.0-2.1
[   43s] [180/228] cumulate libfido2-1-1.13.0-1.1
[   43s] [181/228] cumulate libxml2-devel-2.10.3-3.1
[   43s] [182/228] cumulate libhdf5_1_12_2-gnu-openmpi4-hpc-1.12.2-4.1
[   43s] [183/228] cumulate libhdf5_cpp_1_12_2-gnu-openmpi4-hpc-1.12.2-4.1
[   43s] [184/228] cumulate libhdf5_hl_1_12_2-gnu-openmpi4-hpc-1.12.2-4.1
[   43s] [185/228] cumulate libhdf5_hl_cpp_1_12_2-gnu-openmpi4-hpc-1.12.2-4.1
[   43s] [186/228] cumulate libhdf5_fortran_1_12_2-gnu-openmpi4-hpc-1.12.2-4.1
[   43s] [187/228] cumulate libhdf5hl_fortran_1_12_2-gnu-openmpi4-hpc-1.12.2-4.1
[   43s] [188/228] cumulate hwloc-devel-2.9.0-2.1
[   43s] [189/228] cumulate infiniband-diags-42.0-2.1
[   43s] [190/228] cumulate libopenblas_0_3_21-gnu-hpc-0.3.21-5.2
[   43s] [191/228] cumulate udev-mini-253.1-2.1
[   43s] [192/228] cumulate gnu-compilers-hpc-devel-1.4-10.2
[   43s] [193/228] cumulate openssh-clients-8.9p1-7.3
[   43s] [194/228] cumulate openssh-server-8.9p1-7.3
[   43s] [195/228] cumulate gnu-compilers-hpc-macros-devel-1.4-10.2
[   43s] [196/228] cumulate libopenblas-gnu-hpc-0.3.21-5.2
[   43s] [197/228] cumulate openssh-8.9p1-7.3
[   43s] [198/228] cumulate libopenblas_0_3_21-gnu-hpc-devel-0.3.21-5.2
[   43s] [199/228] cumulate rdma-core-42.0-2.1
[   43s] [200/228] cumulate libopenblas-gnu-hpc-devel-0.3.21-5.2
[   43s] [201/228] cumulate libmlx5-1-42.0-2.1
[   43s] [202/228] cumulate pmix-plugins-3.2.3-7.1
[   43s] [203/228] cumulate python310-base-3.10.10-2.1
[   43s] [204/228] cumulate libpython3_10-1_0-3.10.10-2.1
[   43s] [205/228] cumulate python310-packaging-23.0-2.1
[   43s] [206/228] cumulate libpmix2-3.2.3-7.1
[   43s] [207/228] cumulate libibverbs-42.0-2.1
[   43s] [208/228] cumulate libibverbs1-42.0-2.1
[   43s] [209/228] cumulate python-rpm-packaging-20210526+a18ca48-1.2
[   43s] [210/228] cumulate libefa1-42.0-2.1
[   43s] [211/228] cumulate libmlx4-1-42.0-2.1
[   43s] [212/228] cumulate librdmacm1-42.0-2.1
[   43s] [213/228] cumulate rsocket-42.0-2.1
[   43s] [214/228] cumulate libfabric1-1.16.1-2.1
[   43s] [215/228] cumulate libopenmpi_4_1_4-gnu-hpc-4.1.4-2.1
[   43s] [216/228] cumulate rdma-core-devel-42.0-2.1
[   43s] [217/228] cumulate libopenmpi4-gnu-hpc-4.1.4-2.1
[   43s] [218/228] cumulate openmpi_4_1_4-gnu-hpc-4.1.4-2.1
[   43s] [219/228] cumulate libscalapack2_2_1_0-gnu-openmpi4-hpc-2.1.0-9.6
[   43s] [220/228] cumulate hdf5_1_12_2-gnu-openmpi4-hpc-1.12.2-4.1
[   43s] [221/228] cumulate openmpi_4_1_4-gnu-hpc-devel-4.1.4-2.1
[   43s] [222/228] cumulate openmpi4-gnu-hpc-devel-4.1.4-2.1
[   43s] [223/228] cumulate openmpi_4_1_4-gnu-hpc-macros-devel-4.1.4-2.1
[   43s] [224/228] cumulate openmpi4-gnu-hpc-macros-devel-4.1.4-2.1
[   43s] [225/228] cumulate libscalapack2_2_1_0-gnu-openmpi4-hpc-devel-2.1.0-9.6
[   43s] [226/228] cumulate hdf5_1_12_2-gnu-openmpi4-hpc-devel-1.12.2-4.1
[   43s] [227/228] cumulate hdf5-gnu-openmpi4-hpc-devel-1.12.2-4.1
[   43s] [228/228] cumulate libscalapack2-gnu-openmpi4-hpc-devel-2.1.0-9.6
[   43s] now installing cumulated packages
[   44s] Preparing...                          ########################################
[   44s] Updating / installing...
[   44s] libgfortran5-13.0.1+git6669-7.1       ########################################
[   44s] libibumad3-42.0-2.1                   ########################################
[   44s] libxml2-2-2.10.3-3.1                  ########################################
[   44s] libibmad5-42.0-2.1                    ########################################
[   53s] gcc13-fortran-13.0.1+git6669-7.1      ########################################
[   53s] zlib-devel-1.2.13-3.1                 ########################################
[   53s] systemd-mini-253.1-2.1                warning: group systemd-journal does not exist - using root
[   54s] ########################################
[   55s] Creating group 'systemd-journal' with GID 486.
[   55s] Creating group 'systemd-timesync' with GID 485.
[   55s] Creating user 'systemd-timesync' (systemd Time Synchronization) with UID 485 and GID 485.
[   55s] Running in chroot, ignoring command 'daemon-reexec'
[   55s] /usr/lib/tmpfiles.d/journal-nocow.conf:26: Failed to resolve specifier: uninitialized /etc/ detected, skipping.
[   55s] All rules containing unresolvable specifiers will be skipped.
[   56s] libudev-mini1-253.1-2.1               ########################################
[   56s] libpciaccess0-0.17-1.1                ########################################
[   57s] libcom_err2-1.46.5-4.1                ########################################
[   57s] libpciaccess-devel-0.17-1.1           ########################################
[   57s] libhidapi-hidraw0-0.13.1-1.1          ########################################
[   57s] gcc-fortran-13-1.1                    ########################################
[   57s] libibnetdisc5-42.0-2.1                ########################################
[   57s] infiniband-diags-42.0-2.1             ########################################
[   57s] libxml2-tools-2.10.3-3.1              ########################################
[   57s] xz-devel-5.4.1-2.1                    ########################################
[   57s] libxml2-devel-2.10.3-3.1              ########################################
[   58s] tcl-8.6.13-4.1                        ########################################
[   58s] /usr/bin/systemd-sysusers --replace=/usr/lib/sysusers.d/system-group-kvm.conf -
[   59s] Creating group 'kvm' with GID 36.
[   59s] system-group-kvm-20170617-24.1        ########################################
[   59s] scalapack_2_1_0-gnu-openmpi4-hpc-modul########################################
[   59s] python-rpm-macros-20230304.050c1a4-1.1########################################
[   59s] openmpi4-config-4.1.4-2.1             ########################################
[   59s] lua54-luaterm-0.07-8.1                ########################################
[   59s] lua54-luaposix-35.1-2.1               ########################################
[   59s] lua54-luafilesystem-1.8.0-6.1         ########################################
[   59s] lua-lmod-8.7.17-2.1                   ########################################
[   59s] gnu-compilers-hpc-1.4-10.2            ########################################
[   59s] hdf5_1_12_2-gnu-openmpi4-hpc-module-1.########################################
[   60s] libhdf5_1_12_2-gnu-openmpi4-hpc-1.12.2########################################
[   60s] libhdf5_hl_1_12_2-gnu-openmpi4-hpc-1.1########################################
[   60s] libhdf5_fortran_1_12_2-gnu-openmpi4-hp########################################
[   60s] libhdf5hl_fortran_1_12_2-gnu-openmpi4-########################################
[   61s] libopenblas_0_3_21-gnu-hpc-0.3.21-5.2 ########################################
[   61s] libopenblas-gnu-hpc-0.3.21-5.2        ########################################
[   61s] libhdf5_cpp_1_12_2-gnu-openmpi4-hpc-1.########################################
[   62s] libhdf5_hl_cpp_1_12_2-gnu-openmpi4-hpc########################################
[   62s] libverto1-0.3.2-1.1                   ########################################
[   62s] libsystemd0-mini-253.1-2.1            ########################################
[   75s] libstdc++6-devel-gcc13-13.0.1+git6669-########################################
[   80s] gcc13-c++-13.0.1+git6669-7.1          ########################################
[   81s] gcc-c++-13-1.1                        ########################################
[   81s] gnu-compilers-hpc-devel-1.4-10.2      ########################################
[   81s] libopenblas_0_3_21-gnu-hpc-devel-0.3.2########################################
[   81s] libopenblas-gnu-hpc-devel-0.3.21-5.2  ########################################
[   81s] libnl-config-3.7.0-1.1                ########################################
[   81s] libnl3-200-3.7.0-1.1                  ########################################
[   81s] libmpdec3-2.5.1-2.1                   ########################################
[   81s] libmca_common_dstore1-3.2.3-7.1       ########################################
[   81s] libkeyutils1-1.6.3-5.1                ########################################
[   82s] krb5-mini-1.20.1-4.1                  ########################################
[   83s] Updating /etc/sysconfig/kadmind ...
[   83s] Updating /etc/sysconfig/krb5kdc ...
[   83s] libffi8-3.4.4-1.1                     ########################################
[   83s] libexpat1-2.5.0-2.1                   ########################################
[   83s] libedit0-20210910.3.1-1.1             ########################################
[   84s] libcbor0_10-0.10.2-1.1                ########################################
[   84s] hwloc-data-2.9.0-2.1                  ########################################
[   84s] libhwloc15-2.9.0-2.1                  ########################################
[   84s] crypto-policies-20210917.c9d86d1-1.1  ########################################
[   85s] libopenssl3-3.0.8-2.1                 ########################################
[   85s] libevent-2_1-7-2.1.12-3.2             ########################################
[   86s] suse-module-tools-16.0.30-1.1         ########################################
[   86s] kmod-30-2.2                           ########################################
[   87s] libpython3_10-1_0-3.10.10-2.1         ########################################
[   92s] python310-base-3.10.10-2.1            ########################################
[   92s] openssh-common-8.9p1-7.3              ########################################
[   92s] libfido2-1-1.13.0-1.1                 ########################################
[   92s] openssh-clients-8.9p1-7.3             ########################################
[   93s] /usr/bin/systemd-sysusers --replace=/usr/lib/sysusers.d/sshd.conf -
[   93s] Creating group 'sshd' with GID 484.
[   93s] Creating user 'sshd' (SSH daemon) with UID 484 and GID 484.
[   93s] openssh-server-8.9p1-7.3              ########################################
[   93s] Updating /etc/sysconfig/ssh ...
[   94s] openssh-8.9p1-7.3                     ########################################
[   94s] python310-packaging-23.0-2.1          ########################################
[   95s] udev-mini-253.1-2.1                   ########################################
[  105s] Failed to preset unit, unit remote-cryptsetup.target does not exist.
[  105s] rdma-core-42.0-2.1                    ########################################
[  106s] libmlx5-1-42.0-2.1                    ########################################
[  106s] libefa1-42.0-2.1                      ########################################
[  106s] libmlx4-1-42.0-2.1                    ########################################
[  106s] libibverbs1-42.0-2.1                  ########################################
[  106s] libibverbs-42.0-2.1                   ########################################
[  106s] librdmacm1-42.0-2.1                   ########################################
[  106s] libfabric1-1.16.1-2.1                 ########################################
[  106s] rsocket-42.0-2.1                      ########################################
[  107s] rdma-core-devel-42.0-2.1              ########################################
[  107s] pmix-plugins-3.2.3-7.1                ########################################
[  107s] libpmix2-3.2.3-7.1                    ########################################
[  108s] libopenmpi_4_1_4-gnu-hpc-4.1.4-2.1    ########################################
[  108s] openmpi_4_1_4-gnu-hpc-4.1.4-2.1       ########################################
[  108s] openmpi_4_1_4-gnu-hpc-devel-4.1.4-2.1 ########################################
[  108s] openmpi4-gnu-hpc-devel-4.1.4-2.1      ########################################
[  108s] libopenmpi4-gnu-hpc-4.1.4-2.1         ########################################
[  109s] libscalapack2_2_1_0-gnu-openmpi4-hpc-2########################################
[  110s] libscalapack2_2_1_0-gnu-openmpi4-hpc-d########################################
[  110s] hdf5_1_12_2-gnu-openmpi4-hpc-1.12.2-4.########################################
[  110s] hdf5_1_12_2-gnu-openmpi4-hpc-devel-1.1########################################
[  110s] openmpi_4_1_4-gnu-hpc-macros-devel-4.1########################################
[  110s] openmpi4-gnu-hpc-macros-devel-4.1.4-2.########################################
[  110s] hdf5-gnu-openmpi4-hpc-devel-1.12.2-4.1########################################
[  110s] libscalapack2-gnu-openmpi4-hpc-devel-2########################################
[  110s] python-rpm-packaging-20210526+a18ca48-########################################
[  110s] hwloc-devel-2.9.0-2.1                 ########################################
[  110s] gnu-compilers-hpc-macros-devel-1.4-10.########################################
[  110s] suse-hpc-0.5.20220525.fd76646-1.1     ########################################
[  110s] fdupes-2.2.1-1.1                      ########################################
[  112s] regenerate-initrd-posttrans: dracut is not installed, not rebuilding the initrd
[  112s] regenerate-initrd-posttrans: dracut is not installed, not rebuilding the initrd
[  118s] now finalizing build dir...
[  118s] ... running 01-add_abuild_user_to_trusted_group
[  119s] ... running 02-set_timezone_to_utc
[  119s] ... running 03-set-permissions-secure
[  119s] ... running 11-hack_uname_version_to_kernel_version
[  123s] sh: line 1: /usr/bin/ps: No such file or directory
[  129s] -----------------------------------------------------------------
[  129s] I have the following modifications for petsc.spec:
[  129s] 19c19
[  129s] < %global flavor @BUILD_FLAVOR@%{nil}
[  129s] ---
[  129s] > %global flavor gnu-openmpi4-hpc%{nil}
[  129s] 370c370
[  129s] < Release:        0
[  129s] ---
[  129s] > Release:        1.2
[  129s] 378c378
[  129s] < BuildRequires:  pkg-config
[  129s] ---
[  129s] > BuildRequires:  pkgconf-pkg-config
[  129s] 418d417
[  129s] < BuildRequires:  valgrind-devel
[  137s] build target is riscv64-suse-linux
[  137s] -----------------------------------------------------------------
[  137s] ----- building petsc.spec (user abuild)
[  137s] -----------------------------------------------------------------
[  137s] -----------------------------------------------------------------
[  141s] sh: line 1: /usr/bin/ps: No such file or directory
[  142s] + exec rpmbuild -ba --define '_srcdefattr (-,root,root)' --nosignature --target=riscv64-suse-linux --define '_build_create_debug 1' --define 'disturl obs://build.opensuse.org/openSUSE:Factory:RISCV/standard/40c2b090617d81f179a8817b08fdada6-petsc:gnu-openmpi4-hpc' /home/abuild/rpmbuild/SOURCES/petsc.spec
[  143s] Building target platforms: riscv64-suse-linux
[  143s] Building for target riscv64-suse-linux
[  143s]  Building for gnu 
[  143s]  hpc_gnu_init 
[  146s] warning: /home/abuild/rpmbuild/SOURCES/petsc.spec: line 443: Macro %_pname defined but not used within scope
[  153s] setting SOURCE_DATE_EPOCH=1676419200
[  154s] Executing(%prep): /usr/bin/bash -e /var/tmp/rpm-tmp.skZxhz
[  154s] + umask 022
[  154s] + cd /home/abuild/rpmbuild/BUILD
[  154s] + cd /home/abuild/rpmbuild/BUILD
[  154s] + rm -rf petsc-3.18.4
[  154s] + /usr/lib/rpm/rpmuncompress -x /home/abuild/rpmbuild/SOURCES/petsc-3.18.4.tar.gz
[  157s] + STATUS=0
[  157s] + '[' 0 -ne 0 ']'
[  157s] + cd petsc-3.18.4
[  157s] + /usr/bin/chmod -Rf a+rX,u+w,g-w,o-w .
[  158s] + /usr/lib/rpm/rpmuncompress /home/abuild/rpmbuild/SOURCES/petsc-3.3-p2-no-rpath.patch
[  158s] + /usr/bin/patch -p1 -s --fuzz=0 --no-backup-if-mismatch -f
[  158s] + /usr/lib/rpm/rpmuncompress /home/abuild/rpmbuild/SOURCES/petsc-3.7-fix-pastix-detection.patch
[  158s] + /usr/bin/patch -p1 -s --fuzz=0 --no-backup-if-mismatch -f
[  158s] + find src lib config share -type f -iname '*.py' -exec sed -i -e '1 s@#!.*env python3@#!/usr/bin/python3@' -e '1 s@#!.*env python@#!/usr/bin/python3@' '{}' ';'
[  192s] + find lib/petsc/bin -type f -exec sed -i -e '1 s@#!.*env sh@#!/usr/bin/sh@' -e '1 s@#!.*env python3@#!/usr/bin/python3@' -e '1 s@#!.*env python@#!/usr/bin/python3@' '{}' ';'
[  194s] + RPM_EC=0
[  194s] ++ jobs -p
[  194s] + exit 0
[  194s] Executing(%build): /usr/bin/bash -e /var/tmp/rpm-tmp.2mkHGo
[  195s] + umask 022
[  195s] + cd /home/abuild/rpmbuild/BUILD
[  195s] + /usr/bin/rm -rf /home/abuild/rpmbuild/BUILDROOT/petsc_3_18_4-gnu-openmpi4-hpc-3.18.4-1.2.riscv64
[  195s] ++ dirname /home/abuild/rpmbuild/BUILDROOT/petsc_3_18_4-gnu-openmpi4-hpc-3.18.4-1.2.riscv64
[  195s] + /usr/bin/mkdir -p /home/abuild/rpmbuild/BUILDROOT
[  195s] + /usr/bin/mkdir /home/abuild/rpmbuild/BUILDROOT/petsc_3_18_4-gnu-openmpi4-hpc-3.18.4-1.2.riscv64
[  195s] + cd petsc-3.18.4
[  195s] + ref=/usr/lib/rpm
[  195s] + mints=0
[  195s] + case $(uname -m) in
[  195s] ++ uname -m
[  195s] + mints=20160911
[  195s] + for s in guess sub
[  195s] ++ find -maxdepth 8 -name config.guess
[  195s] + for s in guess sub
[  195s] ++ find -maxdepth 8 -name config.sub
[  196s] + module purge
[  196s] + '[' -z '' ']'
[  196s] + case "$-" in
[  196s] + __lmod_sh_dbg=x
[  196s] + '[' -n x ']'
[  196s] + set +x
[  196s] Shell debugging temporarily silenced: export LMOD_SH_DBG_ON=1 for Lmod's output
[  196s] sh: line 1: /usr/bin/ps: No such file or directory
[  197s] Shell debugging restarted
[  197s] + unset __lmod_sh_dbg
[  197s] + return 0
[  197s] + export CC=gcc
[  197s] + CC=gcc
[  197s] + export CXX=g++
[  197s] + CXX=g++
[  197s] + export FC=gfortran
[  197s] + FC=gfortran
[  197s] + export F77=gfortran
[  197s] + F77=gfortran
[  197s] + module load gnu/13
[  197s] + '[' -z '' ']'
[  197s] + case "$-" in
[  197s] + __lmod_sh_dbg=x
[  197s] + '[' -n x ']'
[  197s] + set +x
[  197s] Shell debugging temporarily silenced: export LMOD_SH_DBG_ON=1 for Lmod's output
[  197s] sh: line 1: /usr/bin/ps: No such file or directory
[  199s] Shell debugging restarted
[  199s] + unset __lmod_sh_dbg
[  199s] + return 0
[  199s] + module load openmpi
[  199s] + '[' -z '' ']'
[  199s] + case "$-" in
[  199s] + __lmod_sh_dbg=x
[  199s] + '[' -n x ']'
[  199s] + set +x
[  199s] Shell debugging temporarily silenced: export LMOD_SH_DBG_ON=1 for Lmod's output
[  199s] sh: line 1: /usr/bin/ps: No such file or directory
[  206s] Lmod has detected the following error: The following module(s) are unknown:
[  206s] "openmpi"
[  206s] 
[  206s] Please check the spelling or version number. Also try "module spider ..."
[  206s] It is also possible your cache file is out-of-date; it may help to try:
[  206s]   $ module --ignore_cache load "openmpi"
[  206s] 
[  206s] Also make sure that all modulefiles written in TCL start with the string
[  206s] #%Module
[  206s] 
[  206s] 
[  206s] 
[  206s] Shell debugging restarted
[  206s] + unset __lmod_sh_dbg
[  206s] + return 1
[  206s] error: Bad exit status from /var/tmp/rpm-tmp.2mkHGo (%build)
[  206s] 
[  206s] RPM build warnings:
[  206s]     /home/abuild/rpmbuild/SOURCES/petsc.spec: line 443: Macro %_pname defined but not used within scope
[  206s] 
[  206s] RPM build errors:
[  206s]     Bad exit status from /var/tmp/rpm-tmp.2mkHGo (%build)
[  206s] ### VM INTERACTION START ###
[  207s] [0;1;38;5;185mFailed to write wtmp record, ignoring: Read-only file system[0m
[  207s] [0;1;38;5;185mFailed to write utmp record: Read-only file system[0m
[  207s] Powering off.
[  207s] [  200.067663][ T5026] reboot: Power down
[  207s] ### VM INTERACTION END ###
[  207s] 
[  207s] old-cirrus2 failed "build petsc.spec" at Mon Mar 20 20:59:18 UTC 2023.
[  207s] 
