[    0s] Using BUILD_ROOT=/var/cache/obs/worker/root_3/.mount
[    0s] Using BUILD_ARCH=riscv64
[    0s] Doing kvm build in /var/cache/obs/worker/root_3/root
[    0s] 
[    0s] 
[    0s] lamb11 started "build scotch.spec" at Mon Mar 20 13:16:43 UTC 2023.
[    0s] 
[    0s] Building scotch:gnu-mvapich2-hpc for project 'openSUSE:Factory:RISCV' repository 'standard' arch 'riscv64' srcmd5 'fa427cd0668f8b28950bf8a8f1df48a4'
[    0s] 
[    0s] processing recipe /var/cache/obs/worker/root_3/.build-srcdir/scotch.spec ...
[    0s] running changelog2spec --target rpm --file /var/cache/obs/worker/root_3/.build-srcdir/scotch.spec
[    0s] init_buildsystem --configdir /var/run/obs/worker/3/build/configs --cachedir /var/cache/build --prepare --buildflavor gnu-mvapich2-hpc --clean --rpmlist /var/cache/obs/worker/root_3/.build.rpmlist /var/cache/obs/worker/root_3/.build-srcdir/scotch.spec build ...
[    1s] unpacking preinstall image openSUSE:Factory:RISCV/standard/preinstallimage-base [068b7acb454ec5ffeefe0cf546ee1d7f]
[    3s] 
[    3s] copying packages...
[    4s] reordering...cycle: libefa1 -> libibverbs1 -> libibverbs
[    4s]   breaking dependency libibverbs -> libefa1
[    4s] cycle: libibverbs1 -> libibverbs
[    4s]   breaking dependency libibverbs -> libibverbs1
[    4s] cycle: libibverbs1 -> libibverbs -> libmlx4-1
[    4s]   breaking dependency libibverbs -> libmlx4-1
[    4s] cycle: libibverbs1 -> libibverbs -> libmlx5-1
[    4s]   breaking dependency libmlx5-1 -> libibverbs1
[    4s] done
[    4s] Detected virtio-serial support
[    5s] booting kvm...
[    5s] ### VM INTERACTION START ###
[    5s] Using virtio-serial support
[    5s] /usr/bin/qemu-kvm -nodefaults -no-reboot -nographic -vga none -cpu host -M pc,accel=kvm,usb=off,dump-guest-core=off,vmport=off -sandbox on -bios /usr/share/qemu/qboot.rom -object rng-random,filename=/dev/random,id=rng0 -device virtio-rng-pci,rng=rng0 -object iothread,id=io0 -runas qemu -net none -kernel /var/cache/obs/worker/root_3/.mount/boot/kernel -initrd /var/cache/obs/worker/root_3/.mount/boot/initrd -append root=/dev/disk/by-id/virtio-0 rootfstype=ext4 rootflags=noatime kvmclock mitigations=off elevator=noop nmi_watchdog=0 rw rd.driver.pre=binfmt_misc oops=panic panic=1 quiet console=hvc0 init=/.build/initvm.x86_64 -m 8192 -drive file=/var/cache/obs/worker/root_3/root,format=raw,if=none,id=disk,cache=unsafe,aio=io_uring -device virtio-blk-pci,iothread=io0,drive=disk,serial=0 -drive file=/var/cache/obs/worker/root_3/swap,format=raw,if=none,id=swap,cache=unsafe,aio=io_uring -device virtio-blk-pci,iothread=io0,drive=swap,serial=1 -device virtio-serial,max_ports=2 -device virtconsole,chardev=virtiocon0 -chardev stdio,id=virtiocon0 -chardev socket,id=monitor,server=on,wait=off,path=/var/cache/obs/worker/root_3/root.qemu/monitor -mon chardev=monitor,mode=readline -smp 8
[   10s] ### VM INTERACTION END ###
[   10s] 2nd stage started in virtual machine
[   11s] machine type: riscv64
[   11s] Linux version: 6.2.6-1-default #1 SMP PREEMPT_DYNAMIC Mon Mar 13 10:57:27 UTC 2023 (fa1a4c6)
[   11s] Increasing log level from now on...
[   11s] [    5.298121][  T416] sysrq: Changing Loglevel
[   11s] [    5.298454][  T416] sysrq: Loglevel set to 4
[   11s] Enable sysrq operations
[   11s] Setting up swapspace version 1, size = 2 GiB (2097147904 bytes)
[   11s] no label, UUID=79ed1f44-364c-47b5-851d-ba96c0958816
[   12s] swapon: /dev/vdb: found signature [pagesize=4096, signature=swap]
[   12s] swapon: /dev/vdb: pagesize=4096, swapsize=2097152000, devsize=2097152000
[   12s] swapon /dev/vdb
[   12s] WARNING: udev not running, creating extra device nodes
[   12s] logging output to //.build.log...
[   13s] processing recipe /.build-srcdir/scotch.spec ...
[   13s] init_buildsystem --configdir /.build/configs --cachedir /var/cache/build --buildflavor gnu-mvapich2-hpc /.build-srcdir/scotch.spec build ...
[   13s] initializing rpm db...
[   14s] querying package ids...
[   37s] [1/179] preinstalled aaa_base-84.87+git20220822.6b9f7a3-1.1
[   37s] [2/179] preinstalled aaa_base-malloccheck-84.87+git20220822.6b9f7a3-1.1
[   37s] [3/179] preinstalled attr-2.5.1-1.1
[   37s] [4/179] preinstalled bash-5.2.15-8.1
[   37s] [5/179] preinstalled bash-sh-5.2.15-8.1
[   37s] [6/179] preinstalled binutils-2.40-2.1
[   37s] [7/179] preinstalled brp-check-suse-84.87+git20221115.2f7add6-1.1
[   37s] [8/179] preinstalled build-compare-20221206T204012.bb70754-1.2
[   37s] [9/179] preinstalled build-mkbaselibs-20230314-1.1
[   37s] [10/179] preinstalled bzip2-1.0.8-5.1
[   37s] [11/179] preinstalled chkstat-1599_20230217-1.1
[   37s] [12/179] preinstalled compat-usrmerge-build-84.87-5.1
[   37s] [13/179] preinstalled compat-usrmerge-tools-84.87-5.1
[   37s] [14/179] preinstalled coreutils-9.1-5.1
[   37s] [15/179] preinstalled cpio-2.13-5.1
[   37s] [16/179] preinstalled cpp-13-1.1
[   37s] [17/179] preinstalled cpp13-13.0.1+git6669-7.1
[   37s] [18/179] cumulate crypto-policies-20210917.c9d86d1-1.1
[   37s] [19/179] preinstalled debugedit-5.0-5.1
[   37s] [20/179] preinstalled diffutils-3.9-1.1
[   37s] [21/179] preinstalled dwz-0.15-2.1
[   37s] [22/179] preinstalled elfutils-0.189-2.1
[   37s] [23/179] cumulate fdupes-2.2.1-1.1
[   37s] [24/179] preinstalled file-5.44-1.2
[   37s] [25/179] preinstalled file-magic-5.44-1.2
[   37s] [26/179] preinstalled filesystem-84.87-12.1
[   37s] [27/179] preinstalled fillup-1.42-279.1
[   37s] [28/179] preinstalled findutils-4.9.0-2.1
[   37s] [29/179] preinstalled gawk-5.2.1-2.1
[   37s] [30/179] preinstalled gcc-13-1.1
[   37s] [31/179] preinstalled gcc-PIE-13-1.1
[   37s] [32/179] preinstalled gcc13-13.0.1+git6669-7.1
[   37s] [33/179] preinstalled gcc13-PIE-13.0.1+git6669-7.1
[   37s] [34/179] preinstalled gettext-runtime-mini-0.21.1-1.1
[   37s] [35/179] preinstalled gettext-tools-mini-0.21.1-1.1
[   37s] [36/179] preinstalled glibc-2.37-1.1
[   37s] [37/179] preinstalled glibc-devel-2.37-1.1
[   37s] [38/179] preinstalled glibc-locale-base-2.37-1.1
[   37s] [39/179] preinstalled grep-3.9-1.1
[   37s] [40/179] preinstalled gzip-1.12-3.1
[   37s] [41/179] preinstalled kernel-obs-build-6.2.6-1.2
[   37s] [42/179] preinstalled libacl1-2.3.1-2.1
[   37s] [43/179] preinstalled libasan8-13.0.1+git6669-7.1
[   37s] [44/179] preinstalled libasm1-0.189-2.1
[   37s] [45/179] preinstalled libatomic1-13.0.1+git6669-7.1
[   37s] [46/179] preinstalled libattr1-2.5.1-1.1
[   37s] [47/179] preinstalled libaudit1-3.0.9-1.1
[   37s] [48/179] preinstalled libblkid1-2.38.1-10.1
[   37s] [49/179] preinstalled libbz2-1-1.0.8-5.1
[   37s] [50/179] cumulate libbz2-devel-1.0.8-5.1
[   37s] [51/179] preinstalled libcap-ng0-0.8.3-1.1
[   37s] [52/179] preinstalled libcap2-2.67-1.1
[   37s] [53/179] preinstalled libcrypt1-4.4.33-2.1
[   37s] [54/179] preinstalled libctf-nobfd0-2.40-2.1
[   37s] [55/179] preinstalled libctf0-2.40-2.1
[   37s] [56/179] preinstalled libdb-4_8-4.8.30-40.1
[   37s] [57/179] preinstalled libdw1-0.189-2.1
[   37s] [58/179] preinstalled libeconf0-0.5.1-1.1
[   37s] [59/179] preinstalled libelf1-0.189-2.1
[   37s] [60/179] preinstalled libfdisk1-2.38.1-10.1
[   37s] [61/179] cumulate libfl2-2.6.4-6.1
[   37s] [62/179] preinstalled libgcc_s1-13.0.1+git6669-7.1
[   37s] [63/179] preinstalled libgcrypt20-1.10.1-2.1
[   37s] [64/179] preinstalled libgdbm6-1.23-1.1
[   37s] [65/179] preinstalled libgdbm_compat4-1.23-1.1
[   37s] [66/179] cumulate libgfortran5-13.0.1+git6669-7.1
[   37s] [67/179] preinstalled libgmp10-6.2.1-4.1
[   37s] [68/179] preinstalled libgomp1-13.0.1+git6669-7.1
[   37s] [69/179] preinstalled libgpg-error0-1.46-1.1
[   37s] [70/179] cumulate libibumad3-42.0-2.1
[   37s] [71/179] preinstalled libisl23-0.25-1.1
[   37s] [72/179] preinstalled libitm1-13.0.1+git6669-7.1
[   37s] [73/179] preinstalled liblua5_4-5-5.4.4-8.1
[   37s] [74/179] preinstalled liblzma5-5.4.1-2.1
[   37s] [75/179] preinstalled libmagic1-5.44-1.2
[   37s] [76/179] preinstalled libmount1-2.38.1-10.1
[   37s] [77/179] preinstalled libmpc3-1.3.1-1.2
[   37s] [78/179] preinstalled libmpfr6-4.2.0-1.1
[   37s] [79/179] preinstalled libncurses6-6.4.20230311-8.1
[   37s] [80/179] cumulate libnl-config-3.7.0-1.1
[   37s] [81/179] cumulate libnuma1-2.0.15.0.g01a39cb-1.1
[   37s] [82/179] preinstalled libpcre2-8-0-10.42-3.2
[   37s] [83/179] preinstalled libpkgconf3-1.8.0-2.1
[   37s] [84/179] preinstalled libpopt0-1.19-1.1
[   37s] [85/179] preinstalled libreadline8-8.2-2.1
[   37s] [86/179] preinstalled librpmbuild9-4.18.0-3.2
[   37s] [87/179] preinstalled libseccomp2-2.5.4-2.1
[   37s] [88/179] preinstalled libselinux1-3.5-1.1
[   37s] [89/179] preinstalled libsemanage-conf-3.5-1.1
[   37s] [90/179] preinstalled libsemanage2-3.5-1.1
[   37s] [91/179] preinstalled libsepol2-3.5-1.1
[   37s] [92/179] preinstalled libsmartcols1-2.38.1-10.1
[   37s] [93/179] preinstalled libstdc++6-13.0.1+git6669-7.1
[   37s] [94/179] cumulate libstdc++6-devel-gcc13-13.0.1+git6669-7.1
[   37s] [95/179] preinstalled libsubid4-4.13-4.1
[   37s] [96/179] preinstalled libubsan1-13.0.1+git6669-7.1
[   37s] [97/179] preinstalled libutempter0-1.2.0-3.2
[   37s] [98/179] preinstalled libuuid1-2.38.1-10.1
[   37s] [99/179] preinstalled libxcrypt-devel-4.4.33-2.1
[   37s] [100/179] preinstalled libz1-1.2.13-3.1
[   37s] [101/179] preinstalled libzstd1-1.5.4-2.1
[   37s] [102/179] preinstalled linux-glibc-devel-6.2-1.1
[   37s] [103/179] preinstalled login_defs-4.13-4.1
[   37s] [104/179] preinstalled lua54-5.4.4-8.1
[   37s] [105/179] cumulate lua54-luafilesystem-1.8.0-6.1
[   37s] [106/179] cumulate lua54-luaposix-35.1-2.1
[   37s] [107/179] cumulate lua54-luaterm-0.07-8.1
[   37s] [108/179] cumulate m4-1.4.18-7.1
[   37s] [109/179] preinstalled make-4.4.1-1.1
[   37s] [110/179] preinstalled ncurses-utils-6.4.20230311-8.1
[   37s] [111/179] preinstalled pam-1.5.2-13.1
[   37s] [112/179] preinstalled patch-2.7.6-6.1
[   37s] [113/179] preinstalled perl-5.36.0-4.1
[   37s] [114/179] preinstalled perl-base-5.36.0-4.1
[   37s] [115/179] preinstalled permissions-1599_20230217-1.1
[   37s] [116/179] preinstalled permissions-config-1599_20230217-1.1
[   37s] [117/179] preinstalled pkgconf-1.8.0-2.1
[   37s] [118/179] preinstalled pkgconf-m4-1.8.0-2.1
[   37s] [119/179] preinstalled pkgconf-pkg-config-1.8.0-2.1
[   37s] [120/179] preinstalled polkit-default-privs-1550+20230307.7f42172-1.1
[   37s] [121/179] preinstalled post-build-checks-84.87+git20230302.ff58c9e-1.1
[   37s] [122/179] preinstalled qemu-linux-user-7.1.0-54.1
[   37s] [123/179] preinstalled rpm-4.18.0-3.2
[   37s] [124/179] preinstalled rpm-build-4.18.0-3.2
[   37s] [125/179] preinstalled rpm-build-perl-4.18.0-3.2
[   37s] [126/179] preinstalled rpm-config-SUSE-20220926-1.1
[   37s] [127/179] preinstalled rpmlint-mini-2.4.0+git20230316.e10f602-9.18
[   37s] [128/179] preinstalled rpmlint-strict-2.4.0+git20230316.e10f602-1.1
[   37s] [129/179] preinstalled sed-4.9-2.1
[   37s] [130/179] preinstalled shadow-4.13-4.1
[   37s] [131/179] cumulate suse-hpc-0.5.20220525.fd76646-1.1
[   37s] [132/179] cumulate suse-module-tools-16.0.30-1.1
[   37s] [133/179] preinstalled system-group-hardware-20170617-24.1
[   37s] [134/179] cumulate system-group-kvm-20170617-24.1
[   37s] [135/179] preinstalled system-user-root-20190513-2.1
[   37s] [136/179] cumulate systemd-mini-253.1-2.1
[   37s] [137/179] preinstalled systemd-rpm-macros-19-1.1
[   37s] [138/179] preinstalled sysuser-shadow-3.1-5.1
[   37s] [139/179] preinstalled tar-1.34-10.1
[   37s] [140/179] cumulate tcl-8.6.13-4.1
[   37s] [141/179] preinstalled terminfo-base-6.4.20230311-8.1
[   37s] [142/179] preinstalled update-alternatives-1.21.8-1.1
[   37s] [143/179] preinstalled util-linux-2.38.1-10.1
[   37s] [144/179] preinstalled which-2.21-5.1
[   37s] [145/179] preinstalled xz-5.4.1-2.1
[   37s] [146/179] cumulate zlib-devel-1.2.13-3.1
[   37s] [147/179] cumulate autoconf-2.71-2.1
[   37s] [148/179] cumulate bison-3.8.2-3.1
[   37s] [149/179] cumulate gcc13-c++-13.0.1+git6669-7.1
[   37s] [150/179] cumulate gcc13-fortran-13.0.1+git6669-7.1
[   37s] [151/179] cumulate libfl-devel-2.6.4-6.1
[   37s] [152/179] cumulate libibmad5-42.0-2.1
[   37s] [153/179] cumulate libnl3-200-3.7.0-1.1
[   37s] [154/179] cumulate libopenssl3-3.0.8-2.1
[   37s] [155/179] cumulate lua-lmod-8.7.17-2.1
[   37s] [156/179] cumulate automake-1.16.5-3.1
[   37s] [157/179] cumulate gcc-c++-13-1.1
[   37s] [158/179] cumulate gcc-fortran-13-1.1
[   37s] [159/179] cumulate gnu-compilers-hpc-1.4-10.2
[   37s] [160/179] cumulate flex-2.6.4-6.1
[   37s] [161/179] cumulate kmod-30-2.2
[   37s] [162/179] cumulate libibnetdisc5-42.0-2.1
[   37s] [163/179] cumulate infiniband-diags-42.0-2.1
[   37s] [164/179] cumulate udev-mini-253.1-2.1
[   37s] [165/179] cumulate gnu-compilers-hpc-devel-1.4-10.2
[   37s] [166/179] cumulate gnu-compilers-hpc-macros-devel-1.4-10.2
[   37s] [167/179] cumulate rdma-core-42.0-2.1
[   37s] [168/179] cumulate libmlx5-1-42.0-2.1
[   37s] [169/179] cumulate libibverbs-42.0-2.1
[   37s] [170/179] cumulate libibverbs1-42.0-2.1
[   37s] [171/179] cumulate libefa1-42.0-2.1
[   37s] [172/179] cumulate libmlx4-1-42.0-2.1
[   37s] [173/179] cumulate librdmacm1-42.0-2.1
[   37s] [174/179] cumulate rsocket-42.0-2.1
[   37s] [175/179] cumulate mvapich2_2_3_6-gnu-hpc-2.3.6-7.2
[   37s] [176/179] cumulate rdma-core-devel-42.0-2.1
[   37s] [177/179] cumulate mvapich2_2_3_6-gnu-hpc-devel-2.3.6-7.2
[   37s] [178/179] cumulate mvapich2_2_3_6-gnu-hpc-macros-devel-2.3.6-7.2
[   37s] [179/179] cumulate mvapich2-gnu-hpc-macros-devel-2.3.6-7.2
[   37s] now installing cumulated packages
[   37s] Preparing...                          ########################################
[   37s] Updating / installing...
[   38s] libibumad3-42.0-2.1                   ########################################
[   38s] libibmad5-42.0-2.1                    ########################################
[   38s] m4-1.4.18-7.1                         ########################################
[   38s] libgfortran5-13.0.1+git6669-7.1       ########################################
[   50s] gcc13-fortran-13.0.1+git6669-7.1      ########################################
[   51s] systemd-mini-253.1-2.1                warning: group systemd-journal does not exist - using root
[   52s] ########################################
[   53s] Creating group 'systemd-journal' with GID 486.
[   53s] Creating group 'systemd-timesync' with GID 485.
[   53s] Creating user 'systemd-timesync' (systemd Time Synchronization) with UID 485 and GID 485.
[   53s] Running in chroot, ignoring command 'daemon-reexec'
[   54s] /usr/lib/tmpfiles.d/journal-nocow.conf:26: Failed to resolve specifier: uninitialized /etc/ detected, skipping.
[   54s] All rules containing unresolvable specifiers will be skipped.
[   55s] libnuma1-2.0.15.0.g01a39cb-1.1        ########################################
[   55s] gcc-fortran-13-1.1                    ########################################
[   55s] autoconf-2.71-2.1                     ########################################
[   55s] libibnetdisc5-42.0-2.1                ########################################
[   56s] infiniband-diags-42.0-2.1             ########################################
[   57s] tcl-8.6.13-4.1                        ########################################
[   57s] /usr/bin/systemd-sysusers --replace=/usr/lib/sysusers.d/system-group-kvm.conf -
[   57s] Creating group 'kvm' with GID 36.
[   57s] system-group-kvm-20170617-24.1        ########################################
[   57s] lua54-luaterm-0.07-8.1                ########################################
[   57s] lua54-luaposix-35.1-2.1               ########################################
[   57s] lua54-luafilesystem-1.8.0-6.1         ########################################
[   58s] lua-lmod-8.7.17-2.1                   ########################################
[   58s] gnu-compilers-hpc-1.4-10.2            ########################################
[   74s] libstdc++6-devel-gcc13-13.0.1+git6669-########################################
[   81s] gcc13-c++-13.0.1+git6669-7.1          ########################################
[   81s] gcc-c++-13-1.1                        ########################################
[   81s] gnu-compilers-hpc-devel-1.4-10.2      ########################################
[   81s] libnl-config-3.7.0-1.1                ########################################
[   82s] libnl3-200-3.7.0-1.1                  ########################################
[   82s] libfl2-2.6.4-6.1                      ########################################
[   82s] libfl-devel-2.6.4-6.1                 ########################################
[   82s] crypto-policies-20210917.c9d86d1-1.1  ########################################
[   83s] libopenssl3-3.0.8-2.1                 ########################################
[   83s] suse-module-tools-16.0.30-1.1         ########################################
[   84s] kmod-30-2.2                           ########################################
[   86s] udev-mini-253.1-2.1                   ########################################
[   97s] Failed to preset unit, unit remote-cryptsetup.target does not exist.
[   97s] rdma-core-42.0-2.1                    ########################################
[   98s] libmlx5-1-42.0-2.1                    ########################################
[   98s] libefa1-42.0-2.1                      ########################################
[   98s] libmlx4-1-42.0-2.1                    ########################################
[   98s] libibverbs1-42.0-2.1                  ########################################
[   98s] libibverbs-42.0-2.1                   ########################################
[   98s] librdmacm1-42.0-2.1                   ########################################
[   98s] rsocket-42.0-2.1                      ########################################
[   99s] rdma-core-devel-42.0-2.1              ########################################
[  101s] mvapich2_2_3_6-gnu-hpc-2.3.6-7.2      ########################################
[  102s] mvapich2_2_3_6-gnu-hpc-devel-2.3.6-7.2########################################
[  102s] mvapich2_2_3_6-gnu-hpc-macros-devel-2.########################################
[  102s] mvapich2-gnu-hpc-macros-devel-2.3.6-7.########################################
[  102s] flex-2.6.4-6.1                        ########################################
[  102s] gnu-compilers-hpc-macros-devel-1.4-10.########################################
[  103s] automake-1.16.5-3.1                   ########################################
[  103s] bison-3.8.2-3.1                       ########################################
[  103s] zlib-devel-1.2.13-3.1                 ########################################
[  103s] suse-hpc-0.5.20220525.fd76646-1.1     ########################################
[  103s] libbz2-devel-1.0.8-5.1                ########################################
[  103s] fdupes-2.2.1-1.1                      ########################################
[  104s] regenerate-initrd-posttrans: dracut is not installed, not rebuilding the initrd
[  105s] regenerate-initrd-posttrans: dracut is not installed, not rebuilding the initrd
[  108s] now finalizing build dir...
[  108s] ... running 01-add_abuild_user_to_trusted_group
[  109s] ... running 02-set_timezone_to_utc
[  109s] ... running 03-set-permissions-secure
[  109s] ... running 11-hack_uname_version_to_kernel_version
[  113s] sh: line 1: /usr/bin/ps: No such file or directory
[  121s] -----------------------------------------------------------------
[  121s] I have the following modifications for scotch.spec:
[  121s] 19c19
[  121s] < %global flavor @BUILD_FLAVOR@%{nil}
[  121s] ---
[  121s] > %global flavor gnu-mvapich2-hpc%{nil}
[  121s] 425c425
[  121s] < Release:        0
[  121s] ---
[  121s] > Release:        2.3
[  128s] build target is riscv64-suse-linux
[  128s] -----------------------------------------------------------------
[  128s] ----- building scotch.spec (user abuild)
[  128s] -----------------------------------------------------------------
[  128s] -----------------------------------------------------------------
[  133s] sh: line 1: /usr/bin/ps: No such file or directory
[  134s] + exec rpmbuild -ba --define '_srcdefattr (-,root,root)' --nosignature --target=riscv64-suse-linux --define '_build_create_debug 1' --define 'disturl obs://build.opensuse.org/openSUSE:Factory:RISCV/standard/fa427cd0668f8b28950bf8a8f1df48a4-scotch:gnu-mvapich2-hpc' /home/abuild/rpmbuild/SOURCES/scotch.spec
[  134s] Building target platforms: riscv64-suse-linux
[  134s] Building for target riscv64-suse-linux
[  134s]  Building for gnu 
[  134s]  hpc_gnu_init 
[  134s] warning: extra tokens at the end of %else directive in line 444:  %else # hpc
[  134s] 
[  138s] warning: /home/abuild/rpmbuild/SOURCES/scotch.spec: line 477: Macro %_pname defined but not used within scope
[  141s] warning: extra tokens at the end of %endif directive in line 606:  %endif # without mpi
[  141s] 
[  142s] warning: extra tokens at the end of %endif directive in line 646:  %endif # without hpc
[  142s] 
[  143s] setting SOURCE_DATE_EPOCH=1625184000
[  144s] Executing(%prep): /usr/bin/bash -e /var/tmp/rpm-tmp.d86nZf
[  144s] + umask 022
[  144s] + cd /home/abuild/rpmbuild/BUILD
[  144s] + cd /home/abuild/rpmbuild/BUILD
[  144s] + rm -rf scotch-v6.1.0
[  144s] + /usr/lib/rpm/rpmuncompress -x /home/abuild/rpmbuild/SOURCES/scotch-v6.1.0.tar.gz
[  145s] + STATUS=0
[  145s] + '[' 0 -ne 0 ']'
[  145s] + cd scotch-v6.1.0
[  145s] + /usr/bin/chmod -Rf a+rX,u+w,g-w,o-w .
[  145s] + cp /home/abuild/rpmbuild/SOURCES/scotch-Makefile.inc.in src/Makefile.inc
[  145s] + RPM_EC=0
[  145s] ++ jobs -p
[  145s] + exit 0
[  145s] Executing(%build): /usr/bin/bash -e /var/tmp/rpm-tmp.diGbtc
[  145s] + umask 022
[  145s] + cd /home/abuild/rpmbuild/BUILD
[  145s] + /usr/bin/rm -rf /home/abuild/rpmbuild/BUILDROOT/ptscotch_6_1_0-gnu-mvapich2-hpc-6.1.0-2.3.riscv64
[  146s] ++ dirname /home/abuild/rpmbuild/BUILDROOT/ptscotch_6_1_0-gnu-mvapich2-hpc-6.1.0-2.3.riscv64
[  146s] + /usr/bin/mkdir -p /home/abuild/rpmbuild/BUILDROOT
[  146s] + /usr/bin/mkdir /home/abuild/rpmbuild/BUILDROOT/ptscotch_6_1_0-gnu-mvapich2-hpc-6.1.0-2.3.riscv64
[  146s] + cd scotch-v6.1.0
[  146s] + ref=/usr/lib/rpm
[  146s] + mints=0
[  146s] + case $(uname -m) in
[  146s] ++ uname -m
[  146s] + mints=20160911
[  146s] + for s in guess sub
[  146s] ++ find -maxdepth 8 -name config.guess
[  146s] + for s in guess sub
[  146s] ++ find -maxdepth 8 -name config.sub
[  146s] + module purge
[  146s] + '[' -z '' ']'
[  146s] + case "$-" in
[  146s] + __lmod_sh_dbg=x
[  146s] + '[' -n x ']'
[  146s] + set +x
[  146s] Shell debugging temporarily silenced: export LMOD_SH_DBG_ON=1 for Lmod's output
[  147s] sh: line 1: /usr/bin/ps: No such file or directory
[  148s] Shell debugging restarted
[  148s] + unset __lmod_sh_dbg
[  148s] + return 0
[  148s] + export CC=gcc
[  148s] + CC=gcc
[  148s] + export CXX=g++
[  148s] + CXX=g++
[  148s] + export FC=gfortran
[  148s] + FC=gfortran
[  148s] + export F77=gfortran
[  148s] + F77=gfortran
[  148s] + module load gnu/13
[  148s] + '[' -z '' ']'
[  148s] + case "$-" in
[  148s] + __lmod_sh_dbg=x
[  148s] + '[' -n x ']'
[  148s] + set +x
[  148s] Shell debugging temporarily silenced: export LMOD_SH_DBG_ON=1 for Lmod's output
[  148s] sh: line 1: /usr/bin/ps: No such file or directory
[  150s] Shell debugging restarted
[  150s] + unset __lmod_sh_dbg
[  150s] + return 0
[  150s] + module load mvapich2
[  150s] + '[' -z '' ']'
[  150s] + case "$-" in
[  150s] + __lmod_sh_dbg=x
[  150s] + '[' -n x ']'
[  150s] + set +x
[  150s] Shell debugging temporarily silenced: export LMOD_SH_DBG_ON=1 for Lmod's output
[  150s] sh: line 1: /usr/bin/ps: No such file or directory
[  156s] Lmod has detected the following error: The following module(s) are unknown:
[  156s] "mvapich2"
[  156s] 
[  156s] Please check the spelling or version number. Also try "module spider ..."
[  156s] It is also possible your cache file is out-of-date; it may help to try:
[  156s]   $ module --ignore_cache load "mvapich2"
[  156s] 
[  156s] Also make sure that all modulefiles written in TCL start with the string
[  156s] #%Module
[  156s] 
[  156s] 
[  156s] 
[  156s] Shell debugging restarted
[  156s] + unset __lmod_sh_dbg
[  156s] + return 1
[  156s] error: Bad exit status from /var/tmp/rpm-tmp.diGbtc (%build)
[  156s] 
[  156s] RPM build warnings:
[  156s]     extra tokens at the end of %else directive in line 444:  %else # hpc
[  156s] 
[  156s]     /home/abuild/rpmbuild/SOURCES/scotch.spec: line 477: Macro %_pname defined but not used within scope
[  156s]     extra tokens at the end of %endif directive in line 606:  %endif # without mpi
[  156s] 
[  156s]     extra tokens at the end of %endif directive in line 646:  %endif # without hpc
[  156s] 
[  156s] 
[  156s] RPM build errors:
[  156s]     Bad exit status from /var/tmp/rpm-tmp.diGbtc (%build)
[  156s] ### VM INTERACTION START ###
[  157s] [0;1;38;5;185mFailed to write wtmp record, ignoring: Read-only file system[0m
[  157s] [0;1;38;5;185mFailed to write utmp record: Read-only file system[0m
[  157s] Powering off.
[  157s] [  150.928222][ T3189] reboot: Power down
[  157s] ### VM INTERACTION END ###
[  157s] 
[  157s] lamb11 failed "build scotch.spec" at Mon Mar 20 13:19:20 UTC 2023.
[  157s] 
